This file contains any messages produced by compilers while
running configure, to aid debugging if configure makes a mistake.

It was created by configure, which was
generated by GNU Autoconf 2.59.  Invocation command line was

  $ ./configure --host=mips-linux

## --------- ##
## Platform. ##
## --------- ##

hostname = linux-6g7k
uname -m = i686
uname -r = 2.6.32.12-0.7-pae
uname -s = Linux
uname -v = #1 SMP 2010-05-20 11:14:20 +0200

/usr/bin/uname -p = unknown
/bin/uname -X     = unknown

/bin/arch              = i686
/usr/bin/arch -k       = unknown
/usr/convex/getsysinfo = unknown
hostinfo               = unknown
/bin/machine           = unknown
/usr/bin/oslevel       = unknown
/bin/universe          = unknown

PATH: /home/shenqingzi/bin
PATH: /home/zengyao/bin
PATH: /usr/local/bin
PATH: /usr/bin
PATH: /bin
PATH: /usr/bin/X11
PATH: /usr/X11R6/bin
PATH: /usr/games
PATH: /opt/kde3/bin
PATH: /usr/lib/jvm/jre/bin
PATH: /usr/lib/mit/bin
PATH: /usr/lib/mit/sbin
PATH: /home/zengyao/DT_Hybrid_GPL_1.00.052/DT-W724V-20140311/output/host/usr/bin


## ----------- ##
## Core tests. ##
## ----------- ##

configure:1510: osip                              The GNU Open SIP library.
configure:1512: Copyright (C) 2001,2002,2003,2004 Aymeric MOIZARD - <jack@atosc.org>
configure:1532: result: Configuring libosip2 2.0.9
configure:1535: result: Building Package on linux
configure:1585: checking for a BSD-compatible install
configure:1640: result: /usr/bin/install -c
configure:1651: checking whether build environment is sane
configure:1694: result: yes
configure:1727: checking for gawk
configure:1743: found /usr/bin/gawk
configure:1753: result: gawk
configure:1763: checking whether make sets $(MAKE)
configure:1783: result: yes
configure:1843: checking for mips-linux-strip
configure:1869: result: /home/zengyao/DT_Hybrid_GPL_1.00.052/DT-W724V-20140311/output/host/usr/bin/mips-unknown-linux-uclibc-strip
configure:1951: checking build system type
configure:1969: result: i686-pc-linux-gnu
configure:1977: checking host system type
configure:1991: result: mips-unknown-linux-gnu
configure:2009: checking for mips-linux-gcc
configure:2035: result: /home/zengyao/DT_Hybrid_GPL_1.00.052/DT-W724V-20140311/output/host/usr/bin/mips-unknown-linux-uclibc-gcc
configure:2317: checking for C compiler version
configure:2320: /home/zengyao/DT_Hybrid_GPL_1.00.052/DT-W724V-20140311/output/host/usr/bin/mips-unknown-linux-uclibc-gcc --version </dev/null >&5
mips-unknown-linux-uclibc-gcc (Buildroot 2011.11) 4.6.2
Copyright (C) 2011 Free Software Foundation, Inc.
This is free software; see the source for copying conditions.  There is NO
warranty; not even for MERCHANTABILITY or FITNESS FOR A PARTICULAR PURPOSE.

configure:2323: $? = 0
configure:2325: /home/zengyao/DT_Hybrid_GPL_1.00.052/DT-W724V-20140311/output/host/usr/bin/mips-unknown-linux-uclibc-gcc -v </dev/null >&5
Using built-in specs.
COLLECT_GCC=/opt/toolchains/crosstools-mips-gcc-4.6-linux-3.4-uclibc-0.9.32-binutils-2.21/usr/bin/mips-unknown-linux-uclibc-gcc
COLLECT_LTO_WRAPPER=/opt/toolchains/crosstools-mips-gcc-4.6-linux-3.4-uclibc-0.9.32-binutils-2.21/usr/libexec/gcc/mips-unknown-linux-uclibc/4.6.2/lto-wrapper
Target: mips-unknown-linux-uclibc
Configured with: /home/dslsqa/rel1.0/src/buildroot-2011.11/output/toolchain/gcc-4.6.2/configure --prefix=/opt/toolchains/crosstools-mips-gcc-4.6-linux-3.4-uclibc-0.9.32-binutils-2.21/usr --build=i686-pc-linux-gnu --host=i686-pc-linux-gnu --target=mips-unknown-linux-uclibc --enable-languages=c,c++ --with-sysroot=/opt/toolchains/crosstools-mips-gcc-4.6-linux-3.4-uclibc-0.9.32-binutils-2.21/usr/mips-unknown-linux-uclibc/sysroot --with-build-time-tools=/opt/toolchains/crosstools-mips-gcc-4.6-linux-3.4-uclibc-0.9.32-binutils-2.21/usr/mips-unknown-linux-uclibc/bin --disable-__cxa_atexit --enable-target-optspace --disable-libgomp --with-gnu-ld --disable-libssp --disable-multilib --disable-tls --enable-shared --with-gmp=/opt/toolchains/crosstools-mips-gcc-4.6-linux-3.4-uclibc-0.9.32-binutils-2.21/usr --with-mpfr=/opt/toolchains/crosstools-mips-gcc-4.6-linux-3.4-uclibc-0.9.32-binutils-2.21/usr --with-mpc=/opt/toolchains/crosstools-mips-gcc-4.6-linux-3.4-uclibc-0.9.32-binutils-2.21/usr --enable-threads --disable-decimal-float --with-float=soft --with-abi=32 --with-tune=mips32 --with-arch=mips32 --with-pkgversion='Buildroot 2011.11' --with-bugurl=http://bugs.buildroot.net/
Thread model: posix
gcc version 4.6.2 (Buildroot 2011.11) 
configure:2328: $? = 0
configure:2330: /home/zengyao/DT_Hybrid_GPL_1.00.052/DT-W724V-20140311/output/host/usr/bin/mips-unknown-linux-uclibc-gcc -V </dev/null >&5
mips-unknown-linux-uclibc-gcc: error: unrecognized option '-V'
mips-unknown-linux-uclibc-gcc: fatal error: no input files
compilation terminated.
configure:2333: $? = 1
configure:2356: checking for C compiler default output file name
configure:2359: /home/zengyao/DT_Hybrid_GPL_1.00.052/DT-W724V-20140311/output/host/usr/bin/mips-unknown-linux-uclibc-gcc    conftest.c  >&5
configure:2362: $? = 0
configure:2408: result: a.out
configure:2413: checking whether the C compiler works
configure:2419: ./a.out
./configure: line 2420: ./a.out: cannot execute binary file
configure:2422: $? = 126
configure:2439: result: yes
configure:2446: checking whether we are cross compiling
configure:2448: result: yes
configure:2451: checking for suffix of executables
configure:2453: /home/zengyao/DT_Hybrid_GPL_1.00.052/DT-W724V-20140311/output/host/usr/bin/mips-unknown-linux-uclibc-gcc -o conftest    conftest.c  >&5
configure:2456: $? = 0
configure:2481: result: 
configure:2487: checking for suffix of object files
configure:2508: /home/zengyao/DT_Hybrid_GPL_1.00.052/DT-W724V-20140311/output/host/usr/bin/mips-unknown-linux-uclibc-gcc -c   conftest.c >&5
configure:2511: $? = 0
configure:2533: result: o
configure:2537: checking whether we are using the GNU C compiler
configure:2561: /home/zengyao/DT_Hybrid_GPL_1.00.052/DT-W724V-20140311/output/host/usr/bin/mips-unknown-linux-uclibc-gcc -c   conftest.c >&5
configure:2567: $? = 0
configure:2570: test -z 			 || test ! -s conftest.err
configure:2573: $? = 0
configure:2576: test -s conftest.o
configure:2579: $? = 0
configure:2592: result: yes
configure:2598: checking whether /home/zengyao/DT_Hybrid_GPL_1.00.052/DT-W724V-20140311/output/host/usr/bin/mips-unknown-linux-uclibc-gcc accepts -g
configure:2619: /home/zengyao/DT_Hybrid_GPL_1.00.052/DT-W724V-20140311/output/host/usr/bin/mips-unknown-linux-uclibc-gcc -c -g  conftest.c >&5
configure:2625: $? = 0
configure:2628: test -z 			 || test ! -s conftest.err
configure:2631: $? = 0
configure:2634: test -s conftest.o
configure:2637: $? = 0
configure:2648: result: yes
configure:2665: checking for /home/zengyao/DT_Hybrid_GPL_1.00.052/DT-W724V-20140311/output/host/usr/bin/mips-unknown-linux-uclibc-gcc option to accept ANSI C
configure:2735: /home/zengyao/DT_Hybrid_GPL_1.00.052/DT-W724V-20140311/output/host/usr/bin/mips-unknown-linux-uclibc-gcc  -c -g -O2  conftest.c >&5
configure:2741: $? = 0
configure:2744: test -z 			 || test ! -s conftest.err
configure:2747: $? = 0
configure:2750: test -s conftest.o
configure:2753: $? = 0
configure:2771: result: none needed
configure:2789: /home/zengyao/DT_Hybrid_GPL_1.00.052/DT-W724V-20140311/output/host/usr/bin/mips-unknown-linux-uclibc-gcc -c -g -O2  conftest.c >&5
conftest.c:2:3: error: unknown type name 'choke'
conftest.c:2:3: error: expected '=', ',', ';', 'asm' or '__attribute__' at end of input
configure:2795: $? = 1
configure: failed program was:
| #ifndef __cplusplus
|   choke me
| #endif
configure:2944: checking for style of include used by make
configure:2972: result: GNU
configure:3000: checking dependency style of /home/zengyao/DT_Hybrid_GPL_1.00.052/DT-W724V-20140311/output/host/usr/bin/mips-unknown-linux-uclibc-gcc
configure:3062: result: gcc3
configure:3072: checking how to run the C preprocessor
configure:3190: result: /home/zengyao/DT_Hybrid_GPL_1.00.052/DT-W724V-20140311/output/host/usr/bin/mips-unknown-linux-uclibc-cpp
configure:3214: /home/zengyao/DT_Hybrid_GPL_1.00.052/DT-W724V-20140311/output/host/usr/bin/mips-unknown-linux-uclibc-cpp  conftest.c
configure:3220: $? = 0
configure:3252: /home/zengyao/DT_Hybrid_GPL_1.00.052/DT-W724V-20140311/output/host/usr/bin/mips-unknown-linux-uclibc-cpp  conftest.c
conftest.c:11:28: fatal error: ac_nonexistent.h: No such file or directory
compilation terminated.
configure:3258: $? = 1
configure: failed program was:
| /* confdefs.h.  */
| 
| #define PACKAGE_NAME ""
| #define PACKAGE_TARNAME ""
| #define PACKAGE_VERSION ""
| #define PACKAGE_STRING ""
| #define PACKAGE_BUGREPORT ""
| #define PACKAGE "libosip2"
| #define VERSION "2.0.9"
| /* end confdefs.h.  */
| #include <ac_nonexistent.h>
configure:3314: checking for a BSD-compatible install
configure:3369: result: /usr/bin/install -c
configure:3382: checking for a sed that does not truncate output
configure:3436: result: /usr/bin/sed
configure:3511: checking for egrep
configure:3521: result: grep -E
configure:3537: checking for ld used by /home/zengyao/DT_Hybrid_GPL_1.00.052/DT-W724V-20140311/output/host/usr/bin/mips-unknown-linux-uclibc-gcc
configure:3604: result: /home/zengyao/DT_Hybrid_GPL_1.00.052/DT-W724V-20140311/output/host/usr/bin/mips-unknown-linux-uclibc-ld
configure:3613: checking if the linker (/home/zengyao/DT_Hybrid_GPL_1.00.052/DT-W724V-20140311/output/host/usr/bin/mips-unknown-linux-uclibc-ld) is GNU ld
configure:3628: result: yes
configure:3633: checking for /home/zengyao/DT_Hybrid_GPL_1.00.052/DT-W724V-20140311/output/host/usr/bin/mips-unknown-linux-uclibc-ld option to reload object files
configure:3640: result: -r
configure:3649: checking for BSD-compatible nm
configure:3691: result: /home/zengyao/DT_Hybrid_GPL_1.00.052/DT-W724V-20140311/output/host/usr/bin/mips-unknown-linux-uclibc-nm
configure:3695: checking whether ln -s works
configure:3699: result: yes
configure:3706: checking how to recognise dependent libraries
configure:3880: result: pass_all
configure:4089: checking for ANSI C header files
configure:4114: /home/zengyao/DT_Hybrid_GPL_1.00.052/DT-W724V-20140311/output/host/usr/bin/mips-unknown-linux-uclibc-gcc -c -g -O2  conftest.c >&5
configure:4120: $? = 0
configure:4123: test -z 			 || test ! -s conftest.err
configure:4126: $? = 0
configure:4129: test -s conftest.o
configure:4132: $? = 0
configure:4244: result: yes
configure:4268: checking for sys/types.h
configure:4284: /home/zengyao/DT_Hybrid_GPL_1.00.052/DT-W724V-20140311/output/host/usr/bin/mips-unknown-linux-uclibc-gcc -c -g -O2  conftest.c >&5
configure:4290: $? = 0
configure:4293: test -z 			 || test ! -s conftest.err
configure:4296: $? = 0
configure:4299: test -s conftest.o
configure:4302: $? = 0
configure:4313: result: yes
configure:4268: checking for sys/stat.h
configure:4284: /home/zengyao/DT_Hybrid_GPL_1.00.052/DT-W724V-20140311/output/host/usr/bin/mips-unknown-linux-uclibc-gcc -c -g -O2  conftest.c >&5
configure:4290: $? = 0
configure:4293: test -z 			 || test ! -s conftest.err
configure:4296: $? = 0
configure:4299: test -s conftest.o
configure:4302: $? = 0
configure:4313: result: yes
configure:4268: checking for stdlib.h
configure:4284: /home/zengyao/DT_Hybrid_GPL_1.00.052/DT-W724V-20140311/output/host/usr/bin/mips-unknown-linux-uclibc-gcc -c -g -O2  conftest.c >&5
configure:4290: $? = 0
configure:4293: test -z 			 || test ! -s conftest.err
configure:4296: $? = 0
configure:4299: test -s conftest.o
configure:4302: $? = 0
configure:4313: result: yes
configure:4268: checking for string.h
configure:4284: /home/zengyao/DT_Hybrid_GPL_1.00.052/DT-W724V-20140311/output/host/usr/bin/mips-unknown-linux-uclibc-gcc -c -g -O2  conftest.c >&5
configure:4290: $? = 0
configure:4293: test -z 			 || test ! -s conftest.err
configure:4296: $? = 0
configure:4299: test -s conftest.o
configure:4302: $? = 0
configure:4313: result: yes
configure:4268: checking for memory.h
configure:4284: /home/zengyao/DT_Hybrid_GPL_1.00.052/DT-W724V-20140311/output/host/usr/bin/mips-unknown-linux-uclibc-gcc -c -g -O2  conftest.c >&5
configure:4290: $? = 0
configure:4293: test -z 			 || test ! -s conftest.err
configure:4296: $? = 0
configure:4299: test -s conftest.o
configure:4302: $? = 0
configure:4313: result: yes
configure:4268: checking for strings.h
configure:4284: /home/zengyao/DT_Hybrid_GPL_1.00.052/DT-W724V-20140311/output/host/usr/bin/mips-unknown-linux-uclibc-gcc -c -g -O2  conftest.c >&5
configure:4290: $? = 0
configure:4293: test -z 			 || test ! -s conftest.err
configure:4296: $? = 0
configure:4299: test -s conftest.o
configure:4302: $? = 0
configure:4313: result: yes
configure:4268: checking for inttypes.h
configure:4284: /home/zengyao/DT_Hybrid_GPL_1.00.052/DT-W724V-20140311/output/host/usr/bin/mips-unknown-linux-uclibc-gcc -c -g -O2  conftest.c >&5
configure:4290: $? = 0
configure:4293: test -z 			 || test ! -s conftest.err
configure:4296: $? = 0
configure:4299: test -s conftest.o
configure:4302: $? = 0
configure:4313: result: yes
configure:4268: checking for stdint.h
configure:4284: /home/zengyao/DT_Hybrid_GPL_1.00.052/DT-W724V-20140311/output/host/usr/bin/mips-unknown-linux-uclibc-gcc -c -g -O2  conftest.c >&5
configure:4290: $? = 0
configure:4293: test -z 			 || test ! -s conftest.err
configure:4296: $? = 0
configure:4299: test -s conftest.o
configure:4302: $? = 0
configure:4313: result: yes
configure:4268: checking for unistd.h
configure:4284: /home/zengyao/DT_Hybrid_GPL_1.00.052/DT-W724V-20140311/output/host/usr/bin/mips-unknown-linux-uclibc-gcc -c -g -O2  conftest.c >&5
configure:4290: $? = 0
configure:4293: test -z 			 || test ! -s conftest.err
configure:4296: $? = 0
configure:4299: test -s conftest.o
configure:4302: $? = 0
configure:4313: result: yes
configure:4339: checking dlfcn.h usability
configure:4351: /home/zengyao/DT_Hybrid_GPL_1.00.052/DT-W724V-20140311/output/host/usr/bin/mips-unknown-linux-uclibc-gcc -c -g -O2  conftest.c >&5
configure:4357: $? = 0
configure:4360: test -z 			 || test ! -s conftest.err
configure:4363: $? = 0
configure:4366: test -s conftest.o
configure:4369: $? = 0
configure:4379: result: yes
configure:4383: checking dlfcn.h presence
configure:4393: /home/zengyao/DT_Hybrid_GPL_1.00.052/DT-W724V-20140311/output/host/usr/bin/mips-unknown-linux-uclibc-cpp  conftest.c
configure:4399: $? = 0
configure:4419: result: yes
configure:4454: checking for dlfcn.h
configure:4461: result: yes
configure:4484: checking for mips-linux-g++
configure:4510: result: /home/zengyao/DT_Hybrid_GPL_1.00.052/DT-W724V-20140311/output/host/usr/bin/mips-unknown-linux-uclibc-g++
configure:4568: checking for C++ compiler version
configure:4571: /home/zengyao/DT_Hybrid_GPL_1.00.052/DT-W724V-20140311/output/host/usr/bin/mips-unknown-linux-uclibc-g++ --version </dev/null >&5
mips-unknown-linux-uclibc-g++ (Buildroot 2011.11) 4.6.2
Copyright (C) 2011 Free Software Foundation, Inc.
This is free software; see the source for copying conditions.  There is NO
warranty; not even for MERCHANTABILITY or FITNESS FOR A PARTICULAR PURPOSE.

configure:4574: $? = 0
configure:4576: /home/zengyao/DT_Hybrid_GPL_1.00.052/DT-W724V-20140311/output/host/usr/bin/mips-unknown-linux-uclibc-g++ -v </dev/null >&5
Using built-in specs.
COLLECT_GCC=/opt/toolchains/crosstools-mips-gcc-4.6-linux-3.4-uclibc-0.9.32-binutils-2.21/usr/bin/mips-unknown-linux-uclibc-g++
COLLECT_LTO_WRAPPER=/opt/toolchains/crosstools-mips-gcc-4.6-linux-3.4-uclibc-0.9.32-binutils-2.21/usr/libexec/gcc/mips-unknown-linux-uclibc/4.6.2/lto-wrapper
Target: mips-unknown-linux-uclibc
Configured with: /home/dslsqa/rel1.0/src/buildroot-2011.11/output/toolchain/gcc-4.6.2/configure --prefix=/opt/toolchains/crosstools-mips-gcc-4.6-linux-3.4-uclibc-0.9.32-binutils-2.21/usr --build=i686-pc-linux-gnu --host=i686-pc-linux-gnu --target=mips-unknown-linux-uclibc --enable-languages=c,c++ --with-sysroot=/opt/toolchains/crosstools-mips-gcc-4.6-linux-3.4-uclibc-0.9.32-binutils-2.21/usr/mips-unknown-linux-uclibc/sysroot --with-build-time-tools=/opt/toolchains/crosstools-mips-gcc-4.6-linux-3.4-uclibc-0.9.32-binutils-2.21/usr/mips-unknown-linux-uclibc/bin --disable-__cxa_atexit --enable-target-optspace --disable-libgomp --with-gnu-ld --disable-libssp --disable-multilib --disable-tls --enable-shared --with-gmp=/opt/toolchains/crosstools-mips-gcc-4.6-linux-3.4-uclibc-0.9.32-binutils-2.21/usr --with-mpfr=/opt/toolchains/crosstools-mips-gcc-4.6-linux-3.4-uclibc-0.9.32-binutils-2.21/usr --with-mpc=/opt/toolchains/crosstools-mips-gcc-4.6-linux-3.4-uclibc-0.9.32-binutils-2.21/usr --enable-threads --disable-decimal-float --with-float=soft --with-abi=32 --with-tune=mips32 --with-arch=mips32 --with-pkgversion='Buildroot 2011.11' --with-bugurl=http://bugs.buildroot.net/
Thread model: posix
gcc version 4.6.2 (Buildroot 2011.11) 
configure:4579: $? = 0
configure:4581: /home/zengyao/DT_Hybrid_GPL_1.00.052/DT-W724V-20140311/output/host/usr/bin/mips-unknown-linux-uclibc-g++ -V </dev/null >&5
mips-unknown-linux-uclibc-g++: error: unrecognized option '-V'
mips-unknown-linux-uclibc-g++: fatal error: no input files
compilation terminated.
configure:4584: $? = 1
configure:4587: checking whether we are using the GNU C++ compiler
configure:4611: /home/zengyao/DT_Hybrid_GPL_1.00.052/DT-W724V-20140311/output/host/usr/bin/mips-unknown-linux-uclibc-g++ -c   conftest.cc >&5
configure:4617: $? = 0
configure:4620: test -z 			 || test ! -s conftest.err
configure:4623: $? = 0
configure:4626: test -s conftest.o
configure:4629: $? = 0
configure:4642: result: yes
configure:4648: checking whether /home/zengyao/DT_Hybrid_GPL_1.00.052/DT-W724V-20140311/output/host/usr/bin/mips-unknown-linux-uclibc-g++ accepts -g
configure:4669: /home/zengyao/DT_Hybrid_GPL_1.00.052/DT-W724V-20140311/output/host/usr/bin/mips-unknown-linux-uclibc-g++ -c -g  conftest.cc >&5
configure:4675: $? = 0
configure:4678: test -z 			 || test ! -s conftest.err
configure:4681: $? = 0
configure:4684: test -s conftest.o
configure:4687: $? = 0
configure:4698: result: yes
configure:4740: /home/zengyao/DT_Hybrid_GPL_1.00.052/DT-W724V-20140311/output/host/usr/bin/mips-unknown-linux-uclibc-g++ -c -g -O2  conftest.cc >&5
configure:4746: $? = 0
configure:4749: test -z 			 || test ! -s conftest.err
configure:4752: $? = 0
configure:4755: test -s conftest.o
configure:4758: $? = 0
configure:4784: /home/zengyao/DT_Hybrid_GPL_1.00.052/DT-W724V-20140311/output/host/usr/bin/mips-unknown-linux-uclibc-g++ -c -g -O2  conftest.cc >&5
conftest.cc: In function 'int main()':
conftest.cc:26:9: error: 'exit' was not declared in this scope
configure:4790: $? = 1
configure: failed program was:
| /* confdefs.h.  */
| 
| #define PACKAGE_NAME ""
| #define PACKAGE_TARNAME ""
| #define PACKAGE_VERSION ""
| #define PACKAGE_STRING ""
| #define PACKAGE_BUGREPORT ""
| #define PACKAGE "libosip2"
| #define VERSION "2.0.9"
| #define STDC_HEADERS 1
| #define HAVE_SYS_TYPES_H 1
| #define HAVE_SYS_STAT_H 1
| #define HAVE_STDLIB_H 1
| #define HAVE_STRING_H 1
| #define HAVE_MEMORY_H 1
| #define HAVE_STRINGS_H 1
| #define HAVE_INTTYPES_H 1
| #define HAVE_STDINT_H 1
| #define HAVE_UNISTD_H 1
| #define HAVE_DLFCN_H 1
| /* end confdefs.h.  */
| 
| int
| main ()
| {
| exit (42);
|   ;
|   return 0;
| }
configure:4740: /home/zengyao/DT_Hybrid_GPL_1.00.052/DT-W724V-20140311/output/host/usr/bin/mips-unknown-linux-uclibc-g++ -c -g -O2  conftest.cc >&5
conftest.cc:22:40: error: 'void std::exit(int)' should have been declared inside 'std'
configure:4746: $? = 1
configure: failed program was:
| /* confdefs.h.  */
| 
| #define PACKAGE_NAME ""
| #define PACKAGE_TARNAME ""
| #define PACKAGE_VERSION ""
| #define PACKAGE_STRING ""
| #define PACKAGE_BUGREPORT ""
| #define PACKAGE "libosip2"
| #define VERSION "2.0.9"
| #define STDC_HEADERS 1
| #define HAVE_SYS_TYPES_H 1
| #define HAVE_SYS_STAT_H 1
| #define HAVE_STDLIB_H 1
| #define HAVE_STRING_H 1
| #define HAVE_MEMORY_H 1
| #define HAVE_STRINGS_H 1
| #define HAVE_INTTYPES_H 1
| #define HAVE_STDINT_H 1
| #define HAVE_UNISTD_H 1
| #define HAVE_DLFCN_H 1
| /* end confdefs.h.  */
| extern "C" void std::exit (int) throw (); using std::exit;
| #include <stdlib.h>
| int
| main ()
| {
| exit (42);
|   ;
|   return 0;
| }
configure:4740: /home/zengyao/DT_Hybrid_GPL_1.00.052/DT-W724V-20140311/output/host/usr/bin/mips-unknown-linux-uclibc-g++ -c -g -O2  conftest.cc >&5
conftest.cc:22:31: error: 'void std::exit(int)' should have been declared inside 'std'
In file included from conftest.cc:23:0:
/home/zengyao/DT_Hybrid_GPL_1.00.052/DT-W724V-20140311/output/host/usr/mips-unknown-linux-uclibc/sysroot/usr/include/stdlib.h:532:70: error: declaration of 'void std::exit(int) throw ()' has a different exception specifier
conftest.cc:22:17: error: from previous declaration 'void std::exit(int)'
configure:4746: $? = 1
configure: failed program was:
| /* confdefs.h.  */
| 
| #define PACKAGE_NAME ""
| #define PACKAGE_TARNAME ""
| #define PACKAGE_VERSION ""
| #define PACKAGE_STRING ""
| #define PACKAGE_BUGREPORT ""
| #define PACKAGE "libosip2"
| #define VERSION "2.0.9"
| #define STDC_HEADERS 1
| #define HAVE_SYS_TYPES_H 1
| #define HAVE_SYS_STAT_H 1
| #define HAVE_STDLIB_H 1
| #define HAVE_STRING_H 1
| #define HAVE_MEMORY_H 1
| #define HAVE_STRINGS_H 1
| #define HAVE_INTTYPES_H 1
| #define HAVE_STDINT_H 1
| #define HAVE_UNISTD_H 1
| #define HAVE_DLFCN_H 1
| /* end confdefs.h.  */
| extern "C" void std::exit (int); using std::exit;
| #include <stdlib.h>
| int
| main ()
| {
| exit (42);
|   ;
|   return 0;
| }
configure:4740: /home/zengyao/DT_Hybrid_GPL_1.00.052/DT-W724V-20140311/output/host/usr/bin/mips-unknown-linux-uclibc-g++ -c -g -O2  conftest.cc >&5
configure:4746: $? = 0
configure:4749: test -z 			 || test ! -s conftest.err
configure:4752: $? = 0
configure:4755: test -s conftest.o
configure:4758: $? = 0
configure:4784: /home/zengyao/DT_Hybrid_GPL_1.00.052/DT-W724V-20140311/output/host/usr/bin/mips-unknown-linux-uclibc-g++ -c -g -O2  conftest.cc >&5
configure:4790: $? = 0
configure:4793: test -z 			 || test ! -s conftest.err
configure:4796: $? = 0
configure:4799: test -s conftest.o
configure:4802: $? = 0
configure:4827: checking dependency style of /home/zengyao/DT_Hybrid_GPL_1.00.052/DT-W724V-20140311/output/host/usr/bin/mips-unknown-linux-uclibc-g++
configure:4889: result: gcc3
configure:4899: checking how to run the C++ preprocessor
configure:4930: /home/zengyao/DT_Hybrid_GPL_1.00.052/DT-W724V-20140311/output/host/usr/bin/mips-unknown-linux-uclibc-g++ -E  conftest.cc
configure:4936: $? = 0
configure:4968: /home/zengyao/DT_Hybrid_GPL_1.00.052/DT-W724V-20140311/output/host/usr/bin/mips-unknown-linux-uclibc-g++ -E  conftest.cc
conftest.cc:25:28: fatal error: ac_nonexistent.h: No such file or directory
compilation terminated.
configure:4974: $? = 1
configure: failed program was:
| /* confdefs.h.  */
| 
| #define PACKAGE_NAME ""
| #define PACKAGE_TARNAME ""
| #define PACKAGE_VERSION ""
| #define PACKAGE_STRING ""
| #define PACKAGE_BUGREPORT ""
| #define PACKAGE "libosip2"
| #define VERSION "2.0.9"
| #define STDC_HEADERS 1
| #define HAVE_SYS_TYPES_H 1
| #define HAVE_SYS_STAT_H 1
| #define HAVE_STDLIB_H 1
| #define HAVE_STRING_H 1
| #define HAVE_MEMORY_H 1
| #define HAVE_STRINGS_H 1
| #define HAVE_INTTYPES_H 1
| #define HAVE_STDINT_H 1
| #define HAVE_UNISTD_H 1
| #define HAVE_DLFCN_H 1
| #ifdef __cplusplus
| extern "C" void exit (int) throw ();
| #endif
| /* end confdefs.h.  */
| #include <ac_nonexistent.h>
configure:5013: result: /home/zengyao/DT_Hybrid_GPL_1.00.052/DT-W724V-20140311/output/host/usr/bin/mips-unknown-linux-uclibc-g++ -E
configure:5037: /home/zengyao/DT_Hybrid_GPL_1.00.052/DT-W724V-20140311/output/host/usr/bin/mips-unknown-linux-uclibc-g++ -E  conftest.cc
configure:5043: $? = 0
configure:5075: /home/zengyao/DT_Hybrid_GPL_1.00.052/DT-W724V-20140311/output/host/usr/bin/mips-unknown-linux-uclibc-g++ -E  conftest.cc
conftest.cc:25:28: fatal error: ac_nonexistent.h: No such file or directory
compilation terminated.
configure:5081: $? = 1
configure: failed program was:
| /* confdefs.h.  */
| 
| #define PACKAGE_NAME ""
| #define PACKAGE_TARNAME ""
| #define PACKAGE_VERSION ""
| #define PACKAGE_STRING ""
| #define PACKAGE_BUGREPORT ""
| #define PACKAGE "libosip2"
| #define VERSION "2.0.9"
| #define STDC_HEADERS 1
| #define HAVE_SYS_TYPES_H 1
| #define HAVE_SYS_STAT_H 1
| #define HAVE_STDLIB_H 1
| #define HAVE_STRING_H 1
| #define HAVE_MEMORY_H 1
| #define HAVE_STRINGS_H 1
| #define HAVE_INTTYPES_H 1
| #define HAVE_STDINT_H 1
| #define HAVE_UNISTD_H 1
| #define HAVE_DLFCN_H 1
| #ifdef __cplusplus
| extern "C" void exit (int) throw ();
| #endif
| /* end confdefs.h.  */
| #include <ac_nonexistent.h>
configure:5134: checking for mips-linux-g77
configure:5163: result: no
configure:5134: checking for mips-linux-f77
configure:5163: result: no
configure:5134: checking for mips-linux-xlf
configure:5163: result: no
configure:5134: checking for mips-linux-frt
configure:5163: result: no
configure:5134: checking for mips-linux-pgf77
configure:5163: result: no
configure:5134: checking for mips-linux-fort77
configure:5163: result: no
configure:5134: checking for mips-linux-fl32
configure:5163: result: no
configure:5134: checking for mips-linux-af77
configure:5163: result: no
configure:5134: checking for mips-linux-f90
configure:5163: result: no
configure:5134: checking for mips-linux-xlf90
configure:5163: result: no
configure:5134: checking for mips-linux-pgf90
configure:5163: result: no
configure:5134: checking for mips-linux-epcf90
configure:5163: result: no
configure:5134: checking for mips-linux-f95
configure:5163: result: no
configure:5134: checking for mips-linux-fort
configure:5163: result: no
configure:5134: checking for mips-linux-xlf95
configure:5163: result: no
configure:5134: checking for mips-linux-ifc
configure:5163: result: no
configure:5134: checking for mips-linux-efc
configure:5163: result: no
configure:5134: checking for mips-linux-pgf95
configure:5163: result: no
configure:5134: checking for mips-linux-lf95
configure:5163: result: no
configure:5134: checking for mips-linux-gfortran
configure:5163: result: no
configure:5176: checking for g77
configure:5205: result: no
configure:5176: checking for f77
configure:5205: result: no
configure:5176: checking for xlf
configure:5205: result: no
configure:5176: checking for frt
configure:5205: result: no
configure:5176: checking for pgf77
configure:5205: result: no
configure:5176: checking for fort77
configure:5205: result: no
configure:5176: checking for fl32
configure:5205: result: no
configure:5176: checking for af77
configure:5205: result: no
configure:5176: checking for f90
configure:5205: result: no
configure:5176: checking for xlf90
configure:5205: result: no
configure:5176: checking for pgf90
configure:5205: result: no
configure:5176: checking for epcf90
configure:5205: result: no
configure:5176: checking for f95
configure:5205: result: no
configure:5176: checking for fort
configure:5205: result: no
configure:5176: checking for xlf95
configure:5205: result: no
configure:5176: checking for ifc
configure:5205: result: no
configure:5176: checking for efc
configure:5205: result: no
configure:5176: checking for pgf95
configure:5205: result: no
configure:5176: checking for lf95
configure:5205: result: no
configure:5176: checking for gfortran
configure:5205: result: no
configure:5217: checking for Fortran 77 compiler version
configure:5220:  --version </dev/null >&5
./configure: line 5221: --version: command not found
configure:5223: $? = 127
configure:5225:  -v </dev/null >&5
./configure: line 5226: -v: command not found
configure:5228: $? = 127
configure:5230:  -V </dev/null >&5
./configure: line 5231: -V: command not found
configure:5233: $? = 127
configure:5241: checking whether we are using the GNU Fortran 77 compiler
configure:5255:  -c  conftest.F >&5
./configure: line 5256: -c: command not found
configure:5261: $? = 127
configure: failed program was:
|       program main
| #ifndef __GNUC__
|        choke me
| #endif
| 
|       end
configure:5286: result: no
configure:5292: checking whether  accepts -g
configure:5304:  -c -g conftest.f >&5
./configure: line 5305: -c: command not found
configure:5310: $? = 127
configure: failed program was:
|       program main
| 
|       end
configure:5334: result: no
configure:5364: checking the maximum length of command line arguments
configure:5429: result: 32768
configure:5440: checking command to parse /home/zengyao/DT_Hybrid_GPL_1.00.052/DT-W724V-20140311/output/host/usr/bin/mips-unknown-linux-uclibc-nm output from /home/zengyao/DT_Hybrid_GPL_1.00.052/DT-W724V-20140311/output/host/usr/bin/mips-unknown-linux-uclibc-gcc object
configure:5529: /home/zengyao/DT_Hybrid_GPL_1.00.052/DT-W724V-20140311/output/host/usr/bin/mips-unknown-linux-uclibc-gcc -c -g -O2  conftest.c >&5
configure:5532: $? = 0
configure:5536: /home/zengyao/DT_Hybrid_GPL_1.00.052/DT-W724V-20140311/output/host/usr/bin/mips-unknown-linux-uclibc-nm conftest.o \| sed -n -e 's/^.*[ 	]\([ABCDGIRSTW][ABCDGIRSTW]*\)[ 	][ 	]*\(\)\([_A-Za-z][_A-Za-z0-9]*\)$/\1 \2\3 \3/p' \> conftest.nm
configure:5539: $? = 0
configure:5591: /home/zengyao/DT_Hybrid_GPL_1.00.052/DT-W724V-20140311/output/host/usr/bin/mips-unknown-linux-uclibc-gcc -o conftest -g -O2   conftest.c conftstm.o >&5
configure:5594: $? = 0
configure:5632: result: ok
configure:5636: checking for objdir
configure:5651: result: .libs
configure:5703: checking for mips-linux-ar
configure:5729: result: /home/zengyao/DT_Hybrid_GPL_1.00.052/DT-W724V-20140311/output/host/usr/bin/mips-unknown-linux-uclibc-ar
configure:5783: checking for mips-linux-ranlib
configure:5809: result: /home/zengyao/DT_Hybrid_GPL_1.00.052/DT-W724V-20140311/output/host/usr/bin/mips-unknown-linux-uclibc-ranlib
configure:5863: checking for mips-linux-strip
configure:5889: result: /home/zengyao/DT_Hybrid_GPL_1.00.052/DT-W724V-20140311/output/host/usr/bin/mips-unknown-linux-uclibc-strip
configure:6190: checking if /home/zengyao/DT_Hybrid_GPL_1.00.052/DT-W724V-20140311/output/host/usr/bin/mips-unknown-linux-uclibc-gcc static flag  works
configure:6213: result: yes
configure:6231: checking if /home/zengyao/DT_Hybrid_GPL_1.00.052/DT-W724V-20140311/output/host/usr/bin/mips-unknown-linux-uclibc-gcc supports -fno-rtti -fno-exceptions
configure:6249: /home/zengyao/DT_Hybrid_GPL_1.00.052/DT-W724V-20140311/output/host/usr/bin/mips-unknown-linux-uclibc-gcc -c -g -O2  -fno-rtti -fno-exceptions conftest.c >&5
cc1: warning: command line option '-fno-rtti' is valid for C++/ObjC++ but not for C [enabled by default]
configure:6253: $? = 0
configure:6264: result: no
configure:6279: checking for /home/zengyao/DT_Hybrid_GPL_1.00.052/DT-W724V-20140311/output/host/usr/bin/mips-unknown-linux-uclibc-gcc option to produce PIC
configure:6456: result: -fPIC
configure:6464: checking if /home/zengyao/DT_Hybrid_GPL_1.00.052/DT-W724V-20140311/output/host/usr/bin/mips-unknown-linux-uclibc-gcc PIC flag -fPIC works
configure:6482: /home/zengyao/DT_Hybrid_GPL_1.00.052/DT-W724V-20140311/output/host/usr/bin/mips-unknown-linux-uclibc-gcc -c -g -O2  -fPIC -DPIC conftest.c >&5
configure:6486: $? = 0
configure:6497: result: yes
configure:6521: checking if /home/zengyao/DT_Hybrid_GPL_1.00.052/DT-W724V-20140311/output/host/usr/bin/mips-unknown-linux-uclibc-gcc supports -c -o file.o
configure:6542: /home/zengyao/DT_Hybrid_GPL_1.00.052/DT-W724V-20140311/output/host/usr/bin/mips-unknown-linux-uclibc-gcc -c -g -O2  -o out/conftest2.o conftest.c >&5
configure:6546: $? = 0
configure:6566: result: yes
configure:6592: checking whether the /home/zengyao/DT_Hybrid_GPL_1.00.052/DT-W724V-20140311/output/host/usr/bin/mips-unknown-linux-uclibc-gcc linker (/home/zengyao/DT_Hybrid_GPL_1.00.052/DT-W724V-20140311/output/host/usr/bin/mips-unknown-linux-uclibc-ld) supports shared libraries
configure:7439: result: yes
configure:7465: checking whether -lc should be explicitly linked in
configure:7470: /home/zengyao/DT_Hybrid_GPL_1.00.052/DT-W724V-20140311/output/host/usr/bin/mips-unknown-linux-uclibc-gcc -c -g -O2  conftest.c >&5
configure:7473: $? = 0
configure:7487: /home/zengyao/DT_Hybrid_GPL_1.00.052/DT-W724V-20140311/output/host/usr/bin/mips-unknown-linux-uclibc-gcc -shared conftest.o  -v -Wl,-soname -Wl,conftest -o conftest 2\>\&1 \| grep  -lc  \>/dev/null 2\>\&1
configure:7490: $? = 0
configure:7502: result: no
configure:7510: checking dynamic linker characteristics
configure:8050: result: GNU/Linux ld.so
configure:8054: checking how to hardcode library paths into programs
configure:8079: result: immediate
configure:8093: checking whether stripping libraries is possible
configure:8098: result: yes
configure:8921: checking if libtool supports shared libraries
configure:8923: result: yes
configure:8926: checking whether to build shared libraries
configure:8984: result: yes
configure:8987: checking whether to build static libraries
configure:8991: result: yes
configure:9083: creating libtool
configure:9630: checking for ld used by /home/zengyao/DT_Hybrid_GPL_1.00.052/DT-W724V-20140311/output/host/usr/bin/mips-unknown-linux-uclibc-g++
configure:9697: result: /home/zengyao/DT_Hybrid_GPL_1.00.052/DT-W724V-20140311/output/host/usr/bin/mips-unknown-linux-uclibc-ld
configure:9706: checking if the linker (/home/zengyao/DT_Hybrid_GPL_1.00.052/DT-W724V-20140311/output/host/usr/bin/mips-unknown-linux-uclibc-ld) is GNU ld
configure:9721: result: yes
configure:9772: checking whether the /home/zengyao/DT_Hybrid_GPL_1.00.052/DT-W724V-20140311/output/host/usr/bin/mips-unknown-linux-uclibc-g++ linker (/home/zengyao/DT_Hybrid_GPL_1.00.052/DT-W724V-20140311/output/host/usr/bin/mips-unknown-linux-uclibc-ld) supports shared libraries
configure:10598: result: yes
configure:10616: /home/zengyao/DT_Hybrid_GPL_1.00.052/DT-W724V-20140311/output/host/usr/bin/mips-unknown-linux-uclibc-g++ -c -g -O2  conftest.cc >&5
configure:10619: $? = 0
configure:10715: checking for /home/zengyao/DT_Hybrid_GPL_1.00.052/DT-W724V-20140311/output/host/usr/bin/mips-unknown-linux-uclibc-g++ option to produce PIC
configure:10967: result: -fPIC
configure:10975: checking if /home/zengyao/DT_Hybrid_GPL_1.00.052/DT-W724V-20140311/output/host/usr/bin/mips-unknown-linux-uclibc-g++ PIC flag -fPIC works
configure:10993: /home/zengyao/DT_Hybrid_GPL_1.00.052/DT-W724V-20140311/output/host/usr/bin/mips-unknown-linux-uclibc-g++ -c -g -O2  -fPIC -DPIC conftest.cc >&5
configure:10997: $? = 0
configure:11008: result: yes
configure:11032: checking if /home/zengyao/DT_Hybrid_GPL_1.00.052/DT-W724V-20140311/output/host/usr/bin/mips-unknown-linux-uclibc-g++ supports -c -o file.o
configure:11053: /home/zengyao/DT_Hybrid_GPL_1.00.052/DT-W724V-20140311/output/host/usr/bin/mips-unknown-linux-uclibc-g++ -c -g -O2  -o out/conftest2.o conftest.cc >&5
configure:11057: $? = 0
configure:11077: result: yes
configure:11103: checking whether the /home/zengyao/DT_Hybrid_GPL_1.00.052/DT-W724V-20140311/output/host/usr/bin/mips-unknown-linux-uclibc-g++ linker (/home/zengyao/DT_Hybrid_GPL_1.00.052/DT-W724V-20140311/output/host/usr/bin/mips-unknown-linux-uclibc-ld) supports shared libraries
configure:11131: result: yes
configure:11202: checking dynamic linker characteristics
configure:11742: result: GNU/Linux ld.so
configure:11746: checking how to hardcode library paths into programs
configure:11771: result: immediate
configure:11785: checking whether stripping libraries is possible
configure:11790: result: yes
configure:19244: checking for the pthreads library -lpthreads
configure:19282: /home/zengyao/DT_Hybrid_GPL_1.00.052/DT-W724V-20140311/output/host/usr/bin/mips-unknown-linux-uclibc-gcc -o conftest -g -O2    conftest.c -lpthreads  >&5
/opt/toolchains/crosstools-mips-gcc-4.6-linux-3.4-uclibc-0.9.32-binutils-2.21/usr/lib/gcc/mips-unknown-linux-uclibc/4.6.2/../../../../mips-unknown-linux-uclibc/bin/ld: cannot find -lpthreads
collect2: ld returned 1 exit status
configure:19288: $? = 1
configure: failed program was:
| /* confdefs.h.  */
| 
| #define PACKAGE_NAME ""
| #define PACKAGE_TARNAME ""
| #define PACKAGE_VERSION ""
| #define PACKAGE_STRING ""
| #define PACKAGE_BUGREPORT ""
| #define PACKAGE "libosip2"
| #define VERSION "2.0.9"
| #define STDC_HEADERS 1
| #define HAVE_SYS_TYPES_H 1
| #define HAVE_SYS_STAT_H 1
| #define HAVE_STDLIB_H 1
| #define HAVE_STRING_H 1
| #define HAVE_MEMORY_H 1
| #define HAVE_STRINGS_H 1
| #define HAVE_INTTYPES_H 1
| #define HAVE_STDINT_H 1
| #define HAVE_UNISTD_H 1
| #define HAVE_DLFCN_H 1
| #ifdef __cplusplus
| extern "C" void exit (int) throw ();
| #endif
| /* end confdefs.h.  */
| #include <pthread.h>
| int
| main ()
| {
| pthread_t th; pthread_join(th, 0);
|                      pthread_attr_init(0); pthread_cleanup_push(0, 0);
|                      pthread_create(0,0,0,0); pthread_cleanup_pop(0);
|   ;
|   return 0;
| }
configure:19314: result: no
configure:19233: checking whether pthreads work without any flags
configure:19282: /home/zengyao/DT_Hybrid_GPL_1.00.052/DT-W724V-20140311/output/host/usr/bin/mips-unknown-linux-uclibc-gcc -o conftest -g -O2    conftest.c   >&5
/tmp/cc8kxuGP.o: In function `main':
/home/zengyao/DT_Hybrid_GPL_1.00.052/DT-W724V-20140311/output/build/libosip2/libosip2/conftest.c:29: undefined reference to `pthread_join'
/home/zengyao/DT_Hybrid_GPL_1.00.052/DT-W724V-20140311/output/build/libosip2/libosip2/conftest.c:31: undefined reference to `pthread_create'
/home/zengyao/DT_Hybrid_GPL_1.00.052/DT-W724V-20140311/output/build/libosip2/libosip2/conftest.c:29: undefined reference to `pthread_join'
/home/zengyao/DT_Hybrid_GPL_1.00.052/DT-W724V-20140311/output/build/libosip2/libosip2/conftest.c:31: undefined reference to `pthread_create'
collect2: ld returned 1 exit status
configure:19288: $? = 1
configure: failed program was:
| /* confdefs.h.  */
| 
| #define PACKAGE_NAME ""
| #define PACKAGE_TARNAME ""
| #define PACKAGE_VERSION ""
| #define PACKAGE_STRING ""
| #define PACKAGE_BUGREPORT ""
| #define PACKAGE "libosip2"
| #define VERSION "2.0.9"
| #define STDC_HEADERS 1
| #define HAVE_SYS_TYPES_H 1
| #define HAVE_SYS_STAT_H 1
| #define HAVE_STDLIB_H 1
| #define HAVE_STRING_H 1
| #define HAVE_MEMORY_H 1
| #define HAVE_STRINGS_H 1
| #define HAVE_INTTYPES_H 1
| #define HAVE_STDINT_H 1
| #define HAVE_UNISTD_H 1
| #define HAVE_DLFCN_H 1
| #ifdef __cplusplus
| extern "C" void exit (int) throw ();
| #endif
| /* end confdefs.h.  */
| #include <pthread.h>
| int
| main ()
| {
| pthread_t th; pthread_join(th, 0);
|                      pthread_attr_init(0); pthread_cleanup_push(0, 0);
|                      pthread_create(0,0,0,0); pthread_cleanup_pop(0);
|   ;
|   return 0;
| }
configure:19314: result: no
configure:19238: checking whether pthreads work with -Kthread
configure:19282: /home/zengyao/DT_Hybrid_GPL_1.00.052/DT-W724V-20140311/output/host/usr/bin/mips-unknown-linux-uclibc-gcc -o conftest -g -O2 -Kthread   conftest.c   >&5
mips-unknown-linux-uclibc-gcc: error: unrecognized option '-Kthread'
configure:19288: $? = 1
configure: failed program was:
| /* confdefs.h.  */
| 
| #define PACKAGE_NAME ""
| #define PACKAGE_TARNAME ""
| #define PACKAGE_VERSION ""
| #define PACKAGE_STRING ""
| #define PACKAGE_BUGREPORT ""
| #define PACKAGE "libosip2"
| #define VERSION "2.0.9"
| #define STDC_HEADERS 1
| #define HAVE_SYS_TYPES_H 1
| #define HAVE_SYS_STAT_H 1
| #define HAVE_STDLIB_H 1
| #define HAVE_STRING_H 1
| #define HAVE_MEMORY_H 1
| #define HAVE_STRINGS_H 1
| #define HAVE_INTTYPES_H 1
| #define HAVE_STDINT_H 1
| #define HAVE_UNISTD_H 1
| #define HAVE_DLFCN_H 1
| #ifdef __cplusplus
| extern "C" void exit (int) throw ();
| #endif
| /* end confdefs.h.  */
| #include <pthread.h>
| int
| main ()
| {
| pthread_t th; pthread_join(th, 0);
|                      pthread_attr_init(0); pthread_cleanup_push(0, 0);
|                      pthread_create(0,0,0,0); pthread_cleanup_pop(0);
|   ;
|   return 0;
| }
configure:19314: result: no
configure:19238: checking whether pthreads work with -kthread
configure:19282: /home/zengyao/DT_Hybrid_GPL_1.00.052/DT-W724V-20140311/output/host/usr/bin/mips-unknown-linux-uclibc-gcc -o conftest -g -O2 -kthread   conftest.c   >&5
mips-unknown-linux-uclibc-gcc: error: unrecognized option '-kthread'
configure:19288: $? = 1
configure: failed program was:
| /* confdefs.h.  */
| 
| #define PACKAGE_NAME ""
| #define PACKAGE_TARNAME ""
| #define PACKAGE_VERSION ""
| #define PACKAGE_STRING ""
| #define PACKAGE_BUGREPORT ""
| #define PACKAGE "libosip2"
| #define VERSION "2.0.9"
| #define STDC_HEADERS 1
| #define HAVE_SYS_TYPES_H 1
| #define HAVE_SYS_STAT_H 1
| #define HAVE_STDLIB_H 1
| #define HAVE_STRING_H 1
| #define HAVE_MEMORY_H 1
| #define HAVE_STRINGS_H 1
| #define HAVE_INTTYPES_H 1
| #define HAVE_STDINT_H 1
| #define HAVE_UNISTD_H 1
| #define HAVE_DLFCN_H 1
| #ifdef __cplusplus
| extern "C" void exit (int) throw ();
| #endif
| /* end confdefs.h.  */
| #include <pthread.h>
| int
| main ()
| {
| pthread_t th; pthread_join(th, 0);
|                      pthread_attr_init(0); pthread_cleanup_push(0, 0);
|                      pthread_create(0,0,0,0); pthread_cleanup_pop(0);
|   ;
|   return 0;
| }
configure:19314: result: no
configure:19244: checking for the pthreads library -llthread
configure:19282: /home/zengyao/DT_Hybrid_GPL_1.00.052/DT-W724V-20140311/output/host/usr/bin/mips-unknown-linux-uclibc-gcc -o conftest -g -O2    conftest.c -llthread  >&5
/opt/toolchains/crosstools-mips-gcc-4.6-linux-3.4-uclibc-0.9.32-binutils-2.21/usr/lib/gcc/mips-unknown-linux-uclibc/4.6.2/../../../../mips-unknown-linux-uclibc/bin/ld: cannot find -llthread
collect2: ld returned 1 exit status
configure:19288: $? = 1
configure: failed program was:
| /* confdefs.h.  */
| 
| #define PACKAGE_NAME ""
| #define PACKAGE_TARNAME ""
| #define PACKAGE_VERSION ""
| #define PACKAGE_STRING ""
| #define PACKAGE_BUGREPORT ""
| #define PACKAGE "libosip2"
| #define VERSION "2.0.9"
| #define STDC_HEADERS 1
| #define HAVE_SYS_TYPES_H 1
| #define HAVE_SYS_STAT_H 1
| #define HAVE_STDLIB_H 1
| #define HAVE_STRING_H 1
| #define HAVE_MEMORY_H 1
| #define HAVE_STRINGS_H 1
| #define HAVE_INTTYPES_H 1
| #define HAVE_STDINT_H 1
| #define HAVE_UNISTD_H 1
| #define HAVE_DLFCN_H 1
| #ifdef __cplusplus
| extern "C" void exit (int) throw ();
| #endif
| /* end confdefs.h.  */
| #include <pthread.h>
| int
| main ()
| {
| pthread_t th; pthread_join(th, 0);
|                      pthread_attr_init(0); pthread_cleanup_push(0, 0);
|                      pthread_create(0,0,0,0); pthread_cleanup_pop(0);
|   ;
|   return 0;
| }
configure:19314: result: no
configure:19238: checking whether pthreads work with -pthread
configure:19282: /home/zengyao/DT_Hybrid_GPL_1.00.052/DT-W724V-20140311/output/host/usr/bin/mips-unknown-linux-uclibc-gcc -o conftest -g -O2 -pthread   conftest.c   >&5
configure:19288: $? = 0
configure:19291: test -z 			 || test ! -s conftest.err
configure:19294: $? = 0
configure:19297: test -s conftest
configure:19300: $? = 0
configure:19314: result: yes
configure:19334: checking for joinable pthread attribute
configure:19352: /home/zengyao/DT_Hybrid_GPL_1.00.052/DT-W724V-20140311/output/host/usr/bin/mips-unknown-linux-uclibc-gcc -o conftest -g -O2 -pthread   conftest.c   >&5
configure:19358: $? = 0
configure:19361: test -z 			 || test ! -s conftest.err
configure:19364: $? = 0
configure:19367: test -s conftest
configure:19370: $? = 0
configure:19435: result: PTHREAD_CREATE_JOINABLE
configure:19442: checking if more special flags are required for pthreads
configure:19449: result: no
configure:19461: checking for cc_r
configure:19488: result: /home/zengyao/DT_Hybrid_GPL_1.00.052/DT-W724V-20140311/output/host/usr/bin/mips-unknown-linux-uclibc-gcc
configure:19845: checking semaphore.h usability
configure:19857: /home/zengyao/DT_Hybrid_GPL_1.00.052/DT-W724V-20140311/output/host/usr/bin/mips-unknown-linux-uclibc-gcc -c -g -O2  conftest.c >&5
configure:19863: $? = 0
configure:19866: test -z 			 || test ! -s conftest.err
configure:19869: $? = 0
configure:19872: test -s conftest.o
configure:19875: $? = 0
configure:19885: result: yes
configure:19889: checking semaphore.h presence
configure:19899: /home/zengyao/DT_Hybrid_GPL_1.00.052/DT-W724V-20140311/output/host/usr/bin/mips-unknown-linux-uclibc-cpp  conftest.c
configure:19905: $? = 0
configure:19925: result: yes
configure:19960: checking for semaphore.h
configure:19967: result: yes
configure:19994: checking sys/sem.h usability
configure:20006: /home/zengyao/DT_Hybrid_GPL_1.00.052/DT-W724V-20140311/output/host/usr/bin/mips-unknown-linux-uclibc-gcc -c -g -O2  conftest.c >&5
configure:20012: $? = 0
configure:20015: test -z 			 || test ! -s conftest.err
configure:20018: $? = 0
configure:20021: test -s conftest.o
configure:20024: $? = 0
configure:20034: result: yes
configure:20038: checking sys/sem.h presence
configure:20048: /home/zengyao/DT_Hybrid_GPL_1.00.052/DT-W724V-20140311/output/host/usr/bin/mips-unknown-linux-uclibc-cpp  conftest.c
configure:20054: $? = 0
configure:20074: result: yes
configure:20109: checking for sys/sem.h
configure:20116: result: yes
configure:20173: checking for sem_open in -lposix4
configure:20203: /home/zengyao/DT_Hybrid_GPL_1.00.052/DT-W724V-20140311/output/host/usr/bin/mips-unknown-linux-uclibc-gcc -o conftest -g    conftest.c -lposix4   >&5
/opt/toolchains/crosstools-mips-gcc-4.6-linux-3.4-uclibc-0.9.32-binutils-2.21/usr/lib/gcc/mips-unknown-linux-uclibc/4.6.2/../../../../mips-unknown-linux-uclibc/bin/ld: cannot find -lposix4
collect2: ld returned 1 exit status
configure:20209: $? = 1
configure: failed program was:
| /* confdefs.h.  */
| 
| #define PACKAGE_NAME ""
| #define PACKAGE_TARNAME ""
| #define PACKAGE_VERSION ""
| #define PACKAGE_STRING ""
| #define PACKAGE_BUGREPORT ""
| #define PACKAGE "libosip2"
| #define VERSION "2.0.9"
| #define STDC_HEADERS 1
| #define HAVE_SYS_TYPES_H 1
| #define HAVE_SYS_STAT_H 1
| #define HAVE_STDLIB_H 1
| #define HAVE_STRING_H 1
| #define HAVE_MEMORY_H 1
| #define HAVE_STRINGS_H 1
| #define HAVE_INTTYPES_H 1
| #define HAVE_STDINT_H 1
| #define HAVE_UNISTD_H 1
| #define HAVE_DLFCN_H 1
| #ifdef __cplusplus
| extern "C" void exit (int) throw ();
| #endif
| #define HAVE_PTHREAD 1
| #define HAVE_SEMAPHORE_H 1
| #define HAVE_SYS_SEM_H 1
| /* end confdefs.h.  */
| 
| /* Override any gcc2 internal prototype to avoid an error.  */
| #ifdef __cplusplus
| extern "C"
| #endif
| /* We use char because int might match the return type of a gcc2
|    builtin and then its argument prototype would still apply.  */
| char sem_open ();
| int
| main ()
| {
| sem_open ();
|   ;
|   return 0;
| }
configure:20234: result: no
configure:20240: checking for nis_add in -lnsl
configure:20270: /home/zengyao/DT_Hybrid_GPL_1.00.052/DT-W724V-20140311/output/host/usr/bin/mips-unknown-linux-uclibc-gcc -o conftest -g    conftest.c -lnsl   >&5
/tmp/ccrYyoEl.o: In function `main':
/home/zengyao/DT_Hybrid_GPL_1.00.052/DT-W724V-20140311/output/build/libosip2/libosip2/conftest.c:39: undefined reference to `nis_add'
/home/zengyao/DT_Hybrid_GPL_1.00.052/DT-W724V-20140311/output/build/libosip2/libosip2/conftest.c:39: undefined reference to `nis_add'
collect2: ld returned 1 exit status
configure:20276: $? = 1
configure: failed program was:
| /* confdefs.h.  */
| 
| #define PACKAGE_NAME ""
| #define PACKAGE_TARNAME ""
| #define PACKAGE_VERSION ""
| #define PACKAGE_STRING ""
| #define PACKAGE_BUGREPORT ""
| #define PACKAGE "libosip2"
| #define VERSION "2.0.9"
| #define STDC_HEADERS 1
| #define HAVE_SYS_TYPES_H 1
| #define HAVE_SYS_STAT_H 1
| #define HAVE_STDLIB_H 1
| #define HAVE_STRING_H 1
| #define HAVE_MEMORY_H 1
| #define HAVE_STRINGS_H 1
| #define HAVE_INTTYPES_H 1
| #define HAVE_STDINT_H 1
| #define HAVE_UNISTD_H 1
| #define HAVE_DLFCN_H 1
| #ifdef __cplusplus
| extern "C" void exit (int) throw ();
| #endif
| #define HAVE_PTHREAD 1
| #define HAVE_SEMAPHORE_H 1
| #define HAVE_SYS_SEM_H 1
| /* end confdefs.h.  */
| 
| /* Override any gcc2 internal prototype to avoid an error.  */
| #ifdef __cplusplus
| extern "C"
| #endif
| /* We use char because int might match the return type of a gcc2
|    builtin and then its argument prototype would still apply.  */
| char nis_add ();
| int
| main ()
| {
| nis_add ();
|   ;
|   return 0;
| }
configure:20301: result: no
configure:20307: checking for sendto in -lsocket
configure:20337: /home/zengyao/DT_Hybrid_GPL_1.00.052/DT-W724V-20140311/output/host/usr/bin/mips-unknown-linux-uclibc-gcc -o conftest -g    conftest.c -lsocket   >&5
/opt/toolchains/crosstools-mips-gcc-4.6-linux-3.4-uclibc-0.9.32-binutils-2.21/usr/lib/gcc/mips-unknown-linux-uclibc/4.6.2/../../../../mips-unknown-linux-uclibc/bin/ld: cannot find -lsocket
collect2: ld returned 1 exit status
configure:20343: $? = 1
configure: failed program was:
| /* confdefs.h.  */
| 
| #define PACKAGE_NAME ""
| #define PACKAGE_TARNAME ""
| #define PACKAGE_VERSION ""
| #define PACKAGE_STRING ""
| #define PACKAGE_BUGREPORT ""
| #define PACKAGE "libosip2"
| #define VERSION "2.0.9"
| #define STDC_HEADERS 1
| #define HAVE_SYS_TYPES_H 1
| #define HAVE_SYS_STAT_H 1
| #define HAVE_STDLIB_H 1
| #define HAVE_STRING_H 1
| #define HAVE_MEMORY_H 1
| #define HAVE_STRINGS_H 1
| #define HAVE_INTTYPES_H 1
| #define HAVE_STDINT_H 1
| #define HAVE_UNISTD_H 1
| #define HAVE_DLFCN_H 1
| #ifdef __cplusplus
| extern "C" void exit (int) throw ();
| #endif
| #define HAVE_PTHREAD 1
| #define HAVE_SEMAPHORE_H 1
| #define HAVE_SYS_SEM_H 1
| /* end confdefs.h.  */
| 
| /* Override any gcc2 internal prototype to avoid an error.  */
| #ifdef __cplusplus
| extern "C"
| #endif
| /* We use char because int might match the return type of a gcc2
|    builtin and then its argument prototype would still apply.  */
| char sendto ();
| int
| main ()
| {
| sendto ();
|   ;
|   return 0;
| }
configure:20368: result: no
configure:20375: checking whether -Wall works
configure:20399: /home/zengyao/DT_Hybrid_GPL_1.00.052/DT-W724V-20140311/output/host/usr/bin/mips-unknown-linux-uclibc-gcc -c -g  -Wall conftest.c >&5
configure:20405: $? = 0
configure:20408: test -z 			 || test ! -s conftest.err
configure:20411: $? = 0
configure:20414: test -s conftest.o
configure:20417: $? = 0
configure:20430: result: yes
configure:20437: checking whether -Wcast-align works
configure:20461: /home/zengyao/DT_Hybrid_GPL_1.00.052/DT-W724V-20140311/output/host/usr/bin/mips-unknown-linux-uclibc-gcc -c -g  -Wcast-align conftest.c >&5
configure:20467: $? = 0
configure:20470: test -z 			 || test ! -s conftest.err
configure:20473: $? = 0
configure:20476: test -s conftest.o
configure:20479: $? = 0
configure:20492: result: yes
configure:20499: checking whether -Wchar-subscripts works
configure:20523: /home/zengyao/DT_Hybrid_GPL_1.00.052/DT-W724V-20140311/output/host/usr/bin/mips-unknown-linux-uclibc-gcc -c -g  -Wchar-subscripts conftest.c >&5
configure:20529: $? = 0
configure:20532: test -z 			 || test ! -s conftest.err
configure:20535: $? = 0
configure:20538: test -s conftest.o
configure:20541: $? = 0
configure:20554: result: yes
configure:20561: checking whether -Wformat works
configure:20585: /home/zengyao/DT_Hybrid_GPL_1.00.052/DT-W724V-20140311/output/host/usr/bin/mips-unknown-linux-uclibc-gcc -c -g  -Wformat conftest.c >&5
configure:20591: $? = 0
configure:20594: test -z 			 || test ! -s conftest.err
configure:20597: $? = 0
configure:20600: test -s conftest.o
configure:20603: $? = 0
configure:20616: result: yes
configure:20623: checking whether -Winline works
configure:20647: /home/zengyao/DT_Hybrid_GPL_1.00.052/DT-W724V-20140311/output/host/usr/bin/mips-unknown-linux-uclibc-gcc -c -g  -Winline conftest.c >&5
configure:20653: $? = 0
configure:20656: test -z 			 || test ! -s conftest.err
configure:20659: $? = 0
configure:20662: test -s conftest.o
configure:20665: $? = 0
configure:20678: result: yes
configure:20685: checking whether -Wmissing-declarations works
configure:20709: /home/zengyao/DT_Hybrid_GPL_1.00.052/DT-W724V-20140311/output/host/usr/bin/mips-unknown-linux-uclibc-gcc -c -g  -Wmissing-declarations conftest.c >&5
configure:20715: $? = 0
configure:20718: test -z 			 || test ! -s conftest.err
configure:20721: $? = 0
configure:20724: test -s conftest.o
configure:20727: $? = 0
configure:20740: result: yes
configure:20747: checking whether -Wmissing-prototypes works
configure:20771: /home/zengyao/DT_Hybrid_GPL_1.00.052/DT-W724V-20140311/output/host/usr/bin/mips-unknown-linux-uclibc-gcc -c -g  -Wmissing-prototypes conftest.c >&5
configure:20777: $? = 0
configure:20780: test -z 			 || test ! -s conftest.err
configure:20783: $? = 0
configure:20786: test -s conftest.o
configure:20789: $? = 0
configure:20802: result: yes
configure:20809: checking whether -Wnested-externs works
configure:20833: /home/zengyao/DT_Hybrid_GPL_1.00.052/DT-W724V-20140311/output/host/usr/bin/mips-unknown-linux-uclibc-gcc -c -g  -Wnested-externs conftest.c >&5
configure:20839: $? = 0
configure:20842: test -z 			 || test ! -s conftest.err
configure:20845: $? = 0
configure:20848: test -s conftest.o
configure:20851: $? = 0
configure:20864: result: yes
configure:20871: checking whether -Wpointer-arith works
configure:20895: /home/zengyao/DT_Hybrid_GPL_1.00.052/DT-W724V-20140311/output/host/usr/bin/mips-unknown-linux-uclibc-gcc -c -g  -Wpointer-arith conftest.c >&5
configure:20901: $? = 0
configure:20904: test -z 			 || test ! -s conftest.err
configure:20907: $? = 0
configure:20910: test -s conftest.o
configure:20913: $? = 0
configure:20926: result: yes
configure:20946: checking for ANSI C header files
configure:21101: result: yes
configure:21116: checking for string.h
configure:21121: result: yes
configure:21265: checking for strings.h
configure:21270: result: yes
configure:21414: checking for stdlib.h
configure:21419: result: yes
configure:21563: checking for unistd.h
configure:21568: result: yes
configure:21712: checking for sys/types.h
configure:21717: result: yes
configure:21871: checking sys/unistd.h usability
configure:21883: /home/zengyao/DT_Hybrid_GPL_1.00.052/DT-W724V-20140311/output/host/usr/bin/mips-unknown-linux-uclibc-gcc -c -g   -Wall -Wcast-align -Wchar-subscripts -Wformat -Winline -Wmissing-declarations -Wmissing-prototypes -Wnested-externs -Wpointer-arith conftest.c >&5
configure:21889: $? = 0
configure:21892: test -z 			 || test ! -s conftest.err
configure:21895: $? = 0
configure:21898: test -s conftest.o
configure:21901: $? = 0
configure:21911: result: yes
configure:21915: checking sys/unistd.h presence
configure:21925: /home/zengyao/DT_Hybrid_GPL_1.00.052/DT-W724V-20140311/output/host/usr/bin/mips-unknown-linux-uclibc-cpp  -Wall -Wcast-align -Wchar-subscripts -Wformat -Winline -Wmissing-declarations -Wmissing-prototypes -Wnested-externs -Wpointer-arith conftest.c
configure:21931: $? = 0
configure:21951: result: yes
configure:21986: checking for sys/unistd.h
configure:21993: result: yes
configure:22020: checking syslog.h usability
configure:22032: /home/zengyao/DT_Hybrid_GPL_1.00.052/DT-W724V-20140311/output/host/usr/bin/mips-unknown-linux-uclibc-gcc -c -g   -Wall -Wcast-align -Wchar-subscripts -Wformat -Winline -Wmissing-declarations -Wmissing-prototypes -Wnested-externs -Wpointer-arith conftest.c >&5
configure:22038: $? = 0
configure:22041: test -z 			 || test ! -s conftest.err
configure:22044: $? = 0
configure:22047: test -s conftest.o
configure:22050: $? = 0
configure:22060: result: yes
configure:22064: checking syslog.h presence
configure:22074: /home/zengyao/DT_Hybrid_GPL_1.00.052/DT-W724V-20140311/output/host/usr/bin/mips-unknown-linux-uclibc-cpp  -Wall -Wcast-align -Wchar-subscripts -Wformat -Winline -Wmissing-declarations -Wmissing-prototypes -Wnested-externs -Wpointer-arith conftest.c
configure:22080: $? = 0
configure:22100: result: yes
configure:22135: checking for syslog.h
configure:22142: result: yes
configure:22169: checking ctype.h usability
configure:22181: /home/zengyao/DT_Hybrid_GPL_1.00.052/DT-W724V-20140311/output/host/usr/bin/mips-unknown-linux-uclibc-gcc -c -g   -Wall -Wcast-align -Wchar-subscripts -Wformat -Winline -Wmissing-declarations -Wmissing-prototypes -Wnested-externs -Wpointer-arith conftest.c >&5
configure:22187: $? = 0
configure:22190: test -z 			 || test ! -s conftest.err
configure:22193: $? = 0
configure:22196: test -s conftest.o
configure:22199: $? = 0
configure:22209: result: yes
configure:22213: checking ctype.h presence
configure:22223: /home/zengyao/DT_Hybrid_GPL_1.00.052/DT-W724V-20140311/output/host/usr/bin/mips-unknown-linux-uclibc-cpp  -Wall -Wcast-align -Wchar-subscripts -Wformat -Winline -Wmissing-declarations -Wmissing-prototypes -Wnested-externs -Wpointer-arith conftest.c
configure:22229: $? = 0
configure:22249: result: yes
configure:22284: checking for ctype.h
configure:22291: result: yes
configure:22318: checking stdio.h usability
configure:22330: /home/zengyao/DT_Hybrid_GPL_1.00.052/DT-W724V-20140311/output/host/usr/bin/mips-unknown-linux-uclibc-gcc -c -g   -Wall -Wcast-align -Wchar-subscripts -Wformat -Winline -Wmissing-declarations -Wmissing-prototypes -Wnested-externs -Wpointer-arith conftest.c >&5
configure:22336: $? = 0
configure:22339: test -z 			 || test ! -s conftest.err
configure:22342: $? = 0
configure:22345: test -s conftest.o
configure:22348: $? = 0
configure:22358: result: yes
configure:22362: checking stdio.h presence
configure:22372: /home/zengyao/DT_Hybrid_GPL_1.00.052/DT-W724V-20140311/output/host/usr/bin/mips-unknown-linux-uclibc-cpp  -Wall -Wcast-align -Wchar-subscripts -Wformat -Winline -Wmissing-declarations -Wmissing-prototypes -Wnested-externs -Wpointer-arith conftest.c
configure:22378: $? = 0
configure:22398: result: yes
configure:22433: checking for stdio.h
configure:22440: result: yes
configure:22467: checking stdarg.h usability
configure:22479: /home/zengyao/DT_Hybrid_GPL_1.00.052/DT-W724V-20140311/output/host/usr/bin/mips-unknown-linux-uclibc-gcc -c -g   -Wall -Wcast-align -Wchar-subscripts -Wformat -Winline -Wmissing-declarations -Wmissing-prototypes -Wnested-externs -Wpointer-arith conftest.c >&5
configure:22485: $? = 0
configure:22488: test -z 			 || test ! -s conftest.err
configure:22491: $? = 0
configure:22494: test -s conftest.o
configure:22497: $? = 0
configure:22507: result: yes
configure:22511: checking stdarg.h presence
configure:22521: /home/zengyao/DT_Hybrid_GPL_1.00.052/DT-W724V-20140311/output/host/usr/bin/mips-unknown-linux-uclibc-cpp  -Wall -Wcast-align -Wchar-subscripts -Wformat -Winline -Wmissing-declarations -Wmissing-prototypes -Wnested-externs -Wpointer-arith conftest.c
configure:22527: $? = 0
configure:22547: result: yes
configure:22582: checking for stdarg.h
configure:22589: result: yes
configure:22616: checking varargs.h usability
configure:22628: /home/zengyao/DT_Hybrid_GPL_1.00.052/DT-W724V-20140311/output/host/usr/bin/mips-unknown-linux-uclibc-gcc -c -g   -Wall -Wcast-align -Wchar-subscripts -Wformat -Winline -Wmissing-declarations -Wmissing-prototypes -Wnested-externs -Wpointer-arith conftest.c >&5
In file included from conftest.c:73:0:
/opt/toolchains/crosstools-mips-gcc-4.6-linux-3.4-uclibc-0.9.32-binutils-2.21/usr/lib/gcc/mips-unknown-linux-uclibc/4.6.2/include/varargs.h:4:2: error: #error "GCC no longer implements <varargs.h>."
/opt/toolchains/crosstools-mips-gcc-4.6-linux-3.4-uclibc-0.9.32-binutils-2.21/usr/lib/gcc/mips-unknown-linux-uclibc/4.6.2/include/varargs.h:5:2: error: #error "Revise your code to use <stdarg.h>."
configure:22634: $? = 1
configure: failed program was:
| /* confdefs.h.  */
| 
| #define PACKAGE_NAME ""
| #define PACKAGE_TARNAME ""
| #define PACKAGE_VERSION ""
| #define PACKAGE_STRING ""
| #define PACKAGE_BUGREPORT ""
| #define PACKAGE "libosip2"
| #define VERSION "2.0.9"
| #define STDC_HEADERS 1
| #define HAVE_SYS_TYPES_H 1
| #define HAVE_SYS_STAT_H 1
| #define HAVE_STDLIB_H 1
| #define HAVE_STRING_H 1
| #define HAVE_MEMORY_H 1
| #define HAVE_STRINGS_H 1
| #define HAVE_INTTYPES_H 1
| #define HAVE_STDINT_H 1
| #define HAVE_UNISTD_H 1
| #define HAVE_DLFCN_H 1
| #ifdef __cplusplus
| extern "C" void exit (int) throw ();
| #endif
| #define HAVE_PTHREAD 1
| #define HAVE_SEMAPHORE_H 1
| #define HAVE_SYS_SEM_H 1
| #define STDC_HEADERS 1
| #define HAVE_STRING_H 1
| #define HAVE_STRINGS_H 1
| #define HAVE_STDLIB_H 1
| #define HAVE_UNISTD_H 1
| #define HAVE_SYS_TYPES_H 1
| #define HAVE_SYS_UNISTD_H 1
| #define HAVE_SYSLOG_H 1
| #define HAVE_CTYPE_H 1
| #define HAVE_STDIO_H 1
| #define HAVE_STDARG_H 1
| /* end confdefs.h.  */
| #include <stdio.h>
| #if HAVE_SYS_TYPES_H
| # include <sys/types.h>
| #endif
| #if HAVE_SYS_STAT_H
| # include <sys/stat.h>
| #endif
| #if STDC_HEADERS
| # include <stdlib.h>
| # include <stddef.h>
| #else
| # if HAVE_STDLIB_H
| #  include <stdlib.h>
| # endif
| #endif
| #if HAVE_STRING_H
| # if !STDC_HEADERS && HAVE_MEMORY_H
| #  include <memory.h>
| # endif
| # include <string.h>
| #endif
| #if HAVE_STRINGS_H
| # include <strings.h>
| #endif
| #if HAVE_INTTYPES_H
| # include <inttypes.h>
| #else
| # if HAVE_STDINT_H
| #  include <stdint.h>
| # endif
| #endif
| #if HAVE_UNISTD_H
| # include <unistd.h>
| #endif
| #include <varargs.h>
configure:22656: result: no
configure:22660: checking varargs.h presence
configure:22670: /home/zengyao/DT_Hybrid_GPL_1.00.052/DT-W724V-20140311/output/host/usr/bin/mips-unknown-linux-uclibc-cpp  -Wall -Wcast-align -Wchar-subscripts -Wformat -Winline -Wmissing-declarations -Wmissing-prototypes -Wnested-externs -Wpointer-arith conftest.c
In file included from conftest.c:39:0:
/opt/toolchains/crosstools-mips-gcc-4.6-linux-3.4-uclibc-0.9.32-binutils-2.21/usr/lib/gcc/mips-unknown-linux-uclibc/4.6.2/include/varargs.h:4:2: error: #error "GCC no longer implements <varargs.h>."
/opt/toolchains/crosstools-mips-gcc-4.6-linux-3.4-uclibc-0.9.32-binutils-2.21/usr/lib/gcc/mips-unknown-linux-uclibc/4.6.2/include/varargs.h:5:2: error: #error "Revise your code to use <stdarg.h>."
configure:22676: $? = 1
configure: failed program was:
| /* confdefs.h.  */
| 
| #define PACKAGE_NAME ""
| #define PACKAGE_TARNAME ""
| #define PACKAGE_VERSION ""
| #define PACKAGE_STRING ""
| #define PACKAGE_BUGREPORT ""
| #define PACKAGE "libosip2"
| #define VERSION "2.0.9"
| #define STDC_HEADERS 1
| #define HAVE_SYS_TYPES_H 1
| #define HAVE_SYS_STAT_H 1
| #define HAVE_STDLIB_H 1
| #define HAVE_STRING_H 1
| #define HAVE_MEMORY_H 1
| #define HAVE_STRINGS_H 1
| #define HAVE_INTTYPES_H 1
| #define HAVE_STDINT_H 1
| #define HAVE_UNISTD_H 1
| #define HAVE_DLFCN_H 1
| #ifdef __cplusplus
| extern "C" void exit (int) throw ();
| #endif
| #define HAVE_PTHREAD 1
| #define HAVE_SEMAPHORE_H 1
| #define HAVE_SYS_SEM_H 1
| #define STDC_HEADERS 1
| #define HAVE_STRING_H 1
| #define HAVE_STRINGS_H 1
| #define HAVE_STDLIB_H 1
| #define HAVE_UNISTD_H 1
| #define HAVE_SYS_TYPES_H 1
| #define HAVE_SYS_UNISTD_H 1
| #define HAVE_SYSLOG_H 1
| #define HAVE_CTYPE_H 1
| #define HAVE_STDIO_H 1
| #define HAVE_STDARG_H 1
| /* end confdefs.h.  */
| #include <varargs.h>
configure:22696: result: no
configure:22731: checking for varargs.h
configure:22738: result: no
configure:22765: checking fcntl.h usability
configure:22777: /home/zengyao/DT_Hybrid_GPL_1.00.052/DT-W724V-20140311/output/host/usr/bin/mips-unknown-linux-uclibc-gcc -c -g   -Wall -Wcast-align -Wchar-subscripts -Wformat -Winline -Wmissing-declarations -Wmissing-prototypes -Wnested-externs -Wpointer-arith conftest.c >&5
configure:22783: $? = 0
configure:22786: test -z 			 || test ! -s conftest.err
configure:22789: $? = 0
configure:22792: test -s conftest.o
configure:22795: $? = 0
configure:22805: result: yes
configure:22809: checking fcntl.h presence
configure:22819: /home/zengyao/DT_Hybrid_GPL_1.00.052/DT-W724V-20140311/output/host/usr/bin/mips-unknown-linux-uclibc-cpp  -Wall -Wcast-align -Wchar-subscripts -Wformat -Winline -Wmissing-declarations -Wmissing-prototypes -Wnested-externs -Wpointer-arith conftest.c
configure:22825: $? = 0
configure:22845: result: yes
configure:22880: checking for fcntl.h
configure:22887: result: yes
configure:22914: checking time.h usability
configure:22926: /home/zengyao/DT_Hybrid_GPL_1.00.052/DT-W724V-20140311/output/host/usr/bin/mips-unknown-linux-uclibc-gcc -c -g   -Wall -Wcast-align -Wchar-subscripts -Wformat -Winline -Wmissing-declarations -Wmissing-prototypes -Wnested-externs -Wpointer-arith conftest.c >&5
configure:22932: $? = 0
configure:22935: test -z 			 || test ! -s conftest.err
configure:22938: $? = 0
configure:22941: test -s conftest.o
configure:22944: $? = 0
configure:22954: result: yes
configure:22958: checking time.h presence
configure:22968: /home/zengyao/DT_Hybrid_GPL_1.00.052/DT-W724V-20140311/output/host/usr/bin/mips-unknown-linux-uclibc-cpp  -Wall -Wcast-align -Wchar-subscripts -Wformat -Winline -Wmissing-declarations -Wmissing-prototypes -Wnested-externs -Wpointer-arith conftest.c
configure:22974: $? = 0
configure:22994: result: yes
configure:23029: checking for time.h
configure:23036: result: yes
configure:23063: checking sys/time.h usability
configure:23075: /home/zengyao/DT_Hybrid_GPL_1.00.052/DT-W724V-20140311/output/host/usr/bin/mips-unknown-linux-uclibc-gcc -c -g   -Wall -Wcast-align -Wchar-subscripts -Wformat -Winline -Wmissing-declarations -Wmissing-prototypes -Wnested-externs -Wpointer-arith conftest.c >&5
configure:23081: $? = 0
configure:23084: test -z 			 || test ! -s conftest.err
configure:23087: $? = 0
configure:23090: test -s conftest.o
configure:23093: $? = 0
configure:23103: result: yes
configure:23107: checking sys/time.h presence
configure:23117: /home/zengyao/DT_Hybrid_GPL_1.00.052/DT-W724V-20140311/output/host/usr/bin/mips-unknown-linux-uclibc-cpp  -Wall -Wcast-align -Wchar-subscripts -Wformat -Winline -Wmissing-declarations -Wmissing-prototypes -Wnested-externs -Wpointer-arith conftest.c
configure:23123: $? = 0
configure:23143: result: yes
configure:23178: checking for sys/time.h
configure:23185: result: yes
configure:23212: checking sys/select.h usability
configure:23224: /home/zengyao/DT_Hybrid_GPL_1.00.052/DT-W724V-20140311/output/host/usr/bin/mips-unknown-linux-uclibc-gcc -c -g   -Wall -Wcast-align -Wchar-subscripts -Wformat -Winline -Wmissing-declarations -Wmissing-prototypes -Wnested-externs -Wpointer-arith conftest.c >&5
configure:23230: $? = 0
configure:23233: test -z 			 || test ! -s conftest.err
configure:23236: $? = 0
configure:23239: test -s conftest.o
configure:23242: $? = 0
configure:23252: result: yes
configure:23256: checking sys/select.h presence
configure:23266: /home/zengyao/DT_Hybrid_GPL_1.00.052/DT-W724V-20140311/output/host/usr/bin/mips-unknown-linux-uclibc-cpp  -Wall -Wcast-align -Wchar-subscripts -Wformat -Winline -Wmissing-declarations -Wmissing-prototypes -Wnested-externs -Wpointer-arith conftest.c
configure:23272: $? = 0
configure:23292: result: yes
configure:23327: checking for sys/select.h
configure:23334: result: yes
configure:23361: checking assert.h usability
configure:23373: /home/zengyao/DT_Hybrid_GPL_1.00.052/DT-W724V-20140311/output/host/usr/bin/mips-unknown-linux-uclibc-gcc -c -g   -Wall -Wcast-align -Wchar-subscripts -Wformat -Winline -Wmissing-declarations -Wmissing-prototypes -Wnested-externs -Wpointer-arith conftest.c >&5
configure:23379: $? = 0
configure:23382: test -z 			 || test ! -s conftest.err
configure:23385: $? = 0
configure:23388: test -s conftest.o
configure:23391: $? = 0
configure:23401: result: yes
configure:23405: checking assert.h presence
configure:23415: /home/zengyao/DT_Hybrid_GPL_1.00.052/DT-W724V-20140311/output/host/usr/bin/mips-unknown-linux-uclibc-cpp  -Wall -Wcast-align -Wchar-subscripts -Wformat -Winline -Wmissing-declarations -Wmissing-prototypes -Wnested-externs -Wpointer-arith conftest.c
configure:23421: $? = 0
configure:23441: result: yes
configure:23476: checking for assert.h
configure:23483: result: yes
configure:23510: checking signal.h usability
configure:23522: /home/zengyao/DT_Hybrid_GPL_1.00.052/DT-W724V-20140311/output/host/usr/bin/mips-unknown-linux-uclibc-gcc -c -g   -Wall -Wcast-align -Wchar-subscripts -Wformat -Winline -Wmissing-declarations -Wmissing-prototypes -Wnested-externs -Wpointer-arith conftest.c >&5
configure:23528: $? = 0
configure:23531: test -z 			 || test ! -s conftest.err
configure:23534: $? = 0
configure:23537: test -s conftest.o
configure:23540: $? = 0
configure:23550: result: yes
configure:23554: checking signal.h presence
configure:23564: /home/zengyao/DT_Hybrid_GPL_1.00.052/DT-W724V-20140311/output/host/usr/bin/mips-unknown-linux-uclibc-cpp  -Wall -Wcast-align -Wchar-subscripts -Wformat -Winline -Wmissing-declarations -Wmissing-prototypes -Wnested-externs -Wpointer-arith conftest.c
configure:23570: $? = 0
configure:23590: result: yes
configure:23625: checking for signal.h
configure:23632: result: yes
configure:23659: checking sys/signal.h usability
configure:23671: /home/zengyao/DT_Hybrid_GPL_1.00.052/DT-W724V-20140311/output/host/usr/bin/mips-unknown-linux-uclibc-gcc -c -g   -Wall -Wcast-align -Wchar-subscripts -Wformat -Winline -Wmissing-declarations -Wmissing-prototypes -Wnested-externs -Wpointer-arith conftest.c >&5
configure:23677: $? = 0
configure:23680: test -z 			 || test ! -s conftest.err
configure:23683: $? = 0
configure:23686: test -s conftest.o
configure:23689: $? = 0
configure:23699: result: yes
configure:23703: checking sys/signal.h presence
configure:23713: /home/zengyao/DT_Hybrid_GPL_1.00.052/DT-W724V-20140311/output/host/usr/bin/mips-unknown-linux-uclibc-cpp  -Wall -Wcast-align -Wchar-subscripts -Wformat -Winline -Wmissing-declarations -Wmissing-prototypes -Wnested-externs -Wpointer-arith conftest.c
configure:23719: $? = 0
configure:23739: result: yes
configure:23774: checking for sys/signal.h
configure:23781: result: yes
configure:23808: checking malloc.h usability
configure:23820: /home/zengyao/DT_Hybrid_GPL_1.00.052/DT-W724V-20140311/output/host/usr/bin/mips-unknown-linux-uclibc-gcc -c -g   -Wall -Wcast-align -Wchar-subscripts -Wformat -Winline -Wmissing-declarations -Wmissing-prototypes -Wnested-externs -Wpointer-arith conftest.c >&5
configure:23826: $? = 0
configure:23829: test -z 			 || test ! -s conftest.err
configure:23832: $? = 0
configure:23835: test -s conftest.o
configure:23838: $? = 0
configure:23848: result: yes
configure:23852: checking malloc.h presence
configure:23862: /home/zengyao/DT_Hybrid_GPL_1.00.052/DT-W724V-20140311/output/host/usr/bin/mips-unknown-linux-uclibc-cpp  -Wall -Wcast-align -Wchar-subscripts -Wformat -Winline -Wmissing-declarations -Wmissing-prototypes -Wnested-externs -Wpointer-arith conftest.c
configure:23868: $? = 0
configure:23888: result: yes
configure:23923: checking for malloc.h
configure:23930: result: yes
configure:24054: creating ./config.status

## ---------------------- ##
## Running config.status. ##
## ---------------------- ##

This file was extended by config.status, which was
generated by GNU Autoconf 2.59.  Invocation command line was

  CONFIG_FILES    = 
  CONFIG_HEADERS  = 
  CONFIG_LINKS    = 
  CONFIG_COMMANDS = 
  $ ./config.status 

on linux-6g7k

config.status:776: creating Makefile
config.status:776: creating scripts/Makefile
config.status:776: creating src/Makefile
config.status:776: creating src/osipparser2/Makefile
config.status:776: creating src/osip2/Makefile
config.status:776: creating src/test/Makefile
config.status:776: creating src/test/res/Makefile
config.status:776: creating include/Makefile
config.status:776: creating include/osip2/Makefile
config.status:776: creating include/osipparser2/Makefile
config.status:776: creating include/osipparser2/headers/Makefile
config.status:776: creating help/Makefile
config.status:776: creating help/man/Makefile
config.status:776: creating help/doxygen/Makefile
config.status:776: creating debian/Makefile
config.status:776: creating platform/Makefile
config.status:776: creating platform/rpm/Makefile
config.status:776: creating platform/windows/Makefile
config.status:776: creating platform/vsnet/Makefile
config.status:842: creating config.h
config.status:1176: executing depfiles commands

## ---------------- ##
## Cache variables. ##
## ---------------- ##

ac_cv_build=i686-pc-linux-gnu
ac_cv_build_alias=i686-pc-linux-gnu
ac_cv_c_compiler_gnu=yes
ac_cv_cxx_compiler_gnu=yes
ac_cv_env_CC_set=set
ac_cv_env_CC_value=/home/zengyao/DT_Hybrid_GPL_1.00.052/DT-W724V-20140311/output/host/usr/bin/mips-unknown-linux-uclibc-gcc
ac_cv_env_CFLAGS_set=
ac_cv_env_CFLAGS_value=
ac_cv_env_CPPFLAGS_set=
ac_cv_env_CPPFLAGS_value=
ac_cv_env_CPP_set=set
ac_cv_env_CPP_value=/home/zengyao/DT_Hybrid_GPL_1.00.052/DT-W724V-20140311/output/host/usr/bin/mips-unknown-linux-uclibc-cpp
ac_cv_env_CXXCPP_set=
ac_cv_env_CXXCPP_value=
ac_cv_env_CXXFLAGS_set=
ac_cv_env_CXXFLAGS_value=
ac_cv_env_CXX_set=set
ac_cv_env_CXX_value=/home/zengyao/DT_Hybrid_GPL_1.00.052/DT-W724V-20140311/output/host/usr/bin/mips-unknown-linux-uclibc-g++
ac_cv_env_F77_set=
ac_cv_env_F77_value=
ac_cv_env_FFLAGS_set=
ac_cv_env_FFLAGS_value=
ac_cv_env_LDFLAGS_set=
ac_cv_env_LDFLAGS_value=
ac_cv_env_build_alias_set=
ac_cv_env_build_alias_value=
ac_cv_env_host_alias_set=set
ac_cv_env_host_alias_value=mips-linux
ac_cv_env_target_alias_set=
ac_cv_env_target_alias_value=
ac_cv_exeext=
ac_cv_f77_compiler_gnu=no
ac_cv_header_assert_h=yes
ac_cv_header_ctype_h=yes
ac_cv_header_dlfcn_h=yes
ac_cv_header_fcntl_h=yes
ac_cv_header_inttypes_h=yes
ac_cv_header_malloc_h=yes
ac_cv_header_memory_h=yes
ac_cv_header_semaphore_h=yes
ac_cv_header_signal_h=yes
ac_cv_header_stdarg_h=yes
ac_cv_header_stdc=yes
ac_cv_header_stdint_h=yes
ac_cv_header_stdio_h=yes
ac_cv_header_stdlib_h=yes
ac_cv_header_string_h=yes
ac_cv_header_strings_h=yes
ac_cv_header_sys_select_h=yes
ac_cv_header_sys_sem_h=yes
ac_cv_header_sys_signal_h=yes
ac_cv_header_sys_stat_h=yes
ac_cv_header_sys_time_h=yes
ac_cv_header_sys_types_h=yes
ac_cv_header_sys_unistd_h=yes
ac_cv_header_syslog_h=yes
ac_cv_header_time_h=yes
ac_cv_header_unistd_h=yes
ac_cv_header_varargs_h=no
ac_cv_host=mips-unknown-linux-gnu
ac_cv_host_alias=mips-linux
ac_cv_lib_nsl_nis_add=no
ac_cv_lib_posix4_sem_open=no
ac_cv_lib_socket_sendto=no
ac_cv_objext=o
ac_cv_path_install='/usr/bin/install -c'
ac_cv_prog_AR=/home/zengyao/DT_Hybrid_GPL_1.00.052/DT-W724V-20140311/output/host/usr/bin/mips-unknown-linux-uclibc-ar
ac_cv_prog_AWK=gawk
ac_cv_prog_CC=/home/zengyao/DT_Hybrid_GPL_1.00.052/DT-W724V-20140311/output/host/usr/bin/mips-unknown-linux-uclibc-gcc
ac_cv_prog_CPP=/home/zengyao/DT_Hybrid_GPL_1.00.052/DT-W724V-20140311/output/host/usr/bin/mips-unknown-linux-uclibc-cpp
ac_cv_prog_CXX=/home/zengyao/DT_Hybrid_GPL_1.00.052/DT-W724V-20140311/output/host/usr/bin/mips-unknown-linux-uclibc-g++
ac_cv_prog_CXXCPP='/home/zengyao/DT_Hybrid_GPL_1.00.052/DT-W724V-20140311/output/host/usr/bin/mips-unknown-linux-uclibc-g++ -E'
ac_cv_prog_PTHREAD_CC=/home/zengyao/DT_Hybrid_GPL_1.00.052/DT-W724V-20140311/output/host/usr/bin/mips-unknown-linux-uclibc-gcc
ac_cv_prog_RANLIB=/home/zengyao/DT_Hybrid_GPL_1.00.052/DT-W724V-20140311/output/host/usr/bin/mips-unknown-linux-uclibc-ranlib
ac_cv_prog_STRIP=/home/zengyao/DT_Hybrid_GPL_1.00.052/DT-W724V-20140311/output/host/usr/bin/mips-unknown-linux-uclibc-strip
ac_cv_prog_cc_g=yes
ac_cv_prog_cc_stdc=
ac_cv_prog_cxx_g=yes
ac_cv_prog_egrep='grep -E'
ac_cv_prog_f77_g=no
ac_cv_prog_make_make_set=yes
am_cv_CC_dependencies_compiler_type=gcc3
am_cv_CXX_dependencies_compiler_type=gcc3
lt_cv_deplibs_check_method=pass_all
lt_cv_file_magic_cmd='$MAGIC_CMD'
lt_cv_file_magic_test_file=
lt_cv_ld_reload_flag=-r
lt_cv_objdir=.libs
lt_cv_path_LD=/home/zengyao/DT_Hybrid_GPL_1.00.052/DT-W724V-20140311/output/host/usr/bin/mips-unknown-linux-uclibc-ld
lt_cv_path_LDCXX=/home/zengyao/DT_Hybrid_GPL_1.00.052/DT-W724V-20140311/output/host/usr/bin/mips-unknown-linux-uclibc-ld
lt_cv_path_NM=/home/zengyao/DT_Hybrid_GPL_1.00.052/DT-W724V-20140311/output/host/usr/bin/mips-unknown-linux-uclibc-nm
lt_cv_path_SED=/usr/bin/sed
lt_cv_prog_compiler_c_o=yes
lt_cv_prog_compiler_c_o_CXX=yes
lt_cv_prog_compiler_rtti_exceptions=no
lt_cv_prog_gnu_ld=yes
lt_cv_prog_gnu_ldcxx=yes
lt_cv_sys_global_symbol_pipe='sed -n -e '\''s/^.*[ 	]\([ABCDGIRSTW][ABCDGIRSTW]*\)[ 	][ 	]*\(\)\([_A-Za-z][_A-Za-z0-9]*\)$/\1 \2\3 \3/p'\'''
lt_cv_sys_global_symbol_to_c_name_address='sed -n -e '\''s/^: \([^ ]*\) $/  {\"\1\", (lt_ptr) 0},/p'\'' -e '\''s/^[BCDEGRST] \([^ ]*\) \([^ ]*\)$/  {"\2", (lt_ptr) \&\2},/p'\'''
lt_cv_sys_global_symbol_to_cdecl='sed -n -e '\''s/^. .* \(.*\)$/extern int \1;/p'\'''
lt_cv_sys_max_cmd_len=32768
lt_lt_cv_prog_compiler_c_o='"yes"'
lt_lt_cv_prog_compiler_c_o_CXX='"yes"'
lt_lt_cv_sys_global_symbol_pipe='"sed -n -e '\''s/^.*[ 	]\\([ABCDGIRSTW][ABCDGIRSTW]*\\)[ 	][ 	]*\\(\\)\\([_A-Za-z][_A-Za-z0-9]*\\)\$/\\1 \\2\\3 \\3/p'\''"'
lt_lt_cv_sys_global_symbol_to_c_name_address='"sed -n -e '\''s/^: \\([^ ]*\\) \$/  {\\\"\\1\\\", (lt_ptr) 0},/p'\'' -e '\''s/^[BCDEGRST] \\([^ ]*\\) \\([^ ]*\\)\$/  {\"\\2\", (lt_ptr) \\&\\2},/p'\''"'
lt_lt_cv_sys_global_symbol_to_cdecl='"sed -n -e '\''s/^. .* \\(.*\\)\$/extern int \\1;/p'\''"'

## ----------------- ##
## Output variables. ##
## ----------------- ##

ACLOCAL='${SHELL} /home/zengyao/DT_Hybrid_GPL_1.00.052/DT-W724V-20140311/output/build/libosip2/libosip2/scripts/missing --run aclocal-1.6 -I scripts'
AMDEPBACKSLASH='\'
AMDEP_FALSE='#'
AMDEP_TRUE=''
AMTAR='${SHELL} /home/zengyao/DT_Hybrid_GPL_1.00.052/DT-W724V-20140311/output/build/libosip2/libosip2/scripts/missing --run tar'
AR='/home/zengyao/DT_Hybrid_GPL_1.00.052/DT-W724V-20140311/output/host/usr/bin/mips-unknown-linux-uclibc-ar'
AUTOCONF='${SHELL} /home/zengyao/DT_Hybrid_GPL_1.00.052/DT-W724V-20140311/output/build/libosip2/libosip2/scripts/missing --run autoconf'
AUTOHEADER='${SHELL} /home/zengyao/DT_Hybrid_GPL_1.00.052/DT-W724V-20140311/output/build/libosip2/libosip2/scripts/missing --run autoheader'
AUTOMAKE='${SHELL} /home/zengyao/DT_Hybrid_GPL_1.00.052/DT-W724V-20140311/output/build/libosip2/libosip2/scripts/missing --run automake-1.6'
AWK='gawk'
CC='/home/zengyao/DT_Hybrid_GPL_1.00.052/DT-W724V-20140311/output/host/usr/bin/mips-unknown-linux-uclibc-gcc'
CCDEPMODE='depmode=gcc3'
CFLAGS='-g '
CPP='/home/zengyao/DT_Hybrid_GPL_1.00.052/DT-W724V-20140311/output/host/usr/bin/mips-unknown-linux-uclibc-cpp'
CPPFLAGS=' -Wall -Wcast-align -Wchar-subscripts -Wformat -Winline -Wmissing-declarations -Wmissing-prototypes -Wnested-externs -Wpointer-arith'
CXX='/home/zengyao/DT_Hybrid_GPL_1.00.052/DT-W724V-20140311/output/host/usr/bin/mips-unknown-linux-uclibc-g++'
CXXCPP='/home/zengyao/DT_Hybrid_GPL_1.00.052/DT-W724V-20140311/output/host/usr/bin/mips-unknown-linux-uclibc-g++ -E'
CXXDEPMODE='depmode=gcc3'
CXXFLAGS='-g -O2'
DEFS='-DHAVE_CONFIG_H'
DEPDIR='.deps'
ECHO='echo'
ECHO_C=''
ECHO_N='-n'
ECHO_T=''
EGREP='grep -E'
EXEEXT=''
EXTRA_LIB=''
F77=''
FFLAGS=''
FSM_LIB=''
INSIDE_GNOME_COMMON_FALSE=''
INSIDE_GNOME_COMMON_TRUE='#'
INSTALL_DATA='${INSTALL} -m 644'
INSTALL_PROGRAM='${INSTALL}'
INSTALL_SCRIPT='${INSTALL}'
INSTALL_STRIP_PROGRAM='${SHELL} $(install_sh) -c -s'
LDFLAGS=''
LIBOBJS=''
LIBOSIP_SO_VERSION='2:9:0'
LIBS=''
LIBTOOL='$(SHELL) $(top_builddir)/libtool'
LN_S='ln -s'
LTLIBOBJS=''
MAKEINFO='${SHELL} /home/zengyao/DT_Hybrid_GPL_1.00.052/DT-W724V-20140311/output/build/libosip2/libosip2/scripts/missing --run makeinfo'
OBJEXT='o'
OSIP_VERSION='2.0.9'
PACKAGE='libosip2'
PACKAGE_BUGREPORT=''
PACKAGE_NAME=''
PACKAGE_STRING=''
PACKAGE_TARNAME=''
PACKAGE_VERSION=''
PARSER_LIB=''
PATH_SEPARATOR=':'
PTHREAD_CC='/home/zengyao/DT_Hybrid_GPL_1.00.052/DT-W724V-20140311/output/host/usr/bin/mips-unknown-linux-uclibc-gcc'
PTHREAD_CFLAGS='-pthread'
PTHREAD_LIBS=''
RANLIB='/home/zengyao/DT_Hybrid_GPL_1.00.052/DT-W724V-20140311/output/host/usr/bin/mips-unknown-linux-uclibc-ranlib'
SET_MAKE=''
SHELL='/bin/sh'
SIP_CFLAGS=' -g '
SIP_EXTRA_FLAGS=' -pedantic -DUSE_TMP_BUFFER -DENABLE_DEBUG -g -DENABLE_TRACE'
SIP_FSM_FLAGS='-DOSIP_MT -DNEW_TIMER'
SIP_PARSER_FLAGS=''
STRIP='/home/zengyao/DT_Hybrid_GPL_1.00.052/DT-W724V-20140311/output/host/usr/bin/mips-unknown-linux-uclibc-strip'
VERSION='2.0.9'
ac_ct_AR=''
ac_ct_CC=''
ac_ct_CXX=''
ac_ct_F77=''
ac_ct_RANLIB=''
ac_ct_STRIP=''
am__include='include'
am__quote=''
bindir='${exec_prefix}/bin'
build='i686-pc-linux-gnu'
build_alias=''
build_cpu='i686'
build_os='linux-gnu'
build_vendor='pc'
datadir='${prefix}/share'
exec_prefix='${prefix}'
host='mips-unknown-linux-gnu'
host_alias='mips-linux'
host_cpu='mips'
host_os='linux-gnu'
host_vendor='unknown'
includedir='${prefix}/include'
infodir='${prefix}/info'
install_sh='/home/zengyao/DT_Hybrid_GPL_1.00.052/DT-W724V-20140311/output/build/libosip2/libosip2/scripts/install-sh'
libdir='${exec_prefix}/lib'
libexecdir='${exec_prefix}/libexec'
localstatedir='${prefix}/var'
mandir='${prefix}/man'
oldincludedir='/usr/include'
prefix='/usr/local'
program_transform_name='s,x,x,'
sbindir='${exec_prefix}/sbin'
sharedstatedir='${prefix}/com'
sysconfdir='${prefix}/etc'
target_alias=''

## ----------- ##
## confdefs.h. ##
## ----------- ##

#define HAVE_ASSERT_H 1
#define HAVE_CTYPE_H 1
#define HAVE_DLFCN_H 1
#define HAVE_FCNTL_H 1
#define HAVE_INTTYPES_H 1
#define HAVE_MALLOC_H 1
#define HAVE_MEMORY_H 1
#define HAVE_PTHREAD 1
#define HAVE_SEMAPHORE_H 1
#define HAVE_SIGNAL_H 1
#define HAVE_STDARG_H 1
#define HAVE_STDINT_H 1
#define HAVE_STDIO_H 1
#define HAVE_STDLIB_H 1
#define HAVE_STDLIB_H 1
#define HAVE_STRINGS_H 1
#define HAVE_STRINGS_H 1
#define HAVE_STRING_H 1
#define HAVE_STRING_H 1
#define HAVE_SYSLOG_H 1
#define HAVE_SYS_SELECT_H 1
#define HAVE_SYS_SEM_H 1
#define HAVE_SYS_SIGNAL_H 1
#define HAVE_SYS_STAT_H 1
#define HAVE_SYS_TIME_H 1
#define HAVE_SYS_TYPES_H 1
#define HAVE_SYS_TYPES_H 1
#define HAVE_SYS_UNISTD_H 1
#define HAVE_TIME_H 1
#define HAVE_UNISTD_H 1
#define HAVE_UNISTD_H 1
#define PACKAGE "libosip2"
#define PACKAGE_BUGREPORT ""
#define PACKAGE_NAME ""
#define PACKAGE_STRING ""
#define PACKAGE_TARNAME ""
#define PACKAGE_VERSION ""
#define STDC_HEADERS 1
#define STDC_HEADERS 1
#define VERSION "2.0.9"
#endif
#ifdef __cplusplus
extern "C" void exit (int) throw ();

configure: exit 0
