This file contains any messages produced by compilers while
running configure, to aid debugging if configure makes a mistake.

It was created by configure, which was
generated by GNU Autoconf 2.57.  Invocation command line was

  $ ./configure --host=mips-linux --with-libosip-prefix=/home/zengyao/DT_Hybrid_GPL_1.00.052/DT-W724V-20140311/output/host/usr/mips-unknown-linux-uclibc/sysroot/usr LDFLAGS=-lgplutil CFLAGS=-fno-strict-aliasing --includedir=/home/zengyao/DT_Hybrid_GPL_1.00.052/DT-W724V-20140311/output/host/usr/mips-unknown-linux-uclibc/sysroot/usr/include

## --------- ##
## Platform. ##
## --------- ##

hostname = linux-6g7k
uname -m = i686
uname -r = 2.6.32.12-0.7-pae
uname -s = Linux
uname -v = #1 SMP 2010-05-20 11:14:20 +0200

/usr/bin/uname -p = unknown
/bin/uname -X     = unknown

/bin/arch              = i686
/usr/bin/arch -k       = unknown
/usr/convex/getsysinfo = unknown
hostinfo               = unknown
/bin/machine           = unknown
/usr/bin/oslevel       = unknown
/bin/universe          = unknown

PATH: /home/shenqingzi/bin
PATH: /home/zengyao/bin
PATH: /usr/local/bin
PATH: /usr/bin
PATH: /bin
PATH: /usr/bin/X11
PATH: /usr/X11R6/bin
PATH: /usr/games
PATH: /opt/kde3/bin
PATH: /usr/lib/jvm/jre/bin
PATH: /usr/lib/mit/bin
PATH: /usr/lib/mit/sbin
PATH: /home/zengyao/DT_Hybrid_GPL_1.00.052/DT-W724V-20140311/output/host/usr/bin


## ----------- ##
## Core tests. ##
## ----------- ##

configure:1323: checking build system type
configure:1341: result: i686-pc-linux-gnu
configure:1349: checking host system type
configure:1363: result: mips-unknown-linux-gnu
configure:1371: checking target system type
configure:1385: result: mips-unknown-linux-gnu
configure:1414: checking for a BSD-compatible install
configure:1468: result: /usr/bin/install -c
configure:1479: checking whether build environment is sane
configure:1522: result: yes
configure:1555: checking for gawk
configure:1571: found /usr/bin/gawk
configure:1581: result: gawk
configure:1591: checking whether make sets $(MAKE)
configure:1611: result: yes
configure:1690: checking for mips-linux-strip
configure:1716: result: /home/zengyao/DT_Hybrid_GPL_1.00.052/DT-W724V-20140311/output/host/usr/bin/mips-unknown-linux-uclibc-strip
configure:1780: checking for gawk
configure:1806: result: gawk
configure:1824: checking for mips-linux-gcc
configure:1850: result: /home/zengyao/DT_Hybrid_GPL_1.00.052/DT-W724V-20140311/output/host/usr/bin/mips-unknown-linux-uclibc-gcc
configure:2132: checking for C compiler version
configure:2135: /home/zengyao/DT_Hybrid_GPL_1.00.052/DT-W724V-20140311/output/host/usr/bin/mips-unknown-linux-uclibc-gcc --version </dev/null >&5
mips-unknown-linux-uclibc-gcc (Buildroot 2011.11) 4.6.2
Copyright (C) 2011 Free Software Foundation, Inc.
This is free software; see the source for copying conditions.  There is NO
warranty; not even for MERCHANTABILITY or FITNESS FOR A PARTICULAR PURPOSE.

configure:2138: $? = 0
configure:2140: /home/zengyao/DT_Hybrid_GPL_1.00.052/DT-W724V-20140311/output/host/usr/bin/mips-unknown-linux-uclibc-gcc -v </dev/null >&5
Using built-in specs.
COLLECT_GCC=/opt/toolchains/crosstools-mips-gcc-4.6-linux-3.4-uclibc-0.9.32-binutils-2.21/usr/bin/mips-unknown-linux-uclibc-gcc
COLLECT_LTO_WRAPPER=/opt/toolchains/crosstools-mips-gcc-4.6-linux-3.4-uclibc-0.9.32-binutils-2.21/usr/libexec/gcc/mips-unknown-linux-uclibc/4.6.2/lto-wrapper
Target: mips-unknown-linux-uclibc
Configured with: /home/dslsqa/rel1.0/src/buildroot-2011.11/output/toolchain/gcc-4.6.2/configure --prefix=/opt/toolchains/crosstools-mips-gcc-4.6-linux-3.4-uclibc-0.9.32-binutils-2.21/usr --build=i686-pc-linux-gnu --host=i686-pc-linux-gnu --target=mips-unknown-linux-uclibc --enable-languages=c,c++ --with-sysroot=/opt/toolchains/crosstools-mips-gcc-4.6-linux-3.4-uclibc-0.9.32-binutils-2.21/usr/mips-unknown-linux-uclibc/sysroot --with-build-time-tools=/opt/toolchains/crosstools-mips-gcc-4.6-linux-3.4-uclibc-0.9.32-binutils-2.21/usr/mips-unknown-linux-uclibc/bin --disable-__cxa_atexit --enable-target-optspace --disable-libgomp --with-gnu-ld --disable-libssp --disable-multilib --disable-tls --enable-shared --with-gmp=/opt/toolchains/crosstools-mips-gcc-4.6-linux-3.4-uclibc-0.9.32-binutils-2.21/usr --with-mpfr=/opt/toolchains/crosstools-mips-gcc-4.6-linux-3.4-uclibc-0.9.32-binutils-2.21/usr --with-mpc=/opt/toolchains/crosstools-mips-gcc-4.6-linux-3.4-uclibc-0.9.32-binutils-2.21/usr --enable-threads --disable-decimal-float --with-float=soft --with-abi=32 --with-tune=mips32 --with-arch=mips32 --with-pkgversion='Buildroot 2011.11' --with-bugurl=http://bugs.buildroot.net/
Thread model: posix
gcc version 4.6.2 (Buildroot 2011.11) 
configure:2143: $? = 0
configure:2145: /home/zengyao/DT_Hybrid_GPL_1.00.052/DT-W724V-20140311/output/host/usr/bin/mips-unknown-linux-uclibc-gcc -V </dev/null >&5
mips-unknown-linux-uclibc-gcc: error: unrecognized option '-V'
mips-unknown-linux-uclibc-gcc: fatal error: no input files
compilation terminated.
configure:2148: $? = 1
configure:2172: checking for C compiler default output
configure:2175: /home/zengyao/DT_Hybrid_GPL_1.00.052/DT-W724V-20140311/output/host/usr/bin/mips-unknown-linux-uclibc-gcc -fno-strict-aliasing  -lgplutil conftest.c  >&5
configure:2178: $? = 0
configure:2224: result: a.out
configure:2229: checking whether the C compiler works
configure:2235: ./a.out
./configure: line 2236: ./a.out: cannot execute binary file
configure:2238: $? = 126
configure:2255: result: yes
configure:2262: checking whether we are cross compiling
configure:2264: result: yes
configure:2267: checking for suffix of executables
configure:2269: /home/zengyao/DT_Hybrid_GPL_1.00.052/DT-W724V-20140311/output/host/usr/bin/mips-unknown-linux-uclibc-gcc -o conftest -fno-strict-aliasing  -lgplutil conftest.c  >&5
configure:2272: $? = 0
configure:2297: result: 
configure:2303: checking for suffix of object files
configure:2325: /home/zengyao/DT_Hybrid_GPL_1.00.052/DT-W724V-20140311/output/host/usr/bin/mips-unknown-linux-uclibc-gcc -c -fno-strict-aliasing  conftest.c >&5
configure:2328: $? = 0
configure:2350: result: o
configure:2354: checking whether we are using the GNU C compiler
configure:2379: /home/zengyao/DT_Hybrid_GPL_1.00.052/DT-W724V-20140311/output/host/usr/bin/mips-unknown-linux-uclibc-gcc -c -fno-strict-aliasing  conftest.c >&5
configure:2382: $? = 0
configure:2385: test -s conftest.o
configure:2388: $? = 0
configure:2401: result: yes
configure:2407: checking whether /home/zengyao/DT_Hybrid_GPL_1.00.052/DT-W724V-20140311/output/host/usr/bin/mips-unknown-linux-uclibc-gcc accepts -g
configure:2429: /home/zengyao/DT_Hybrid_GPL_1.00.052/DT-W724V-20140311/output/host/usr/bin/mips-unknown-linux-uclibc-gcc -c -g  conftest.c >&5
configure:2432: $? = 0
configure:2435: test -s conftest.o
configure:2438: $? = 0
configure:2449: result: yes
configure:2466: checking for /home/zengyao/DT_Hybrid_GPL_1.00.052/DT-W724V-20140311/output/host/usr/bin/mips-unknown-linux-uclibc-gcc option to accept ANSI C
configure:2527: /home/zengyao/DT_Hybrid_GPL_1.00.052/DT-W724V-20140311/output/host/usr/bin/mips-unknown-linux-uclibc-gcc  -c -fno-strict-aliasing  conftest.c >&5
configure:2530: $? = 0
configure:2533: test -s conftest.o
configure:2536: $? = 0
configure:2554: result: none needed
configure:2572: /home/zengyao/DT_Hybrid_GPL_1.00.052/DT-W724V-20140311/output/host/usr/bin/mips-unknown-linux-uclibc-gcc -c -fno-strict-aliasing  conftest.c >&5
conftest.c:2:3: error: unknown type name 'choke'
conftest.c:2:3: error: expected '=', ',', ';', 'asm' or '__attribute__' at end of input
configure:2575: $? = 1
configure: failed program was:
| #ifndef __cplusplus
|   choke me
| #endif
configure:2695: checking for style of include used by make
configure:2723: result: GNU
configure:2751: checking dependency style of /home/zengyao/DT_Hybrid_GPL_1.00.052/DT-W724V-20140311/output/host/usr/bin/mips-unknown-linux-uclibc-gcc
configure:2834: result: gcc3
configure:2856: checking how to run the C preprocessor
configure:2974: result: /home/zengyao/DT_Hybrid_GPL_1.00.052/DT-W724V-20140311/output/host/usr/bin/mips-unknown-linux-uclibc-cpp
configure:2999: /home/zengyao/DT_Hybrid_GPL_1.00.052/DT-W724V-20140311/output/host/usr/bin/mips-unknown-linux-uclibc-cpp  conftest.c
configure:3005: $? = 0
configure:3037: /home/zengyao/DT_Hybrid_GPL_1.00.052/DT-W724V-20140311/output/host/usr/bin/mips-unknown-linux-uclibc-cpp  conftest.c
configure:3038:28: fatal error: ac_nonexistent.h: No such file or directory
compilation terminated.
configure:3043: $? = 1
configure: failed program was:
| #line 3028 "configure"
| /* confdefs.h.  */
| 
| #define PACKAGE_NAME ""
| #define PACKAGE_TARNAME ""
| #define PACKAGE_VERSION ""
| #define PACKAGE_STRING ""
| #define PACKAGE_BUGREPORT ""
| #define PACKAGE "siproxd"
| #define VERSION "0.5.10"
| /* end confdefs.h.  */
| #include <ac_nonexistent.h>
configure:3088: checking for mips-linux-ranlib
configure:3114: result: /home/zengyao/DT_Hybrid_GPL_1.00.052/DT-W724V-20140311/output/host/usr/bin/mips-unknown-linux-uclibc-ranlib
configure:3177: checking for a BSD-compatible install
configure:3231: result: /usr/bin/install -c
configure:3242: checking whether ln -s works
configure:3246: result: yes
configure:3261: checking "extra includes"
configure:3263: result: 
configure:3273: checking "extra libs"
configure:3275: result: 
configure:3286: checking build statically linked  executable
configure:3295: result: no
configure:3299: checking building with DMALLOC support
configure:3308: result: no
configure:3318: checking target platform
configure:3322: result: Linux
configure:3498: checking whether build for FLI4L 2.0.x libc5 
configure:3505: result: no
configure:3508: checking whether build for FLI4L 2.1.x uClibc
configure:3515: result: no
configure:3518: checking whether build for FLI4L 2.2.x uClibc
configure:3525: result: no
configure:3677: checking for the pthreads library -lpthreads
configure:3716: /home/zengyao/DT_Hybrid_GPL_1.00.052/DT-W724V-20140311/output/host/usr/bin/mips-unknown-linux-uclibc-gcc -o conftest -fno-strict-aliasing   -lgplutil conftest.c -lpthreads  >&5
/opt/toolchains/crosstools-mips-gcc-4.6-linux-3.4-uclibc-0.9.32-binutils-2.21/usr/lib/gcc/mips-unknown-linux-uclibc/4.6.2/../../../../mips-unknown-linux-uclibc/bin/ld: cannot find -lpthreads
collect2: ld returned 1 exit status
configure:3719: $? = 1
configure: failed program was:
| #line 3697 "configure"
| /* confdefs.h.  */
| 
| #define PACKAGE_NAME ""
| #define PACKAGE_TARNAME ""
| #define PACKAGE_VERSION ""
| #define PACKAGE_STRING ""
| #define PACKAGE_BUGREPORT ""
| #define PACKAGE "siproxd"
| #define VERSION "0.5.10"
| #define UNAME "mips-unknown-linux-gnu"
| #define _LINUX
| /* end confdefs.h.  */
| #include <pthread.h>
| int
| main ()
| {
| pthread_t th; pthread_join(th, 0);
|                      pthread_attr_init(0); pthread_cleanup_push(0, 0);
|                      pthread_create(0,0,0,0); pthread_cleanup_pop(0);
|   ;
|   return 0;
| }
configure:3738: result: no
configure:3666: checking whether pthreads work without any flags
configure:3716: /home/zengyao/DT_Hybrid_GPL_1.00.052/DT-W724V-20140311/output/host/usr/bin/mips-unknown-linux-uclibc-gcc -o conftest -fno-strict-aliasing   -lgplutil conftest.c   >&5
/tmp/ccMHTmAf.o: In function `main':
conftest.c:(.text+0x24): undefined reference to `pthread_join'
conftest.c:(.text+0x84): undefined reference to `pthread_create'
conftest.c:(.text+0x2c): undefined reference to `pthread_join'
conftest.c:(.text+0x8c): undefined reference to `pthread_create'
collect2: ld returned 1 exit status
configure:3719: $? = 1
configure: failed program was:
| #line 3697 "configure"
| /* confdefs.h.  */
| 
| #define PACKAGE_NAME ""
| #define PACKAGE_TARNAME ""
| #define PACKAGE_VERSION ""
| #define PACKAGE_STRING ""
| #define PACKAGE_BUGREPORT ""
| #define PACKAGE "siproxd"
| #define VERSION "0.5.10"
| #define UNAME "mips-unknown-linux-gnu"
| #define _LINUX
| /* end confdefs.h.  */
| #include <pthread.h>
| int
| main ()
| {
| pthread_t th; pthread_join(th, 0);
|                      pthread_attr_init(0); pthread_cleanup_push(0, 0);
|                      pthread_create(0,0,0,0); pthread_cleanup_pop(0);
|   ;
|   return 0;
| }
configure:3738: result: no
configure:3671: checking whether pthreads work with -Kthread
configure:3716: /home/zengyao/DT_Hybrid_GPL_1.00.052/DT-W724V-20140311/output/host/usr/bin/mips-unknown-linux-uclibc-gcc -o conftest -fno-strict-aliasing -Kthread  -lgplutil conftest.c   >&5
mips-unknown-linux-uclibc-gcc: error: unrecognized option '-Kthread'
configure:3719: $? = 1
configure: failed program was:
| #line 3697 "configure"
| /* confdefs.h.  */
| 
| #define PACKAGE_NAME ""
| #define PACKAGE_TARNAME ""
| #define PACKAGE_VERSION ""
| #define PACKAGE_STRING ""
| #define PACKAGE_BUGREPORT ""
| #define PACKAGE "siproxd"
| #define VERSION "0.5.10"
| #define UNAME "mips-unknown-linux-gnu"
| #define _LINUX
| /* end confdefs.h.  */
| #include <pthread.h>
| int
| main ()
| {
| pthread_t th; pthread_join(th, 0);
|                      pthread_attr_init(0); pthread_cleanup_push(0, 0);
|                      pthread_create(0,0,0,0); pthread_cleanup_pop(0);
|   ;
|   return 0;
| }
configure:3738: result: no
configure:3671: checking whether pthreads work with -kthread
configure:3716: /home/zengyao/DT_Hybrid_GPL_1.00.052/DT-W724V-20140311/output/host/usr/bin/mips-unknown-linux-uclibc-gcc -o conftest -fno-strict-aliasing -kthread  -lgplutil conftest.c   >&5
mips-unknown-linux-uclibc-gcc: error: unrecognized option '-kthread'
configure:3719: $? = 1
configure: failed program was:
| #line 3697 "configure"
| /* confdefs.h.  */
| 
| #define PACKAGE_NAME ""
| #define PACKAGE_TARNAME ""
| #define PACKAGE_VERSION ""
| #define PACKAGE_STRING ""
| #define PACKAGE_BUGREPORT ""
| #define PACKAGE "siproxd"
| #define VERSION "0.5.10"
| #define UNAME "mips-unknown-linux-gnu"
| #define _LINUX
| /* end confdefs.h.  */
| #include <pthread.h>
| int
| main ()
| {
| pthread_t th; pthread_join(th, 0);
|                      pthread_attr_init(0); pthread_cleanup_push(0, 0);
|                      pthread_create(0,0,0,0); pthread_cleanup_pop(0);
|   ;
|   return 0;
| }
configure:3738: result: no
configure:3677: checking for the pthreads library -llthread
configure:3716: /home/zengyao/DT_Hybrid_GPL_1.00.052/DT-W724V-20140311/output/host/usr/bin/mips-unknown-linux-uclibc-gcc -o conftest -fno-strict-aliasing   -lgplutil conftest.c -llthread  >&5
/opt/toolchains/crosstools-mips-gcc-4.6-linux-3.4-uclibc-0.9.32-binutils-2.21/usr/lib/gcc/mips-unknown-linux-uclibc/4.6.2/../../../../mips-unknown-linux-uclibc/bin/ld: cannot find -llthread
collect2: ld returned 1 exit status
configure:3719: $? = 1
configure: failed program was:
| #line 3697 "configure"
| /* confdefs.h.  */
| 
| #define PACKAGE_NAME ""
| #define PACKAGE_TARNAME ""
| #define PACKAGE_VERSION ""
| #define PACKAGE_STRING ""
| #define PACKAGE_BUGREPORT ""
| #define PACKAGE "siproxd"
| #define VERSION "0.5.10"
| #define UNAME "mips-unknown-linux-gnu"
| #define _LINUX
| /* end confdefs.h.  */
| #include <pthread.h>
| int
| main ()
| {
| pthread_t th; pthread_join(th, 0);
|                      pthread_attr_init(0); pthread_cleanup_push(0, 0);
|                      pthread_create(0,0,0,0); pthread_cleanup_pop(0);
|   ;
|   return 0;
| }
configure:3738: result: no
configure:3671: checking whether pthreads work with -pthread
configure:3716: /home/zengyao/DT_Hybrid_GPL_1.00.052/DT-W724V-20140311/output/host/usr/bin/mips-unknown-linux-uclibc-gcc -o conftest -fno-strict-aliasing -pthread  -lgplutil conftest.c   >&5
configure:3719: $? = 0
configure:3722: test -s conftest
configure:3725: $? = 0
configure:3738: result: yes
configure:3758: checking for joinable pthread attribute
configure:3777: /home/zengyao/DT_Hybrid_GPL_1.00.052/DT-W724V-20140311/output/host/usr/bin/mips-unknown-linux-uclibc-gcc -o conftest -fno-strict-aliasing -pthread  -lgplutil conftest.c   >&5
configure:3780: $? = 0
configure:3783: test -s conftest
configure:3786: $? = 0
configure:3841: result: PTHREAD_CREATE_JOINABLE
configure:3848: checking if more special flags are required for pthreads
configure:3855: result: no
configure:3867: checking for cc_r
configure:3894: result: /home/zengyao/DT_Hybrid_GPL_1.00.052/DT-W724V-20140311/output/host/usr/bin/mips-unknown-linux-uclibc-gcc
configure:3955: checking "libosip prefix"
configure:3957: result: /home/zengyao/DT_Hybrid_GPL_1.00.052/DT-W724V-20140311/output/host/usr/mips-unknown-linux-uclibc/sysroot/usr
configure:3967: checking for osip_init in -losip2
configure:3998: /home/zengyao/DT_Hybrid_GPL_1.00.052/DT-W724V-20140311/output/host/usr/bin/mips-unknown-linux-uclibc-gcc -o conftest -fno-strict-aliasing -pthread -D_POSIX_THREAD_SAFE_FUNCTIONS  -I/home/zengyao/DT_Hybrid_GPL_1.00.052/DT-W724V-20140311/output/host/usr/mips-unknown-linux-uclibc/sysroot/usr/include -lgplutil conftest.c -losip2 -losipparser2 -L/home/zengyao/DT_Hybrid_GPL_1.00.052/DT-W724V-20140311/output/host/usr/mips-unknown-linux-uclibc/sysroot/usr/lib   >&5
configure:4001: $? = 0
configure:4004: test -s conftest
configure:4007: $? = 0
configure:4019: result: yes
configure:4034: checking for parser_init in -losipparser2
configure:4065: /home/zengyao/DT_Hybrid_GPL_1.00.052/DT-W724V-20140311/output/host/usr/bin/mips-unknown-linux-uclibc-gcc -o conftest -fno-strict-aliasing -pthread -D_POSIX_THREAD_SAFE_FUNCTIONS  -I/home/zengyao/DT_Hybrid_GPL_1.00.052/DT-W724V-20140311/output/host/usr/mips-unknown-linux-uclibc/sysroot/usr/include -lgplutil conftest.c -losipparser2  -losip2 -L/home/zengyao/DT_Hybrid_GPL_1.00.052/DT-W724V-20140311/output/host/usr/mips-unknown-linux-uclibc/sysroot/usr/lib   >&5
configure:4068: $? = 0
configure:4071: test -s conftest
configure:4074: $? = 0
configure:4086: result: yes
configure:4125: checking building with a custom FW module
configure:4140: result: no
configure:4146: checking for egrep
configure:4156: result: grep -E
configure:4161: checking for ANSI C header files
configure:4187: /home/zengyao/DT_Hybrid_GPL_1.00.052/DT-W724V-20140311/output/host/usr/bin/mips-unknown-linux-uclibc-gcc -c -fno-strict-aliasing -pthread -D_POSIX_THREAD_SAFE_FUNCTIONS  -I/home/zengyao/DT_Hybrid_GPL_1.00.052/DT-W724V-20140311/output/host/usr/mips-unknown-linux-uclibc/sysroot/usr/include conftest.c >&5
configure:4190: $? = 0
configure:4193: test -s conftest.o
configure:4196: $? = 0
configure:4311: result: yes
configure:4335: checking for sys/types.h
configure:4352: /home/zengyao/DT_Hybrid_GPL_1.00.052/DT-W724V-20140311/output/host/usr/bin/mips-unknown-linux-uclibc-gcc -c -fno-strict-aliasing -pthread -D_POSIX_THREAD_SAFE_FUNCTIONS  -I/home/zengyao/DT_Hybrid_GPL_1.00.052/DT-W724V-20140311/output/host/usr/mips-unknown-linux-uclibc/sysroot/usr/include conftest.c >&5
configure:4355: $? = 0
configure:4358: test -s conftest.o
configure:4361: $? = 0
configure:4372: result: yes
configure:4335: checking for sys/stat.h
configure:4352: /home/zengyao/DT_Hybrid_GPL_1.00.052/DT-W724V-20140311/output/host/usr/bin/mips-unknown-linux-uclibc-gcc -c -fno-strict-aliasing -pthread -D_POSIX_THREAD_SAFE_FUNCTIONS  -I/home/zengyao/DT_Hybrid_GPL_1.00.052/DT-W724V-20140311/output/host/usr/mips-unknown-linux-uclibc/sysroot/usr/include conftest.c >&5
configure:4355: $? = 0
configure:4358: test -s conftest.o
configure:4361: $? = 0
configure:4372: result: yes
configure:4335: checking for stdlib.h
configure:4352: /home/zengyao/DT_Hybrid_GPL_1.00.052/DT-W724V-20140311/output/host/usr/bin/mips-unknown-linux-uclibc-gcc -c -fno-strict-aliasing -pthread -D_POSIX_THREAD_SAFE_FUNCTIONS  -I/home/zengyao/DT_Hybrid_GPL_1.00.052/DT-W724V-20140311/output/host/usr/mips-unknown-linux-uclibc/sysroot/usr/include conftest.c >&5
configure:4355: $? = 0
configure:4358: test -s conftest.o
configure:4361: $? = 0
configure:4372: result: yes
configure:4335: checking for string.h
configure:4352: /home/zengyao/DT_Hybrid_GPL_1.00.052/DT-W724V-20140311/output/host/usr/bin/mips-unknown-linux-uclibc-gcc -c -fno-strict-aliasing -pthread -D_POSIX_THREAD_SAFE_FUNCTIONS  -I/home/zengyao/DT_Hybrid_GPL_1.00.052/DT-W724V-20140311/output/host/usr/mips-unknown-linux-uclibc/sysroot/usr/include conftest.c >&5
configure:4355: $? = 0
configure:4358: test -s conftest.o
configure:4361: $? = 0
configure:4372: result: yes
configure:4335: checking for memory.h
configure:4352: /home/zengyao/DT_Hybrid_GPL_1.00.052/DT-W724V-20140311/output/host/usr/bin/mips-unknown-linux-uclibc-gcc -c -fno-strict-aliasing -pthread -D_POSIX_THREAD_SAFE_FUNCTIONS  -I/home/zengyao/DT_Hybrid_GPL_1.00.052/DT-W724V-20140311/output/host/usr/mips-unknown-linux-uclibc/sysroot/usr/include conftest.c >&5
configure:4355: $? = 0
configure:4358: test -s conftest.o
configure:4361: $? = 0
configure:4372: result: yes
configure:4335: checking for strings.h
configure:4352: /home/zengyao/DT_Hybrid_GPL_1.00.052/DT-W724V-20140311/output/host/usr/bin/mips-unknown-linux-uclibc-gcc -c -fno-strict-aliasing -pthread -D_POSIX_THREAD_SAFE_FUNCTIONS  -I/home/zengyao/DT_Hybrid_GPL_1.00.052/DT-W724V-20140311/output/host/usr/mips-unknown-linux-uclibc/sysroot/usr/include conftest.c >&5
configure:4355: $? = 0
configure:4358: test -s conftest.o
configure:4361: $? = 0
configure:4372: result: yes
configure:4335: checking for inttypes.h
configure:4352: /home/zengyao/DT_Hybrid_GPL_1.00.052/DT-W724V-20140311/output/host/usr/bin/mips-unknown-linux-uclibc-gcc -c -fno-strict-aliasing -pthread -D_POSIX_THREAD_SAFE_FUNCTIONS  -I/home/zengyao/DT_Hybrid_GPL_1.00.052/DT-W724V-20140311/output/host/usr/mips-unknown-linux-uclibc/sysroot/usr/include conftest.c >&5
configure:4355: $? = 0
configure:4358: test -s conftest.o
configure:4361: $? = 0
configure:4372: result: yes
configure:4335: checking for stdint.h
configure:4352: /home/zengyao/DT_Hybrid_GPL_1.00.052/DT-W724V-20140311/output/host/usr/bin/mips-unknown-linux-uclibc-gcc -c -fno-strict-aliasing -pthread -D_POSIX_THREAD_SAFE_FUNCTIONS  -I/home/zengyao/DT_Hybrid_GPL_1.00.052/DT-W724V-20140311/output/host/usr/mips-unknown-linux-uclibc/sysroot/usr/include conftest.c >&5
configure:4355: $? = 0
configure:4358: test -s conftest.o
configure:4361: $? = 0
configure:4372: result: yes
configure:4335: checking for unistd.h
configure:4352: /home/zengyao/DT_Hybrid_GPL_1.00.052/DT-W724V-20140311/output/host/usr/bin/mips-unknown-linux-uclibc-gcc -c -fno-strict-aliasing -pthread -D_POSIX_THREAD_SAFE_FUNCTIONS  -I/home/zengyao/DT_Hybrid_GPL_1.00.052/DT-W724V-20140311/output/host/usr/mips-unknown-linux-uclibc/sysroot/usr/include conftest.c >&5
configure:4355: $? = 0
configure:4358: test -s conftest.o
configure:4361: $? = 0
configure:4372: result: yes
configure:4399: checking sys/time.h usability
configure:4412: /home/zengyao/DT_Hybrid_GPL_1.00.052/DT-W724V-20140311/output/host/usr/bin/mips-unknown-linux-uclibc-gcc -c -fno-strict-aliasing -pthread -D_POSIX_THREAD_SAFE_FUNCTIONS  -I/home/zengyao/DT_Hybrid_GPL_1.00.052/DT-W724V-20140311/output/host/usr/mips-unknown-linux-uclibc/sysroot/usr/include conftest.c >&5
configure:4415: $? = 0
configure:4418: test -s conftest.o
configure:4421: $? = 0
configure:4431: result: yes
configure:4435: checking sys/time.h presence
configure:4446: /home/zengyao/DT_Hybrid_GPL_1.00.052/DT-W724V-20140311/output/host/usr/bin/mips-unknown-linux-uclibc-cpp  -I/home/zengyao/DT_Hybrid_GPL_1.00.052/DT-W724V-20140311/output/host/usr/mips-unknown-linux-uclibc/sysroot/usr/include conftest.c
configure:4452: $? = 0
configure:4471: result: yes
configure:4507: checking for sys/time.h
configure:4514: result: yes
configure:4399: checking errno.h usability
configure:4412: /home/zengyao/DT_Hybrid_GPL_1.00.052/DT-W724V-20140311/output/host/usr/bin/mips-unknown-linux-uclibc-gcc -c -fno-strict-aliasing -pthread -D_POSIX_THREAD_SAFE_FUNCTIONS  -I/home/zengyao/DT_Hybrid_GPL_1.00.052/DT-W724V-20140311/output/host/usr/mips-unknown-linux-uclibc/sysroot/usr/include conftest.c >&5
configure:4415: $? = 0
configure:4418: test -s conftest.o
configure:4421: $? = 0
configure:4431: result: yes
configure:4435: checking errno.h presence
configure:4446: /home/zengyao/DT_Hybrid_GPL_1.00.052/DT-W724V-20140311/output/host/usr/bin/mips-unknown-linux-uclibc-cpp  -I/home/zengyao/DT_Hybrid_GPL_1.00.052/DT-W724V-20140311/output/host/usr/mips-unknown-linux-uclibc/sysroot/usr/include conftest.c
configure:4452: $? = 0
configure:4471: result: yes
configure:4507: checking for errno.h
configure:4514: result: yes
configure:4542: checking stdarg.h usability
configure:4555: /home/zengyao/DT_Hybrid_GPL_1.00.052/DT-W724V-20140311/output/host/usr/bin/mips-unknown-linux-uclibc-gcc -c -fno-strict-aliasing -pthread -D_POSIX_THREAD_SAFE_FUNCTIONS  -I/home/zengyao/DT_Hybrid_GPL_1.00.052/DT-W724V-20140311/output/host/usr/mips-unknown-linux-uclibc/sysroot/usr/include conftest.c >&5
configure:4558: $? = 0
configure:4561: test -s conftest.o
configure:4564: $? = 0
configure:4574: result: yes
configure:4578: checking stdarg.h presence
configure:4589: /home/zengyao/DT_Hybrid_GPL_1.00.052/DT-W724V-20140311/output/host/usr/bin/mips-unknown-linux-uclibc-cpp  -I/home/zengyao/DT_Hybrid_GPL_1.00.052/DT-W724V-20140311/output/host/usr/mips-unknown-linux-uclibc/sysroot/usr/include conftest.c
configure:4595: $? = 0
configure:4614: result: yes
configure:4650: checking for stdarg.h
configure:4657: result: yes
configure:4542: checking varargs.h usability
configure:4555: /home/zengyao/DT_Hybrid_GPL_1.00.052/DT-W724V-20140311/output/host/usr/bin/mips-unknown-linux-uclibc-gcc -c -fno-strict-aliasing -pthread -D_POSIX_THREAD_SAFE_FUNCTIONS  -I/home/zengyao/DT_Hybrid_GPL_1.00.052/DT-W724V-20140311/output/host/usr/mips-unknown-linux-uclibc/sysroot/usr/include conftest.c >&5
In file included from configure:4606:0:
/opt/toolchains/crosstools-mips-gcc-4.6-linux-3.4-uclibc-0.9.32-binutils-2.21/usr/lib/gcc/mips-unknown-linux-uclibc/4.6.2/include/varargs.h:4:2: error: #error "GCC no longer implements <varargs.h>."
/opt/toolchains/crosstools-mips-gcc-4.6-linux-3.4-uclibc-0.9.32-binutils-2.21/usr/lib/gcc/mips-unknown-linux-uclibc/4.6.2/include/varargs.h:5:2: error: #error "Revise your code to use <stdarg.h>."
configure:4558: $? = 1
configure: failed program was:
| #line 4544 "configure"
| /* confdefs.h.  */
| 
| #define PACKAGE_NAME ""
| #define PACKAGE_TARNAME ""
| #define PACKAGE_VERSION ""
| #define PACKAGE_STRING ""
| #define PACKAGE_BUGREPORT ""
| #define PACKAGE "siproxd"
| #define VERSION "0.5.10"
| #define UNAME "mips-unknown-linux-gnu"
| #define _LINUX
| #define HAVE_PTHREAD 1
| #define HAVE_LIBOSIP2 1
| #define HAVE_LIBOSIPPARSER2 1
| #define STDC_HEADERS 1
| #define HAVE_SYS_TYPES_H 1
| #define HAVE_SYS_STAT_H 1
| #define HAVE_STDLIB_H 1
| #define HAVE_STRING_H 1
| #define HAVE_MEMORY_H 1
| #define HAVE_STRINGS_H 1
| #define HAVE_INTTYPES_H 1
| #define HAVE_STDINT_H 1
| #define HAVE_UNISTD_H 1
| #define HAVE_SYS_TIME_H 1
| #define HAVE_ERRNO_H 1
| #define HAVE_STDARG_H 1
| /* end confdefs.h.  */
| #include <stdio.h>
| #if HAVE_SYS_TYPES_H
| # include <sys/types.h>
| #endif
| #if HAVE_SYS_STAT_H
| # include <sys/stat.h>
| #endif
| #if STDC_HEADERS
| # include <stdlib.h>
| # include <stddef.h>
| #else
| # if HAVE_STDLIB_H
| #  include <stdlib.h>
| # endif
| #endif
| #if HAVE_STRING_H
| # if !STDC_HEADERS && HAVE_MEMORY_H
| #  include <memory.h>
| # endif
| # include <string.h>
| #endif
| #if HAVE_STRINGS_H
| # include <strings.h>
| #endif
| #if HAVE_INTTYPES_H
| # include <inttypes.h>
| #else
| # if HAVE_STDINT_H
| #  include <stdint.h>
| # endif
| #endif
| #if HAVE_UNISTD_H
| # include <unistd.h>
| #endif
| #include <varargs.h>
configure:4574: result: no
configure:4578: checking varargs.h presence
configure:4589: /home/zengyao/DT_Hybrid_GPL_1.00.052/DT-W724V-20140311/output/host/usr/bin/mips-unknown-linux-uclibc-cpp  -I/home/zengyao/DT_Hybrid_GPL_1.00.052/DT-W724V-20140311/output/host/usr/mips-unknown-linux-uclibc/sysroot/usr/include conftest.c
In file included from configure:4608:0:
/opt/toolchains/crosstools-mips-gcc-4.6-linux-3.4-uclibc-0.9.32-binutils-2.21/usr/lib/gcc/mips-unknown-linux-uclibc/4.6.2/include/varargs.h:4:2: error: #error "GCC no longer implements <varargs.h>."
/opt/toolchains/crosstools-mips-gcc-4.6-linux-3.4-uclibc-0.9.32-binutils-2.21/usr/lib/gcc/mips-unknown-linux-uclibc/4.6.2/include/varargs.h:5:2: error: #error "Revise your code to use <stdarg.h>."
configure:4595: $? = 1
configure: failed program was:
| #line 4580 "configure"
| /* confdefs.h.  */
| 
| #define PACKAGE_NAME ""
| #define PACKAGE_TARNAME ""
| #define PACKAGE_VERSION ""
| #define PACKAGE_STRING ""
| #define PACKAGE_BUGREPORT ""
| #define PACKAGE "siproxd"
| #define VERSION "0.5.10"
| #define UNAME "mips-unknown-linux-gnu"
| #define _LINUX
| #define HAVE_PTHREAD 1
| #define HAVE_LIBOSIP2 1
| #define HAVE_LIBOSIPPARSER2 1
| #define STDC_HEADERS 1
| #define HAVE_SYS_TYPES_H 1
| #define HAVE_SYS_STAT_H 1
| #define HAVE_STDLIB_H 1
| #define HAVE_STRING_H 1
| #define HAVE_MEMORY_H 1
| #define HAVE_STRINGS_H 1
| #define HAVE_INTTYPES_H 1
| #define HAVE_STDINT_H 1
| #define HAVE_UNISTD_H 1
| #define HAVE_SYS_TIME_H 1
| #define HAVE_ERRNO_H 1
| #define HAVE_STDARG_H 1
| /* end confdefs.h.  */
| #include <varargs.h>
configure:4614: result: no
configure:4650: checking for varargs.h
configure:4657: result: no
configure:4687: checking pwd.h usability
configure:4700: /home/zengyao/DT_Hybrid_GPL_1.00.052/DT-W724V-20140311/output/host/usr/bin/mips-unknown-linux-uclibc-gcc -c -fno-strict-aliasing -pthread -D_POSIX_THREAD_SAFE_FUNCTIONS  -I/home/zengyao/DT_Hybrid_GPL_1.00.052/DT-W724V-20140311/output/host/usr/mips-unknown-linux-uclibc/sysroot/usr/include conftest.c >&5
configure:4703: $? = 0
configure:4706: test -s conftest.o
configure:4709: $? = 0
configure:4719: result: yes
configure:4723: checking pwd.h presence
configure:4734: /home/zengyao/DT_Hybrid_GPL_1.00.052/DT-W724V-20140311/output/host/usr/bin/mips-unknown-linux-uclibc-cpp  -I/home/zengyao/DT_Hybrid_GPL_1.00.052/DT-W724V-20140311/output/host/usr/mips-unknown-linux-uclibc/sysroot/usr/include conftest.c
configure:4740: $? = 0
configure:4759: result: yes
configure:4795: checking for pwd.h
configure:4802: result: yes
configure:4687: checking getopt.h usability
configure:4700: /home/zengyao/DT_Hybrid_GPL_1.00.052/DT-W724V-20140311/output/host/usr/bin/mips-unknown-linux-uclibc-gcc -c -fno-strict-aliasing -pthread -D_POSIX_THREAD_SAFE_FUNCTIONS  -I/home/zengyao/DT_Hybrid_GPL_1.00.052/DT-W724V-20140311/output/host/usr/mips-unknown-linux-uclibc/sysroot/usr/include conftest.c >&5
configure:4703: $? = 0
configure:4706: test -s conftest.o
configure:4709: $? = 0
configure:4719: result: yes
configure:4723: checking getopt.h presence
configure:4734: /home/zengyao/DT_Hybrid_GPL_1.00.052/DT-W724V-20140311/output/host/usr/bin/mips-unknown-linux-uclibc-cpp  -I/home/zengyao/DT_Hybrid_GPL_1.00.052/DT-W724V-20140311/output/host/usr/mips-unknown-linux-uclibc/sysroot/usr/include conftest.c
configure:4740: $? = 0
configure:4759: result: yes
configure:4795: checking for getopt.h
configure:4802: result: yes
configure:4687: checking sys/socket.h usability
configure:4700: /home/zengyao/DT_Hybrid_GPL_1.00.052/DT-W724V-20140311/output/host/usr/bin/mips-unknown-linux-uclibc-gcc -c -fno-strict-aliasing -pthread -D_POSIX_THREAD_SAFE_FUNCTIONS  -I/home/zengyao/DT_Hybrid_GPL_1.00.052/DT-W724V-20140311/output/host/usr/mips-unknown-linux-uclibc/sysroot/usr/include conftest.c >&5
configure:4703: $? = 0
configure:4706: test -s conftest.o
configure:4709: $? = 0
configure:4719: result: yes
configure:4723: checking sys/socket.h presence
configure:4734: /home/zengyao/DT_Hybrid_GPL_1.00.052/DT-W724V-20140311/output/host/usr/bin/mips-unknown-linux-uclibc-cpp  -I/home/zengyao/DT_Hybrid_GPL_1.00.052/DT-W724V-20140311/output/host/usr/mips-unknown-linux-uclibc/sysroot/usr/include conftest.c
configure:4740: $? = 0
configure:4759: result: yes
configure:4795: checking for sys/socket.h
configure:4802: result: yes
configure:4687: checking netdb.h usability
configure:4700: /home/zengyao/DT_Hybrid_GPL_1.00.052/DT-W724V-20140311/output/host/usr/bin/mips-unknown-linux-uclibc-gcc -c -fno-strict-aliasing -pthread -D_POSIX_THREAD_SAFE_FUNCTIONS  -I/home/zengyao/DT_Hybrid_GPL_1.00.052/DT-W724V-20140311/output/host/usr/mips-unknown-linux-uclibc/sysroot/usr/include conftest.c >&5
configure:4703: $? = 0
configure:4706: test -s conftest.o
configure:4709: $? = 0
configure:4719: result: yes
configure:4723: checking netdb.h presence
configure:4734: /home/zengyao/DT_Hybrid_GPL_1.00.052/DT-W724V-20140311/output/host/usr/bin/mips-unknown-linux-uclibc-cpp  -I/home/zengyao/DT_Hybrid_GPL_1.00.052/DT-W724V-20140311/output/host/usr/mips-unknown-linux-uclibc/sysroot/usr/include conftest.c
configure:4740: $? = 0
configure:4759: result: yes
configure:4795: checking for netdb.h
configure:4802: result: yes
configure:4816: checking for an ANSI C-conforming const
configure:4884: /home/zengyao/DT_Hybrid_GPL_1.00.052/DT-W724V-20140311/output/host/usr/bin/mips-unknown-linux-uclibc-gcc -c -fno-strict-aliasing -pthread -D_POSIX_THREAD_SAFE_FUNCTIONS  -I/home/zengyao/DT_Hybrid_GPL_1.00.052/DT-W724V-20140311/output/host/usr/mips-unknown-linux-uclibc/sysroot/usr/include conftest.c >&5
configure:4887: $? = 0
configure:4890: test -s conftest.o
configure:4893: $? = 0
configure:4904: result: yes
configure:4914: checking for size_t
configure:4939: /home/zengyao/DT_Hybrid_GPL_1.00.052/DT-W724V-20140311/output/host/usr/bin/mips-unknown-linux-uclibc-gcc -c -fno-strict-aliasing -pthread -D_POSIX_THREAD_SAFE_FUNCTIONS  -I/home/zengyao/DT_Hybrid_GPL_1.00.052/DT-W724V-20140311/output/host/usr/mips-unknown-linux-uclibc/sysroot/usr/include conftest.c >&5
configure:4942: $? = 0
configure:4945: test -s conftest.o
configure:4948: $? = 0
configure:4959: result: yes
configure:4971: checking whether time.h and sys/time.h may both be included
configure:4997: /home/zengyao/DT_Hybrid_GPL_1.00.052/DT-W724V-20140311/output/host/usr/bin/mips-unknown-linux-uclibc-gcc -c -fno-strict-aliasing -pthread -D_POSIX_THREAD_SAFE_FUNCTIONS  -I/home/zengyao/DT_Hybrid_GPL_1.00.052/DT-W724V-20140311/output/host/usr/mips-unknown-linux-uclibc/sysroot/usr/include conftest.c >&5
configure:5000: $? = 0
configure:5003: test -s conftest.o
configure:5006: $? = 0
configure:5017: result: yes
configure:5027: checking whether struct tm is in sys/time.h or time.h
configure:5051: /home/zengyao/DT_Hybrid_GPL_1.00.052/DT-W724V-20140311/output/host/usr/bin/mips-unknown-linux-uclibc-gcc -c -fno-strict-aliasing -pthread -D_POSIX_THREAD_SAFE_FUNCTIONS  -I/home/zengyao/DT_Hybrid_GPL_1.00.052/DT-W724V-20140311/output/host/usr/mips-unknown-linux-uclibc/sysroot/usr/include conftest.c >&5
configure:5054: $? = 0
configure:5057: test -s conftest.o
configure:5060: $? = 0
configure:5071: result: time.h
configure:5082: checking for socklen_t
configure:5112: /home/zengyao/DT_Hybrid_GPL_1.00.052/DT-W724V-20140311/output/host/usr/bin/mips-unknown-linux-uclibc-gcc -c -fno-strict-aliasing -pthread -D_POSIX_THREAD_SAFE_FUNCTIONS  -I/home/zengyao/DT_Hybrid_GPL_1.00.052/DT-W724V-20140311/output/host/usr/mips-unknown-linux-uclibc/sysroot/usr/include conftest.c >&5
configure:5115: $? = 0
configure:5118: test -s conftest.o
configure:5121: $? = 0
configure:5132: result: yes
configure:5149: checking for working memcmp
configure:5220: result: no
configure:5228: checking for vprintf
configure:5278: /home/zengyao/DT_Hybrid_GPL_1.00.052/DT-W724V-20140311/output/host/usr/bin/mips-unknown-linux-uclibc-gcc -o conftest -fno-strict-aliasing -pthread -D_POSIX_THREAD_SAFE_FUNCTIONS  -I/home/zengyao/DT_Hybrid_GPL_1.00.052/DT-W724V-20140311/output/host/usr/mips-unknown-linux-uclibc/sysroot/usr/include -lgplutil conftest.c -losipparser2 -losip2 -L/home/zengyao/DT_Hybrid_GPL_1.00.052/DT-W724V-20140311/output/host/usr/mips-unknown-linux-uclibc/sysroot/usr/lib   >&5
configure:5282:6: warning: conflicting types for built-in function 'vprintf' [enabled by default]
configure:5281: $? = 0
configure:5284: test -s conftest
configure:5287: $? = 0
configure:5298: result: yes
configure:5305: checking for _doprnt
configure:5355: /home/zengyao/DT_Hybrid_GPL_1.00.052/DT-W724V-20140311/output/host/usr/bin/mips-unknown-linux-uclibc-gcc -o conftest -fno-strict-aliasing -pthread -D_POSIX_THREAD_SAFE_FUNCTIONS  -I/home/zengyao/DT_Hybrid_GPL_1.00.052/DT-W724V-20140311/output/host/usr/mips-unknown-linux-uclibc/sysroot/usr/include -lgplutil conftest.c -losipparser2 -losip2 -L/home/zengyao/DT_Hybrid_GPL_1.00.052/DT-W724V-20140311/output/host/usr/mips-unknown-linux-uclibc/sysroot/usr/lib   >&5
/tmp/ccWFviT3.o: In function `main':
conftest.c:(.text+0x1c): undefined reference to `_doprnt'
/tmp/ccWFviT3.o:(.data.rel+0x0): undefined reference to `_doprnt'
collect2: ld returned 1 exit status
configure:5358: $? = 1
configure: failed program was:
| #line 5310 "configure"
| /* confdefs.h.  */
| 
| #define PACKAGE_NAME ""
| #define PACKAGE_TARNAME ""
| #define PACKAGE_VERSION ""
| #define PACKAGE_STRING ""
| #define PACKAGE_BUGREPORT ""
| #define PACKAGE "siproxd"
| #define VERSION "0.5.10"
| #define UNAME "mips-unknown-linux-gnu"
| #define _LINUX
| #define HAVE_PTHREAD 1
| #define HAVE_LIBOSIP2 1
| #define HAVE_LIBOSIPPARSER2 1
| #define STDC_HEADERS 1
| #define HAVE_SYS_TYPES_H 1
| #define HAVE_SYS_STAT_H 1
| #define HAVE_STDLIB_H 1
| #define HAVE_STRING_H 1
| #define HAVE_MEMORY_H 1
| #define HAVE_STRINGS_H 1
| #define HAVE_INTTYPES_H 1
| #define HAVE_STDINT_H 1
| #define HAVE_UNISTD_H 1
| #define HAVE_SYS_TIME_H 1
| #define HAVE_ERRNO_H 1
| #define HAVE_STDARG_H 1
| #define HAVE_PWD_H 1
| #define HAVE_GETOPT_H 1
| #define HAVE_SYS_SOCKET_H 1
| #define HAVE_NETDB_H 1
| #define TIME_WITH_SYS_TIME 1
| #define HAVE_VPRINTF 1
| /* end confdefs.h.  */
| /* System header to define __stub macros and hopefully few prototypes,
|     which can conflict with char _doprnt (); below.
|     Prefer <limits.h> to <assert.h> if __STDC__ is defined, since
|     <limits.h> exists even on freestanding compilers.  */
| #ifdef __STDC__
| # include <limits.h>
| #else
| # include <assert.h>
| #endif
| /* Override any gcc2 internal prototype to avoid an error.  */
| #ifdef __cplusplus
| extern "C"
| {
| #endif
| /* We use char because int might match the return type of a gcc2
|    builtin and then its argument prototype would still apply.  */
| char _doprnt ();
| /* The GNU C library defines this for functions which it implements
|     to always fail with ENOSYS.  Some functions are actually named
|     something starting with __ and the normal name is an alias.  */
| #if defined (__stub__doprnt) || defined (__stub____doprnt)
| choke me
| #else
| char (*f) () = _doprnt;
| #endif
| #ifdef __cplusplus
| }
| #endif
| 
| int
| main ()
| {
| return f != _doprnt;
|   ;
|   return 0;
| }
configure:5375: result: no
configure:5393: checking for strerror
configure:5443: /home/zengyao/DT_Hybrid_GPL_1.00.052/DT-W724V-20140311/output/host/usr/bin/mips-unknown-linux-uclibc-gcc -o conftest -fno-strict-aliasing -pthread -D_POSIX_THREAD_SAFE_FUNCTIONS  -I/home/zengyao/DT_Hybrid_GPL_1.00.052/DT-W724V-20140311/output/host/usr/mips-unknown-linux-uclibc/sysroot/usr/include -lgplutil conftest.c -losipparser2 -losip2 -L/home/zengyao/DT_Hybrid_GPL_1.00.052/DT-W724V-20140311/output/host/usr/mips-unknown-linux-uclibc/sysroot/usr/lib   >&5
configure:5446: $? = 0
configure:5449: test -s conftest
configure:5452: $? = 0
configure:5463: result: yes
configure:5478: checking for gethostbyname
configure:5528: /home/zengyao/DT_Hybrid_GPL_1.00.052/DT-W724V-20140311/output/host/usr/bin/mips-unknown-linux-uclibc-gcc -o conftest -fno-strict-aliasing -pthread -D_POSIX_THREAD_SAFE_FUNCTIONS  -I/home/zengyao/DT_Hybrid_GPL_1.00.052/DT-W724V-20140311/output/host/usr/mips-unknown-linux-uclibc/sysroot/usr/include -lgplutil conftest.c -losipparser2 -losip2 -L/home/zengyao/DT_Hybrid_GPL_1.00.052/DT-W724V-20140311/output/host/usr/mips-unknown-linux-uclibc/sysroot/usr/lib   >&5
/tmp/ccU5vdUc.o: In function `main':
conftest.c:(.text+0x1c): warning: gethostbyname is obsolescent, use getnameinfo() instead.
configure:5531: $? = 0
configure:5534: test -s conftest
configure:5537: $? = 0
configure:5548: result: yes
configure:5562: checking for gethostbyname_r
configure:5612: /home/zengyao/DT_Hybrid_GPL_1.00.052/DT-W724V-20140311/output/host/usr/bin/mips-unknown-linux-uclibc-gcc -o conftest -fno-strict-aliasing -pthread -D_POSIX_THREAD_SAFE_FUNCTIONS  -I/home/zengyao/DT_Hybrid_GPL_1.00.052/DT-W724V-20140311/output/host/usr/mips-unknown-linux-uclibc/sysroot/usr/include -lgplutil conftest.c -losipparser2 -losip2 -L/home/zengyao/DT_Hybrid_GPL_1.00.052/DT-W724V-20140311/output/host/usr/mips-unknown-linux-uclibc/sysroot/usr/lib   >&5
/tmp/cceVTYIg.o: In function `main':
conftest.c:(.text+0x1c): warning: gethostbyname_r is obsolescent, use getnameinfo() instead.
configure:5615: $? = 0
configure:5618: test -s conftest
configure:5621: $? = 0
configure:5632: result: yes
configure:5636: checking how many arguments takes gethostbyname_r
configure:5662: /home/zengyao/DT_Hybrid_GPL_1.00.052/DT-W724V-20140311/output/host/usr/bin/mips-unknown-linux-uclibc-gcc -c -fno-strict-aliasing -pthread -D_POSIX_THREAD_SAFE_FUNCTIONS  -I/home/zengyao/DT_Hybrid_GPL_1.00.052/DT-W724V-20140311/output/host/usr/mips-unknown-linux-uclibc/sysroot/usr/include conftest.c >&5
configure: In function 'main':
configure:5683:29: error: storage size of 'data' isn't known
configure:5684:9: error: too few arguments to function 'gethostbyname_r'
/home/zengyao/DT_Hybrid_GPL_1.00.052/DT-W724V-20140311/output/host/usr/mips-unknown-linux-uclibc/sysroot/usr/include/netdb.h:173:12: note: declared here
configure:5665: $? = 1
configure: failed program was:
| #line 5638 "configure"
| /* confdefs.h.  */
| 
| #define PACKAGE_NAME ""
| #define PACKAGE_TARNAME ""
| #define PACKAGE_VERSION ""
| #define PACKAGE_STRING ""
| #define PACKAGE_BUGREPORT ""
| #define PACKAGE "siproxd"
| #define VERSION "0.5.10"
| #define UNAME "mips-unknown-linux-gnu"
| #define _LINUX
| #define HAVE_PTHREAD 1
| #define HAVE_LIBOSIP2 1
| #define HAVE_LIBOSIPPARSER2 1
| #define STDC_HEADERS 1
| #define HAVE_SYS_TYPES_H 1
| #define HAVE_SYS_STAT_H 1
| #define HAVE_STDLIB_H 1
| #define HAVE_STRING_H 1
| #define HAVE_MEMORY_H 1
| #define HAVE_STRINGS_H 1
| #define HAVE_INTTYPES_H 1
| #define HAVE_STDINT_H 1
| #define HAVE_UNISTD_H 1
| #define HAVE_SYS_TIME_H 1
| #define HAVE_ERRNO_H 1
| #define HAVE_STDARG_H 1
| #define HAVE_PWD_H 1
| #define HAVE_GETOPT_H 1
| #define HAVE_SYS_SOCKET_H 1
| #define HAVE_NETDB_H 1
| #define TIME_WITH_SYS_TIME 1
| #define HAVE_VPRINTF 1
| #define HAVE_STRERROR 1
| #define HAVE_GETHOSTBYNAME 1
| /* end confdefs.h.  */
| 
| 	#include <stdlib.h>
|         #include <netdb.h>
| int
| main ()
| {
| 
|         char *name;
|         struct hostent *he;
|         struct hostent_data data;
|         (void) gethostbyname_r(name, he, &data);
| 
|   ;
|   return 0;
| }
configure:5705: /home/zengyao/DT_Hybrid_GPL_1.00.052/DT-W724V-20140311/output/host/usr/bin/mips-unknown-linux-uclibc-gcc -c -fno-strict-aliasing -pthread -D_POSIX_THREAD_SAFE_FUNCTIONS  -I/home/zengyao/DT_Hybrid_GPL_1.00.052/DT-W724V-20140311/output/host/usr/mips-unknown-linux-uclibc/sysroot/usr/include conftest.c >&5
configure:5708: $? = 0
configure:5711: test -s conftest.o
configure:5714: $? = 0
configure:5801: result: six
configure:5813: checking for getopt_long
configure:5863: /home/zengyao/DT_Hybrid_GPL_1.00.052/DT-W724V-20140311/output/host/usr/bin/mips-unknown-linux-uclibc-gcc -o conftest -fno-strict-aliasing -pthread -D_POSIX_THREAD_SAFE_FUNCTIONS  -I/home/zengyao/DT_Hybrid_GPL_1.00.052/DT-W724V-20140311/output/host/usr/mips-unknown-linux-uclibc/sysroot/usr/include -lgplutil conftest.c -losipparser2 -losip2 -L/home/zengyao/DT_Hybrid_GPL_1.00.052/DT-W724V-20140311/output/host/usr/mips-unknown-linux-uclibc/sysroot/usr/lib   >&5
configure:5866: $? = 0
configure:5869: test -s conftest
configure:5872: $? = 0
configure:5883: result: yes
configure:5813: checking for setsid
configure:5863: /home/zengyao/DT_Hybrid_GPL_1.00.052/DT-W724V-20140311/output/host/usr/bin/mips-unknown-linux-uclibc-gcc -o conftest -fno-strict-aliasing -pthread -D_POSIX_THREAD_SAFE_FUNCTIONS  -I/home/zengyao/DT_Hybrid_GPL_1.00.052/DT-W724V-20140311/output/host/usr/mips-unknown-linux-uclibc/sysroot/usr/include -lgplutil conftest.c -losipparser2 -losip2 -L/home/zengyao/DT_Hybrid_GPL_1.00.052/DT-W724V-20140311/output/host/usr/mips-unknown-linux-uclibc/sysroot/usr/lib   >&5
configure:5866: $? = 0
configure:5869: test -s conftest
configure:5872: $? = 0
configure:5883: result: yes
configure:5813: checking for syslog
configure:5863: /home/zengyao/DT_Hybrid_GPL_1.00.052/DT-W724V-20140311/output/host/usr/bin/mips-unknown-linux-uclibc-gcc -o conftest -fno-strict-aliasing -pthread -D_POSIX_THREAD_SAFE_FUNCTIONS  -I/home/zengyao/DT_Hybrid_GPL_1.00.052/DT-W724V-20140311/output/host/usr/mips-unknown-linux-uclibc/sysroot/usr/include -lgplutil conftest.c -losipparser2 -losip2 -L/home/zengyao/DT_Hybrid_GPL_1.00.052/DT-W724V-20140311/output/host/usr/mips-unknown-linux-uclibc/sysroot/usr/lib   >&5
configure:5866: $? = 0
configure:5869: test -s conftest
configure:5872: $? = 0
configure:5883: result: yes
configure:5902: checking for getuid
configure:5952: /home/zengyao/DT_Hybrid_GPL_1.00.052/DT-W724V-20140311/output/host/usr/bin/mips-unknown-linux-uclibc-gcc -o conftest -fno-strict-aliasing -pthread -D_POSIX_THREAD_SAFE_FUNCTIONS  -I/home/zengyao/DT_Hybrid_GPL_1.00.052/DT-W724V-20140311/output/host/usr/mips-unknown-linux-uclibc/sysroot/usr/include -lgplutil conftest.c -losipparser2 -losip2 -L/home/zengyao/DT_Hybrid_GPL_1.00.052/DT-W724V-20140311/output/host/usr/mips-unknown-linux-uclibc/sysroot/usr/lib   >&5
configure:5955: $? = 0
configure:5958: test -s conftest
configure:5961: $? = 0
configure:5972: result: yes
configure:5902: checking for setuid
configure:5952: /home/zengyao/DT_Hybrid_GPL_1.00.052/DT-W724V-20140311/output/host/usr/bin/mips-unknown-linux-uclibc-gcc -o conftest -fno-strict-aliasing -pthread -D_POSIX_THREAD_SAFE_FUNCTIONS  -I/home/zengyao/DT_Hybrid_GPL_1.00.052/DT-W724V-20140311/output/host/usr/mips-unknown-linux-uclibc/sysroot/usr/include -lgplutil conftest.c -losipparser2 -losip2 -L/home/zengyao/DT_Hybrid_GPL_1.00.052/DT-W724V-20140311/output/host/usr/mips-unknown-linux-uclibc/sysroot/usr/lib   >&5
configure:5955: $? = 0
configure:5958: test -s conftest
configure:5961: $? = 0
configure:5972: result: yes
configure:5902: checking for getgid
configure:5952: /home/zengyao/DT_Hybrid_GPL_1.00.052/DT-W724V-20140311/output/host/usr/bin/mips-unknown-linux-uclibc-gcc -o conftest -fno-strict-aliasing -pthread -D_POSIX_THREAD_SAFE_FUNCTIONS  -I/home/zengyao/DT_Hybrid_GPL_1.00.052/DT-W724V-20140311/output/host/usr/mips-unknown-linux-uclibc/sysroot/usr/include -lgplutil conftest.c -losipparser2 -losip2 -L/home/zengyao/DT_Hybrid_GPL_1.00.052/DT-W724V-20140311/output/host/usr/mips-unknown-linux-uclibc/sysroot/usr/lib   >&5
configure:5955: $? = 0
configure:5958: test -s conftest
configure:5961: $? = 0
configure:5972: result: yes
configure:5902: checking for setgid
configure:5952: /home/zengyao/DT_Hybrid_GPL_1.00.052/DT-W724V-20140311/output/host/usr/bin/mips-unknown-linux-uclibc-gcc -o conftest -fno-strict-aliasing -pthread -D_POSIX_THREAD_SAFE_FUNCTIONS  -I/home/zengyao/DT_Hybrid_GPL_1.00.052/DT-W724V-20140311/output/host/usr/mips-unknown-linux-uclibc/sysroot/usr/include -lgplutil conftest.c -losipparser2 -losip2 -L/home/zengyao/DT_Hybrid_GPL_1.00.052/DT-W724V-20140311/output/host/usr/mips-unknown-linux-uclibc/sysroot/usr/lib   >&5
configure:5955: $? = 0
configure:5958: test -s conftest
configure:5961: $? = 0
configure:5972: result: yes
configure:5902: checking for getpwnam
configure:5952: /home/zengyao/DT_Hybrid_GPL_1.00.052/DT-W724V-20140311/output/host/usr/bin/mips-unknown-linux-uclibc-gcc -o conftest -fno-strict-aliasing -pthread -D_POSIX_THREAD_SAFE_FUNCTIONS  -I/home/zengyao/DT_Hybrid_GPL_1.00.052/DT-W724V-20140311/output/host/usr/mips-unknown-linux-uclibc/sysroot/usr/include -lgplutil conftest.c -losipparser2 -losip2 -L/home/zengyao/DT_Hybrid_GPL_1.00.052/DT-W724V-20140311/output/host/usr/mips-unknown-linux-uclibc/sysroot/usr/lib   >&5
configure:5955: $? = 0
configure:5958: test -s conftest
configure:5961: $? = 0
configure:5972: result: yes
configure:5902: checking for chroot
configure:5952: /home/zengyao/DT_Hybrid_GPL_1.00.052/DT-W724V-20140311/output/host/usr/bin/mips-unknown-linux-uclibc-gcc -o conftest -fno-strict-aliasing -pthread -D_POSIX_THREAD_SAFE_FUNCTIONS  -I/home/zengyao/DT_Hybrid_GPL_1.00.052/DT-W724V-20140311/output/host/usr/mips-unknown-linux-uclibc/sysroot/usr/include -lgplutil conftest.c -losipparser2 -losip2 -L/home/zengyao/DT_Hybrid_GPL_1.00.052/DT-W724V-20140311/output/host/usr/mips-unknown-linux-uclibc/sysroot/usr/lib   >&5
configure:5955: $? = 0
configure:5958: test -s conftest
configure:5961: $? = 0
configure:5972: result: yes
configure:5992: checking for socket
configure:6042: /home/zengyao/DT_Hybrid_GPL_1.00.052/DT-W724V-20140311/output/host/usr/bin/mips-unknown-linux-uclibc-gcc -o conftest -fno-strict-aliasing -pthread -D_POSIX_THREAD_SAFE_FUNCTIONS  -I/home/zengyao/DT_Hybrid_GPL_1.00.052/DT-W724V-20140311/output/host/usr/mips-unknown-linux-uclibc/sysroot/usr/include -lgplutil conftest.c -losipparser2 -losip2 -L/home/zengyao/DT_Hybrid_GPL_1.00.052/DT-W724V-20140311/output/host/usr/mips-unknown-linux-uclibc/sysroot/usr/lib   >&5
configure:6045: $? = 0
configure:6048: test -s conftest
configure:6051: $? = 0
configure:6062: result: yes
configure:5992: checking for bind
configure:6042: /home/zengyao/DT_Hybrid_GPL_1.00.052/DT-W724V-20140311/output/host/usr/bin/mips-unknown-linux-uclibc-gcc -o conftest -fno-strict-aliasing -pthread -D_POSIX_THREAD_SAFE_FUNCTIONS  -I/home/zengyao/DT_Hybrid_GPL_1.00.052/DT-W724V-20140311/output/host/usr/mips-unknown-linux-uclibc/sysroot/usr/include -lgplutil conftest.c -losipparser2 -losip2 -L/home/zengyao/DT_Hybrid_GPL_1.00.052/DT-W724V-20140311/output/host/usr/mips-unknown-linux-uclibc/sysroot/usr/lib   >&5
configure:6045: $? = 0
configure:6048: test -s conftest
configure:6051: $? = 0
configure:6062: result: yes
configure:5992: checking for select
configure:6042: /home/zengyao/DT_Hybrid_GPL_1.00.052/DT-W724V-20140311/output/host/usr/bin/mips-unknown-linux-uclibc-gcc -o conftest -fno-strict-aliasing -pthread -D_POSIX_THREAD_SAFE_FUNCTIONS  -I/home/zengyao/DT_Hybrid_GPL_1.00.052/DT-W724V-20140311/output/host/usr/mips-unknown-linux-uclibc/sysroot/usr/include -lgplutil conftest.c -losipparser2 -losip2 -L/home/zengyao/DT_Hybrid_GPL_1.00.052/DT-W724V-20140311/output/host/usr/mips-unknown-linux-uclibc/sysroot/usr/lib   >&5
configure:6045: $? = 0
configure:6048: test -s conftest
configure:6051: $? = 0
configure:6062: result: yes
configure:5992: checking for read
configure:6042: /home/zengyao/DT_Hybrid_GPL_1.00.052/DT-W724V-20140311/output/host/usr/bin/mips-unknown-linux-uclibc-gcc -o conftest -fno-strict-aliasing -pthread -D_POSIX_THREAD_SAFE_FUNCTIONS  -I/home/zengyao/DT_Hybrid_GPL_1.00.052/DT-W724V-20140311/output/host/usr/mips-unknown-linux-uclibc/sysroot/usr/include -lgplutil conftest.c -losipparser2 -losip2 -L/home/zengyao/DT_Hybrid_GPL_1.00.052/DT-W724V-20140311/output/host/usr/mips-unknown-linux-uclibc/sysroot/usr/lib   >&5
configure:6045: $? = 0
configure:6048: test -s conftest
configure:6051: $? = 0
configure:6062: result: yes
configure:5992: checking for send
configure:6042: /home/zengyao/DT_Hybrid_GPL_1.00.052/DT-W724V-20140311/output/host/usr/bin/mips-unknown-linux-uclibc-gcc -o conftest -fno-strict-aliasing -pthread -D_POSIX_THREAD_SAFE_FUNCTIONS  -I/home/zengyao/DT_Hybrid_GPL_1.00.052/DT-W724V-20140311/output/host/usr/mips-unknown-linux-uclibc/sysroot/usr/include -lgplutil conftest.c -losipparser2 -losip2 -L/home/zengyao/DT_Hybrid_GPL_1.00.052/DT-W724V-20140311/output/host/usr/mips-unknown-linux-uclibc/sysroot/usr/lib   >&5
configure:6045: $? = 0
configure:6048: test -s conftest
configure:6051: $? = 0
configure:6062: result: yes
configure:5992: checking for sendto
configure:6042: /home/zengyao/DT_Hybrid_GPL_1.00.052/DT-W724V-20140311/output/host/usr/bin/mips-unknown-linux-uclibc-gcc -o conftest -fno-strict-aliasing -pthread -D_POSIX_THREAD_SAFE_FUNCTIONS  -I/home/zengyao/DT_Hybrid_GPL_1.00.052/DT-W724V-20140311/output/host/usr/mips-unknown-linux-uclibc/sysroot/usr/include -lgplutil conftest.c -losipparser2 -losip2 -L/home/zengyao/DT_Hybrid_GPL_1.00.052/DT-W724V-20140311/output/host/usr/mips-unknown-linux-uclibc/sysroot/usr/lib   >&5
configure:6045: $? = 0
configure:6048: test -s conftest
configure:6051: $? = 0
configure:6062: result: yes
configure:5992: checking for fcntl
configure:6042: /home/zengyao/DT_Hybrid_GPL_1.00.052/DT-W724V-20140311/output/host/usr/bin/mips-unknown-linux-uclibc-gcc -o conftest -fno-strict-aliasing -pthread -D_POSIX_THREAD_SAFE_FUNCTIONS  -I/home/zengyao/DT_Hybrid_GPL_1.00.052/DT-W724V-20140311/output/host/usr/mips-unknown-linux-uclibc/sysroot/usr/include -lgplutil conftest.c -losipparser2 -losip2 -L/home/zengyao/DT_Hybrid_GPL_1.00.052/DT-W724V-20140311/output/host/usr/mips-unknown-linux-uclibc/sysroot/usr/lib   >&5
configure:6045: $? = 0
configure:6048: test -s conftest
configure:6051: $? = 0
configure:6062: result: yes
configure:6081: checking for strncpy
configure:6131: /home/zengyao/DT_Hybrid_GPL_1.00.052/DT-W724V-20140311/output/host/usr/bin/mips-unknown-linux-uclibc-gcc -o conftest -fno-strict-aliasing -pthread -D_POSIX_THREAD_SAFE_FUNCTIONS  -I/home/zengyao/DT_Hybrid_GPL_1.00.052/DT-W724V-20140311/output/host/usr/mips-unknown-linux-uclibc/sysroot/usr/include -lgplutil conftest.c -losipparser2 -losip2 -L/home/zengyao/DT_Hybrid_GPL_1.00.052/DT-W724V-20140311/output/host/usr/mips-unknown-linux-uclibc/sysroot/usr/lib   >&5
configure:6155:6: warning: conflicting types for built-in function 'strncpy' [enabled by default]
configure:6134: $? = 0
configure:6137: test -s conftest
configure:6140: $? = 0
configure:6151: result: yes
configure:6081: checking for strchr
configure:6131: /home/zengyao/DT_Hybrid_GPL_1.00.052/DT-W724V-20140311/output/host/usr/bin/mips-unknown-linux-uclibc-gcc -o conftest -fno-strict-aliasing -pthread -D_POSIX_THREAD_SAFE_FUNCTIONS  -I/home/zengyao/DT_Hybrid_GPL_1.00.052/DT-W724V-20140311/output/host/usr/mips-unknown-linux-uclibc/sysroot/usr/include -lgplutil conftest.c -losipparser2 -losip2 -L/home/zengyao/DT_Hybrid_GPL_1.00.052/DT-W724V-20140311/output/host/usr/mips-unknown-linux-uclibc/sysroot/usr/lib   >&5
configure:6156:6: warning: conflicting types for built-in function 'strchr' [enabled by default]
configure:6134: $? = 0
configure:6137: test -s conftest
configure:6140: $? = 0
configure:6151: result: yes
configure:6081: checking for strstr
configure:6131: /home/zengyao/DT_Hybrid_GPL_1.00.052/DT-W724V-20140311/output/host/usr/bin/mips-unknown-linux-uclibc-gcc -o conftest -fno-strict-aliasing -pthread -D_POSIX_THREAD_SAFE_FUNCTIONS  -I/home/zengyao/DT_Hybrid_GPL_1.00.052/DT-W724V-20140311/output/host/usr/mips-unknown-linux-uclibc/sysroot/usr/include -lgplutil conftest.c -losipparser2 -losip2 -L/home/zengyao/DT_Hybrid_GPL_1.00.052/DT-W724V-20140311/output/host/usr/mips-unknown-linux-uclibc/sysroot/usr/lib   >&5
configure:6157:6: warning: conflicting types for built-in function 'strstr' [enabled by default]
configure:6134: $? = 0
configure:6137: test -s conftest
configure:6140: $? = 0
configure:6151: result: yes
configure:6081: checking for sprintf
configure:6131: /home/zengyao/DT_Hybrid_GPL_1.00.052/DT-W724V-20140311/output/host/usr/bin/mips-unknown-linux-uclibc-gcc -o conftest -fno-strict-aliasing -pthread -D_POSIX_THREAD_SAFE_FUNCTIONS  -I/home/zengyao/DT_Hybrid_GPL_1.00.052/DT-W724V-20140311/output/host/usr/mips-unknown-linux-uclibc/sysroot/usr/include -lgplutil conftest.c -losipparser2 -losip2 -L/home/zengyao/DT_Hybrid_GPL_1.00.052/DT-W724V-20140311/output/host/usr/mips-unknown-linux-uclibc/sysroot/usr/lib   >&5
configure:6158:6: warning: conflicting types for built-in function 'sprintf' [enabled by default]
configure:6134: $? = 0
configure:6137: test -s conftest
configure:6140: $? = 0
configure:6151: result: yes
configure:6081: checking for vfprintf
configure:6131: /home/zengyao/DT_Hybrid_GPL_1.00.052/DT-W724V-20140311/output/host/usr/bin/mips-unknown-linux-uclibc-gcc -o conftest -fno-strict-aliasing -pthread -D_POSIX_THREAD_SAFE_FUNCTIONS  -I/home/zengyao/DT_Hybrid_GPL_1.00.052/DT-W724V-20140311/output/host/usr/mips-unknown-linux-uclibc/sysroot/usr/include -lgplutil conftest.c -losipparser2 -losip2 -L/home/zengyao/DT_Hybrid_GPL_1.00.052/DT-W724V-20140311/output/host/usr/mips-unknown-linux-uclibc/sysroot/usr/lib   >&5
configure:6159:6: warning: conflicting types for built-in function 'vfprintf' [enabled by default]
configure:6134: $? = 0
configure:6137: test -s conftest
configure:6140: $? = 0
configure:6151: result: yes
configure:6081: checking for vsnprintf
configure:6131: /home/zengyao/DT_Hybrid_GPL_1.00.052/DT-W724V-20140311/output/host/usr/bin/mips-unknown-linux-uclibc-gcc -o conftest -fno-strict-aliasing -pthread -D_POSIX_THREAD_SAFE_FUNCTIONS  -I/home/zengyao/DT_Hybrid_GPL_1.00.052/DT-W724V-20140311/output/host/usr/mips-unknown-linux-uclibc/sysroot/usr/include -lgplutil conftest.c -losipparser2 -losip2 -L/home/zengyao/DT_Hybrid_GPL_1.00.052/DT-W724V-20140311/output/host/usr/mips-unknown-linux-uclibc/sysroot/usr/lib   >&5
configure:6160:6: warning: conflicting types for built-in function 'vsnprintf' [enabled by default]
configure:6134: $? = 0
configure:6137: test -s conftest
configure:6140: $? = 0
configure:6151: result: yes
configure:6166: checking for listen
configure:6216: /home/zengyao/DT_Hybrid_GPL_1.00.052/DT-W724V-20140311/output/host/usr/bin/mips-unknown-linux-uclibc-gcc -o conftest -fno-strict-aliasing -pthread -D_POSIX_THREAD_SAFE_FUNCTIONS  -I/home/zengyao/DT_Hybrid_GPL_1.00.052/DT-W724V-20140311/output/host/usr/mips-unknown-linux-uclibc/sysroot/usr/include -lgplutil conftest.c -losipparser2 -losip2 -L/home/zengyao/DT_Hybrid_GPL_1.00.052/DT-W724V-20140311/output/host/usr/mips-unknown-linux-uclibc/sysroot/usr/lib   >&5
configure:6219: $? = 0
configure:6222: test -s conftest
configure:6225: $? = 0
configure:6236: result: yes
configure:6166: checking for accept
configure:6216: /home/zengyao/DT_Hybrid_GPL_1.00.052/DT-W724V-20140311/output/host/usr/bin/mips-unknown-linux-uclibc-gcc -o conftest -fno-strict-aliasing -pthread -D_POSIX_THREAD_SAFE_FUNCTIONS  -I/home/zengyao/DT_Hybrid_GPL_1.00.052/DT-W724V-20140311/output/host/usr/mips-unknown-linux-uclibc/sysroot/usr/include -lgplutil conftest.c -losipparser2 -losip2 -L/home/zengyao/DT_Hybrid_GPL_1.00.052/DT-W724V-20140311/output/host/usr/mips-unknown-linux-uclibc/sysroot/usr/lib   >&5
configure:6219: $? = 0
configure:6222: test -s conftest
configure:6225: $? = 0
configure:6236: result: yes
configure:6251: checking for fgets
configure:6301: /home/zengyao/DT_Hybrid_GPL_1.00.052/DT-W724V-20140311/output/host/usr/bin/mips-unknown-linux-uclibc-gcc -o conftest -fno-strict-aliasing -pthread -D_POSIX_THREAD_SAFE_FUNCTIONS  -I/home/zengyao/DT_Hybrid_GPL_1.00.052/DT-W724V-20140311/output/host/usr/mips-unknown-linux-uclibc/sysroot/usr/include -lgplutil conftest.c -losipparser2 -losip2 -L/home/zengyao/DT_Hybrid_GPL_1.00.052/DT-W724V-20140311/output/host/usr/mips-unknown-linux-uclibc/sysroot/usr/lib   >&5
configure:6304: $? = 0
configure:6307: test -s conftest
configure:6310: $? = 0
configure:6321: result: yes
configure:6251: checking for sscanf
configure:6301: /home/zengyao/DT_Hybrid_GPL_1.00.052/DT-W724V-20140311/output/host/usr/bin/mips-unknown-linux-uclibc-gcc -o conftest -fno-strict-aliasing -pthread -D_POSIX_THREAD_SAFE_FUNCTIONS  -I/home/zengyao/DT_Hybrid_GPL_1.00.052/DT-W724V-20140311/output/host/usr/mips-unknown-linux-uclibc/sysroot/usr/include -lgplutil conftest.c -losipparser2 -losip2 -L/home/zengyao/DT_Hybrid_GPL_1.00.052/DT-W724V-20140311/output/host/usr/mips-unknown-linux-uclibc/sysroot/usr/lib   >&5
configure:6334:6: warning: conflicting types for built-in function 'sscanf' [enabled by default]
configure:6304: $? = 0
configure:6307: test -s conftest
configure:6310: $? = 0
configure:6321: result: yes
configure:6335: checking for hstrerror
configure:6385: /home/zengyao/DT_Hybrid_GPL_1.00.052/DT-W724V-20140311/output/host/usr/bin/mips-unknown-linux-uclibc-gcc -o conftest -fno-strict-aliasing -pthread -D_POSIX_THREAD_SAFE_FUNCTIONS  -I/home/zengyao/DT_Hybrid_GPL_1.00.052/DT-W724V-20140311/output/host/usr/mips-unknown-linux-uclibc/sysroot/usr/include -lgplutil conftest.c -losipparser2 -losip2 -L/home/zengyao/DT_Hybrid_GPL_1.00.052/DT-W724V-20140311/output/host/usr/mips-unknown-linux-uclibc/sysroot/usr/lib   >&5
configure:6388: $? = 0
configure:6391: test -s conftest
configure:6394: $? = 0
configure:6405: result: yes
configure:6486: checking for inet_pton
configure:6536: /home/zengyao/DT_Hybrid_GPL_1.00.052/DT-W724V-20140311/output/host/usr/bin/mips-unknown-linux-uclibc-gcc -o conftest -fno-strict-aliasing -pthread -D_POSIX_THREAD_SAFE_FUNCTIONS  -I/home/zengyao/DT_Hybrid_GPL_1.00.052/DT-W724V-20140311/output/host/usr/mips-unknown-linux-uclibc/sysroot/usr/include -lgplutil conftest.c -losipparser2 -losip2 -L/home/zengyao/DT_Hybrid_GPL_1.00.052/DT-W724V-20140311/output/host/usr/mips-unknown-linux-uclibc/sysroot/usr/lib   >&5
configure:6539: $? = 0
configure:6542: test -s conftest
configure:6545: $? = 0
configure:6556: result: yes
configure:6486: checking for inet_ntop
configure:6536: /home/zengyao/DT_Hybrid_GPL_1.00.052/DT-W724V-20140311/output/host/usr/bin/mips-unknown-linux-uclibc-gcc -o conftest -fno-strict-aliasing -pthread -D_POSIX_THREAD_SAFE_FUNCTIONS  -I/home/zengyao/DT_Hybrid_GPL_1.00.052/DT-W724V-20140311/output/host/usr/mips-unknown-linux-uclibc/sysroot/usr/include -lgplutil conftest.c -losipparser2 -losip2 -L/home/zengyao/DT_Hybrid_GPL_1.00.052/DT-W724V-20140311/output/host/usr/mips-unknown-linux-uclibc/sysroot/usr/lib   >&5
configure:6539: $? = 0
configure:6542: test -s conftest
configure:6545: $? = 0
configure:6556: result: yes
configure:6486: checking for inet_aton
configure:6536: /home/zengyao/DT_Hybrid_GPL_1.00.052/DT-W724V-20140311/output/host/usr/bin/mips-unknown-linux-uclibc-gcc -o conftest -fno-strict-aliasing -pthread -D_POSIX_THREAD_SAFE_FUNCTIONS  -I/home/zengyao/DT_Hybrid_GPL_1.00.052/DT-W724V-20140311/output/host/usr/mips-unknown-linux-uclibc/sysroot/usr/include -lgplutil conftest.c -losipparser2 -losip2 -L/home/zengyao/DT_Hybrid_GPL_1.00.052/DT-W724V-20140311/output/host/usr/mips-unknown-linux-uclibc/sysroot/usr/lib   >&5
configure:6539: $? = 0
configure:6542: test -s conftest
configure:6545: $? = 0
configure:6556: result: yes
configure:6486: checking for inet_ntoa
configure:6536: /home/zengyao/DT_Hybrid_GPL_1.00.052/DT-W724V-20140311/output/host/usr/bin/mips-unknown-linux-uclibc-gcc -o conftest -fno-strict-aliasing -pthread -D_POSIX_THREAD_SAFE_FUNCTIONS  -I/home/zengyao/DT_Hybrid_GPL_1.00.052/DT-W724V-20140311/output/host/usr/mips-unknown-linux-uclibc/sysroot/usr/include -lgplutil conftest.c -losipparser2 -losip2 -L/home/zengyao/DT_Hybrid_GPL_1.00.052/DT-W724V-20140311/output/host/usr/mips-unknown-linux-uclibc/sysroot/usr/lib   >&5
configure:6539: $? = 0
configure:6542: test -s conftest
configure:6545: $? = 0
configure:6556: result: yes
configure:6571: checking for pthread_setschedparam
configure:6621: /home/zengyao/DT_Hybrid_GPL_1.00.052/DT-W724V-20140311/output/host/usr/bin/mips-unknown-linux-uclibc-gcc -o conftest -fno-strict-aliasing -pthread -D_POSIX_THREAD_SAFE_FUNCTIONS  -I/home/zengyao/DT_Hybrid_GPL_1.00.052/DT-W724V-20140311/output/host/usr/mips-unknown-linux-uclibc/sysroot/usr/include -lgplutil conftest.c -losipparser2 -losip2 -L/home/zengyao/DT_Hybrid_GPL_1.00.052/DT-W724V-20140311/output/host/usr/mips-unknown-linux-uclibc/sysroot/usr/lib   >&5
configure:6624: $? = 0
configure:6627: test -s conftest
configure:6630: $? = 0
configure:6641: result: yes
configure:6571: checking for sched_get_priority_min
configure:6621: /home/zengyao/DT_Hybrid_GPL_1.00.052/DT-W724V-20140311/output/host/usr/bin/mips-unknown-linux-uclibc-gcc -o conftest -fno-strict-aliasing -pthread -D_POSIX_THREAD_SAFE_FUNCTIONS  -I/home/zengyao/DT_Hybrid_GPL_1.00.052/DT-W724V-20140311/output/host/usr/mips-unknown-linux-uclibc/sysroot/usr/include -lgplutil conftest.c -losipparser2 -losip2 -L/home/zengyao/DT_Hybrid_GPL_1.00.052/DT-W724V-20140311/output/host/usr/mips-unknown-linux-uclibc/sysroot/usr/lib   >&5
configure:6624: $? = 0
configure:6627: test -s conftest
configure:6630: $? = 0
configure:6641: result: yes
configure:6655: checking for sched_get_priority_max
configure:6705: /home/zengyao/DT_Hybrid_GPL_1.00.052/DT-W724V-20140311/output/host/usr/bin/mips-unknown-linux-uclibc-gcc -o conftest -fno-strict-aliasing -pthread -D_POSIX_THREAD_SAFE_FUNCTIONS  -I/home/zengyao/DT_Hybrid_GPL_1.00.052/DT-W724V-20140311/output/host/usr/mips-unknown-linux-uclibc/sysroot/usr/include -lgplutil conftest.c -losipparser2 -losip2 -L/home/zengyao/DT_Hybrid_GPL_1.00.052/DT-W724V-20140311/output/host/usr/mips-unknown-linux-uclibc/sysroot/usr/lib   >&5
configure:6708: $? = 0
configure:6711: test -s conftest
configure:6714: $? = 0
configure:6725: result: yes
configure:6866: creating ./config.status

## ---------------------- ##
## Running config.status. ##
## ---------------------- ##

This file was extended by config.status, which was
generated by GNU Autoconf 2.57.  Invocation command line was

  CONFIG_FILES    = 
  CONFIG_HEADERS  = 
  CONFIG_LINKS    = 
  CONFIG_COMMANDS = 
  $ ./config.status 

on linux-6g7k

config.status:678: creating siproxd.spec
config.status:678: creating Makefile
config.status:678: creating src/Makefile
config.status:678: creating doc/Makefile
config.status:678: creating scripts/Makefile
config.status:678: creating contrib/Makefile
config.status:782: creating config.h
config.status:1131: executing depfiles commands

## ---------------- ##
## Cache variables. ##
## ---------------- ##

ac_cv_build=i686-pc-linux-gnu
ac_cv_build_alias=i686-pc-linux-gnu
ac_cv_c_compiler_gnu=yes
ac_cv_c_const=yes
ac_cv_env_CC_set=set
ac_cv_env_CC_value=/home/zengyao/DT_Hybrid_GPL_1.00.052/DT-W724V-20140311/output/host/usr/bin/mips-unknown-linux-uclibc-gcc
ac_cv_env_CFLAGS_set=set
ac_cv_env_CFLAGS_value=-fno-strict-aliasing
ac_cv_env_CPPFLAGS_set=
ac_cv_env_CPPFLAGS_value=
ac_cv_env_CPP_set=set
ac_cv_env_CPP_value=/home/zengyao/DT_Hybrid_GPL_1.00.052/DT-W724V-20140311/output/host/usr/bin/mips-unknown-linux-uclibc-cpp
ac_cv_env_LDFLAGS_set=set
ac_cv_env_LDFLAGS_value=-lgplutil
ac_cv_env_build_alias_set=
ac_cv_env_build_alias_value=
ac_cv_env_host_alias_set=set
ac_cv_env_host_alias_value=mips-linux
ac_cv_env_target_alias_set=
ac_cv_env_target_alias_value=
ac_cv_exeext=
ac_cv_func__doprnt=no
ac_cv_func_accept=yes
ac_cv_func_bind=yes
ac_cv_func_chroot=yes
ac_cv_func_fcntl=yes
ac_cv_func_fgets=yes
ac_cv_func_getgid=yes
ac_cv_func_gethostbyname=yes
ac_cv_func_gethostbyname_r=yes
ac_cv_func_getopt_long=yes
ac_cv_func_getpwnam=yes
ac_cv_func_getuid=yes
ac_cv_func_hstrerror=yes
ac_cv_func_inet_aton=yes
ac_cv_func_inet_ntoa=yes
ac_cv_func_inet_ntop=yes
ac_cv_func_inet_pton=yes
ac_cv_func_listen=yes
ac_cv_func_memcmp_working=no
ac_cv_func_pthread_setschedparam=yes
ac_cv_func_read=yes
ac_cv_func_sched_get_priority_max=yes
ac_cv_func_sched_get_priority_min=yes
ac_cv_func_select=yes
ac_cv_func_send=yes
ac_cv_func_sendto=yes
ac_cv_func_setgid=yes
ac_cv_func_setsid=yes
ac_cv_func_setuid=yes
ac_cv_func_socket=yes
ac_cv_func_sprintf=yes
ac_cv_func_sscanf=yes
ac_cv_func_strchr=yes
ac_cv_func_strerror=yes
ac_cv_func_strncpy=yes
ac_cv_func_strstr=yes
ac_cv_func_syslog=yes
ac_cv_func_vfprintf=yes
ac_cv_func_vprintf=yes
ac_cv_func_vsnprintf=yes
ac_cv_header_errno_h=yes
ac_cv_header_getopt_h=yes
ac_cv_header_inttypes_h=yes
ac_cv_header_memory_h=yes
ac_cv_header_netdb_h=yes
ac_cv_header_pwd_h=yes
ac_cv_header_stdarg_h=yes
ac_cv_header_stdc=yes
ac_cv_header_stdint_h=yes
ac_cv_header_stdlib_h=yes
ac_cv_header_string_h=yes
ac_cv_header_strings_h=yes
ac_cv_header_sys_socket_h=yes
ac_cv_header_sys_stat_h=yes
ac_cv_header_sys_time_h=yes
ac_cv_header_sys_types_h=yes
ac_cv_header_time=yes
ac_cv_header_unistd_h=yes
ac_cv_header_varargs_h=no
ac_cv_host=mips-unknown-linux-gnu
ac_cv_host_alias=mips-linux
ac_cv_lib_osip2_osip_init=yes
ac_cv_lib_osipparser2_parser_init=yes
ac_cv_objext=o
ac_cv_path_install='/usr/bin/install -c'
ac_cv_prog_AWK=gawk
ac_cv_prog_CC=/home/zengyao/DT_Hybrid_GPL_1.00.052/DT-W724V-20140311/output/host/usr/bin/mips-unknown-linux-uclibc-gcc
ac_cv_prog_CPP=/home/zengyao/DT_Hybrid_GPL_1.00.052/DT-W724V-20140311/output/host/usr/bin/mips-unknown-linux-uclibc-cpp
ac_cv_prog_PTHREAD_CC=/home/zengyao/DT_Hybrid_GPL_1.00.052/DT-W724V-20140311/output/host/usr/bin/mips-unknown-linux-uclibc-gcc
ac_cv_prog_RANLIB=/home/zengyao/DT_Hybrid_GPL_1.00.052/DT-W724V-20140311/output/host/usr/bin/mips-unknown-linux-uclibc-ranlib
ac_cv_prog_STRIP=/home/zengyao/DT_Hybrid_GPL_1.00.052/DT-W724V-20140311/output/host/usr/bin/mips-unknown-linux-uclibc-strip
ac_cv_prog_cc_g=yes
ac_cv_prog_cc_stdc=
ac_cv_prog_egrep='grep -E'
ac_cv_prog_make_make_set=yes
ac_cv_struct_tm=time.h
ac_cv_target=mips-unknown-linux-gnu
ac_cv_target_alias=mips-linux
ac_cv_type_size_t=yes
ac_cv_type_socklen_t=yes
am_cv_CC_dependencies_compiler_type=gcc3

## ----------------- ##
## Output variables. ##
## ----------------- ##

ACLOCAL='${SHELL} /home/zengyao/DT_Hybrid_GPL_1.00.052/DT-W724V-20140311/output/build/siproxd-dt/siproxd/scripts/missing --run aclocal-1.7'
AMDEPBACKSLASH='\'
AMDEP_FALSE='#'
AMDEP_TRUE=''
AMTAR='${SHELL} /home/zengyao/DT_Hybrid_GPL_1.00.052/DT-W724V-20140311/output/build/siproxd-dt/siproxd/scripts/missing --run tar'
AUTOCONF='${SHELL} /home/zengyao/DT_Hybrid_GPL_1.00.052/DT-W724V-20140311/output/build/siproxd-dt/siproxd/scripts/missing --run autoconf'
AUTOHEADER='${SHELL} /home/zengyao/DT_Hybrid_GPL_1.00.052/DT-W724V-20140311/output/build/siproxd-dt/siproxd/scripts/missing --run autoheader'
AUTOMAKE='${SHELL} /home/zengyao/DT_Hybrid_GPL_1.00.052/DT-W724V-20140311/output/build/siproxd-dt/siproxd/scripts/missing --run automake-1.7'
AWK='gawk'
CC='/home/zengyao/DT_Hybrid_GPL_1.00.052/DT-W724V-20140311/output/host/usr/bin/mips-unknown-linux-uclibc-gcc'
CCDEPMODE='depmode=gcc3'
CFLAGS='-fno-strict-aliasing -pthread -D_POSIX_THREAD_SAFE_FUNCTIONS'
CPP='/home/zengyao/DT_Hybrid_GPL_1.00.052/DT-W724V-20140311/output/host/usr/bin/mips-unknown-linux-uclibc-cpp'
CPPFLAGS=' -I/home/zengyao/DT_Hybrid_GPL_1.00.052/DT-W724V-20140311/output/host/usr/mips-unknown-linux-uclibc/sysroot/usr/include'
CYGPATH_W='echo'
DEFS='-DHAVE_CONFIG_H'
DEPDIR='.deps'
ECHO_C=''
ECHO_N='-n'
ECHO_T=''
EGREP='grep -E'
EXEEXT=''
INSTALL_DATA='${INSTALL} -m 644'
INSTALL_PROGRAM='${INSTALL}'
INSTALL_SCRIPT='${INSTALL}'
INSTALL_STRIP_PROGRAM='${SHELL} $(install_sh) -c -s'
LDFLAGS='-lgplutil'
LIBOBJS=' memcmp$U.o'
LIBS='-losipparser2 -losip2 -L/home/zengyao/DT_Hybrid_GPL_1.00.052/DT-W724V-20140311/output/host/usr/mips-unknown-linux-uclibc/sysroot/usr/lib   '
LN_S='ln -s'
LTLIBOBJS=' memcmp$U.lo'
MAKEINFO='${SHELL} /home/zengyao/DT_Hybrid_GPL_1.00.052/DT-W724V-20140311/output/build/siproxd-dt/siproxd/scripts/missing --run makeinfo'
OBJEXT='o'
PACKAGE='siproxd'
PACKAGE_BUGREPORT=''
PACKAGE_NAME=''
PACKAGE_STRING=''
PACKAGE_TARNAME=''
PACKAGE_VERSION=''
PATH_SEPARATOR=':'
PTHREAD_CC='/home/zengyao/DT_Hybrid_GPL_1.00.052/DT-W724V-20140311/output/host/usr/bin/mips-unknown-linux-uclibc-gcc'
PTHREAD_CFLAGS='-pthread'
PTHREAD_LIBS=''
RANLIB='/home/zengyao/DT_Hybrid_GPL_1.00.052/DT-W724V-20140311/output/host/usr/bin/mips-unknown-linux-uclibc-ranlib'
SET_MAKE=''
SHELL='/bin/sh'
STRIP='/home/zengyao/DT_Hybrid_GPL_1.00.052/DT-W724V-20140311/output/host/usr/bin/mips-unknown-linux-uclibc-strip'
VERSION='0.5.10'
ac_ct_CC=''
ac_ct_RANLIB=''
ac_ct_STRIP=''
am__fastdepCC_FALSE='#'
am__fastdepCC_TRUE=''
am__include='include'
am__leading_dot='.'
am__quote=''
bindir='${exec_prefix}/bin'
build='i686-pc-linux-gnu'
build_alias=''
build_cpu='i686'
build_os='linux-gnu'
build_vendor='pc'
datadir='${prefix}/share'
exec_prefix='${prefix}'
extra_includes=''
extra_libs=''
host='mips-unknown-linux-gnu'
host_alias='mips-linux'
host_cpu='mips'
host_os='linux-gnu'
host_vendor='unknown'
includedir='/home/zengyao/DT_Hybrid_GPL_1.00.052/DT-W724V-20140311/output/host/usr/mips-unknown-linux-uclibc/sysroot/usr/include'
infodir='${prefix}/info'
install_sh='/home/zengyao/DT_Hybrid_GPL_1.00.052/DT-W724V-20140311/output/build/siproxd-dt/siproxd/scripts/install-sh'
libdir='${exec_prefix}/lib'
libexecdir='${exec_prefix}/libexec'
libosip_prefix_dir='/home/zengyao/DT_Hybrid_GPL_1.00.052/DT-W724V-20140311/output/host/usr/mips-unknown-linux-uclibc/sysroot/usr'
localstatedir='${prefix}/var'
mandir='${prefix}/man'
oldincludedir='/usr/include'
prefix='/usr/local'
program_transform_name='s,x,x,'
sbindir='${exec_prefix}/sbin'
sharedstatedir='${prefix}/com'
sysconfdir='${prefix}/etc'
target='mips-unknown-linux-gnu'
target_alias=''
target_cpu='mips'
target_os='linux-gnu'
target_vendor='unknown'

## ----------- ##
## confdefs.h. ##
## ----------- ##

#define HAVE_ACCEPT 1
#define HAVE_BIND 1
#define HAVE_CHROOT 1
#define HAVE_ERRNO_H 1
#define HAVE_FCNTL 1
#define HAVE_FGETS 1
#define HAVE_FUNC_GETHOSTBYNAME_R_6
#define HAVE_GETGID 1
#define HAVE_GETHOSTBYNAME 1
#define HAVE_GETOPT_H 1
#define HAVE_GETOPT_LONG 1
#define HAVE_GETPWNAM 1
#define HAVE_GETUID 1
#define HAVE_HSTRERROR 1
#define HAVE_INET_ATON 1
#define HAVE_INET_NTOA 1
#define HAVE_INET_NTOP 1
#define HAVE_INET_PTON 1
#define HAVE_INTTYPES_H 1
#define HAVE_LIBOSIP2 1
#define HAVE_LIBOSIPPARSER2 1
#define HAVE_LISTEN 1
#define HAVE_MEMORY_H 1
#define HAVE_NETDB_H 1
#define HAVE_PTHREAD 1
#define HAVE_PTHREAD_SETSCHEDPARAM 1
#define HAVE_PWD_H 1
#define HAVE_READ 1
#define HAVE_SCHED_GET_PRIORITY_MAX 1
#define HAVE_SCHED_GET_PRIORITY_MIN 1
#define HAVE_SELECT 1
#define HAVE_SEND 1
#define HAVE_SENDTO 1
#define HAVE_SETGID 1
#define HAVE_SETSID 1
#define HAVE_SETUID 1
#define HAVE_SOCKET 1
#define HAVE_SPRINTF 1
#define HAVE_SSCANF 1
#define HAVE_STDARG_H 1
#define HAVE_STDINT_H 1
#define HAVE_STDLIB_H 1
#define HAVE_STRCHR 1
#define HAVE_STRERROR 1
#define HAVE_STRINGS_H 1
#define HAVE_STRING_H 1
#define HAVE_STRNCPY 1
#define HAVE_STRSTR 1
#define HAVE_SYSLOG 1
#define HAVE_SYS_SOCKET_H 1
#define HAVE_SYS_STAT_H 1
#define HAVE_SYS_TIME_H 1
#define HAVE_SYS_TYPES_H 1
#define HAVE_UNISTD_H 1
#define HAVE_VFPRINTF 1
#define HAVE_VPRINTF 1
#define HAVE_VSNPRINTF 1
#define PACKAGE "siproxd"
#define PACKAGE_BUGREPORT ""
#define PACKAGE_NAME ""
#define PACKAGE_STRING ""
#define PACKAGE_TARNAME ""
#define PACKAGE_VERSION ""
#define SIPROXDCONFPATH "NONE/etc"
#define STDC_HEADERS 1
#define TIME_WITH_SYS_TIME 1
#define UNAME "mips-unknown-linux-gnu"
#define VERSION "0.5.10"
#define _LINUX

configure: exit 0
