This file contains any messages produced by compilers while
running configure, to aid debugging if configure makes a mistake.

It was created by fakeroot configure 1.9.5, which was
generated by GNU Autoconf 2.61.  Invocation command line was

  $ ./configure --prefix=/home/zengyao/DT_Hybrid_GPL_1.00.052/Hybrid_security_baseline/output/host/usr --sysconfdir=/home/zengyao/DT_Hybrid_GPL_1.00.052/Hybrid_security_baseline/output/host/etc --enable-shared --disable-static

## --------- ##
## Platform. ##
## --------- ##

hostname = linux-6g7k
uname -m = i686
uname -r = 2.6.32.12-0.7-pae
uname -s = Linux
uname -v = #1 SMP 2010-05-20 11:14:20 +0200

/usr/bin/uname -p = unknown
/bin/uname -X     = unknown

/bin/arch              = i686
/usr/bin/arch -k       = unknown
/usr/convex/getsysinfo = unknown
/usr/bin/hostinfo      = unknown
/bin/machine           = unknown
/usr/bin/oslevel       = unknown
/bin/universe          = unknown

PATH: /home/zengyao/DT_Hybrid_GPL_1.00.052/Hybrid_security_baseline/output/host/bin
PATH: /home/zengyao/DT_Hybrid_GPL_1.00.052/Hybrid_security_baseline/output/host/usr/bin
PATH: /home/shenqingzi/bin
PATH: /home/zengyao/bin
PATH: /usr/local/bin
PATH: /usr/bin
PATH: /bin
PATH: /usr/bin/X11
PATH: /usr/X11R6/bin
PATH: /usr/games
PATH: /opt/kde3/bin
PATH: /usr/lib/jvm/jre/bin
PATH: /usr/lib/mit/bin
PATH: /usr/lib/mit/sbin
PATH: /home/zengyao/DT_Hybrid_GPL_1.00.052/Hybrid_security_baseline/output/host/usr/bin


## ----------- ##
## Core tests. ##
## ----------- ##

configure:1979: checking build system type
configure:1997: result: i686-pc-linux-gnu
configure:2019: checking host system type
configure:2034: result: i686-pc-linux-gnu
configure:2056: checking target system type
configure:2071: result: i686-pc-linux-gnu
configure:2114: checking for a BSD-compatible install
configure:2170: result: /usr/bin/install -c
configure:2181: checking whether build environment is sane
configure:2224: result: yes
configure:2252: checking for a thread-safe mkdir -p
configure:2291: result: /bin/mkdir -p
configure:2304: checking for gawk
configure:2320: found /usr/bin/gawk
configure:2331: result: gawk
configure:2342: checking whether make sets $(MAKE)
configure:2363: result: yes
configure:2551: checking whether to enable maintainer-specific portions of Makefiles
configure:2560: result: no
configure:2575: checking whether make sets $(MAKE)
configure:2596: result: yes
configure:2642: checking for style of include used by make
configure:2670: result: GNU
configure:2740: checking for gcc
configure:2767: result: /usr/bin/gcc
configure:3005: checking for C compiler version
configure:3012: /usr/bin/gcc --version >&5
gcc (SUSE Linux) 4.3.4 [gcc-4_3-branch revision 152973]
Copyright (C) 2008 Free Software Foundation, Inc.
This is free software; see the source for copying conditions.  There is NO
warranty; not even for MERCHANTABILITY or FITNESS FOR A PARTICULAR PURPOSE.

configure:3015: $? = 0
configure:3022: /usr/bin/gcc -v >&5
Using built-in specs.
Target: i586-suse-linux
Configured with: ../configure --prefix=/usr --infodir=/usr/share/info --mandir=/usr/share/man --libdir=/usr/lib --libexecdir=/usr/lib --enable-languages=c,c++,objc,fortran,obj-c++,java,ada --enable-checking=release --with-gxx-include-dir=/usr/include/c++/4.3 --enable-ssp --disable-libssp --with-bugurl=http://bugs.opensuse.org/ --with-pkgversion='SUSE Linux' --disable-libgcj --disable-libmudflap --with-slibdir=/lib --with-system-zlib --enable-__cxa_atexit --enable-libstdcxx-allocator=new --disable-libstdcxx-pch --enable-version-specific-runtime-libs --program-suffix=-4.3 --enable-linux-futex --without-system-libunwind --with-cpu=generic --build=i586-suse-linux
Thread model: posix
gcc version 4.3.4 [gcc-4_3-branch revision 152973] (SUSE Linux) 
configure:3025: $? = 0
configure:3032: /usr/bin/gcc -V >&5
gcc: '-V' option must have argument
configure:3035: $? = 1
configure:3058: checking for C compiler default output file name
configure:3085: /usr/bin/gcc -O2 -I/home/zengyao/DT_Hybrid_GPL_1.00.052/Hybrid_security_baseline/output/host/include -I/home/zengyao/DT_Hybrid_GPL_1.00.052/Hybrid_security_baseline/output/host/usr/include  -L/home/zengyao/DT_Hybrid_GPL_1.00.052/Hybrid_security_baseline/output/host/lib -L/home/zengyao/DT_Hybrid_GPL_1.00.052/Hybrid_security_baseline/output/host/usr/lib -Wl,-rpath,/home/zengyao/DT_Hybrid_GPL_1.00.052/Hybrid_security_baseline/output/host/usr/lib conftest.c  >&5
configure:3088: $? = 0
configure:3126: result: a.out
configure:3143: checking whether the C compiler works
configure:3153: ./a.out
configure:3156: $? = 0
configure:3173: result: yes
configure:3180: checking whether we are cross compiling
configure:3182: result: no
configure:3185: checking for suffix of executables
configure:3192: /usr/bin/gcc -o conftest -O2 -I/home/zengyao/DT_Hybrid_GPL_1.00.052/Hybrid_security_baseline/output/host/include -I/home/zengyao/DT_Hybrid_GPL_1.00.052/Hybrid_security_baseline/output/host/usr/include  -L/home/zengyao/DT_Hybrid_GPL_1.00.052/Hybrid_security_baseline/output/host/lib -L/home/zengyao/DT_Hybrid_GPL_1.00.052/Hybrid_security_baseline/output/host/usr/lib -Wl,-rpath,/home/zengyao/DT_Hybrid_GPL_1.00.052/Hybrid_security_baseline/output/host/usr/lib conftest.c  >&5
configure:3195: $? = 0
configure:3219: result: 
configure:3225: checking for suffix of object files
configure:3251: /usr/bin/gcc -c -O2 -I/home/zengyao/DT_Hybrid_GPL_1.00.052/Hybrid_security_baseline/output/host/include -I/home/zengyao/DT_Hybrid_GPL_1.00.052/Hybrid_security_baseline/output/host/usr/include  conftest.c >&5
configure:3254: $? = 0
configure:3277: result: o
configure:3281: checking whether we are using the GNU C compiler
configure:3310: /usr/bin/gcc -c -O2 -I/home/zengyao/DT_Hybrid_GPL_1.00.052/Hybrid_security_baseline/output/host/include -I/home/zengyao/DT_Hybrid_GPL_1.00.052/Hybrid_security_baseline/output/host/usr/include  conftest.c >&5
configure:3316: $? = 0
configure:3333: result: yes
configure:3338: checking whether /usr/bin/gcc accepts -g
configure:3368: /usr/bin/gcc -c -g  conftest.c >&5
configure:3374: $? = 0
configure:3473: result: yes
configure:3490: checking for /usr/bin/gcc option to accept ISO C89
configure:3564: /usr/bin/gcc  -c -O2 -I/home/zengyao/DT_Hybrid_GPL_1.00.052/Hybrid_security_baseline/output/host/include -I/home/zengyao/DT_Hybrid_GPL_1.00.052/Hybrid_security_baseline/output/host/usr/include  conftest.c >&5
configure:3570: $? = 0
configure:3593: result: none needed
configure:3613: checking dependency style of /usr/bin/gcc
configure:3704: result: gcc3
configure:3719: checking for a sed that does not truncate output
configure:3798: result: /usr/bin/sed
configure:3816: checking for grep that handles long lines and -e
configure:3890: result: /usr/bin/grep
configure:3895: checking for egrep
configure:3973: result: /usr/bin/grep -E
configure:3978: checking for fgrep
configure:4056: result: /usr/bin/grep -F
configure:4091: checking for ld used by /usr/bin/gcc
configure:4158: result: /usr/bin/ld
configure:4167: checking if the linker (/usr/bin/ld) is GNU ld
configure:4182: result: yes
configure:4194: checking for BSD- or MS-compatible name lister (nm)
configure:4243: result: /usr/bin/nm
configure:4365: checking the name lister (/usr/bin/nm) interface
configure:4372: /usr/bin/gcc -c -O2 -I/home/zengyao/DT_Hybrid_GPL_1.00.052/Hybrid_security_baseline/output/host/include -I/home/zengyao/DT_Hybrid_GPL_1.00.052/Hybrid_security_baseline/output/host/usr/include  conftest.c >&5
configure:4375: /usr/bin/nm "conftest.o"
configure:4378: output
00000000 B some_variable
configure:4385: result: BSD nm
configure:4388: checking whether ln -s works
configure:4392: result: yes
configure:4400: checking the maximum length of command line arguments
configure:4520: result: 805306365
configure:4537: checking whether the shell understands some XSI constructs
configure:4545: result: yes
configure:4549: checking whether the shell understands "+="
configure:4555: result: yes
configure:4590: checking for /usr/bin/ld option to reload object files
configure:4597: result: -r
configure:4624: checking how to recognize dependent libraries
configure:4814: result: pass_all
configure:4874: checking for ar
configure:4901: result: /usr/bin/ar
configure:4983: checking for strip
configure:5010: result: /opt/toolchain_hisi/arm-hsan-linux-uclibcgnueabi/bin/arm-hsan-linux-uclibcgnueabi-strip
configure:5086: checking for ranlib
configure:5113: result: /opt/toolchain_hisi/arm-hsan-linux-uclibcgnueabi/bin/arm-hsan-linux-uclibcgnueabi-ranlib
configure:5207: checking command to parse /usr/bin/nm output from /usr/bin/gcc object
configure:5325: /usr/bin/gcc -c -O2 -I/home/zengyao/DT_Hybrid_GPL_1.00.052/Hybrid_security_baseline/output/host/include -I/home/zengyao/DT_Hybrid_GPL_1.00.052/Hybrid_security_baseline/output/host/usr/include  conftest.c >&5
configure:5328: $? = 0
configure:5332: /usr/bin/nm conftest.o \| sed -n -e 's/^.*[	 ]\([ABCDGIRSTW][ABCDGIRSTW]*\)[	 ][	 ]*\([_A-Za-z][_A-Za-z0-9]*\)$/\1 \2 \2/p' \> conftest.nm
configure:5335: $? = 0
configure:5389: /usr/bin/gcc -o conftest -O2 -I/home/zengyao/DT_Hybrid_GPL_1.00.052/Hybrid_security_baseline/output/host/include -I/home/zengyao/DT_Hybrid_GPL_1.00.052/Hybrid_security_baseline/output/host/usr/include  -L/home/zengyao/DT_Hybrid_GPL_1.00.052/Hybrid_security_baseline/output/host/lib -L/home/zengyao/DT_Hybrid_GPL_1.00.052/Hybrid_security_baseline/output/host/usr/lib -Wl,-rpath,/home/zengyao/DT_Hybrid_GPL_1.00.052/Hybrid_security_baseline/output/host/usr/lib conftest.c conftstm.o >&5
configure:5392: $? = 0
configure:5430: result: ok
configure:6006: checking how to run the C preprocessor
configure:6122: result: /usr/bin/cpp
configure:6151: /usr/bin/cpp  conftest.c
configure:6157: $? = 0
configure:6188: /usr/bin/cpp  conftest.c
conftest.c:10:28: error: ac_nonexistent.h: No such file or directory
configure:6194: $? = 1
configure: failed program was:
| /* confdefs.h.  */
| #define PACKAGE_NAME "fakeroot"
| #define PACKAGE_TARNAME "fakeroot"
| #define PACKAGE_VERSION "1.9.5"
| #define PACKAGE_STRING "fakeroot 1.9.5"
| #define PACKAGE_BUGREPORT "schizo@debian.org"
| #define PACKAGE "fakeroot"
| #define VERSION "1.9.5"
| /* end confdefs.h.  */
| #include <ac_nonexistent.h>
configure:6232: checking for ANSI C header files
configure:6262: /usr/bin/gcc -c -O2 -I/home/zengyao/DT_Hybrid_GPL_1.00.052/Hybrid_security_baseline/output/host/include -I/home/zengyao/DT_Hybrid_GPL_1.00.052/Hybrid_security_baseline/output/host/usr/include  conftest.c >&5
configure:6268: $? = 0
configure:6367: /usr/bin/gcc -o conftest -O2 -I/home/zengyao/DT_Hybrid_GPL_1.00.052/Hybrid_security_baseline/output/host/include -I/home/zengyao/DT_Hybrid_GPL_1.00.052/Hybrid_security_baseline/output/host/usr/include  -L/home/zengyao/DT_Hybrid_GPL_1.00.052/Hybrid_security_baseline/output/host/lib -L/home/zengyao/DT_Hybrid_GPL_1.00.052/Hybrid_security_baseline/output/host/usr/lib -Wl,-rpath,/home/zengyao/DT_Hybrid_GPL_1.00.052/Hybrid_security_baseline/output/host/usr/lib conftest.c  >&5
configure:6370: $? = 0
configure:6376: ./conftest
configure:6379: $? = 0
configure:6396: result: yes
configure:6420: checking for sys/types.h
configure:6441: /usr/bin/gcc -c -O2 -I/home/zengyao/DT_Hybrid_GPL_1.00.052/Hybrid_security_baseline/output/host/include -I/home/zengyao/DT_Hybrid_GPL_1.00.052/Hybrid_security_baseline/output/host/usr/include  conftest.c >&5
configure:6447: $? = 0
configure:6463: result: yes
configure:6420: checking for sys/stat.h
configure:6441: /usr/bin/gcc -c -O2 -I/home/zengyao/DT_Hybrid_GPL_1.00.052/Hybrid_security_baseline/output/host/include -I/home/zengyao/DT_Hybrid_GPL_1.00.052/Hybrid_security_baseline/output/host/usr/include  conftest.c >&5
configure:6447: $? = 0
configure:6463: result: yes
configure:6420: checking for stdlib.h
configure:6441: /usr/bin/gcc -c -O2 -I/home/zengyao/DT_Hybrid_GPL_1.00.052/Hybrid_security_baseline/output/host/include -I/home/zengyao/DT_Hybrid_GPL_1.00.052/Hybrid_security_baseline/output/host/usr/include  conftest.c >&5
configure:6447: $? = 0
configure:6463: result: yes
configure:6420: checking for string.h
configure:6441: /usr/bin/gcc -c -O2 -I/home/zengyao/DT_Hybrid_GPL_1.00.052/Hybrid_security_baseline/output/host/include -I/home/zengyao/DT_Hybrid_GPL_1.00.052/Hybrid_security_baseline/output/host/usr/include  conftest.c >&5
configure:6447: $? = 0
configure:6463: result: yes
configure:6420: checking for memory.h
configure:6441: /usr/bin/gcc -c -O2 -I/home/zengyao/DT_Hybrid_GPL_1.00.052/Hybrid_security_baseline/output/host/include -I/home/zengyao/DT_Hybrid_GPL_1.00.052/Hybrid_security_baseline/output/host/usr/include  conftest.c >&5
configure:6447: $? = 0
configure:6463: result: yes
configure:6420: checking for strings.h
configure:6441: /usr/bin/gcc -c -O2 -I/home/zengyao/DT_Hybrid_GPL_1.00.052/Hybrid_security_baseline/output/host/include -I/home/zengyao/DT_Hybrid_GPL_1.00.052/Hybrid_security_baseline/output/host/usr/include  conftest.c >&5
configure:6447: $? = 0
configure:6463: result: yes
configure:6420: checking for inttypes.h
configure:6441: /usr/bin/gcc -c -O2 -I/home/zengyao/DT_Hybrid_GPL_1.00.052/Hybrid_security_baseline/output/host/include -I/home/zengyao/DT_Hybrid_GPL_1.00.052/Hybrid_security_baseline/output/host/usr/include  conftest.c >&5
configure:6447: $? = 0
configure:6463: result: yes
configure:6420: checking for stdint.h
configure:6441: /usr/bin/gcc -c -O2 -I/home/zengyao/DT_Hybrid_GPL_1.00.052/Hybrid_security_baseline/output/host/include -I/home/zengyao/DT_Hybrid_GPL_1.00.052/Hybrid_security_baseline/output/host/usr/include  conftest.c >&5
configure:6447: $? = 0
configure:6463: result: yes
configure:6420: checking for unistd.h
configure:6441: /usr/bin/gcc -c -O2 -I/home/zengyao/DT_Hybrid_GPL_1.00.052/Hybrid_security_baseline/output/host/include -I/home/zengyao/DT_Hybrid_GPL_1.00.052/Hybrid_security_baseline/output/host/usr/include  conftest.c >&5
configure:6447: $? = 0
configure:6463: result: yes
configure:6479: checking for dlfcn.h
configure:6500: /usr/bin/gcc -c -O2 -I/home/zengyao/DT_Hybrid_GPL_1.00.052/Hybrid_security_baseline/output/host/include -I/home/zengyao/DT_Hybrid_GPL_1.00.052/Hybrid_security_baseline/output/host/usr/include  conftest.c >&5
configure:6506: $? = 0
configure:6522: result: yes
configure:6706: checking for objdir
configure:6721: result: .libs
configure:7013: checking if /usr/bin/gcc supports -fno-rtti -fno-exceptions
configure:7031: /usr/bin/gcc -c -O2 -I/home/zengyao/DT_Hybrid_GPL_1.00.052/Hybrid_security_baseline/output/host/include -I/home/zengyao/DT_Hybrid_GPL_1.00.052/Hybrid_security_baseline/output/host/usr/include  -fno-rtti -fno-exceptions conftest.c >&5
cc1: warning: command line option "-fno-rtti" is valid for C++/ObjC++ but not for C
configure:7035: $? = 0
configure:7048: result: no
configure:7068: checking for /usr/bin/gcc option to produce PIC
configure:7325: result: -fPIC -DPIC
configure:7337: checking if /usr/bin/gcc PIC flag -fPIC -DPIC works
configure:7355: /usr/bin/gcc -c -O2 -I/home/zengyao/DT_Hybrid_GPL_1.00.052/Hybrid_security_baseline/output/host/include -I/home/zengyao/DT_Hybrid_GPL_1.00.052/Hybrid_security_baseline/output/host/usr/include  -fPIC -DPIC -DPIC conftest.c >&5
configure:7359: $? = 0
configure:7372: result: yes
configure:7396: checking if /usr/bin/gcc static flag -static works
configure:7424: result: yes
configure:7439: checking if /usr/bin/gcc supports -c -o file.o
configure:7460: /usr/bin/gcc -c -O2 -I/home/zengyao/DT_Hybrid_GPL_1.00.052/Hybrid_security_baseline/output/host/include -I/home/zengyao/DT_Hybrid_GPL_1.00.052/Hybrid_security_baseline/output/host/usr/include  -o out/conftest2.o conftest.c >&5
configure:7464: $? = 0
configure:7486: result: yes
configure:7494: checking if /usr/bin/gcc supports -c -o file.o
configure:7541: result: yes
configure:7574: checking whether the /usr/bin/gcc linker (/usr/bin/ld) supports shared libraries
configure:8629: result: yes
configure:8666: checking whether -lc should be explicitly linked in
configure:8671: /usr/bin/gcc -c -O2 -I/home/zengyao/DT_Hybrid_GPL_1.00.052/Hybrid_security_baseline/output/host/include -I/home/zengyao/DT_Hybrid_GPL_1.00.052/Hybrid_security_baseline/output/host/usr/include  conftest.c >&5
configure:8674: $? = 0
configure:8689: /usr/bin/gcc -shared conftest.o  -v -Wl,-soname -Wl,conftest -o conftest 2\>\&1 \| /usr/bin/grep  -lc  \>/dev/null 2\>\&1
configure:8692: $? = 0
configure:8704: result: no
configure:8868: checking dynamic linker characteristics
configure:9311: /usr/bin/gcc -o conftest -O2 -I/home/zengyao/DT_Hybrid_GPL_1.00.052/Hybrid_security_baseline/output/host/include -I/home/zengyao/DT_Hybrid_GPL_1.00.052/Hybrid_security_baseline/output/host/usr/include  -L/home/zengyao/DT_Hybrid_GPL_1.00.052/Hybrid_security_baseline/output/host/lib -L/home/zengyao/DT_Hybrid_GPL_1.00.052/Hybrid_security_baseline/output/host/usr/lib -Wl,-rpath,/home/zengyao/DT_Hybrid_GPL_1.00.052/Hybrid_security_baseline/output/host/usr/lib -Wl,-rpath -Wl,/foo conftest.c  >&5
configure:9317: $? = 0
configure:9559: result: GNU/Linux ld.so
configure:9661: checking how to hardcode library paths into programs
configure:9686: result: immediate
configure:10499: checking whether stripping libraries is possible
configure:10504: result: yes
configure:10539: checking if libtool supports shared libraries
configure:10541: result: yes
configure:10544: checking whether to build shared libraries
configure:10565: result: yes
configure:10568: checking whether to build static libraries
configure:10572: result: no
configure:10621: checking which IPC method to use
configure:10628: result: sysv
configure:10640: checking which database format to use
configure:10647: result: inode
configure:10661: checking for dlopen in -ldl
configure:10696: /usr/bin/gcc -o conftest -O2 -I/home/zengyao/DT_Hybrid_GPL_1.00.052/Hybrid_security_baseline/output/host/include -I/home/zengyao/DT_Hybrid_GPL_1.00.052/Hybrid_security_baseline/output/host/usr/include  -L/home/zengyao/DT_Hybrid_GPL_1.00.052/Hybrid_security_baseline/output/host/lib -L/home/zengyao/DT_Hybrid_GPL_1.00.052/Hybrid_security_baseline/output/host/usr/lib -Wl,-rpath,/home/zengyao/DT_Hybrid_GPL_1.00.052/Hybrid_security_baseline/output/host/usr/lib conftest.c -ldl   >&5
configure:10702: $? = 0
configure:10720: result: yes
configure:10895: checking for dirent.h that defines DIR
configure:10924: /usr/bin/gcc -c -O2 -I/home/zengyao/DT_Hybrid_GPL_1.00.052/Hybrid_security_baseline/output/host/include -I/home/zengyao/DT_Hybrid_GPL_1.00.052/Hybrid_security_baseline/output/host/usr/include  conftest.c >&5
configure:10930: $? = 0
configure:10946: result: yes
configure:10959: checking for library containing opendir
configure:11000: /usr/bin/gcc -o conftest -O2 -I/home/zengyao/DT_Hybrid_GPL_1.00.052/Hybrid_security_baseline/output/host/include -I/home/zengyao/DT_Hybrid_GPL_1.00.052/Hybrid_security_baseline/output/host/usr/include  -L/home/zengyao/DT_Hybrid_GPL_1.00.052/Hybrid_security_baseline/output/host/lib -L/home/zengyao/DT_Hybrid_GPL_1.00.052/Hybrid_security_baseline/output/host/usr/lib -Wl,-rpath,/home/zengyao/DT_Hybrid_GPL_1.00.052/Hybrid_security_baseline/output/host/usr/lib conftest.c -ldl  >&5
configure:11006: $? = 0
configure:11034: result: none required
configure:11128: checking for ANSI C header files
configure:11292: result: yes
configure:11328: checking fcntl.h usability
configure:11345: /usr/bin/gcc -c -O2 -I/home/zengyao/DT_Hybrid_GPL_1.00.052/Hybrid_security_baseline/output/host/include -I/home/zengyao/DT_Hybrid_GPL_1.00.052/Hybrid_security_baseline/output/host/usr/include  conftest.c >&5
configure:11351: $? = 0
configure:11365: result: yes
configure:11369: checking fcntl.h presence
configure:11384: /usr/bin/cpp  conftest.c
configure:11390: $? = 0
configure:11404: result: yes
configure:11437: checking for fcntl.h
configure:11445: result: yes
configure:11318: checking for unistd.h
configure:11324: result: yes
configure:11328: checking features.h usability
configure:11345: /usr/bin/gcc -c -O2 -I/home/zengyao/DT_Hybrid_GPL_1.00.052/Hybrid_security_baseline/output/host/include -I/home/zengyao/DT_Hybrid_GPL_1.00.052/Hybrid_security_baseline/output/host/usr/include  conftest.c >&5
configure:11351: $? = 0
configure:11365: result: yes
configure:11369: checking features.h presence
configure:11384: /usr/bin/cpp  conftest.c
configure:11390: $? = 0
configure:11404: result: yes
configure:11437: checking for features.h
configure:11445: result: yes
configure:11328: checking sys/feature_tests.h usability
configure:11345: /usr/bin/gcc -c -O2 -I/home/zengyao/DT_Hybrid_GPL_1.00.052/Hybrid_security_baseline/output/host/include -I/home/zengyao/DT_Hybrid_GPL_1.00.052/Hybrid_security_baseline/output/host/usr/include  conftest.c >&5
conftest.c:61:31: error: sys/feature_tests.h: No such file or directory
configure:11351: $? = 1
configure: failed program was:
| /* confdefs.h.  */
| #define PACKAGE_NAME "fakeroot"
| #define PACKAGE_TARNAME "fakeroot"
| #define PACKAGE_VERSION "1.9.5"
| #define PACKAGE_STRING "fakeroot 1.9.5"
| #define PACKAGE_BUGREPORT "schizo@debian.org"
| #define PACKAGE "fakeroot"
| #define VERSION "1.9.5"
| #define STDC_HEADERS 1
| #define HAVE_SYS_TYPES_H 1
| #define HAVE_SYS_STAT_H 1
| #define HAVE_STDLIB_H 1
| #define HAVE_STRING_H 1
| #define HAVE_MEMORY_H 1
| #define HAVE_STRINGS_H 1
| #define HAVE_INTTYPES_H 1
| #define HAVE_STDINT_H 1
| #define HAVE_UNISTD_H 1
| #define HAVE_DLFCN_H 1
| #define LT_OBJDIR ".libs/"
| #define HAVE_LIBDL 1
| #define HAVE_DIRENT_H 1
| #define STDC_HEADERS 1
| #define HAVE_FCNTL_H 1
| #define HAVE_UNISTD_H 1
| #define HAVE_FEATURES_H 1
| /* end confdefs.h.  */
| #include <stdio.h>
| #ifdef HAVE_SYS_TYPES_H
| # include <sys/types.h>
| #endif
| #ifdef HAVE_SYS_STAT_H
| # include <sys/stat.h>
| #endif
| #ifdef STDC_HEADERS
| # include <stdlib.h>
| # include <stddef.h>
| #else
| # ifdef HAVE_STDLIB_H
| #  include <stdlib.h>
| # endif
| #endif
| #ifdef HAVE_STRING_H
| # if !defined STDC_HEADERS && defined HAVE_MEMORY_H
| #  include <memory.h>
| # endif
| # include <string.h>
| #endif
| #ifdef HAVE_STRINGS_H
| # include <strings.h>
| #endif
| #ifdef HAVE_INTTYPES_H
| # include <inttypes.h>
| #endif
| #ifdef HAVE_STDINT_H
| # include <stdint.h>
| #endif
| #ifdef HAVE_UNISTD_H
| # include <unistd.h>
| #endif
| #include <sys/feature_tests.h>
configure:11365: result: no
configure:11369: checking sys/feature_tests.h presence
configure:11384: /usr/bin/cpp  conftest.c
conftest.c:28:31: error: sys/feature_tests.h: No such file or directory
configure:11390: $? = 1
configure: failed program was:
| /* confdefs.h.  */
| #define PACKAGE_NAME "fakeroot"
| #define PACKAGE_TARNAME "fakeroot"
| #define PACKAGE_VERSION "1.9.5"
| #define PACKAGE_STRING "fakeroot 1.9.5"
| #define PACKAGE_BUGREPORT "schizo@debian.org"
| #define PACKAGE "fakeroot"
| #define VERSION "1.9.5"
| #define STDC_HEADERS 1
| #define HAVE_SYS_TYPES_H 1
| #define HAVE_SYS_STAT_H 1
| #define HAVE_STDLIB_H 1
| #define HAVE_STRING_H 1
| #define HAVE_MEMORY_H 1
| #define HAVE_STRINGS_H 1
| #define HAVE_INTTYPES_H 1
| #define HAVE_STDINT_H 1
| #define HAVE_UNISTD_H 1
| #define HAVE_DLFCN_H 1
| #define LT_OBJDIR ".libs/"
| #define HAVE_LIBDL 1
| #define HAVE_DIRENT_H 1
| #define STDC_HEADERS 1
| #define HAVE_FCNTL_H 1
| #define HAVE_UNISTD_H 1
| #define HAVE_FEATURES_H 1
| /* end confdefs.h.  */
| #include <sys/feature_tests.h>
configure:11404: result: no
configure:11437: checking for sys/feature_tests.h
configure:11445: result: no
configure:11328: checking pthread.h usability
configure:11345: /usr/bin/gcc -c -O2 -I/home/zengyao/DT_Hybrid_GPL_1.00.052/Hybrid_security_baseline/output/host/include -I/home/zengyao/DT_Hybrid_GPL_1.00.052/Hybrid_security_baseline/output/host/usr/include  conftest.c >&5
configure:11351: $? = 0
configure:11365: result: yes
configure:11369: checking pthread.h presence
configure:11384: /usr/bin/cpp  conftest.c
configure:11390: $? = 0
configure:11404: result: yes
configure:11437: checking for pthread.h
configure:11445: result: yes
configure:11318: checking for stdint.h
configure:11324: result: yes
configure:11318: checking for inttypes.h
configure:11324: result: yes
configure:11328: checking grp.h usability
configure:11345: /usr/bin/gcc -c -O2 -I/home/zengyao/DT_Hybrid_GPL_1.00.052/Hybrid_security_baseline/output/host/include -I/home/zengyao/DT_Hybrid_GPL_1.00.052/Hybrid_security_baseline/output/host/usr/include  conftest.c >&5
configure:11351: $? = 0
configure:11365: result: yes
configure:11369: checking grp.h presence
configure:11384: /usr/bin/cpp  conftest.c
configure:11390: $? = 0
configure:11404: result: yes
configure:11437: checking for grp.h
configure:11445: result: yes
configure:11328: checking endian.h usability
configure:11345: /usr/bin/gcc -c -O2 -I/home/zengyao/DT_Hybrid_GPL_1.00.052/Hybrid_security_baseline/output/host/include -I/home/zengyao/DT_Hybrid_GPL_1.00.052/Hybrid_security_baseline/output/host/usr/include  conftest.c >&5
configure:11351: $? = 0
configure:11365: result: yes
configure:11369: checking endian.h presence
configure:11384: /usr/bin/cpp  conftest.c
configure:11390: $? = 0
configure:11404: result: yes
configure:11437: checking for endian.h
configure:11445: result: yes
configure:11328: checking sys/sysmacros.h usability
configure:11345: /usr/bin/gcc -c -O2 -I/home/zengyao/DT_Hybrid_GPL_1.00.052/Hybrid_security_baseline/output/host/include -I/home/zengyao/DT_Hybrid_GPL_1.00.052/Hybrid_security_baseline/output/host/usr/include  conftest.c >&5
configure:11351: $? = 0
configure:11365: result: yes
configure:11369: checking sys/sysmacros.h presence
configure:11384: /usr/bin/cpp  conftest.c
configure:11390: $? = 0
configure:11404: result: yes
configure:11437: checking for sys/sysmacros.h
configure:11445: result: yes
configure:11328: checking sys/socket.h usability
configure:11345: /usr/bin/gcc -c -O2 -I/home/zengyao/DT_Hybrid_GPL_1.00.052/Hybrid_security_baseline/output/host/include -I/home/zengyao/DT_Hybrid_GPL_1.00.052/Hybrid_security_baseline/output/host/usr/include  conftest.c >&5
configure:11351: $? = 0
configure:11365: result: yes
configure:11369: checking sys/socket.h presence
configure:11384: /usr/bin/cpp  conftest.c
configure:11390: $? = 0
configure:11404: result: yes
configure:11437: checking for sys/socket.h
configure:11445: result: yes
configure:11328: checking sys/acl.h usability
configure:11345: /usr/bin/gcc -c -O2 -I/home/zengyao/DT_Hybrid_GPL_1.00.052/Hybrid_security_baseline/output/host/include -I/home/zengyao/DT_Hybrid_GPL_1.00.052/Hybrid_security_baseline/output/host/usr/include  conftest.c >&5
conftest.c:68:21: error: sys/acl.h: No such file or directory
configure:11351: $? = 1
configure: failed program was:
| /* confdefs.h.  */
| #define PACKAGE_NAME "fakeroot"
| #define PACKAGE_TARNAME "fakeroot"
| #define PACKAGE_VERSION "1.9.5"
| #define PACKAGE_STRING "fakeroot 1.9.5"
| #define PACKAGE_BUGREPORT "schizo@debian.org"
| #define PACKAGE "fakeroot"
| #define VERSION "1.9.5"
| #define STDC_HEADERS 1
| #define HAVE_SYS_TYPES_H 1
| #define HAVE_SYS_STAT_H 1
| #define HAVE_STDLIB_H 1
| #define HAVE_STRING_H 1
| #define HAVE_MEMORY_H 1
| #define HAVE_STRINGS_H 1
| #define HAVE_INTTYPES_H 1
| #define HAVE_STDINT_H 1
| #define HAVE_UNISTD_H 1
| #define HAVE_DLFCN_H 1
| #define LT_OBJDIR ".libs/"
| #define HAVE_LIBDL 1
| #define HAVE_DIRENT_H 1
| #define STDC_HEADERS 1
| #define HAVE_FCNTL_H 1
| #define HAVE_UNISTD_H 1
| #define HAVE_FEATURES_H 1
| #define HAVE_PTHREAD_H 1
| #define HAVE_STDINT_H 1
| #define HAVE_INTTYPES_H 1
| #define HAVE_GRP_H 1
| #define HAVE_ENDIAN_H 1
| #define HAVE_SYS_SYSMACROS_H 1
| #define HAVE_SYS_SOCKET_H 1
| /* end confdefs.h.  */
| #include <stdio.h>
| #ifdef HAVE_SYS_TYPES_H
| # include <sys/types.h>
| #endif
| #ifdef HAVE_SYS_STAT_H
| # include <sys/stat.h>
| #endif
| #ifdef STDC_HEADERS
| # include <stdlib.h>
| # include <stddef.h>
| #else
| # ifdef HAVE_STDLIB_H
| #  include <stdlib.h>
| # endif
| #endif
| #ifdef HAVE_STRING_H
| # if !defined STDC_HEADERS && defined HAVE_MEMORY_H
| #  include <memory.h>
| # endif
| # include <string.h>
| #endif
| #ifdef HAVE_STRINGS_H
| # include <strings.h>
| #endif
| #ifdef HAVE_INTTYPES_H
| # include <inttypes.h>
| #endif
| #ifdef HAVE_STDINT_H
| # include <stdint.h>
| #endif
| #ifdef HAVE_UNISTD_H
| # include <unistd.h>
| #endif
| #include <sys/acl.h>
configure:11365: result: no
configure:11369: checking sys/acl.h presence
configure:11384: /usr/bin/cpp  conftest.c
conftest.c:35:21: error: sys/acl.h: No such file or directory
configure:11390: $? = 1
configure: failed program was:
| /* confdefs.h.  */
| #define PACKAGE_NAME "fakeroot"
| #define PACKAGE_TARNAME "fakeroot"
| #define PACKAGE_VERSION "1.9.5"
| #define PACKAGE_STRING "fakeroot 1.9.5"
| #define PACKAGE_BUGREPORT "schizo@debian.org"
| #define PACKAGE "fakeroot"
| #define VERSION "1.9.5"
| #define STDC_HEADERS 1
| #define HAVE_SYS_TYPES_H 1
| #define HAVE_SYS_STAT_H 1
| #define HAVE_STDLIB_H 1
| #define HAVE_STRING_H 1
| #define HAVE_MEMORY_H 1
| #define HAVE_STRINGS_H 1
| #define HAVE_INTTYPES_H 1
| #define HAVE_STDINT_H 1
| #define HAVE_UNISTD_H 1
| #define HAVE_DLFCN_H 1
| #define LT_OBJDIR ".libs/"
| #define HAVE_LIBDL 1
| #define HAVE_DIRENT_H 1
| #define STDC_HEADERS 1
| #define HAVE_FCNTL_H 1
| #define HAVE_UNISTD_H 1
| #define HAVE_FEATURES_H 1
| #define HAVE_PTHREAD_H 1
| #define HAVE_STDINT_H 1
| #define HAVE_INTTYPES_H 1
| #define HAVE_GRP_H 1
| #define HAVE_ENDIAN_H 1
| #define HAVE_SYS_SYSMACROS_H 1
| #define HAVE_SYS_SOCKET_H 1
| /* end confdefs.h.  */
| #include <sys/acl.h>
configure:11404: result: no
configure:11437: checking for sys/acl.h
configure:11445: result: no
configure:11459: checking for an ANSI C-conforming const
configure:11534: /usr/bin/gcc -c -O2 -I/home/zengyao/DT_Hybrid_GPL_1.00.052/Hybrid_security_baseline/output/host/include -I/home/zengyao/DT_Hybrid_GPL_1.00.052/Hybrid_security_baseline/output/host/usr/include  conftest.c >&5
configure:11540: $? = 0
configure:11555: result: yes
configure:11565: checking for mode_t
configure:11595: /usr/bin/gcc -c -O2 -I/home/zengyao/DT_Hybrid_GPL_1.00.052/Hybrid_security_baseline/output/host/include -I/home/zengyao/DT_Hybrid_GPL_1.00.052/Hybrid_security_baseline/output/host/usr/include  conftest.c >&5
configure:11601: $? = 0
configure:11616: result: yes
configure:11628: checking for off_t
configure:11658: /usr/bin/gcc -c -O2 -I/home/zengyao/DT_Hybrid_GPL_1.00.052/Hybrid_security_baseline/output/host/include -I/home/zengyao/DT_Hybrid_GPL_1.00.052/Hybrid_security_baseline/output/host/usr/include  conftest.c >&5
configure:11664: $? = 0
configure:11679: result: yes
configure:11691: checking for size_t
configure:11721: /usr/bin/gcc -c -O2 -I/home/zengyao/DT_Hybrid_GPL_1.00.052/Hybrid_security_baseline/output/host/include -I/home/zengyao/DT_Hybrid_GPL_1.00.052/Hybrid_security_baseline/output/host/usr/include  conftest.c >&5
configure:11727: $? = 0
configure:11742: result: yes
configure:11770: checking for return value and second and third argument of readlink
configure:11799: /usr/bin/gcc -c -O2 -I/home/zengyao/DT_Hybrid_GPL_1.00.052/Hybrid_security_baseline/output/host/include -I/home/zengyao/DT_Hybrid_GPL_1.00.052/Hybrid_security_baseline/output/host/usr/include  conftest.c >&5
conftest.c:37: error: conflicting types for 'readlink'
/usr/include/unistd.h:825: error: previous declaration of 'readlink' was here
configure:11805: $? = 1
configure: failed program was:
| /* confdefs.h.  */
| #define PACKAGE_NAME "fakeroot"
| #define PACKAGE_TARNAME "fakeroot"
| #define PACKAGE_VERSION "1.9.5"
| #define PACKAGE_STRING "fakeroot 1.9.5"
| #define PACKAGE_BUGREPORT "schizo@debian.org"
| #define PACKAGE "fakeroot"
| #define VERSION "1.9.5"
| #define STDC_HEADERS 1
| #define HAVE_SYS_TYPES_H 1
| #define HAVE_SYS_STAT_H 1
| #define HAVE_STDLIB_H 1
| #define HAVE_STRING_H 1
| #define HAVE_MEMORY_H 1
| #define HAVE_STRINGS_H 1
| #define HAVE_INTTYPES_H 1
| #define HAVE_STDINT_H 1
| #define HAVE_UNISTD_H 1
| #define HAVE_DLFCN_H 1
| #define LT_OBJDIR ".libs/"
| #define HAVE_LIBDL 1
| #define HAVE_DIRENT_H 1
| #define STDC_HEADERS 1
| #define HAVE_FCNTL_H 1
| #define HAVE_UNISTD_H 1
| #define HAVE_FEATURES_H 1
| #define HAVE_PTHREAD_H 1
| #define HAVE_STDINT_H 1
| #define HAVE_INTTYPES_H 1
| #define HAVE_GRP_H 1
| #define HAVE_ENDIAN_H 1
| #define HAVE_SYS_SYSMACROS_H 1
| #define HAVE_SYS_SOCKET_H 1
| #define FAKEROOT_ATTR(x) __attribute__ ((x))
| /* end confdefs.h.  */
| #include <unistd.h>
|         ssize_t readlink(const char *path, void *buf, size_t bufsiz);
| int
| main ()
| {
| puts("hello, world");
|   ;
|   return 0;
| }
configure:11799: /usr/bin/gcc -c -O2 -I/home/zengyao/DT_Hybrid_GPL_1.00.052/Hybrid_security_baseline/output/host/include -I/home/zengyao/DT_Hybrid_GPL_1.00.052/Hybrid_security_baseline/output/host/usr/include  conftest.c >&5
conftest.c:37: error: conflicting types for 'readlink'
/usr/include/unistd.h:825: error: previous declaration of 'readlink' was here
configure:11805: $? = 1
configure: failed program was:
| /* confdefs.h.  */
| #define PACKAGE_NAME "fakeroot"
| #define PACKAGE_TARNAME "fakeroot"
| #define PACKAGE_VERSION "1.9.5"
| #define PACKAGE_STRING "fakeroot 1.9.5"
| #define PACKAGE_BUGREPORT "schizo@debian.org"
| #define PACKAGE "fakeroot"
| #define VERSION "1.9.5"
| #define STDC_HEADERS 1
| #define HAVE_SYS_TYPES_H 1
| #define HAVE_SYS_STAT_H 1
| #define HAVE_STDLIB_H 1
| #define HAVE_STRING_H 1
| #define HAVE_MEMORY_H 1
| #define HAVE_STRINGS_H 1
| #define HAVE_INTTYPES_H 1
| #define HAVE_STDINT_H 1
| #define HAVE_UNISTD_H 1
| #define HAVE_DLFCN_H 1
| #define LT_OBJDIR ".libs/"
| #define HAVE_LIBDL 1
| #define HAVE_DIRENT_H 1
| #define STDC_HEADERS 1
| #define HAVE_FCNTL_H 1
| #define HAVE_UNISTD_H 1
| #define HAVE_FEATURES_H 1
| #define HAVE_PTHREAD_H 1
| #define HAVE_STDINT_H 1
| #define HAVE_INTTYPES_H 1
| #define HAVE_GRP_H 1
| #define HAVE_ENDIAN_H 1
| #define HAVE_SYS_SYSMACROS_H 1
| #define HAVE_SYS_SOCKET_H 1
| #define FAKEROOT_ATTR(x) __attribute__ ((x))
| /* end confdefs.h.  */
| #include <unistd.h>
|         ssize_t readlink(const char *path, void *buf, int bufsiz);
| int
| main ()
| {
| puts("hello, world");
|   ;
|   return 0;
| }
configure:11799: /usr/bin/gcc -c -O2 -I/home/zengyao/DT_Hybrid_GPL_1.00.052/Hybrid_security_baseline/output/host/include -I/home/zengyao/DT_Hybrid_GPL_1.00.052/Hybrid_security_baseline/output/host/usr/include  conftest.c >&5
configure:11805: $? = 0
configure:11799: /usr/bin/gcc -c -O2 -I/home/zengyao/DT_Hybrid_GPL_1.00.052/Hybrid_security_baseline/output/host/include -I/home/zengyao/DT_Hybrid_GPL_1.00.052/Hybrid_security_baseline/output/host/usr/include  conftest.c >&5
conftest.c:37: error: conflicting types for 'readlink'
/usr/include/unistd.h:825: error: previous declaration of 'readlink' was here
configure:11805: $? = 1
configure: failed program was:
| /* confdefs.h.  */
| #define PACKAGE_NAME "fakeroot"
| #define PACKAGE_TARNAME "fakeroot"
| #define PACKAGE_VERSION "1.9.5"
| #define PACKAGE_STRING "fakeroot 1.9.5"
| #define PACKAGE_BUGREPORT "schizo@debian.org"
| #define PACKAGE "fakeroot"
| #define VERSION "1.9.5"
| #define STDC_HEADERS 1
| #define HAVE_SYS_TYPES_H 1
| #define HAVE_SYS_STAT_H 1
| #define HAVE_STDLIB_H 1
| #define HAVE_STRING_H 1
| #define HAVE_MEMORY_H 1
| #define HAVE_STRINGS_H 1
| #define HAVE_INTTYPES_H 1
| #define HAVE_STDINT_H 1
| #define HAVE_UNISTD_H 1
| #define HAVE_DLFCN_H 1
| #define LT_OBJDIR ".libs/"
| #define HAVE_LIBDL 1
| #define HAVE_DIRENT_H 1
| #define STDC_HEADERS 1
| #define HAVE_FCNTL_H 1
| #define HAVE_UNISTD_H 1
| #define HAVE_FEATURES_H 1
| #define HAVE_PTHREAD_H 1
| #define HAVE_STDINT_H 1
| #define HAVE_INTTYPES_H 1
| #define HAVE_GRP_H 1
| #define HAVE_ENDIAN_H 1
| #define HAVE_SYS_SYSMACROS_H 1
| #define HAVE_SYS_SOCKET_H 1
| #define FAKEROOT_ATTR(x) __attribute__ ((x))
| /* end confdefs.h.  */
| #include <unistd.h>
|         ssize_t readlink(const char *path, char *buf, int bufsiz);
| int
| main ()
| {
| puts("hello, world");
|   ;
|   return 0;
| }
configure:11799: /usr/bin/gcc -c -O2 -I/home/zengyao/DT_Hybrid_GPL_1.00.052/Hybrid_security_baseline/output/host/include -I/home/zengyao/DT_Hybrid_GPL_1.00.052/Hybrid_security_baseline/output/host/usr/include  conftest.c >&5
conftest.c:37: error: conflicting types for 'readlink'
/usr/include/unistd.h:825: error: previous declaration of 'readlink' was here
configure:11805: $? = 1
configure: failed program was:
| /* confdefs.h.  */
| #define PACKAGE_NAME "fakeroot"
| #define PACKAGE_TARNAME "fakeroot"
| #define PACKAGE_VERSION "1.9.5"
| #define PACKAGE_STRING "fakeroot 1.9.5"
| #define PACKAGE_BUGREPORT "schizo@debian.org"
| #define PACKAGE "fakeroot"
| #define VERSION "1.9.5"
| #define STDC_HEADERS 1
| #define HAVE_SYS_TYPES_H 1
| #define HAVE_SYS_STAT_H 1
| #define HAVE_STDLIB_H 1
| #define HAVE_STRING_H 1
| #define HAVE_MEMORY_H 1
| #define HAVE_STRINGS_H 1
| #define HAVE_INTTYPES_H 1
| #define HAVE_STDINT_H 1
| #define HAVE_UNISTD_H 1
| #define HAVE_DLFCN_H 1
| #define LT_OBJDIR ".libs/"
| #define HAVE_LIBDL 1
| #define HAVE_DIRENT_H 1
| #define STDC_HEADERS 1
| #define HAVE_FCNTL_H 1
| #define HAVE_UNISTD_H 1
| #define HAVE_FEATURES_H 1
| #define HAVE_PTHREAD_H 1
| #define HAVE_STDINT_H 1
| #define HAVE_INTTYPES_H 1
| #define HAVE_GRP_H 1
| #define HAVE_ENDIAN_H 1
| #define HAVE_SYS_SYSMACROS_H 1
| #define HAVE_SYS_SOCKET_H 1
| #define FAKEROOT_ATTR(x) __attribute__ ((x))
| /* end confdefs.h.  */
| #include <unistd.h>
|         int readlink(const char *path, void *buf, size_t bufsiz);
| int
| main ()
| {
| puts("hello, world");
|   ;
|   return 0;
| }
configure:11799: /usr/bin/gcc -c -O2 -I/home/zengyao/DT_Hybrid_GPL_1.00.052/Hybrid_security_baseline/output/host/include -I/home/zengyao/DT_Hybrid_GPL_1.00.052/Hybrid_security_baseline/output/host/usr/include  conftest.c >&5
conftest.c:37: error: conflicting types for 'readlink'
/usr/include/unistd.h:825: error: previous declaration of 'readlink' was here
configure:11805: $? = 1
configure: failed program was:
| /* confdefs.h.  */
| #define PACKAGE_NAME "fakeroot"
| #define PACKAGE_TARNAME "fakeroot"
| #define PACKAGE_VERSION "1.9.5"
| #define PACKAGE_STRING "fakeroot 1.9.5"
| #define PACKAGE_BUGREPORT "schizo@debian.org"
| #define PACKAGE "fakeroot"
| #define VERSION "1.9.5"
| #define STDC_HEADERS 1
| #define HAVE_SYS_TYPES_H 1
| #define HAVE_SYS_STAT_H 1
| #define HAVE_STDLIB_H 1
| #define HAVE_STRING_H 1
| #define HAVE_MEMORY_H 1
| #define HAVE_STRINGS_H 1
| #define HAVE_INTTYPES_H 1
| #define HAVE_STDINT_H 1
| #define HAVE_UNISTD_H 1
| #define HAVE_DLFCN_H 1
| #define LT_OBJDIR ".libs/"
| #define HAVE_LIBDL 1
| #define HAVE_DIRENT_H 1
| #define STDC_HEADERS 1
| #define HAVE_FCNTL_H 1
| #define HAVE_UNISTD_H 1
| #define HAVE_FEATURES_H 1
| #define HAVE_PTHREAD_H 1
| #define HAVE_STDINT_H 1
| #define HAVE_INTTYPES_H 1
| #define HAVE_GRP_H 1
| #define HAVE_ENDIAN_H 1
| #define HAVE_SYS_SYSMACROS_H 1
| #define HAVE_SYS_SOCKET_H 1
| #define FAKEROOT_ATTR(x) __attribute__ ((x))
| /* end confdefs.h.  */
| #include <unistd.h>
|         int readlink(const char *path, void *buf, int bufsiz);
| int
| main ()
| {
| puts("hello, world");
|   ;
|   return 0;
| }
configure:11799: /usr/bin/gcc -c -O2 -I/home/zengyao/DT_Hybrid_GPL_1.00.052/Hybrid_security_baseline/output/host/include -I/home/zengyao/DT_Hybrid_GPL_1.00.052/Hybrid_security_baseline/output/host/usr/include  conftest.c >&5
configure:11805: $? = 0
configure:11799: /usr/bin/gcc -c -O2 -I/home/zengyao/DT_Hybrid_GPL_1.00.052/Hybrid_security_baseline/output/host/include -I/home/zengyao/DT_Hybrid_GPL_1.00.052/Hybrid_security_baseline/output/host/usr/include  conftest.c >&5
conftest.c:37: error: conflicting types for 'readlink'
/usr/include/unistd.h:825: error: previous declaration of 'readlink' was here
configure:11805: $? = 1
configure: failed program was:
| /* confdefs.h.  */
| #define PACKAGE_NAME "fakeroot"
| #define PACKAGE_TARNAME "fakeroot"
| #define PACKAGE_VERSION "1.9.5"
| #define PACKAGE_STRING "fakeroot 1.9.5"
| #define PACKAGE_BUGREPORT "schizo@debian.org"
| #define PACKAGE "fakeroot"
| #define VERSION "1.9.5"
| #define STDC_HEADERS 1
| #define HAVE_SYS_TYPES_H 1
| #define HAVE_SYS_STAT_H 1
| #define HAVE_STDLIB_H 1
| #define HAVE_STRING_H 1
| #define HAVE_MEMORY_H 1
| #define HAVE_STRINGS_H 1
| #define HAVE_INTTYPES_H 1
| #define HAVE_STDINT_H 1
| #define HAVE_UNISTD_H 1
| #define HAVE_DLFCN_H 1
| #define LT_OBJDIR ".libs/"
| #define HAVE_LIBDL 1
| #define HAVE_DIRENT_H 1
| #define STDC_HEADERS 1
| #define HAVE_FCNTL_H 1
| #define HAVE_UNISTD_H 1
| #define HAVE_FEATURES_H 1
| #define HAVE_PTHREAD_H 1
| #define HAVE_STDINT_H 1
| #define HAVE_INTTYPES_H 1
| #define HAVE_GRP_H 1
| #define HAVE_ENDIAN_H 1
| #define HAVE_SYS_SYSMACROS_H 1
| #define HAVE_SYS_SOCKET_H 1
| #define FAKEROOT_ATTR(x) __attribute__ ((x))
| /* end confdefs.h.  */
| #include <unistd.h>
|         int readlink(const char *path, char *buf, int bufsiz);
| int
| main ()
| {
| puts("hello, world");
|   ;
|   return 0;
| }
configure:11825: result: int, char, size_t
configure:11846: checking for first argument of setgroups
configure:11879: /usr/bin/gcc -c -O2 -I/home/zengyao/DT_Hybrid_GPL_1.00.052/Hybrid_security_baseline/output/host/include -I/home/zengyao/DT_Hybrid_GPL_1.00.052/Hybrid_security_baseline/output/host/usr/include  conftest.c >&5
configure:11885: $? = 0
configure:11879: /usr/bin/gcc -c -O2 -I/home/zengyao/DT_Hybrid_GPL_1.00.052/Hybrid_security_baseline/output/host/include -I/home/zengyao/DT_Hybrid_GPL_1.00.052/Hybrid_security_baseline/output/host/usr/include  conftest.c >&5
conftest.c:47: error: conflicting types for 'setgroups'
/usr/include/grp.h:178: error: previous declaration of 'setgroups' was here
configure:11885: $? = 1
configure: failed program was:
| /* confdefs.h.  */
| #define PACKAGE_NAME "fakeroot"
| #define PACKAGE_TARNAME "fakeroot"
| #define PACKAGE_VERSION "1.9.5"
| #define PACKAGE_STRING "fakeroot 1.9.5"
| #define PACKAGE_BUGREPORT "schizo@debian.org"
| #define PACKAGE "fakeroot"
| #define VERSION "1.9.5"
| #define STDC_HEADERS 1
| #define HAVE_SYS_TYPES_H 1
| #define HAVE_SYS_STAT_H 1
| #define HAVE_STDLIB_H 1
| #define HAVE_STRING_H 1
| #define HAVE_MEMORY_H 1
| #define HAVE_STRINGS_H 1
| #define HAVE_INTTYPES_H 1
| #define HAVE_STDINT_H 1
| #define HAVE_UNISTD_H 1
| #define HAVE_DLFCN_H 1
| #define LT_OBJDIR ".libs/"
| #define HAVE_LIBDL 1
| #define HAVE_DIRENT_H 1
| #define STDC_HEADERS 1
| #define HAVE_FCNTL_H 1
| #define HAVE_UNISTD_H 1
| #define HAVE_FEATURES_H 1
| #define HAVE_PTHREAD_H 1
| #define HAVE_STDINT_H 1
| #define HAVE_INTTYPES_H 1
| #define HAVE_GRP_H 1
| #define HAVE_ENDIAN_H 1
| #define HAVE_SYS_SYSMACROS_H 1
| #define HAVE_SYS_SOCKET_H 1
| #define FAKEROOT_ATTR(x) __attribute__ ((x))
| #define READLINK_RETVAL_TYPE int
| #define READLINK_BUF_TYPE char
| #define READLINK_BUFSIZE_TYPE size_t
| /* end confdefs.h.  */
| #define _BSD_SOURCE
| #ifdef HAVE_SYS_TYPES_H
| #include <sys/types.h>
| #endif
| #include <unistd.h>
| #ifdef HAVE_GRP_H
| #include <grp.h>
| #endif
|   int setgroups(int size, const gid_t *list);
| int
| main ()
| {
| puts("hello, world");
|   ;
|   return 0;
| }
configure:11900: result: size_t
configure:11912: checking for union semun
configure:11941: /usr/bin/gcc -c -O2 -I/home/zengyao/DT_Hybrid_GPL_1.00.052/Hybrid_security_baseline/output/host/include -I/home/zengyao/DT_Hybrid_GPL_1.00.052/Hybrid_security_baseline/output/host/usr/include  conftest.c >&5
conftest.c: In function 'main':
conftest.c:49: error: storage size of 's' isn't known
configure:11947: $? = 1
configure: failed program was:
| /* confdefs.h.  */
| #define PACKAGE_NAME "fakeroot"
| #define PACKAGE_TARNAME "fakeroot"
| #define PACKAGE_VERSION "1.9.5"
| #define PACKAGE_STRING "fakeroot 1.9.5"
| #define PACKAGE_BUGREPORT "schizo@debian.org"
| #define PACKAGE "fakeroot"
| #define VERSION "1.9.5"
| #define STDC_HEADERS 1
| #define HAVE_SYS_TYPES_H 1
| #define HAVE_SYS_STAT_H 1
| #define HAVE_STDLIB_H 1
| #define HAVE_STRING_H 1
| #define HAVE_MEMORY_H 1
| #define HAVE_STRINGS_H 1
| #define HAVE_INTTYPES_H 1
| #define HAVE_STDINT_H 1
| #define HAVE_UNISTD_H 1
| #define HAVE_DLFCN_H 1
| #define LT_OBJDIR ".libs/"
| #define HAVE_LIBDL 1
| #define HAVE_DIRENT_H 1
| #define STDC_HEADERS 1
| #define HAVE_FCNTL_H 1
| #define HAVE_UNISTD_H 1
| #define HAVE_FEATURES_H 1
| #define HAVE_PTHREAD_H 1
| #define HAVE_STDINT_H 1
| #define HAVE_INTTYPES_H 1
| #define HAVE_GRP_H 1
| #define HAVE_ENDIAN_H 1
| #define HAVE_SYS_SYSMACROS_H 1
| #define HAVE_SYS_SOCKET_H 1
| #define FAKEROOT_ATTR(x) __attribute__ ((x))
| #define READLINK_RETVAL_TYPE int
| #define READLINK_BUF_TYPE char
| #define READLINK_BUFSIZE_TYPE size_t
| #define SETGROUPS_SIZE_TYPE size_t
| /* end confdefs.h.  */
| 
|        # include <sys/types.h>
|        # include <sys/ipc.h>
|        # include <sys/sem.h>
| 
| int
| main ()
| {
| 
|        union semun s;
| 
|   ;
|   return 0;
| }
configure:11963: result: no
configure:11972: checking for type of arg of __xmknod
configure:12004: /usr/bin/gcc -c -O2 -I/home/zengyao/DT_Hybrid_GPL_1.00.052/Hybrid_security_baseline/output/host/include -I/home/zengyao/DT_Hybrid_GPL_1.00.052/Hybrid_security_baseline/output/host/usr/include  conftest.c >&5
conftest.c: In function 'main':
conftest.c:50: error: conflicting types for '__xmknod'
/usr/include/sys/stat.h:442: error: previous declaration of '__xmknod' was here
configure:12010: $? = 1
configure: failed program was:
| /* confdefs.h.  */
| #define PACKAGE_NAME "fakeroot"
| #define PACKAGE_TARNAME "fakeroot"
| #define PACKAGE_VERSION "1.9.5"
| #define PACKAGE_STRING "fakeroot 1.9.5"
| #define PACKAGE_BUGREPORT "schizo@debian.org"
| #define PACKAGE "fakeroot"
| #define VERSION "1.9.5"
| #define STDC_HEADERS 1
| #define HAVE_SYS_TYPES_H 1
| #define HAVE_SYS_STAT_H 1
| #define HAVE_STDLIB_H 1
| #define HAVE_STRING_H 1
| #define HAVE_MEMORY_H 1
| #define HAVE_STRINGS_H 1
| #define HAVE_INTTYPES_H 1
| #define HAVE_STDINT_H 1
| #define HAVE_UNISTD_H 1
| #define HAVE_DLFCN_H 1
| #define LT_OBJDIR ".libs/"
| #define HAVE_LIBDL 1
| #define HAVE_DIRENT_H 1
| #define STDC_HEADERS 1
| #define HAVE_FCNTL_H 1
| #define HAVE_UNISTD_H 1
| #define HAVE_FEATURES_H 1
| #define HAVE_PTHREAD_H 1
| #define HAVE_STDINT_H 1
| #define HAVE_INTTYPES_H 1
| #define HAVE_GRP_H 1
| #define HAVE_ENDIAN_H 1
| #define HAVE_SYS_SYSMACROS_H 1
| #define HAVE_SYS_SOCKET_H 1
| #define FAKEROOT_ATTR(x) __attribute__ ((x))
| #define READLINK_RETVAL_TYPE int
| #define READLINK_BUF_TYPE char
| #define READLINK_BUFSIZE_TYPE size_t
| #define SETGROUPS_SIZE_TYPE size_t
| /* end confdefs.h.  */
| 
|        #include <sys/types.h>
|        #include <sys/stat.h>
|        #include <fcntl.h>
|        #include <unistd.h>
| 
| int
| main ()
| {
| 
|        int __xmknod  ( int ver,
|                        const char *pathname ,
|                        mode_t  mode ,  dev_t dev);
| 
|   ;
|   return 0;
| }
configure:12032: result: needs *
configure:12042: checking for type of arg of __xmknodat
configure:12075: /usr/bin/gcc -c -O2 -I/home/zengyao/DT_Hybrid_GPL_1.00.052/Hybrid_security_baseline/output/host/include -I/home/zengyao/DT_Hybrid_GPL_1.00.052/Hybrid_security_baseline/output/host/usr/include  conftest.c >&5
conftest.c: In function 'main':
conftest.c:51: error: conflicting types for '__xmknodat'
/usr/include/sys/stat.h:445: error: previous declaration of '__xmknodat' was here
configure:12081: $? = 1
configure: failed program was:
| /* confdefs.h.  */
| #define PACKAGE_NAME "fakeroot"
| #define PACKAGE_TARNAME "fakeroot"
| #define PACKAGE_VERSION "1.9.5"
| #define PACKAGE_STRING "fakeroot 1.9.5"
| #define PACKAGE_BUGREPORT "schizo@debian.org"
| #define PACKAGE "fakeroot"
| #define VERSION "1.9.5"
| #define STDC_HEADERS 1
| #define HAVE_SYS_TYPES_H 1
| #define HAVE_SYS_STAT_H 1
| #define HAVE_STDLIB_H 1
| #define HAVE_STRING_H 1
| #define HAVE_MEMORY_H 1
| #define HAVE_STRINGS_H 1
| #define HAVE_INTTYPES_H 1
| #define HAVE_STDINT_H 1
| #define HAVE_UNISTD_H 1
| #define HAVE_DLFCN_H 1
| #define LT_OBJDIR ".libs/"
| #define HAVE_LIBDL 1
| #define HAVE_DIRENT_H 1
| #define STDC_HEADERS 1
| #define HAVE_FCNTL_H 1
| #define HAVE_UNISTD_H 1
| #define HAVE_FEATURES_H 1
| #define HAVE_PTHREAD_H 1
| #define HAVE_STDINT_H 1
| #define HAVE_INTTYPES_H 1
| #define HAVE_GRP_H 1
| #define HAVE_ENDIAN_H 1
| #define HAVE_SYS_SYSMACROS_H 1
| #define HAVE_SYS_SOCKET_H 1
| #define FAKEROOT_ATTR(x) __attribute__ ((x))
| #define READLINK_RETVAL_TYPE int
| #define READLINK_BUF_TYPE char
| #define READLINK_BUFSIZE_TYPE size_t
| #define SETGROUPS_SIZE_TYPE size_t
| #define XMKNOD_FRTH_ARG *
| /* end confdefs.h.  */
| 
|        #include <sys/types.h>
|        #include <sys/stat.h>
|        #include <fcntl.h>
|        #include <unistd.h>
| 
| int
| main ()
| {
| 
|        int __xmknodat  ( int ver,
|                          int dirfd,
|                          const char *pathname ,
|                          mode_t  mode ,  dev_t dev);
| 
|   ;
|   return 0;
| }
configure:12103: result: needs *
configure:12113: checking for type of arg of initgroups
configure:12141: /usr/bin/gcc -c -O2 -I/home/zengyao/DT_Hybrid_GPL_1.00.052/Hybrid_security_baseline/output/host/include -I/home/zengyao/DT_Hybrid_GPL_1.00.052/Hybrid_security_baseline/output/host/usr/include  conftest.c >&5
configure:12147: $? = 0
configure:12157: result: gid_t
configure:12178: checking for type of arg of setreuid
configure:12206: /usr/bin/gcc -c -O2 -I/home/zengyao/DT_Hybrid_GPL_1.00.052/Hybrid_security_baseline/output/host/include -I/home/zengyao/DT_Hybrid_GPL_1.00.052/Hybrid_security_baseline/output/host/usr/include  conftest.c >&5
configure:12212: $? = 0
configure:12222: result: gid_t
configure:12243: checking for type of arg of setregid
configure:12271: /usr/bin/gcc -c -O2 -I/home/zengyao/DT_Hybrid_GPL_1.00.052/Hybrid_security_baseline/output/host/include -I/home/zengyao/DT_Hybrid_GPL_1.00.052/Hybrid_security_baseline/output/host/usr/include  conftest.c >&5
configure:12277: $? = 0
configure:12287: result: gid_t
configure:12308: checking for type of second arg to stat
configure:12337: /usr/bin/gcc -c -O2 -I/home/zengyao/DT_Hybrid_GPL_1.00.052/Hybrid_security_baseline/output/host/include -I/home/zengyao/DT_Hybrid_GPL_1.00.052/Hybrid_security_baseline/output/host/usr/include  conftest.c >&5
configure:12343: $? = 0
configure:12353: result: struct stat *
configure:12425: checking for d_off in struct dirent
configure:12455: /usr/bin/gcc -c -O2 -I/home/zengyao/DT_Hybrid_GPL_1.00.052/Hybrid_security_baseline/output/host/include -I/home/zengyao/DT_Hybrid_GPL_1.00.052/Hybrid_security_baseline/output/host/usr/include  conftest.c >&5
configure:12461: $? = 0
configure:12470: result: yes
configure:12425: checking for d_type in struct dirent
configure:12455: /usr/bin/gcc -c -O2 -I/home/zengyao/DT_Hybrid_GPL_1.00.052/Hybrid_security_baseline/output/host/include -I/home/zengyao/DT_Hybrid_GPL_1.00.052/Hybrid_security_baseline/output/host/usr/include  conftest.c >&5
configure:12461: $? = 0
configure:12470: result: yes
configure:12496: checking for fchmodat
configure:12552: /usr/bin/gcc -o conftest -O2 -I/home/zengyao/DT_Hybrid_GPL_1.00.052/Hybrid_security_baseline/output/host/include -I/home/zengyao/DT_Hybrid_GPL_1.00.052/Hybrid_security_baseline/output/host/usr/include  -L/home/zengyao/DT_Hybrid_GPL_1.00.052/Hybrid_security_baseline/output/host/lib -L/home/zengyao/DT_Hybrid_GPL_1.00.052/Hybrid_security_baseline/output/host/usr/lib -Wl,-rpath,/home/zengyao/DT_Hybrid_GPL_1.00.052/Hybrid_security_baseline/output/host/usr/lib conftest.c -ldl  >&5
configure:12558: $? = 0
configure:12576: result: yes
configure:12496: checking for fchownat
configure:12552: /usr/bin/gcc -o conftest -O2 -I/home/zengyao/DT_Hybrid_GPL_1.00.052/Hybrid_security_baseline/output/host/include -I/home/zengyao/DT_Hybrid_GPL_1.00.052/Hybrid_security_baseline/output/host/usr/include  -L/home/zengyao/DT_Hybrid_GPL_1.00.052/Hybrid_security_baseline/output/host/lib -L/home/zengyao/DT_Hybrid_GPL_1.00.052/Hybrid_security_baseline/output/host/usr/lib -Wl,-rpath,/home/zengyao/DT_Hybrid_GPL_1.00.052/Hybrid_security_baseline/output/host/usr/lib conftest.c -ldl  >&5
configure:12558: $? = 0
configure:12576: result: yes
configure:12496: checking for fstatat
configure:12552: /usr/bin/gcc -o conftest -O2 -I/home/zengyao/DT_Hybrid_GPL_1.00.052/Hybrid_security_baseline/output/host/include -I/home/zengyao/DT_Hybrid_GPL_1.00.052/Hybrid_security_baseline/output/host/usr/include  -L/home/zengyao/DT_Hybrid_GPL_1.00.052/Hybrid_security_baseline/output/host/lib -L/home/zengyao/DT_Hybrid_GPL_1.00.052/Hybrid_security_baseline/output/host/usr/lib -Wl,-rpath,/home/zengyao/DT_Hybrid_GPL_1.00.052/Hybrid_security_baseline/output/host/usr/lib conftest.c -ldl  >&5
configure:12558: $? = 0
configure:12576: result: yes
configure:12496: checking for mkdirat
configure:12552: /usr/bin/gcc -o conftest -O2 -I/home/zengyao/DT_Hybrid_GPL_1.00.052/Hybrid_security_baseline/output/host/include -I/home/zengyao/DT_Hybrid_GPL_1.00.052/Hybrid_security_baseline/output/host/usr/include  -L/home/zengyao/DT_Hybrid_GPL_1.00.052/Hybrid_security_baseline/output/host/lib -L/home/zengyao/DT_Hybrid_GPL_1.00.052/Hybrid_security_baseline/output/host/usr/lib -Wl,-rpath,/home/zengyao/DT_Hybrid_GPL_1.00.052/Hybrid_security_baseline/output/host/usr/lib conftest.c -ldl  >&5
configure:12558: $? = 0
configure:12576: result: yes
configure:12496: checking for mknodat
configure:12552: /usr/bin/gcc -o conftest -O2 -I/home/zengyao/DT_Hybrid_GPL_1.00.052/Hybrid_security_baseline/output/host/include -I/home/zengyao/DT_Hybrid_GPL_1.00.052/Hybrid_security_baseline/output/host/usr/include  -L/home/zengyao/DT_Hybrid_GPL_1.00.052/Hybrid_security_baseline/output/host/lib -L/home/zengyao/DT_Hybrid_GPL_1.00.052/Hybrid_security_baseline/output/host/usr/lib -Wl,-rpath,/home/zengyao/DT_Hybrid_GPL_1.00.052/Hybrid_security_baseline/output/host/usr/lib conftest.c -ldl  >&5
configure:12558: $? = 0
configure:12576: result: yes
configure:12496: checking for openat
configure:12552: /usr/bin/gcc -o conftest -O2 -I/home/zengyao/DT_Hybrid_GPL_1.00.052/Hybrid_security_baseline/output/host/include -I/home/zengyao/DT_Hybrid_GPL_1.00.052/Hybrid_security_baseline/output/host/usr/include  -L/home/zengyao/DT_Hybrid_GPL_1.00.052/Hybrid_security_baseline/output/host/lib -L/home/zengyao/DT_Hybrid_GPL_1.00.052/Hybrid_security_baseline/output/host/usr/lib -Wl,-rpath,/home/zengyao/DT_Hybrid_GPL_1.00.052/Hybrid_security_baseline/output/host/usr/lib conftest.c -ldl  >&5
configure:12558: $? = 0
configure:12576: result: yes
configure:12496: checking for renameat
configure:12552: /usr/bin/gcc -o conftest -O2 -I/home/zengyao/DT_Hybrid_GPL_1.00.052/Hybrid_security_baseline/output/host/include -I/home/zengyao/DT_Hybrid_GPL_1.00.052/Hybrid_security_baseline/output/host/usr/include  -L/home/zengyao/DT_Hybrid_GPL_1.00.052/Hybrid_security_baseline/output/host/lib -L/home/zengyao/DT_Hybrid_GPL_1.00.052/Hybrid_security_baseline/output/host/usr/lib -Wl,-rpath,/home/zengyao/DT_Hybrid_GPL_1.00.052/Hybrid_security_baseline/output/host/usr/lib conftest.c -ldl  >&5
configure:12558: $? = 0
configure:12576: result: yes
configure:12496: checking for unlinkat
configure:12552: /usr/bin/gcc -o conftest -O2 -I/home/zengyao/DT_Hybrid_GPL_1.00.052/Hybrid_security_baseline/output/host/include -I/home/zengyao/DT_Hybrid_GPL_1.00.052/Hybrid_security_baseline/output/host/usr/include  -L/home/zengyao/DT_Hybrid_GPL_1.00.052/Hybrid_security_baseline/output/host/lib -L/home/zengyao/DT_Hybrid_GPL_1.00.052/Hybrid_security_baseline/output/host/usr/lib -Wl,-rpath,/home/zengyao/DT_Hybrid_GPL_1.00.052/Hybrid_security_baseline/output/host/usr/lib conftest.c -ldl  >&5
configure:12558: $? = 0
configure:12576: result: yes
configure:12599: checking for __xstat
configure:12655: /usr/bin/gcc -o conftest -O2 -I/home/zengyao/DT_Hybrid_GPL_1.00.052/Hybrid_security_baseline/output/host/include -I/home/zengyao/DT_Hybrid_GPL_1.00.052/Hybrid_security_baseline/output/host/usr/include  -L/home/zengyao/DT_Hybrid_GPL_1.00.052/Hybrid_security_baseline/output/host/lib -L/home/zengyao/DT_Hybrid_GPL_1.00.052/Hybrid_security_baseline/output/host/usr/lib -Wl,-rpath,/home/zengyao/DT_Hybrid_GPL_1.00.052/Hybrid_security_baseline/output/host/usr/lib conftest.c -ldl  >&5
configure:12661: $? = 0
configure:12679: result: yes
configure:12599: checking for __fxstat
configure:12655: /usr/bin/gcc -o conftest -O2 -I/home/zengyao/DT_Hybrid_GPL_1.00.052/Hybrid_security_baseline/output/host/include -I/home/zengyao/DT_Hybrid_GPL_1.00.052/Hybrid_security_baseline/output/host/usr/include  -L/home/zengyao/DT_Hybrid_GPL_1.00.052/Hybrid_security_baseline/output/host/lib -L/home/zengyao/DT_Hybrid_GPL_1.00.052/Hybrid_security_baseline/output/host/usr/lib -Wl,-rpath,/home/zengyao/DT_Hybrid_GPL_1.00.052/Hybrid_security_baseline/output/host/usr/lib conftest.c -ldl  >&5
configure:12661: $? = 0
configure:12679: result: yes
configure:12599: checking for __lxstat
configure:12655: /usr/bin/gcc -o conftest -O2 -I/home/zengyao/DT_Hybrid_GPL_1.00.052/Hybrid_security_baseline/output/host/include -I/home/zengyao/DT_Hybrid_GPL_1.00.052/Hybrid_security_baseline/output/host/usr/include  -L/home/zengyao/DT_Hybrid_GPL_1.00.052/Hybrid_security_baseline/output/host/lib -L/home/zengyao/DT_Hybrid_GPL_1.00.052/Hybrid_security_baseline/output/host/usr/lib -Wl,-rpath,/home/zengyao/DT_Hybrid_GPL_1.00.052/Hybrid_security_baseline/output/host/usr/lib conftest.c -ldl  >&5
configure:12661: $? = 0
configure:12679: result: yes
configure:12599: checking for __fxstatat
configure:12655: /usr/bin/gcc -o conftest -O2 -I/home/zengyao/DT_Hybrid_GPL_1.00.052/Hybrid_security_baseline/output/host/include -I/home/zengyao/DT_Hybrid_GPL_1.00.052/Hybrid_security_baseline/output/host/usr/include  -L/home/zengyao/DT_Hybrid_GPL_1.00.052/Hybrid_security_baseline/output/host/lib -L/home/zengyao/DT_Hybrid_GPL_1.00.052/Hybrid_security_baseline/output/host/usr/lib -Wl,-rpath,/home/zengyao/DT_Hybrid_GPL_1.00.052/Hybrid_security_baseline/output/host/usr/lib conftest.c -ldl  >&5
configure:12661: $? = 0
configure:12679: result: yes
configure:12599: checking for __xstat64
configure:12655: /usr/bin/gcc -o conftest -O2 -I/home/zengyao/DT_Hybrid_GPL_1.00.052/Hybrid_security_baseline/output/host/include -I/home/zengyao/DT_Hybrid_GPL_1.00.052/Hybrid_security_baseline/output/host/usr/include  -L/home/zengyao/DT_Hybrid_GPL_1.00.052/Hybrid_security_baseline/output/host/lib -L/home/zengyao/DT_Hybrid_GPL_1.00.052/Hybrid_security_baseline/output/host/usr/lib -Wl,-rpath,/home/zengyao/DT_Hybrid_GPL_1.00.052/Hybrid_security_baseline/output/host/usr/lib conftest.c -ldl  >&5
configure:12661: $? = 0
configure:12679: result: yes
configure:12599: checking for __fxstat64
configure:12655: /usr/bin/gcc -o conftest -O2 -I/home/zengyao/DT_Hybrid_GPL_1.00.052/Hybrid_security_baseline/output/host/include -I/home/zengyao/DT_Hybrid_GPL_1.00.052/Hybrid_security_baseline/output/host/usr/include  -L/home/zengyao/DT_Hybrid_GPL_1.00.052/Hybrid_security_baseline/output/host/lib -L/home/zengyao/DT_Hybrid_GPL_1.00.052/Hybrid_security_baseline/output/host/usr/lib -Wl,-rpath,/home/zengyao/DT_Hybrid_GPL_1.00.052/Hybrid_security_baseline/output/host/usr/lib conftest.c -ldl  >&5
configure:12661: $? = 0
configure:12679: result: yes
configure:12599: checking for __lxstat64
configure:12655: /usr/bin/gcc -o conftest -O2 -I/home/zengyao/DT_Hybrid_GPL_1.00.052/Hybrid_security_baseline/output/host/include -I/home/zengyao/DT_Hybrid_GPL_1.00.052/Hybrid_security_baseline/output/host/usr/include  -L/home/zengyao/DT_Hybrid_GPL_1.00.052/Hybrid_security_baseline/output/host/lib -L/home/zengyao/DT_Hybrid_GPL_1.00.052/Hybrid_security_baseline/output/host/usr/lib -Wl,-rpath,/home/zengyao/DT_Hybrid_GPL_1.00.052/Hybrid_security_baseline/output/host/usr/lib conftest.c -ldl  >&5
configure:12661: $? = 0
configure:12679: result: yes
configure:12599: checking for __fxstatat64
configure:12655: /usr/bin/gcc -o conftest -O2 -I/home/zengyao/DT_Hybrid_GPL_1.00.052/Hybrid_security_baseline/output/host/include -I/home/zengyao/DT_Hybrid_GPL_1.00.052/Hybrid_security_baseline/output/host/usr/include  -L/home/zengyao/DT_Hybrid_GPL_1.00.052/Hybrid_security_baseline/output/host/lib -L/home/zengyao/DT_Hybrid_GPL_1.00.052/Hybrid_security_baseline/output/host/usr/lib -Wl,-rpath,/home/zengyao/DT_Hybrid_GPL_1.00.052/Hybrid_security_baseline/output/host/usr/lib conftest.c -ldl  >&5
configure:12661: $? = 0
configure:12679: result: yes
configure:12599: checking for __xmknod
configure:12655: /usr/bin/gcc -o conftest -O2 -I/home/zengyao/DT_Hybrid_GPL_1.00.052/Hybrid_security_baseline/output/host/include -I/home/zengyao/DT_Hybrid_GPL_1.00.052/Hybrid_security_baseline/output/host/usr/include  -L/home/zengyao/DT_Hybrid_GPL_1.00.052/Hybrid_security_baseline/output/host/lib -L/home/zengyao/DT_Hybrid_GPL_1.00.052/Hybrid_security_baseline/output/host/usr/lib -Wl,-rpath,/home/zengyao/DT_Hybrid_GPL_1.00.052/Hybrid_security_baseline/output/host/usr/lib conftest.c -ldl  >&5
configure:12661: $? = 0
configure:12679: result: yes
configure:12599: checking for __xmknodat
configure:12655: /usr/bin/gcc -o conftest -O2 -I/home/zengyao/DT_Hybrid_GPL_1.00.052/Hybrid_security_baseline/output/host/include -I/home/zengyao/DT_Hybrid_GPL_1.00.052/Hybrid_security_baseline/output/host/usr/include  -L/home/zengyao/DT_Hybrid_GPL_1.00.052/Hybrid_security_baseline/output/host/lib -L/home/zengyao/DT_Hybrid_GPL_1.00.052/Hybrid_security_baseline/output/host/usr/lib -Wl,-rpath,/home/zengyao/DT_Hybrid_GPL_1.00.052/Hybrid_security_baseline/output/host/usr/lib conftest.c -ldl  >&5
configure:12661: $? = 0
configure:12679: result: yes
configure:12750: result: created fakerootconfig.h
configure:12835: checking for strdup
configure:12891: /usr/bin/gcc -o conftest -O2 -I/home/zengyao/DT_Hybrid_GPL_1.00.052/Hybrid_security_baseline/output/host/include -I/home/zengyao/DT_Hybrid_GPL_1.00.052/Hybrid_security_baseline/output/host/usr/include  -L/home/zengyao/DT_Hybrid_GPL_1.00.052/Hybrid_security_baseline/output/host/lib -L/home/zengyao/DT_Hybrid_GPL_1.00.052/Hybrid_security_baseline/output/host/usr/lib -Wl,-rpath,/home/zengyao/DT_Hybrid_GPL_1.00.052/Hybrid_security_baseline/output/host/usr/lib conftest.c -ldl  >&5
conftest.c:130: warning: conflicting types for built-in function 'strdup'
configure:12897: $? = 0
configure:12915: result: yes
configure:12835: checking for strstr
configure:12891: /usr/bin/gcc -o conftest -O2 -I/home/zengyao/DT_Hybrid_GPL_1.00.052/Hybrid_security_baseline/output/host/include -I/home/zengyao/DT_Hybrid_GPL_1.00.052/Hybrid_security_baseline/output/host/usr/include  -L/home/zengyao/DT_Hybrid_GPL_1.00.052/Hybrid_security_baseline/output/host/lib -L/home/zengyao/DT_Hybrid_GPL_1.00.052/Hybrid_security_baseline/output/host/usr/lib -Wl,-rpath,/home/zengyao/DT_Hybrid_GPL_1.00.052/Hybrid_security_baseline/output/host/usr/lib conftest.c -ldl  >&5
conftest.c:131: warning: conflicting types for built-in function 'strstr'
configure:12897: $? = 0
configure:12915: result: yes
configure:12835: checking for getresuid
configure:12891: /usr/bin/gcc -o conftest -O2 -I/home/zengyao/DT_Hybrid_GPL_1.00.052/Hybrid_security_baseline/output/host/include -I/home/zengyao/DT_Hybrid_GPL_1.00.052/Hybrid_security_baseline/output/host/usr/include  -L/home/zengyao/DT_Hybrid_GPL_1.00.052/Hybrid_security_baseline/output/host/lib -L/home/zengyao/DT_Hybrid_GPL_1.00.052/Hybrid_security_baseline/output/host/usr/lib -Wl,-rpath,/home/zengyao/DT_Hybrid_GPL_1.00.052/Hybrid_security_baseline/output/host/usr/lib conftest.c -ldl  >&5
configure:12897: $? = 0
configure:12915: result: yes
configure:12835: checking for setresuid
configure:12891: /usr/bin/gcc -o conftest -O2 -I/home/zengyao/DT_Hybrid_GPL_1.00.052/Hybrid_security_baseline/output/host/include -I/home/zengyao/DT_Hybrid_GPL_1.00.052/Hybrid_security_baseline/output/host/usr/include  -L/home/zengyao/DT_Hybrid_GPL_1.00.052/Hybrid_security_baseline/output/host/lib -L/home/zengyao/DT_Hybrid_GPL_1.00.052/Hybrid_security_baseline/output/host/usr/lib -Wl,-rpath,/home/zengyao/DT_Hybrid_GPL_1.00.052/Hybrid_security_baseline/output/host/usr/lib conftest.c -ldl  >&5
configure:12897: $? = 0
configure:12915: result: yes
configure:12835: checking for getresgid
configure:12891: /usr/bin/gcc -o conftest -O2 -I/home/zengyao/DT_Hybrid_GPL_1.00.052/Hybrid_security_baseline/output/host/include -I/home/zengyao/DT_Hybrid_GPL_1.00.052/Hybrid_security_baseline/output/host/usr/include  -L/home/zengyao/DT_Hybrid_GPL_1.00.052/Hybrid_security_baseline/output/host/lib -L/home/zengyao/DT_Hybrid_GPL_1.00.052/Hybrid_security_baseline/output/host/usr/lib -Wl,-rpath,/home/zengyao/DT_Hybrid_GPL_1.00.052/Hybrid_security_baseline/output/host/usr/lib conftest.c -ldl  >&5
configure:12897: $? = 0
configure:12915: result: yes
configure:12835: checking for setresgid
configure:12891: /usr/bin/gcc -o conftest -O2 -I/home/zengyao/DT_Hybrid_GPL_1.00.052/Hybrid_security_baseline/output/host/include -I/home/zengyao/DT_Hybrid_GPL_1.00.052/Hybrid_security_baseline/output/host/usr/include  -L/home/zengyao/DT_Hybrid_GPL_1.00.052/Hybrid_security_baseline/output/host/lib -L/home/zengyao/DT_Hybrid_GPL_1.00.052/Hybrid_security_baseline/output/host/usr/lib -Wl,-rpath,/home/zengyao/DT_Hybrid_GPL_1.00.052/Hybrid_security_baseline/output/host/usr/lib conftest.c -ldl  >&5
configure:12897: $? = 0
configure:12915: result: yes
configure:12835: checking for setfsuid
configure:12891: /usr/bin/gcc -o conftest -O2 -I/home/zengyao/DT_Hybrid_GPL_1.00.052/Hybrid_security_baseline/output/host/include -I/home/zengyao/DT_Hybrid_GPL_1.00.052/Hybrid_security_baseline/output/host/usr/include  -L/home/zengyao/DT_Hybrid_GPL_1.00.052/Hybrid_security_baseline/output/host/lib -L/home/zengyao/DT_Hybrid_GPL_1.00.052/Hybrid_security_baseline/output/host/usr/lib -Wl,-rpath,/home/zengyao/DT_Hybrid_GPL_1.00.052/Hybrid_security_baseline/output/host/usr/lib conftest.c -ldl  >&5
configure:12897: $? = 0
configure:12915: result: yes
configure:12835: checking for setfsgid
configure:12891: /usr/bin/gcc -o conftest -O2 -I/home/zengyao/DT_Hybrid_GPL_1.00.052/Hybrid_security_baseline/output/host/include -I/home/zengyao/DT_Hybrid_GPL_1.00.052/Hybrid_security_baseline/output/host/usr/include  -L/home/zengyao/DT_Hybrid_GPL_1.00.052/Hybrid_security_baseline/output/host/lib -L/home/zengyao/DT_Hybrid_GPL_1.00.052/Hybrid_security_baseline/output/host/usr/lib -Wl,-rpath,/home/zengyao/DT_Hybrid_GPL_1.00.052/Hybrid_security_baseline/output/host/usr/lib conftest.c -ldl  >&5
configure:12897: $? = 0
configure:12915: result: yes
configure:12926: checking whether setenv is declared
configure:12955: /usr/bin/gcc -c -O2 -I/home/zengyao/DT_Hybrid_GPL_1.00.052/Hybrid_security_baseline/output/host/include -I/home/zengyao/DT_Hybrid_GPL_1.00.052/Hybrid_security_baseline/output/host/usr/include  conftest.c >&5
configure:12961: $? = 0
configure:12976: result: yes
configure:12992: checking whether unsetenv is declared
configure:13021: /usr/bin/gcc -c -O2 -I/home/zengyao/DT_Hybrid_GPL_1.00.052/Hybrid_security_baseline/output/host/include -I/home/zengyao/DT_Hybrid_GPL_1.00.052/Hybrid_security_baseline/output/host/usr/include  conftest.c >&5
configure:13027: $? = 0
configure:13042: result: yes
configure:13064: checking for setenv
configure:13120: /usr/bin/gcc -o conftest -O2 -I/home/zengyao/DT_Hybrid_GPL_1.00.052/Hybrid_security_baseline/output/host/include -I/home/zengyao/DT_Hybrid_GPL_1.00.052/Hybrid_security_baseline/output/host/usr/include  -L/home/zengyao/DT_Hybrid_GPL_1.00.052/Hybrid_security_baseline/output/host/lib -L/home/zengyao/DT_Hybrid_GPL_1.00.052/Hybrid_security_baseline/output/host/usr/lib -Wl,-rpath,/home/zengyao/DT_Hybrid_GPL_1.00.052/Hybrid_security_baseline/output/host/usr/lib conftest.c -ldl  >&5
configure:13126: $? = 0
configure:13144: result: yes
configure:13184: /usr/bin/gcc -o conftest -O2 -I/home/zengyao/DT_Hybrid_GPL_1.00.052/Hybrid_security_baseline/output/host/include -I/home/zengyao/DT_Hybrid_GPL_1.00.052/Hybrid_security_baseline/output/host/usr/include  -L/home/zengyao/DT_Hybrid_GPL_1.00.052/Hybrid_security_baseline/output/host/lib -L/home/zengyao/DT_Hybrid_GPL_1.00.052/Hybrid_security_baseline/output/host/usr/lib -Wl,-rpath,/home/zengyao/DT_Hybrid_GPL_1.00.052/Hybrid_security_baseline/output/host/usr/lib conftest.c -ldl  >&5
configure:13190: $? = 0
configure:13374: creating ./config.status

## ---------------------- ##
## Running config.status. ##
## ---------------------- ##

This file was extended by fakeroot config.status 1.9.5, which was
generated by GNU Autoconf 2.61.  Invocation command line was

  CONFIG_FILES    = 
  CONFIG_HEADERS  = 
  CONFIG_LINKS    = 
  CONFIG_COMMANDS = 
  $ ./config.status 

on linux-6g7k

config.status:860: creating Makefile
config.status:860: creating scripts/Makefile
config.status:860: creating doc/Makefile
config.status:860: creating doc/es/Makefile
config.status:860: creating doc/fr/Makefile
config.status:860: creating doc/nl/Makefile
config.status:860: creating doc/sv/Makefile
config.status:860: creating test/Makefile
config.status:860: creating config.h
config.status:1248: executing depfiles commands
config.status:1248: executing libtool commands

## ---------------- ##
## Cache variables. ##
## ---------------- ##

ac_cv_build=i686-pc-linux-gnu
ac_cv_c_compiler_gnu=yes
ac_cv_c_const=yes
ac_cv_dbformat=inode
ac_cv_env_CC_set=set
ac_cv_env_CC_value=/usr/bin/gcc
ac_cv_env_CFLAGS_set=set
ac_cv_env_CFLAGS_value='-O2 -I/home/zengyao/DT_Hybrid_GPL_1.00.052/Hybrid_security_baseline/output/host/include -I/home/zengyao/DT_Hybrid_GPL_1.00.052/Hybrid_security_baseline/output/host/usr/include'
ac_cv_env_CPPFLAGS_set=
ac_cv_env_CPPFLAGS_value=
ac_cv_env_CPP_set=set
ac_cv_env_CPP_value=/usr/bin/cpp
ac_cv_env_LDFLAGS_set=set
ac_cv_env_LDFLAGS_value='-L/home/zengyao/DT_Hybrid_GPL_1.00.052/Hybrid_security_baseline/output/host/lib -L/home/zengyao/DT_Hybrid_GPL_1.00.052/Hybrid_security_baseline/output/host/usr/lib -Wl,-rpath,/home/zengyao/DT_Hybrid_GPL_1.00.052/Hybrid_security_baseline/output/host/usr/lib'
ac_cv_env_LIBS_set=
ac_cv_env_LIBS_value=
ac_cv_env_build_alias_set=
ac_cv_env_build_alias_value=
ac_cv_env_host_alias_set=
ac_cv_env_host_alias_value=
ac_cv_env_target_alias_set=
ac_cv_env_target_alias_value=
ac_cv_func___fxstat64=yes
ac_cv_func___fxstat=yes
ac_cv_func___fxstatat64=yes
ac_cv_func___fxstatat=yes
ac_cv_func___lxstat64=yes
ac_cv_func___lxstat=yes
ac_cv_func___xmknod=yes
ac_cv_func___xmknodat=yes
ac_cv_func___xstat64=yes
ac_cv_func___xstat=yes
ac_cv_func_fchmodat=yes
ac_cv_func_fchownat=yes
ac_cv_func_fstatat=yes
ac_cv_func_getresgid=yes
ac_cv_func_getresuid=yes
ac_cv_func_mkdirat=yes
ac_cv_func_mknodat=yes
ac_cv_func_openat=yes
ac_cv_func_renameat=yes
ac_cv_func_setenv=yes
ac_cv_func_setfsgid=yes
ac_cv_func_setfsuid=yes
ac_cv_func_setresgid=yes
ac_cv_func_setresuid=yes
ac_cv_func_strdup=yes
ac_cv_func_strstr=yes
ac_cv_func_unlinkat=yes
ac_cv_have_decl_setenv=yes
ac_cv_have_decl_unsetenv=yes
ac_cv_header_dirent_dirent_h=yes
ac_cv_header_dlfcn_h=yes
ac_cv_header_endian_h=yes
ac_cv_header_fcntl_h=yes
ac_cv_header_features_h=yes
ac_cv_header_grp_h=yes
ac_cv_header_inttypes_h=yes
ac_cv_header_memory_h=yes
ac_cv_header_pthread_h=yes
ac_cv_header_stdc=yes
ac_cv_header_stdint_h=yes
ac_cv_header_stdlib_h=yes
ac_cv_header_string_h=yes
ac_cv_header_strings_h=yes
ac_cv_header_sys_acl_h=no
ac_cv_header_sys_feature_tests_h=no
ac_cv_header_sys_socket_h=yes
ac_cv_header_sys_stat_h=yes
ac_cv_header_sys_sysmacros_h=yes
ac_cv_header_sys_types_h=yes
ac_cv_header_unistd_h=yes
ac_cv_host=i686-pc-linux-gnu
ac_cv_lib_dl_dlopen=yes
ac_cv_objext=o
ac_cv_path_EGREP='/usr/bin/grep -E'
ac_cv_path_FGREP='/usr/bin/grep -F'
ac_cv_path_GREP=/usr/bin/grep
ac_cv_path_SED=/usr/bin/sed
ac_cv_path_install='/usr/bin/install -c'
ac_cv_path_mkdir=/bin/mkdir
ac_cv_prog_AWK=gawk
ac_cv_prog_CPP=/usr/bin/cpp
ac_cv_prog_ac_ct_AR=/usr/bin/ar
ac_cv_prog_ac_ct_CC=/usr/bin/gcc
ac_cv_prog_ac_ct_RANLIB=/opt/toolchain_hisi/arm-hsan-linux-uclibcgnueabi/bin/arm-hsan-linux-uclibcgnueabi-ranlib
ac_cv_prog_ac_ct_STRIP=/opt/toolchain_hisi/arm-hsan-linux-uclibcgnueabi/bin/arm-hsan-linux-uclibcgnueabi-strip
ac_cv_prog_cc_c89=
ac_cv_prog_cc_g=yes
ac_cv_prog_make_make_set=yes
ac_cv_search_opendir='none required'
ac_cv_target=i686-pc-linux-gnu
ac_cv_type_mode_t=yes
ac_cv_type_off_t=yes
ac_cv_type_size_t=yes
ac_cv_use_ipc=sysv
am_cv_CC_dependencies_compiler_type=gcc3
lt_cv_deplibs_check_method=pass_all
lt_cv_file_magic_cmd='$MAGIC_CMD'
lt_cv_file_magic_test_file=
lt_cv_ld_reload_flag=-r
lt_cv_nm_interface='BSD nm'
lt_cv_objdir=.libs
lt_cv_path_LD=/usr/bin/ld
lt_cv_path_NM=/usr/bin/nm
lt_cv_prog_compiler_c_o=yes
lt_cv_prog_compiler_pic_works=yes
lt_cv_prog_compiler_rtti_exceptions=no
lt_cv_prog_compiler_static_works=yes
lt_cv_prog_gnu_ld=yes
lt_cv_sys_global_symbol_pipe='sed -n -e '\''s/^.*[	 ]\([ABCDGIRSTW][ABCDGIRSTW]*\)[	 ][	 ]*\([_A-Za-z][_A-Za-z0-9]*\)$/\1 \2 \2/p'\'''
lt_cv_sys_global_symbol_to_c_name_address='sed -n -e '\''s/^: \([^ ]*\) $/  {\"\1\", (void *) 0},/p'\'' -e '\''s/^[ABCDGIRSTW]* \([^ ]*\) \([^ ]*\)$/  {"\2", (void *) \&\2},/p'\'''
lt_cv_sys_global_symbol_to_c_name_address_lib_prefix='sed -n -e '\''s/^: \([^ ]*\) $/  {\"\1\", (void *) 0},/p'\'' -e '\''s/^[ABCDGIRSTW]* \([^ ]*\) \(lib[^ ]*\)$/  {"\2", (void *) \&\2},/p'\'' -e '\''s/^[ABCDGIRSTW]* \([^ ]*\) \([^ ]*\)$/  {"lib\2", (void *) \&\2},/p'\'''
lt_cv_sys_global_symbol_to_cdecl='sed -n -e '\''s/^T .* \(.*\)$/extern int \1();/p'\'' -e '\''s/^[ABCDGIRSTW]* .* \(.*\)$/extern char \1;/p'\'''
lt_cv_sys_max_cmd_len=805306365

## ----------------- ##
## Output variables. ##
## ----------------- ##

ACLOCAL='${SHELL} /home/zengyao/DT_Hybrid_GPL_1.00.052/Hybrid_security_baseline/output/build/host-fakeroot-1.9.5/missing --run aclocal-1.10'
AMDEPBACKSLASH='\'
AMDEP_FALSE='#'
AMDEP_TRUE=''
AMTAR='${SHELL} /home/zengyao/DT_Hybrid_GPL_1.00.052/Hybrid_security_baseline/output/build/host-fakeroot-1.9.5/missing --run tar'
AR='/usr/bin/ar'
AUTOCONF='${SHELL} /home/zengyao/DT_Hybrid_GPL_1.00.052/Hybrid_security_baseline/output/build/host-fakeroot-1.9.5/missing --run autoconf'
AUTOHEADER='${SHELL} /home/zengyao/DT_Hybrid_GPL_1.00.052/Hybrid_security_baseline/output/build/host-fakeroot-1.9.5/missing --run autoheader'
AUTOMAKE='${SHELL} /home/zengyao/DT_Hybrid_GPL_1.00.052/Hybrid_security_baseline/output/build/host-fakeroot-1.9.5/missing --run automake-1.10'
AWK='gawk'
CC='/usr/bin/gcc'
CCDEPMODE='depmode=gcc3'
CFLAGS='-O2 -I/home/zengyao/DT_Hybrid_GPL_1.00.052/Hybrid_security_baseline/output/host/include -I/home/zengyao/DT_Hybrid_GPL_1.00.052/Hybrid_security_baseline/output/host/usr/include'
CPP='/usr/bin/cpp'
CPPFLAGS=''
CYGPATH_W='echo'
DEFS='-DHAVE_CONFIG_H'
DEPDIR='.deps'
DLSUFFIX='.so'
DSYMUTIL=''
DUMPBIN=''
ECHO_C=''
ECHO_N='-n'
ECHO_T=''
EGREP='/usr/bin/grep -E'
EXEEXT=''
FGREP='/usr/bin/grep -F'
GREP='/usr/bin/grep'
INSTALL_DATA='${INSTALL} -m 644'
INSTALL_PROGRAM='${INSTALL}'
INSTALL_SCRIPT='${INSTALL}'
INSTALL_STRIP_PROGRAM='$(install_sh) -c -s'
LD='/usr/bin/ld'
LDEXTRAVAR=''
LDFLAGS='-L/home/zengyao/DT_Hybrid_GPL_1.00.052/Hybrid_security_baseline/output/host/lib -L/home/zengyao/DT_Hybrid_GPL_1.00.052/Hybrid_security_baseline/output/host/usr/lib -Wl,-rpath,/home/zengyao/DT_Hybrid_GPL_1.00.052/Hybrid_security_baseline/output/host/usr/lib'
LDLIBPATHVAR='LD_LIBRARY_PATH'
LDPRELOADABS='0'
LDPRELOADVAR='LD_PRELOAD'
LIBOBJS=''
LIBS='-ldl '
LIBTOOL='$(SHELL) $(top_builddir)/libtool'
LN_S='ln -s'
LTLIBOBJS=''
MAINT='#'
MAINTAINER_MODE_FALSE=''
MAINTAINER_MODE_TRUE='#'
MAKEINFO='${SHELL} /home/zengyao/DT_Hybrid_GPL_1.00.052/Hybrid_security_baseline/output/build/host-fakeroot-1.9.5/missing --run makeinfo'
NM='/usr/bin/nm'
NMEDIT=''
OBJEXT='o'
PACKAGE='fakeroot'
PACKAGE_BUGREPORT='schizo@debian.org'
PACKAGE_NAME='fakeroot'
PACKAGE_STRING='fakeroot 1.9.5'
PACKAGE_TARNAME='fakeroot'
PACKAGE_VERSION='1.9.5'
PATH_SEPARATOR=':'
RANLIB='/opt/toolchain_hisi/arm-hsan-linux-uclibcgnueabi/bin/arm-hsan-linux-uclibcgnueabi-ranlib'
SED='/usr/bin/sed'
SET_MAKE=''
SHELL='/bin/sh'
STRIP='/opt/toolchain_hisi/arm-hsan-linux-uclibcgnueabi/bin/arm-hsan-linux-uclibcgnueabi-strip'
VERSION='1.9.5'
ac_ct_CC='/usr/bin/gcc'
ac_ct_DUMPBIN=''
am__fastdepCC_FALSE='#'
am__fastdepCC_TRUE=''
am__include='include'
am__isrc=''
am__leading_dot='.'
am__quote=''
am__tar='${AMTAR} chof - "$$tardir"'
am__untar='${AMTAR} xf -'
bindir='${exec_prefix}/bin'
build='i686-pc-linux-gnu'
build_alias=''
build_cpu='i686'
build_os='linux-gnu'
build_vendor='pc'
datadir='${datarootdir}'
datarootdir='${prefix}/share'
docdir='${datarootdir}/doc/${PACKAGE_TARNAME}'
dvidir='${docdir}'
exec_prefix='${prefix}'
host='i686-pc-linux-gnu'
host_alias=''
host_cpu='i686'
host_os='linux-gnu'
host_vendor='pc'
htmldir='${docdir}'
includedir='${prefix}/include'
infodir='${datarootdir}/info'
install_sh='$(SHELL) /home/zengyao/DT_Hybrid_GPL_1.00.052/Hybrid_security_baseline/output/build/host-fakeroot-1.9.5/install-sh'
libdir='${exec_prefix}/lib'
libexecdir='${exec_prefix}/libexec'
localedir='${datarootdir}/locale'
localstatedir='${prefix}/var'
lt_ECHO='echo'
mandir='${datarootdir}/man'
mkdir_p='/bin/mkdir -p'
oldincludedir='/usr/include'
pdfdir='${docdir}'
prefix='/home/zengyao/DT_Hybrid_GPL_1.00.052/Hybrid_security_baseline/output/host/usr'
program_transform_name='s,x,x,'
psdir='${docdir}'
sbindir='${exec_prefix}/sbin'
sharedstatedir='${prefix}/com'
signal='TERM'
sysconfdir='/home/zengyao/DT_Hybrid_GPL_1.00.052/Hybrid_security_baseline/output/host/etc'
target='i686-pc-linux-gnu'
target_alias=''
target_cpu='i686'
target_os='linux-gnu'
target_vendor='pc'

## ----------- ##
## confdefs.h. ##
## ----------- ##

#define PACKAGE_NAME "fakeroot"
#define PACKAGE_TARNAME "fakeroot"
#define PACKAGE_VERSION "1.9.5"
#define PACKAGE_STRING "fakeroot 1.9.5"
#define PACKAGE_BUGREPORT "schizo@debian.org"
#define PACKAGE "fakeroot"
#define VERSION "1.9.5"
#define STDC_HEADERS 1
#define HAVE_SYS_TYPES_H 1
#define HAVE_SYS_STAT_H 1
#define HAVE_STDLIB_H 1
#define HAVE_STRING_H 1
#define HAVE_MEMORY_H 1
#define HAVE_STRINGS_H 1
#define HAVE_INTTYPES_H 1
#define HAVE_STDINT_H 1
#define HAVE_UNISTD_H 1
#define HAVE_DLFCN_H 1
#define LT_OBJDIR ".libs/"
#define HAVE_LIBDL 1
#define HAVE_DIRENT_H 1
#define STDC_HEADERS 1
#define HAVE_FCNTL_H 1
#define HAVE_UNISTD_H 1
#define HAVE_FEATURES_H 1
#define HAVE_PTHREAD_H 1
#define HAVE_STDINT_H 1
#define HAVE_INTTYPES_H 1
#define HAVE_GRP_H 1
#define HAVE_ENDIAN_H 1
#define HAVE_SYS_SYSMACROS_H 1
#define HAVE_SYS_SOCKET_H 1
#define FAKEROOT_ATTR(x) __attribute__ ((x))
#define READLINK_RETVAL_TYPE int
#define READLINK_BUF_TYPE char
#define READLINK_BUFSIZE_TYPE size_t
#define SETGROUPS_SIZE_TYPE size_t
#define XMKNOD_FRTH_ARG *
#define XMKNODAT_FIFTH_ARG *
#define INITGROUPS_SECOND_ARG gid_t
#define SETREUID_ARG gid_t
#define SETREGID_ARG gid_t
#define STAT_SECOND_ARG struct stat *
#define STAT_HAS_d_off 1
#define STAT_HAS_d_type 1
#define HAVE_FCHMODAT 1
#define HAVE_FCHOWNAT 1
#define HAVE_FSTATAT 1
#define HAVE_MKDIRAT 1
#define HAVE_MKNODAT 1
#define HAVE_OPENAT 1
#define HAVE_RENAMEAT 1
#define HAVE_UNLINKAT 1
#define HAVE___XSTAT 1
#define WRAP_STAT __xstat
#define WRAP_STAT_QUOTE "__xstat"
#define TMP_STAT tmp___xstat
#define NEXT_STAT_NOARG next___xstat
#define HAVE___FXSTAT 1
#define WRAP_FSTAT __fxstat
#define WRAP_FSTAT_QUOTE "__fxstat"
#define TMP_FSTAT tmp___fxstat
#define NEXT_FSTAT_NOARG next___fxstat
#define HAVE___LXSTAT 1
#define WRAP_LSTAT __lxstat
#define WRAP_LSTAT_QUOTE "__lxstat"
#define TMP_LSTAT tmp___lxstat
#define NEXT_LSTAT_NOARG next___lxstat
#define HAVE___FXSTATAT 1
#define WRAP_FSTATAT __fxstatat
#define WRAP_FSTATAT_QUOTE "__fxstatat"
#define TMP_FSTATAT tmp___fxstatat
#define NEXT_FSTATAT_NOARG next___fxstatat
#define HAVE___XSTAT64 1
#define WRAP_STAT64 __xstat64
#define WRAP_STAT64_QUOTE "__xstat64"
#define TMP_STAT64 tmp___xstat64
#define NEXT_STAT64_NOARG next___xstat64
#define HAVE___FXSTAT64 1
#define WRAP_FSTAT64 __fxstat64
#define WRAP_FSTAT64_QUOTE "__fxstat64"
#define TMP_FSTAT64 tmp___fxstat64
#define NEXT_FSTAT64_NOARG next___fxstat64
#define HAVE___LXSTAT64 1
#define WRAP_LSTAT64 __lxstat64
#define WRAP_LSTAT64_QUOTE "__lxstat64"
#define TMP_LSTAT64 tmp___lxstat64
#define NEXT_LSTAT64_NOARG next___lxstat64
#define HAVE___FXSTATAT64 1
#define WRAP_FSTATAT64 __fxstatat64
#define WRAP_FSTATAT64_QUOTE "__fxstatat64"
#define TMP_FSTATAT64 tmp___fxstatat64
#define NEXT_FSTATAT64_NOARG next___fxstatat64
#define HAVE___XMKNOD 1
#define WRAP_MKNOD __xmknod
#define WRAP_MKNOD_QUOTE "__xmknod"
#define TMP_MKNOD tmp___xmknod
#define NEXT_MKNOD_NOARG next___xmknod
#define HAVE___XMKNODAT 1
#define WRAP_MKNODAT __xmknodat
#define WRAP_MKNODAT_QUOTE "__xmknodat"
#define TMP_MKNODAT tmp___xmknodat
#define NEXT_MKNODAT_NOARG next___xmknodat
#define LIBCPATH "/lib/libc.so.6"
#define HAVE_STRDUP 1
#define HAVE_STRSTR 1
#define HAVE_GETRESUID 1
#define HAVE_SETRESUID 1
#define HAVE_GETRESGID 1
#define HAVE_SETRESGID 1
#define HAVE_SETFSUID 1
#define HAVE_SETFSGID 1
#define HAVE_DECL_SETENV 1
#define HAVE_DECL_UNSETENV 1
#define HAVE_SETENV 1
#define HAVE_BUILTIN_EXPECT 1

configure: exit 0

## ---------------------- ##
## Running config.status. ##
## ---------------------- ##

This file was extended by fakeroot config.status 1.9.5, which was
generated by GNU Autoconf 2.61.  Invocation command line was

  CONFIG_FILES    = 
  CONFIG_HEADERS  = 
  CONFIG_LINKS    = 
  CONFIG_COMMANDS = 
  $ ./config.status 

on linux-6g7k

config.status:1248: executing depfiles commands
config.status:1248: executing libtool commands

## ---------------------- ##
## Running config.status. ##
## ---------------------- ##

This file was extended by fakeroot config.status 1.9.5, which was
generated by GNU Autoconf 2.61.  Invocation command line was

  CONFIG_FILES    = 
  CONFIG_HEADERS  = 
  CONFIG_LINKS    = 
  CONFIG_COMMANDS = 
  $ ./config.status 

on linux-6g7k

config.status:1248: executing depfiles commands
config.status:1248: executing libtool commands
