This file contains any messages produced by compilers while
running configure, to aid debugging if configure makes a mistake.

It was created by configure, which was
generated by GNU Autoconf 2.63.  Invocation command line was

  $ ./configure --disable-option-checking --prefix=/usr/local --host=mips-linux --disable-debug host_alias=mips-linux CC=/home/zengyao/DT_Hybrid_GPL_1.00.052/DT-W724V-20140311/output/host/usr/bin/mips-unknown-linux-uclibc-gcc CPP=/home/zengyao/DT_Hybrid_GPL_1.00.052/DT-W724V-20140311/output/host/usr/bin/mips-unknown-linux-uclibc-cpp --cache-file=/dev/null --srcdir=.

## --------- ##
## Platform. ##
## --------- ##

hostname = linux-6g7k
uname -m = i686
uname -r = 2.6.32.12-0.7-pae
uname -s = Linux
uname -v = #1 SMP 2010-05-20 11:14:20 +0200

/usr/bin/uname -p = unknown
/bin/uname -X     = unknown

/bin/arch              = i686
/usr/bin/arch -k       = unknown
/usr/convex/getsysinfo = unknown
/usr/bin/hostinfo      = unknown
/bin/machine           = unknown
/usr/bin/oslevel       = unknown
/bin/universe          = unknown

PATH: /home/shenqingzi/bin
PATH: /home/zengyao/bin
PATH: /usr/local/bin
PATH: /usr/bin
PATH: /bin
PATH: /usr/bin/X11
PATH: /usr/X11R6/bin
PATH: /usr/games
PATH: /opt/kde3/bin
PATH: /usr/lib/jvm/jre/bin
PATH: /usr/lib/mit/bin
PATH: /usr/lib/mit/sbin
PATH: /home/zengyao/DT_Hybrid_GPL_1.00.052/DT-W724V-20140311/output/host/usr/bin


## ----------- ##
## Core tests. ##
## ----------- ##

configure:2013: checking whether make sets $(MAKE)
configure:2035: result: yes
configure:2056: checking for mips-linux-gcc
configure:2083: result: /home/zengyao/DT_Hybrid_GPL_1.00.052/DT-W724V-20140311/output/host/usr/bin/mips-unknown-linux-uclibc-gcc
configure:2355: checking for C compiler version
configure:2363: /home/zengyao/DT_Hybrid_GPL_1.00.052/DT-W724V-20140311/output/host/usr/bin/mips-unknown-linux-uclibc-gcc --version >&5
mips-unknown-linux-uclibc-gcc (Buildroot 2011.11) 4.6.2
Copyright (C) 2011 Free Software Foundation, Inc.
This is free software; see the source for copying conditions.  There is NO
warranty; not even for MERCHANTABILITY or FITNESS FOR A PARTICULAR PURPOSE.

configure:2367: $? = 0
configure:2374: /home/zengyao/DT_Hybrid_GPL_1.00.052/DT-W724V-20140311/output/host/usr/bin/mips-unknown-linux-uclibc-gcc -v >&5
Using built-in specs.
COLLECT_GCC=/opt/toolchains/crosstools-mips-gcc-4.6-linux-3.4-uclibc-0.9.32-binutils-2.21/usr/bin/mips-unknown-linux-uclibc-gcc
COLLECT_LTO_WRAPPER=/opt/toolchains/crosstools-mips-gcc-4.6-linux-3.4-uclibc-0.9.32-binutils-2.21/usr/libexec/gcc/mips-unknown-linux-uclibc/4.6.2/lto-wrapper
Target: mips-unknown-linux-uclibc
Configured with: /home/dslsqa/rel1.0/src/buildroot-2011.11/output/toolchain/gcc-4.6.2/configure --prefix=/opt/toolchains/crosstools-mips-gcc-4.6-linux-3.4-uclibc-0.9.32-binutils-2.21/usr --build=i686-pc-linux-gnu --host=i686-pc-linux-gnu --target=mips-unknown-linux-uclibc --enable-languages=c,c++ --with-sysroot=/opt/toolchains/crosstools-mips-gcc-4.6-linux-3.4-uclibc-0.9.32-binutils-2.21/usr/mips-unknown-linux-uclibc/sysroot --with-build-time-tools=/opt/toolchains/crosstools-mips-gcc-4.6-linux-3.4-uclibc-0.9.32-binutils-2.21/usr/mips-unknown-linux-uclibc/bin --disable-__cxa_atexit --enable-target-optspace --disable-libgomp --with-gnu-ld --disable-libssp --disable-multilib --disable-tls --enable-shared --with-gmp=/opt/toolchains/crosstools-mips-gcc-4.6-linux-3.4-uclibc-0.9.32-binutils-2.21/usr --with-mpfr=/opt/toolchains/crosstools-mips-gcc-4.6-linux-3.4-uclibc-0.9.32-binutils-2.21/usr --with-mpc=/opt/toolchains/crosstools-mips-gcc-4.6-linux-3.4-uclibc-0.9.32-binutils-2.21/usr --enable-threads --disable-decimal-float --with-float=soft --with-abi=32 --with-tune=mips32 --with-arch=mips32 --with-pkgversion='Buildroot 2011.11' --with-bugurl=http://bugs.buildroot.net/
Thread model: posix
gcc version 4.6.2 (Buildroot 2011.11) 
configure:2378: $? = 0
configure:2385: /home/zengyao/DT_Hybrid_GPL_1.00.052/DT-W724V-20140311/output/host/usr/bin/mips-unknown-linux-uclibc-gcc -V >&5
mips-unknown-linux-uclibc-gcc: error: unrecognized option '-V'
mips-unknown-linux-uclibc-gcc: fatal error: no input files
compilation terminated.
configure:2389: $? = 1
configure:2412: checking for C compiler default output file name
configure:2434: /home/zengyao/DT_Hybrid_GPL_1.00.052/DT-W724V-20140311/output/host/usr/bin/mips-unknown-linux-uclibc-gcc    conftest.c  >&5
configure:2438: $? = 0
configure:2476: result: a.out
configure:2495: checking whether the C compiler works
configure:2505: ./a.out
./configure: line 2507: ./a.out: cannot execute binary file
configure:2509: $? = 126
configure:2528: result: yes
configure:2535: checking whether we are cross compiling
configure:2537: result: yes
configure:2540: checking for suffix of executables
configure:2547: /home/zengyao/DT_Hybrid_GPL_1.00.052/DT-W724V-20140311/output/host/usr/bin/mips-unknown-linux-uclibc-gcc -o conftest    conftest.c  >&5
configure:2551: $? = 0
configure:2577: result: 
configure:2583: checking for suffix of object files
configure:2609: /home/zengyao/DT_Hybrid_GPL_1.00.052/DT-W724V-20140311/output/host/usr/bin/mips-unknown-linux-uclibc-gcc -c   conftest.c >&5
configure:2613: $? = 0
configure:2638: result: o
configure:2642: checking whether we are using the GNU C compiler
configure:2671: /home/zengyao/DT_Hybrid_GPL_1.00.052/DT-W724V-20140311/output/host/usr/bin/mips-unknown-linux-uclibc-gcc -c   conftest.c >&5
configure:2678: $? = 0
configure:2695: result: yes
configure:2704: checking whether /home/zengyao/DT_Hybrid_GPL_1.00.052/DT-W724V-20140311/output/host/usr/bin/mips-unknown-linux-uclibc-gcc accepts -g
configure:2734: /home/zengyao/DT_Hybrid_GPL_1.00.052/DT-W724V-20140311/output/host/usr/bin/mips-unknown-linux-uclibc-gcc -c -g  conftest.c >&5
configure:2741: $? = 0
configure:2842: result: yes
configure:2859: checking for /home/zengyao/DT_Hybrid_GPL_1.00.052/DT-W724V-20140311/output/host/usr/bin/mips-unknown-linux-uclibc-gcc option to accept ISO C89
configure:2933: /home/zengyao/DT_Hybrid_GPL_1.00.052/DT-W724V-20140311/output/host/usr/bin/mips-unknown-linux-uclibc-gcc  -c -g -O2  conftest.c >&5
configure:2940: $? = 0
configure:2963: result: none needed
configure:2986: checking how to run the C preprocessor
configure:3104: result: /home/zengyao/DT_Hybrid_GPL_1.00.052/DT-W724V-20140311/output/host/usr/bin/mips-unknown-linux-uclibc-cpp
configure:3133: /home/zengyao/DT_Hybrid_GPL_1.00.052/DT-W724V-20140311/output/host/usr/bin/mips-unknown-linux-uclibc-cpp  conftest.c
configure:3140: $? = 0
configure:3171: /home/zengyao/DT_Hybrid_GPL_1.00.052/DT-W724V-20140311/output/host/usr/bin/mips-unknown-linux-uclibc-cpp  conftest.c
conftest.c:8:28: fatal error: ac_nonexistent.h: No such file or directory
compilation terminated.
configure:3178: $? = 1
configure: failed program was:
| /* confdefs.h.  */
| #define PACKAGE_NAME ""
| #define PACKAGE_TARNAME ""
| #define PACKAGE_VERSION ""
| #define PACKAGE_STRING ""
| #define PACKAGE_BUGREPORT ""
| /* end confdefs.h.  */
| #include <ac_nonexistent.h>
configure:3231: checking for a BSD-compatible install
configure:3299: result: /usr/bin/install -c
configure:3318: checking build system type
configure:3336: result: i686-pc-linux-gnu
configure:3358: checking host system type
configure:3373: result: mips-unknown-linux-gnu
configure:3398: checking whether to activate relocatable installation
configure:3413: result: no
configure:3452: checking for grep that handles long lines and -e
configure:3512: result: /usr/bin/grep
configure:3517: checking for egrep
configure:3581: result: /usr/bin/grep -E
configure:3586: checking for ANSI C header files
configure:3616: /home/zengyao/DT_Hybrid_GPL_1.00.052/DT-W724V-20140311/output/host/usr/bin/mips-unknown-linux-uclibc-gcc -c -g -O2  conftest.c >&5
configure:3623: $? = 0
configure:3754: result: yes
configure:3778: checking for sys/types.h
configure:3799: /home/zengyao/DT_Hybrid_GPL_1.00.052/DT-W724V-20140311/output/host/usr/bin/mips-unknown-linux-uclibc-gcc -c -g -O2  conftest.c >&5
configure:3806: $? = 0
configure:3823: result: yes
configure:3778: checking for sys/stat.h
configure:3799: /home/zengyao/DT_Hybrid_GPL_1.00.052/DT-W724V-20140311/output/host/usr/bin/mips-unknown-linux-uclibc-gcc -c -g -O2  conftest.c >&5
configure:3806: $? = 0
configure:3823: result: yes
configure:3778: checking for stdlib.h
configure:3799: /home/zengyao/DT_Hybrid_GPL_1.00.052/DT-W724V-20140311/output/host/usr/bin/mips-unknown-linux-uclibc-gcc -c -g -O2  conftest.c >&5
configure:3806: $? = 0
configure:3823: result: yes
configure:3778: checking for string.h
configure:3799: /home/zengyao/DT_Hybrid_GPL_1.00.052/DT-W724V-20140311/output/host/usr/bin/mips-unknown-linux-uclibc-gcc -c -g -O2  conftest.c >&5
configure:3806: $? = 0
configure:3823: result: yes
configure:3778: checking for memory.h
configure:3799: /home/zengyao/DT_Hybrid_GPL_1.00.052/DT-W724V-20140311/output/host/usr/bin/mips-unknown-linux-uclibc-gcc -c -g -O2  conftest.c >&5
configure:3806: $? = 0
configure:3823: result: yes
configure:3778: checking for strings.h
configure:3799: /home/zengyao/DT_Hybrid_GPL_1.00.052/DT-W724V-20140311/output/host/usr/bin/mips-unknown-linux-uclibc-gcc -c -g -O2  conftest.c >&5
configure:3806: $? = 0
configure:3823: result: yes
configure:3778: checking for inttypes.h
configure:3799: /home/zengyao/DT_Hybrid_GPL_1.00.052/DT-W724V-20140311/output/host/usr/bin/mips-unknown-linux-uclibc-gcc -c -g -O2  conftest.c >&5
configure:3806: $? = 0
configure:3823: result: yes
configure:3778: checking for stdint.h
configure:3799: /home/zengyao/DT_Hybrid_GPL_1.00.052/DT-W724V-20140311/output/host/usr/bin/mips-unknown-linux-uclibc-gcc -c -g -O2  conftest.c >&5
configure:3806: $? = 0
configure:3823: result: yes
configure:3778: checking for unistd.h
configure:3799: /home/zengyao/DT_Hybrid_GPL_1.00.052/DT-W724V-20140311/output/host/usr/bin/mips-unknown-linux-uclibc-gcc -c -g -O2  conftest.c >&5
configure:3806: $? = 0
configure:3823: result: yes
configure:3848: checking minix/config.h usability
configure:3865: /home/zengyao/DT_Hybrid_GPL_1.00.052/DT-W724V-20140311/output/host/usr/bin/mips-unknown-linux-uclibc-gcc -c -g -O2  conftest.c >&5
conftest.c:52:26: fatal error: minix/config.h: No such file or directory
compilation terminated.
configure:3872: $? = 1
configure: failed program was:
| /* confdefs.h.  */
| #define PACKAGE_NAME ""
| #define PACKAGE_TARNAME ""
| #define PACKAGE_VERSION ""
| #define PACKAGE_STRING ""
| #define PACKAGE_BUGREPORT ""
| #define INSTALLPREFIX "/usr/local"
| #define STDC_HEADERS 1
| #define HAVE_SYS_TYPES_H 1
| #define HAVE_SYS_STAT_H 1
| #define HAVE_STDLIB_H 1
| #define HAVE_STRING_H 1
| #define HAVE_MEMORY_H 1
| #define HAVE_STRINGS_H 1
| #define HAVE_INTTYPES_H 1
| #define HAVE_STDINT_H 1
| #define HAVE_UNISTD_H 1
| /* end confdefs.h.  */
| #include <stdio.h>
| #ifdef HAVE_SYS_TYPES_H
| # include <sys/types.h>
| #endif
| #ifdef HAVE_SYS_STAT_H
| # include <sys/stat.h>
| #endif
| #ifdef STDC_HEADERS
| # include <stdlib.h>
| # include <stddef.h>
| #else
| # ifdef HAVE_STDLIB_H
| #  include <stdlib.h>
| # endif
| #endif
| #ifdef HAVE_STRING_H
| # if !defined STDC_HEADERS && defined HAVE_MEMORY_H
| #  include <memory.h>
| # endif
| # include <string.h>
| #endif
| #ifdef HAVE_STRINGS_H
| # include <strings.h>
| #endif
| #ifdef HAVE_INTTYPES_H
| # include <inttypes.h>
| #endif
| #ifdef HAVE_STDINT_H
| # include <stdint.h>
| #endif
| #ifdef HAVE_UNISTD_H
| # include <unistd.h>
| #endif
| #include <minix/config.h>
configure:3886: result: no
configure:3890: checking minix/config.h presence
configure:3905: /home/zengyao/DT_Hybrid_GPL_1.00.052/DT-W724V-20140311/output/host/usr/bin/mips-unknown-linux-uclibc-cpp  conftest.c
conftest.c:19:26: fatal error: minix/config.h: No such file or directory
compilation terminated.
configure:3912: $? = 1
configure: failed program was:
| /* confdefs.h.  */
| #define PACKAGE_NAME ""
| #define PACKAGE_TARNAME ""
| #define PACKAGE_VERSION ""
| #define PACKAGE_STRING ""
| #define PACKAGE_BUGREPORT ""
| #define INSTALLPREFIX "/usr/local"
| #define STDC_HEADERS 1
| #define HAVE_SYS_TYPES_H 1
| #define HAVE_SYS_STAT_H 1
| #define HAVE_STDLIB_H 1
| #define HAVE_STRING_H 1
| #define HAVE_MEMORY_H 1
| #define HAVE_STRINGS_H 1
| #define HAVE_INTTYPES_H 1
| #define HAVE_STDINT_H 1
| #define HAVE_UNISTD_H 1
| /* end confdefs.h.  */
| #include <minix/config.h>
configure:3926: result: no
configure:3954: checking for minix/config.h
configure:3961: result: no
configure:3992: checking whether it is safe to define __EXTENSIONS__
configure:4020: /home/zengyao/DT_Hybrid_GPL_1.00.052/DT-W724V-20140311/output/host/usr/bin/mips-unknown-linux-uclibc-gcc -c -g -O2  conftest.c >&5
configure:4027: $? = 0
configure:4042: result: yes
configure:4097: checking for a sed that does not truncate output
configure:4163: result: /usr/bin/sed
configure:4181: checking for fgrep
configure:4245: result: /usr/bin/grep -F
configure:4280: checking for ld used by /home/zengyao/DT_Hybrid_GPL_1.00.052/DT-W724V-20140311/output/host/usr/bin/mips-unknown-linux-uclibc-gcc
configure:4347: result: /home/zengyao/DT_Hybrid_GPL_1.00.052/DT-W724V-20140311/output/host/usr/bin/mips-unknown-linux-uclibc-ld
configure:4356: checking if the linker (/home/zengyao/DT_Hybrid_GPL_1.00.052/DT-W724V-20140311/output/host/usr/bin/mips-unknown-linux-uclibc-ld) is GNU ld
configure:4371: result: yes
configure:4383: checking for BSD- or MS-compatible name lister (nm)
configure:4432: result: /home/zengyao/DT_Hybrid_GPL_1.00.052/DT-W724V-20140311/output/host/usr/bin/mips-unknown-linux-uclibc-nm
configure:4550: checking the name lister (/home/zengyao/DT_Hybrid_GPL_1.00.052/DT-W724V-20140311/output/host/usr/bin/mips-unknown-linux-uclibc-nm) interface
configure:4557: /home/zengyao/DT_Hybrid_GPL_1.00.052/DT-W724V-20140311/output/host/usr/bin/mips-unknown-linux-uclibc-gcc -c -g -O2  conftest.c >&5
configure:4560: /home/zengyao/DT_Hybrid_GPL_1.00.052/DT-W724V-20140311/output/host/usr/bin/mips-unknown-linux-uclibc-nm "conftest.o"
configure:4563: output
00000000 B some_variable
configure:4570: result: BSD nm
configure:4573: checking whether ln -s works
configure:4577: result: yes
configure:4585: checking the maximum length of command line arguments
configure:4705: result: 805306365
configure:4722: checking whether the shell understands some XSI constructs
configure:4732: result: yes
configure:4736: checking whether the shell understands "+="
configure:4742: result: yes
configure:4777: checking for /home/zengyao/DT_Hybrid_GPL_1.00.052/DT-W724V-20140311/output/host/usr/bin/mips-unknown-linux-uclibc-ld option to reload object files
configure:4784: result: -r
configure:4813: checking for mips-linux-objdump
configure:4840: result: /home/zengyao/DT_Hybrid_GPL_1.00.052/DT-W724V-20140311/output/host/usr/bin/mips-unknown-linux-uclibc-objdump
configure:4909: checking how to recognize dependent libraries
configure:5105: result: pass_all
configure:5125: checking for mips-linux-ar
configure:5152: result: /home/zengyao/DT_Hybrid_GPL_1.00.052/DT-W724V-20140311/output/host/usr/bin/mips-unknown-linux-uclibc-ar
configure:5230: checking for mips-linux-strip
configure:5257: result: /home/zengyao/DT_Hybrid_GPL_1.00.052/DT-W724V-20140311/output/host/usr/bin/mips-unknown-linux-uclibc-strip
configure:5329: checking for mips-linux-ranlib
configure:5356: result: /home/zengyao/DT_Hybrid_GPL_1.00.052/DT-W724V-20140311/output/host/usr/bin/mips-unknown-linux-uclibc-ranlib
configure:5486: checking command to parse /home/zengyao/DT_Hybrid_GPL_1.00.052/DT-W724V-20140311/output/host/usr/bin/mips-unknown-linux-uclibc-nm output from /home/zengyao/DT_Hybrid_GPL_1.00.052/DT-W724V-20140311/output/host/usr/bin/mips-unknown-linux-uclibc-gcc object
configure:5604: /home/zengyao/DT_Hybrid_GPL_1.00.052/DT-W724V-20140311/output/host/usr/bin/mips-unknown-linux-uclibc-gcc -c -g -O2  conftest.c >&5
configure:5607: $? = 0
configure:5611: /home/zengyao/DT_Hybrid_GPL_1.00.052/DT-W724V-20140311/output/host/usr/bin/mips-unknown-linux-uclibc-nm conftest.o \| sed -n -e 's/^.*[	 ]\([ABCDGIRSTW][ABCDGIRSTW]*\)[	 ][	 ]*\([_A-Za-z][_A-Za-z0-9]*\)$/\1 \2 \2/p' \> conftest.nm
configure:5614: $? = 0
configure:5668: /home/zengyao/DT_Hybrid_GPL_1.00.052/DT-W724V-20140311/output/host/usr/bin/mips-unknown-linux-uclibc-gcc -o conftest -g -O2   conftest.c conftstm.o >&5
configure:5671: $? = 0
configure:5709: result: ok
configure:6574: checking for dlfcn.h
configure:6595: /home/zengyao/DT_Hybrid_GPL_1.00.052/DT-W724V-20140311/output/host/usr/bin/mips-unknown-linux-uclibc-gcc -c -g -O2  conftest.c >&5
configure:6602: $? = 0
configure:6619: result: yes
configure:7103: checking for objdir
configure:7118: result: .libs
configure:7414: checking if /home/zengyao/DT_Hybrid_GPL_1.00.052/DT-W724V-20140311/output/host/usr/bin/mips-unknown-linux-uclibc-gcc supports -fno-rtti -fno-exceptions
configure:7432: /home/zengyao/DT_Hybrid_GPL_1.00.052/DT-W724V-20140311/output/host/usr/bin/mips-unknown-linux-uclibc-gcc -c -g -O2  -fno-rtti -fno-exceptions conftest.c >&5
cc1: warning: command line option '-fno-rtti' is valid for C++/ObjC++ but not for C [enabled by default]
configure:7436: $? = 0
configure:7449: result: no
configure:7469: checking for /home/zengyao/DT_Hybrid_GPL_1.00.052/DT-W724V-20140311/output/host/usr/bin/mips-unknown-linux-uclibc-gcc option to produce PIC
configure:7741: result: -fPIC -DPIC
configure:7753: checking if /home/zengyao/DT_Hybrid_GPL_1.00.052/DT-W724V-20140311/output/host/usr/bin/mips-unknown-linux-uclibc-gcc PIC flag -fPIC -DPIC works
configure:7771: /home/zengyao/DT_Hybrid_GPL_1.00.052/DT-W724V-20140311/output/host/usr/bin/mips-unknown-linux-uclibc-gcc -c -g -O2  -fPIC -DPIC -DPIC conftest.c >&5
configure:7775: $? = 0
configure:7788: result: yes
configure:7812: checking if /home/zengyao/DT_Hybrid_GPL_1.00.052/DT-W724V-20140311/output/host/usr/bin/mips-unknown-linux-uclibc-gcc static flag -static works
configure:7840: result: yes
configure:7855: checking if /home/zengyao/DT_Hybrid_GPL_1.00.052/DT-W724V-20140311/output/host/usr/bin/mips-unknown-linux-uclibc-gcc supports -c -o file.o
configure:7876: /home/zengyao/DT_Hybrid_GPL_1.00.052/DT-W724V-20140311/output/host/usr/bin/mips-unknown-linux-uclibc-gcc -c -g -O2  -o out/conftest2.o conftest.c >&5
configure:7880: $? = 0
configure:7902: result: yes
configure:7910: checking if /home/zengyao/DT_Hybrid_GPL_1.00.052/DT-W724V-20140311/output/host/usr/bin/mips-unknown-linux-uclibc-gcc supports -c -o file.o
configure:7957: result: yes
configure:7990: checking whether the /home/zengyao/DT_Hybrid_GPL_1.00.052/DT-W724V-20140311/output/host/usr/bin/mips-unknown-linux-uclibc-gcc linker (/home/zengyao/DT_Hybrid_GPL_1.00.052/DT-W724V-20140311/output/host/usr/bin/mips-unknown-linux-uclibc-ld) supports shared libraries
configure:9064: result: yes
configure:9101: checking whether -lc should be explicitly linked in
configure:9106: /home/zengyao/DT_Hybrid_GPL_1.00.052/DT-W724V-20140311/output/host/usr/bin/mips-unknown-linux-uclibc-gcc -c -g -O2  conftest.c >&5
configure:9109: $? = 0
configure:9124: /home/zengyao/DT_Hybrid_GPL_1.00.052/DT-W724V-20140311/output/host/usr/bin/mips-unknown-linux-uclibc-gcc -shared conftest.o  -v -Wl,-soname -Wl,conftest -o conftest 2\>\&1 \| /usr/bin/grep  -lc  \>/dev/null 2\>\&1
configure:9127: $? = 0
configure:9139: result: no
configure:9303: checking dynamic linker characteristics
configure:9746: /home/zengyao/DT_Hybrid_GPL_1.00.052/DT-W724V-20140311/output/host/usr/bin/mips-unknown-linux-uclibc-gcc -o conftest -g -O2   -Wl,-rpath -Wl,/foo conftest.c  >&5
configure:9753: $? = 0
configure:9986: result: GNU/Linux ld.so
configure:10088: checking how to hardcode library paths into programs
configure:10113: result: immediate
configure:10946: checking whether stripping libraries is possible
configure:10951: result: yes
configure:10986: checking if libtool supports shared libraries
configure:10988: result: yes
configure:10991: checking whether to build shared libraries
configure:11012: result: yes
configure:11015: checking whether to build static libraries
configure:11019: result: yes
configure:11059: checking for simple visibility declarations
configure:11091: /home/zengyao/DT_Hybrid_GPL_1.00.052/DT-W724V-20140311/output/host/usr/bin/mips-unknown-linux-uclibc-gcc -c -g -O2 -fvisibility=hidden  conftest.c >&5
configure:11098: $? = 0
configure:11115: result: yes
configure:11133: checking for nl_langinfo and CODESET
configure:11159: /home/zengyao/DT_Hybrid_GPL_1.00.052/DT-W724V-20140311/output/host/usr/bin/mips-unknown-linux-uclibc-gcc -o conftest -g -O2   conftest.c  >&5
configure:11166: $? = 0
configure:11187: result: yes
configure:11198: checking whether we are using the GNU C Library 2.1 or newer
configure:11229: result: yes
configure:11239: checking for setlocale
configure:11295: /home/zengyao/DT_Hybrid_GPL_1.00.052/DT-W724V-20140311/output/host/usr/bin/mips-unknown-linux-uclibc-gcc -o conftest -g -O2   conftest.c  >&5
configure:11302: $? = 0
configure:11324: result: yes
configure:11447: creating ./config.status

## ---------------------- ##
## Running config.status. ##
## ---------------------- ##

This file was extended by config.status, which was
generated by GNU Autoconf 2.63.  Invocation command line was

  CONFIG_FILES    = 
  CONFIG_HEADERS  = 
  CONFIG_LINKS    = 
  CONFIG_COMMANDS = 
  $ ./config.status 

on linux-6g7k

config.status:970: creating Makefile
config.status:970: creating lib/Makefile
config.status:970: creating include/localcharset.h
config.status:970: creating include/localcharset.h.inst
config.status:970: creating config.h
config.status:1186: config.h is unchanged
config.status:1204: executing libtool commands

## ---------------- ##
## Cache variables. ##
## ---------------- ##

ac_cv_build=i686-pc-linux-gnu
ac_cv_c_compiler_gnu=yes
ac_cv_env_CC_set=set
ac_cv_env_CC_value=/home/zengyao/DT_Hybrid_GPL_1.00.052/DT-W724V-20140311/output/host/usr/bin/mips-unknown-linux-uclibc-gcc
ac_cv_env_CFLAGS_set=
ac_cv_env_CFLAGS_value=
ac_cv_env_CPPFLAGS_set=
ac_cv_env_CPPFLAGS_value=
ac_cv_env_CPP_set=set
ac_cv_env_CPP_value=/home/zengyao/DT_Hybrid_GPL_1.00.052/DT-W724V-20140311/output/host/usr/bin/mips-unknown-linux-uclibc-cpp
ac_cv_env_LDFLAGS_set=
ac_cv_env_LDFLAGS_value=
ac_cv_env_LIBS_set=
ac_cv_env_LIBS_value=
ac_cv_env_build_alias_set=
ac_cv_env_build_alias_value=
ac_cv_env_host_alias_set=set
ac_cv_env_host_alias_value=mips-linux
ac_cv_env_target_alias_set=
ac_cv_env_target_alias_value=
ac_cv_func_setlocale=yes
ac_cv_gnu_library_2_1=yes
ac_cv_header_dlfcn_h=yes
ac_cv_header_inttypes_h=yes
ac_cv_header_memory_h=yes
ac_cv_header_minix_config_h=no
ac_cv_header_stdc=yes
ac_cv_header_stdint_h=yes
ac_cv_header_stdlib_h=yes
ac_cv_header_string_h=yes
ac_cv_header_strings_h=yes
ac_cv_header_sys_stat_h=yes
ac_cv_header_sys_types_h=yes
ac_cv_header_unistd_h=yes
ac_cv_host=mips-unknown-linux-gnu
ac_cv_objext=o
ac_cv_path_EGREP='/usr/bin/grep -E'
ac_cv_path_FGREP='/usr/bin/grep -F'
ac_cv_path_GREP=/usr/bin/grep
ac_cv_path_SED=/usr/bin/sed
ac_cv_path_install='/usr/bin/install -c'
ac_cv_prog_AR=/home/zengyao/DT_Hybrid_GPL_1.00.052/DT-W724V-20140311/output/host/usr/bin/mips-unknown-linux-uclibc-ar
ac_cv_prog_CC=/home/zengyao/DT_Hybrid_GPL_1.00.052/DT-W724V-20140311/output/host/usr/bin/mips-unknown-linux-uclibc-gcc
ac_cv_prog_CPP=/home/zengyao/DT_Hybrid_GPL_1.00.052/DT-W724V-20140311/output/host/usr/bin/mips-unknown-linux-uclibc-cpp
ac_cv_prog_OBJDUMP=/home/zengyao/DT_Hybrid_GPL_1.00.052/DT-W724V-20140311/output/host/usr/bin/mips-unknown-linux-uclibc-objdump
ac_cv_prog_RANLIB=/home/zengyao/DT_Hybrid_GPL_1.00.052/DT-W724V-20140311/output/host/usr/bin/mips-unknown-linux-uclibc-ranlib
ac_cv_prog_STRIP=/home/zengyao/DT_Hybrid_GPL_1.00.052/DT-W724V-20140311/output/host/usr/bin/mips-unknown-linux-uclibc-strip
ac_cv_prog_cc_c89=
ac_cv_prog_cc_g=yes
ac_cv_prog_make_make_set=yes
ac_cv_safe_to_define___extensions__=yes
am_cv_langinfo_codeset=yes
gl_cv_cc_visibility=yes
lt_cv_deplibs_check_method=pass_all
lt_cv_file_magic_cmd='$MAGIC_CMD'
lt_cv_file_magic_test_file=
lt_cv_ld_reload_flag=-r
lt_cv_nm_interface='BSD nm'
lt_cv_objdir=.libs
lt_cv_path_LD=/home/zengyao/DT_Hybrid_GPL_1.00.052/DT-W724V-20140311/output/host/usr/bin/mips-unknown-linux-uclibc-ld
lt_cv_path_NM=/home/zengyao/DT_Hybrid_GPL_1.00.052/DT-W724V-20140311/output/host/usr/bin/mips-unknown-linux-uclibc-nm
lt_cv_prog_compiler_c_o=yes
lt_cv_prog_compiler_pic_works=yes
lt_cv_prog_compiler_rtti_exceptions=no
lt_cv_prog_compiler_static_works=yes
lt_cv_prog_gnu_ld=yes
lt_cv_sys_global_symbol_pipe='sed -n -e '\''s/^.*[	 ]\([ABCDGIRSTW][ABCDGIRSTW]*\)[	 ][	 ]*\([_A-Za-z][_A-Za-z0-9]*\)$/\1 \2 \2/p'\'''
lt_cv_sys_global_symbol_to_c_name_address='sed -n -e '\''s/^: \([^ ]*\) $/  {\"\1\", (void *) 0},/p'\'' -e '\''s/^[ABCDGIRSTW]* \([^ ]*\) \([^ ]*\)$/  {"\2", (void *) \&\2},/p'\'''
lt_cv_sys_global_symbol_to_c_name_address_lib_prefix='sed -n -e '\''s/^: \([^ ]*\) $/  {\"\1\", (void *) 0},/p'\'' -e '\''s/^[ABCDGIRSTW]* \([^ ]*\) \(lib[^ ]*\)$/  {"\2", (void *) \&\2},/p'\'' -e '\''s/^[ABCDGIRSTW]* \([^ ]*\) \([^ ]*\)$/  {"lib\2", (void *) \&\2},/p'\'''
lt_cv_sys_global_symbol_to_cdecl='sed -n -e '\''s/^T .* \(.*\)$/extern int \1();/p'\'' -e '\''s/^[ABCDGIRSTW]* .* \(.*\)$/extern char \1;/p'\'''
lt_cv_sys_max_cmd_len=805306365

## ----------------- ##
## Output variables. ##
## ----------------- ##

AR='/home/zengyao/DT_Hybrid_GPL_1.00.052/DT-W724V-20140311/output/host/usr/bin/mips-unknown-linux-uclibc-ar'
AS='/home/zengyao/DT_Hybrid_GPL_1.00.052/DT-W724V-20140311/output/host/usr/bin/mips-unknown-linux-uclibc-as'
CC='/home/zengyao/DT_Hybrid_GPL_1.00.052/DT-W724V-20140311/output/host/usr/bin/mips-unknown-linux-uclibc-gcc'
CFLAGS='-g -O2'
CFLAG_VISIBILITY='-fvisibility=hidden'
CPP='/home/zengyao/DT_Hybrid_GPL_1.00.052/DT-W724V-20140311/output/host/usr/bin/mips-unknown-linux-uclibc-cpp'
CPPFLAGS=''
DEFS='-DHAVE_CONFIG_H'
DLLTOOL='dlltool'
DSYMUTIL=''
DUMPBIN=''
ECHO_C=''
ECHO_N='-n'
ECHO_T=''
EGREP='/usr/bin/grep -E'
EXEEXT=''
FGREP='/usr/bin/grep -F'
GLIBC21='yes'
GREP='/usr/bin/grep'
HAVE_VISIBILITY='1'
INSTALL_DATA='${INSTALL} -m 644'
INSTALL_PROGRAM='${INSTALL}'
INSTALL_SCRIPT='${INSTALL}'
LD='/home/zengyao/DT_Hybrid_GPL_1.00.052/DT-W724V-20140311/output/host/usr/bin/mips-unknown-linux-uclibc-ld'
LDFLAGS=''
LIBOBJS=''
LIBS=''
LIBTOOL='/bin/sh $(top_builddir)/libtool'
LIPO=''
LN_S='ln -s'
LTLIBOBJS=''
NM='/home/zengyao/DT_Hybrid_GPL_1.00.052/DT-W724V-20140311/output/host/usr/bin/mips-unknown-linux-uclibc-nm'
NMEDIT=''
OBJDUMP='/home/zengyao/DT_Hybrid_GPL_1.00.052/DT-W724V-20140311/output/host/usr/bin/mips-unknown-linux-uclibc-objdump'
OBJEXT='o'
OTOOL64=''
OTOOL=''
PACKAGE=''
PACKAGE_BUGREPORT=''
PACKAGE_NAME=''
PACKAGE_STRING=''
PACKAGE_TARNAME=''
PACKAGE_VERSION=''
PATH_SEPARATOR=':'
RANLIB='/home/zengyao/DT_Hybrid_GPL_1.00.052/DT-W724V-20140311/output/host/usr/bin/mips-unknown-linux-uclibc-ranlib'
RELOCATABLE='no'
SED='/usr/bin/sed'
SET_MAKE=''
SHELL='/bin/sh'
STRIP='/home/zengyao/DT_Hybrid_GPL_1.00.052/DT-W724V-20140311/output/host/usr/bin/mips-unknown-linux-uclibc-strip'
VERSION=''
ac_ct_CC=''
ac_ct_DUMPBIN=''
bindir='${exec_prefix}/bin'
build='i686-pc-linux-gnu'
build_alias=''
build_cpu='i686'
build_os='linux-gnu'
build_vendor='pc'
datadir='${datarootdir}'
datarootdir='${prefix}/share'
docdir='${datarootdir}/doc/${PACKAGE}'
dvidir='${docdir}'
exec_prefix='${prefix}'
host='mips-unknown-linux-gnu'
host_alias='mips-linux'
host_cpu='mips'
host_os='linux-gnu'
host_vendor='unknown'
htmldir='${docdir}'
includedir='${prefix}/include'
infodir='${datarootdir}/info'
libdir='${exec_prefix}/lib'
libexecdir='${exec_prefix}/libexec'
localedir='${datarootdir}/locale'
localstatedir='${prefix}/var'
lt_ECHO='echo'
mandir='${datarootdir}/man'
oldincludedir='/usr/include'
pdfdir='${docdir}'
prefix='/usr/local'
program_transform_name='s,x,x,'
psdir='${docdir}'
sbindir='${exec_prefix}/sbin'
sharedstatedir='${prefix}/com'
sysconfdir='${prefix}/etc'
target_alias=''

## ----------- ##
## confdefs.h. ##
## ----------- ##

#define PACKAGE_NAME ""
#define PACKAGE_TARNAME ""
#define PACKAGE_VERSION ""
#define PACKAGE_STRING ""
#define PACKAGE_BUGREPORT ""
#define INSTALLPREFIX "/usr/local"
#define STDC_HEADERS 1
#define HAVE_SYS_TYPES_H 1
#define HAVE_SYS_STAT_H 1
#define HAVE_STDLIB_H 1
#define HAVE_STRING_H 1
#define HAVE_MEMORY_H 1
#define HAVE_STRINGS_H 1
#define HAVE_INTTYPES_H 1
#define HAVE_STDINT_H 1
#define HAVE_UNISTD_H 1
#define __EXTENSIONS__ 1
#define _ALL_SOURCE 1
#define _GNU_SOURCE 1
#define _POSIX_PTHREAD_SEMANTICS 1
#define _TANDEM_SOURCE 1
#define HAVE_DLFCN_H 1
#define LT_OBJDIR ".libs/"
#define HAVE_VISIBILITY 1
#define HAVE_LANGINFO_CODESET 1
#define HAVE_SETLOCALE 1

configure: exit 0
