This file contains any messages produced by compilers while
running configure, to aid debugging if configure makes a mistake.

It was created by configure, which was
generated by GNU Autoconf 2.61.  Invocation command line was

  $ ./configure --host=arm-linux ac_cv_func_setpgrp_void=yes --with-pcap=linux

## --------- ##
## Platform. ##
## --------- ##

hostname = localhost
uname -m = i686
uname -r = 2.6.32.12-0.7-pae
uname -s = Linux
uname -v = #1 SMP 2010-05-20 11:14:20 +0200

/usr/bin/uname -p = unknown
/bin/uname -X     = unknown

/bin/arch              = i686
/usr/bin/arch -k       = unknown
/usr/convex/getsysinfo = unknown
/usr/bin/hostinfo      = unknown
/bin/machine           = unknown
/usr/bin/oslevel       = unknown
/bin/universe          = unknown

PATH: /usr/local/bin
PATH: /usr/bin
PATH: /bin
PATH: /usr/bin/X11
PATH: /usr/X11R6/bin
PATH: /usr/games
PATH: /usr/lib/jvm/jre/bin
PATH: /usr/lib/mit/bin
PATH: /usr/lib/mit/sbin
PATH: /home/z00250609/hybrid/5115_GPL/Hybrid_security_baseline/output/host/usr/bin


## ----------- ##
## Core tests. ##
## ----------- ##

configure:1798: checking build system type
configure:1816: result: i686-pc-linux-gnu
configure:1838: checking host system type
configure:1853: result: arm-unknown-linux-gnu
configure:1875: checking target system type
configure:1890: result: arm-unknown-linux-gnu
configure:2000: checking for arm-linux-gcc
configure:2027: result: /opt/toolchain_hisi/arm-hsan-linux-uclibcgnueabi/bin/arm-hsan-linux-uclibcgnueabi-gcc
configure:2305: checking for C compiler version
configure:2312: /opt/toolchain_hisi/arm-hsan-linux-uclibcgnueabi/bin/arm-hsan-linux-uclibcgnueabi-gcc --version >&5
arm-hsan-linux-uclibcgnueabi-gcc (crosstool-NG 1.13.2 - hsan-5115) 4.4.6
Copyright (C) 2010 Free Software Foundation, Inc.
This is free software; see the source for copying conditions.  There is NO
warranty; not even for MERCHANTABILITY or FITNESS FOR A PARTICULAR PURPOSE.

configure:2315: $? = 0
configure:2322: /opt/toolchain_hisi/arm-hsan-linux-uclibcgnueabi/bin/arm-hsan-linux-uclibcgnueabi-gcc -v >&5
Using built-in specs.
Target: arm-hsan-linux-uclibcgnueabi
Configured with: /home/majun/ct-ng/ct-ng_build/build_target/src/gcc-4.4.6/configure --build=i686-build_pc-linux-gnu --host=i686-build_pc-linux-gnu --target=arm-hsan-linux-uclibcgnueabi --prefix=/home/majun/ct-ng/ct-ng_build/../x-tools/arm-hsan-linux-uclibcgnueabi --with-sysroot=/home/majun/ct-ng/ct-ng_build/../x-tools/arm-hsan-linux-uclibcgnueabi/arm-hsan-linux-uclibcgnueabi/sysroot --enable-languages=c,c++ --disable-multilib --with-float=soft --with-pkgversion='crosstool-NG 1.13.2 - hsan-5115' --enable-__cxa_atexit --disable-libmudflap --disable-libgomp --disable-libssp --with-gmp=/home/majun/ct-ng/ct-ng_build/build_target/arm-hsan-linux-uclibcgnueabi/build/static --with-mpfr=/home/majun/ct-ng/ct-ng_build/build_target/arm-hsan-linux-uclibcgnueabi/build/static --with-ppl=/home/majun/ct-ng/ct-ng_build/build_target/arm-hsan-linux-uclibcgnueabi/build/static --with-cloog=/home/majun/ct-ng/ct-ng_build/build_target/arm-hsan-linux-uclibcgnueabi/build/static --with-host-libstdcxx='-static-libgcc -Wl,-Bstatic,-lstdc++,-Bdynamic -lm' --enable-threads=posix --enable-target-optspace --with-local-prefix=/home/majun/ct-ng/ct-ng_build/../x-tools/arm-hsan-linux-uclibcgnueabi/arm-hsan-linux-uclibcgnueabi/sysroot --disable-nls --enable-c99 --enable-long-long
Thread model: posix
gcc version 4.4.6 (crosstool-NG 1.13.2 - hsan-5115) 
configure:2325: $? = 0
configure:2332: /opt/toolchain_hisi/arm-hsan-linux-uclibcgnueabi/bin/arm-hsan-linux-uclibcgnueabi-gcc -V >&5
arm-hsan-linux-uclibcgnueabi-gcc: '-V' option must have argument
configure:2335: $? = 1
configure:2358: checking for C compiler default output file name
configure:2385: /opt/toolchain_hisi/arm-hsan-linux-uclibcgnueabi/bin/arm-hsan-linux-uclibcgnueabi-gcc  -I/home/z00250609/hybrid/5115_GPL/Hybrid_security_baseline/output/host/usr/arm-unknown-linux-uclibcgnueabi/sysroot/usr/include -L/home/z00250609/hybrid/5115_GPL/Hybrid_security_baseline/output/staging/lib conftest.c  >&5
configure:2388: $? = 0
configure:2426: result: a.out
configure:2443: checking whether the C compiler works
configure:2453: ./a.out
./configure: line 2454: ./a.out: cannot execute binary file
configure:2456: $? = 126
configure:2473: result: yes
configure:2480: checking whether we are cross compiling
configure:2482: result: yes
configure:2485: checking for suffix of executables
configure:2492: /opt/toolchain_hisi/arm-hsan-linux-uclibcgnueabi/bin/arm-hsan-linux-uclibcgnueabi-gcc -o conftest  -I/home/z00250609/hybrid/5115_GPL/Hybrid_security_baseline/output/host/usr/arm-unknown-linux-uclibcgnueabi/sysroot/usr/include -L/home/z00250609/hybrid/5115_GPL/Hybrid_security_baseline/output/staging/lib conftest.c  >&5
configure:2495: $? = 0
configure:2519: result: 
configure:2525: checking for suffix of object files
configure:2551: /opt/toolchain_hisi/arm-hsan-linux-uclibcgnueabi/bin/arm-hsan-linux-uclibcgnueabi-gcc -c  -I/home/z00250609/hybrid/5115_GPL/Hybrid_security_baseline/output/host/usr/arm-unknown-linux-uclibcgnueabi/sysroot/usr/include conftest.c >&5
configure:2554: $? = 0
configure:2577: result: o
configure:2581: checking whether we are using the GNU C compiler
configure:2610: /opt/toolchain_hisi/arm-hsan-linux-uclibcgnueabi/bin/arm-hsan-linux-uclibcgnueabi-gcc -c  -I/home/z00250609/hybrid/5115_GPL/Hybrid_security_baseline/output/host/usr/arm-unknown-linux-uclibcgnueabi/sysroot/usr/include conftest.c >&5
configure:2616: $? = 0
configure:2633: result: yes
configure:2638: checking whether /opt/toolchain_hisi/arm-hsan-linux-uclibcgnueabi/bin/arm-hsan-linux-uclibcgnueabi-gcc accepts -g
configure:2668: /opt/toolchain_hisi/arm-hsan-linux-uclibcgnueabi/bin/arm-hsan-linux-uclibcgnueabi-gcc -c -g -I/home/z00250609/hybrid/5115_GPL/Hybrid_security_baseline/output/host/usr/arm-unknown-linux-uclibcgnueabi/sysroot/usr/include conftest.c >&5
configure:2674: $? = 0
configure:2773: result: yes
configure:2790: checking for /opt/toolchain_hisi/arm-hsan-linux-uclibcgnueabi/bin/arm-hsan-linux-uclibcgnueabi-gcc option to accept ISO C89
configure:2864: /opt/toolchain_hisi/arm-hsan-linux-uclibcgnueabi/bin/arm-hsan-linux-uclibcgnueabi-gcc  -c -g -O2 -I/home/z00250609/hybrid/5115_GPL/Hybrid_security_baseline/output/host/usr/arm-unknown-linux-uclibcgnueabi/sysroot/usr/include conftest.c >&5
configure:2870: $? = 0
configure:2893: result: none needed
configure:2920: checking gcc version
configure:2932: result: 4
configure:3356: checking for inline
configure:3402: /opt/toolchain_hisi/arm-hsan-linux-uclibcgnueabi/bin/arm-hsan-linux-uclibcgnueabi-gcc -c -O2 -fpic -I/home/z00250609/hybrid/5115_GPL/Hybrid_security_baseline/output/host/usr/arm-unknown-linux-uclibcgnueabi/sysroot/usr/include conftest.c >&5
configure:3408: $? = 0
configure:3433: result: inline
configure:3445: checking for __attribute__
configure:3481: /opt/toolchain_hisi/arm-hsan-linux-uclibcgnueabi/bin/arm-hsan-linux-uclibcgnueabi-gcc -c -g -O2 -I/home/z00250609/hybrid/5115_GPL/Hybrid_security_baseline/output/host/usr/arm-unknown-linux-uclibcgnueabi/sysroot/usr/include conftest.c >&5
configure:3487: $? = 0
configure:3513: result: yes
configure:3522: checking how to run the C preprocessor
configure:3638: result: /opt/toolchain_hisi/arm-hsan-linux-uclibcgnueabi/bin/arm-hsan-linux-uclibcgnueabi-cpp
configure:3667: /opt/toolchain_hisi/arm-hsan-linux-uclibcgnueabi/bin/arm-hsan-linux-uclibcgnueabi-cpp -I/home/z00250609/hybrid/5115_GPL/Hybrid_security_baseline/output/host/usr/arm-unknown-linux-uclibcgnueabi/sysroot/usr/include conftest.c
configure:3673: $? = 0
configure:3704: /opt/toolchain_hisi/arm-hsan-linux-uclibcgnueabi/bin/arm-hsan-linux-uclibcgnueabi-cpp -I/home/z00250609/hybrid/5115_GPL/Hybrid_security_baseline/output/host/usr/arm-unknown-linux-uclibcgnueabi/sysroot/usr/include conftest.c
conftest.c:10:28: error: ac_nonexistent.h: No such file or directory
configure:3710: $? = 1
configure: failed program was:
| /* confdefs.h.  */
| #define PACKAGE_NAME ""
| #define PACKAGE_TARNAME ""
| #define PACKAGE_VERSION ""
| #define PACKAGE_STRING ""
| #define PACKAGE_BUGREPORT ""
| #define inline inline
| #define HAVE___ATTRIBUTE__ 1
| /* end confdefs.h.  */
| #include <ac_nonexistent.h>
configure:3748: checking for grep that handles long lines and -e
configure:3822: result: /usr/bin/grep
configure:3827: checking for egrep
configure:3905: result: /usr/bin/grep -E
configure:3910: checking for ANSI C header files
configure:3940: /opt/toolchain_hisi/arm-hsan-linux-uclibcgnueabi/bin/arm-hsan-linux-uclibcgnueabi-gcc -c -g -O2 -I/home/z00250609/hybrid/5115_GPL/Hybrid_security_baseline/output/host/usr/arm-unknown-linux-uclibcgnueabi/sysroot/usr/include conftest.c >&5
configure:3946: $? = 0
configure:4074: result: yes
configure:4098: checking for sys/types.h
configure:4119: /opt/toolchain_hisi/arm-hsan-linux-uclibcgnueabi/bin/arm-hsan-linux-uclibcgnueabi-gcc -c -g -O2 -I/home/z00250609/hybrid/5115_GPL/Hybrid_security_baseline/output/host/usr/arm-unknown-linux-uclibcgnueabi/sysroot/usr/include conftest.c >&5
configure:4125: $? = 0
configure:4141: result: yes
configure:4098: checking for sys/stat.h
configure:4119: /opt/toolchain_hisi/arm-hsan-linux-uclibcgnueabi/bin/arm-hsan-linux-uclibcgnueabi-gcc -c -g -O2 -I/home/z00250609/hybrid/5115_GPL/Hybrid_security_baseline/output/host/usr/arm-unknown-linux-uclibcgnueabi/sysroot/usr/include conftest.c >&5
configure:4125: $? = 0
configure:4141: result: yes
configure:4098: checking for stdlib.h
configure:4119: /opt/toolchain_hisi/arm-hsan-linux-uclibcgnueabi/bin/arm-hsan-linux-uclibcgnueabi-gcc -c -g -O2 -I/home/z00250609/hybrid/5115_GPL/Hybrid_security_baseline/output/host/usr/arm-unknown-linux-uclibcgnueabi/sysroot/usr/include conftest.c >&5
configure:4125: $? = 0
configure:4141: result: yes
configure:4098: checking for string.h
configure:4119: /opt/toolchain_hisi/arm-hsan-linux-uclibcgnueabi/bin/arm-hsan-linux-uclibcgnueabi-gcc -c -g -O2 -I/home/z00250609/hybrid/5115_GPL/Hybrid_security_baseline/output/host/usr/arm-unknown-linux-uclibcgnueabi/sysroot/usr/include conftest.c >&5
configure:4125: $? = 0
configure:4141: result: yes
configure:4098: checking for memory.h
configure:4119: /opt/toolchain_hisi/arm-hsan-linux-uclibcgnueabi/bin/arm-hsan-linux-uclibcgnueabi-gcc -c -g -O2 -I/home/z00250609/hybrid/5115_GPL/Hybrid_security_baseline/output/host/usr/arm-unknown-linux-uclibcgnueabi/sysroot/usr/include conftest.c >&5
configure:4125: $? = 0
configure:4141: result: yes
configure:4098: checking for strings.h
configure:4119: /opt/toolchain_hisi/arm-hsan-linux-uclibcgnueabi/bin/arm-hsan-linux-uclibcgnueabi-gcc -c -g -O2 -I/home/z00250609/hybrid/5115_GPL/Hybrid_security_baseline/output/host/usr/arm-unknown-linux-uclibcgnueabi/sysroot/usr/include conftest.c >&5
configure:4125: $? = 0
configure:4141: result: yes
configure:4098: checking for inttypes.h
configure:4119: /opt/toolchain_hisi/arm-hsan-linux-uclibcgnueabi/bin/arm-hsan-linux-uclibcgnueabi-gcc -c -g -O2 -I/home/z00250609/hybrid/5115_GPL/Hybrid_security_baseline/output/host/usr/arm-unknown-linux-uclibcgnueabi/sysroot/usr/include conftest.c >&5
configure:4125: $? = 0
configure:4141: result: yes
configure:4098: checking for stdint.h
configure:4119: /opt/toolchain_hisi/arm-hsan-linux-uclibcgnueabi/bin/arm-hsan-linux-uclibcgnueabi-gcc -c -g -O2 -I/home/z00250609/hybrid/5115_GPL/Hybrid_security_baseline/output/host/usr/arm-unknown-linux-uclibcgnueabi/sysroot/usr/include conftest.c >&5
configure:4125: $? = 0
configure:4141: result: yes
configure:4098: checking for unistd.h
configure:4119: /opt/toolchain_hisi/arm-hsan-linux-uclibcgnueabi/bin/arm-hsan-linux-uclibcgnueabi-gcc -c -g -O2 -I/home/z00250609/hybrid/5115_GPL/Hybrid_security_baseline/output/host/usr/arm-unknown-linux-uclibcgnueabi/sysroot/usr/include conftest.c >&5
configure:4125: $? = 0
configure:4141: result: yes
configure:4168: checking sys/bitypes.h usability
configure:4185: /opt/toolchain_hisi/arm-hsan-linux-uclibcgnueabi/bin/arm-hsan-linux-uclibcgnueabi-gcc -c -g -O2 -I/home/z00250609/hybrid/5115_GPL/Hybrid_security_baseline/output/host/usr/arm-unknown-linux-uclibcgnueabi/sysroot/usr/include conftest.c >&5
configure:4191: $? = 0
configure:4205: result: yes
configure:4209: checking sys/bitypes.h presence
configure:4224: /opt/toolchain_hisi/arm-hsan-linux-uclibcgnueabi/bin/arm-hsan-linux-uclibcgnueabi-cpp -I/home/z00250609/hybrid/5115_GPL/Hybrid_security_baseline/output/host/usr/arm-unknown-linux-uclibcgnueabi/sysroot/usr/include conftest.c
configure:4230: $? = 0
configure:4244: result: yes
configure:4272: checking for sys/bitypes.h
configure:4280: result: yes
configure:4294: checking for int8_t
configure:4328: /opt/toolchain_hisi/arm-hsan-linux-uclibcgnueabi/bin/arm-hsan-linux-uclibcgnueabi-gcc -c -g -O2 -I/home/z00250609/hybrid/5115_GPL/Hybrid_security_baseline/output/host/usr/arm-unknown-linux-uclibcgnueabi/sysroot/usr/include conftest.c >&5
configure:4334: $? = 0
configure:4349: result: yes
configure:4361: checking for u_int8_t
configure:4395: /opt/toolchain_hisi/arm-hsan-linux-uclibcgnueabi/bin/arm-hsan-linux-uclibcgnueabi-gcc -c -g -O2 -I/home/z00250609/hybrid/5115_GPL/Hybrid_security_baseline/output/host/usr/arm-unknown-linux-uclibcgnueabi/sysroot/usr/include conftest.c >&5
configure:4401: $? = 0
configure:4416: result: yes
configure:4428: checking for int16_t
configure:4458: /opt/toolchain_hisi/arm-hsan-linux-uclibcgnueabi/bin/arm-hsan-linux-uclibcgnueabi-gcc -c -g -O2 -I/home/z00250609/hybrid/5115_GPL/Hybrid_security_baseline/output/host/usr/arm-unknown-linux-uclibcgnueabi/sysroot/usr/include conftest.c >&5
configure:4464: $? = 0
configure:4479: result: yes
configure:4495: checking for u_int16_t
configure:4529: /opt/toolchain_hisi/arm-hsan-linux-uclibcgnueabi/bin/arm-hsan-linux-uclibcgnueabi-gcc -c -g -O2 -I/home/z00250609/hybrid/5115_GPL/Hybrid_security_baseline/output/host/usr/arm-unknown-linux-uclibcgnueabi/sysroot/usr/include conftest.c >&5
configure:4535: $? = 0
configure:4550: result: yes
configure:4562: checking for int32_t
configure:4596: /opt/toolchain_hisi/arm-hsan-linux-uclibcgnueabi/bin/arm-hsan-linux-uclibcgnueabi-gcc -c -g -O2 -I/home/z00250609/hybrid/5115_GPL/Hybrid_security_baseline/output/host/usr/arm-unknown-linux-uclibcgnueabi/sysroot/usr/include conftest.c >&5
configure:4602: $? = 0
configure:4617: result: yes
configure:4629: checking for u_int32_t
configure:4663: /opt/toolchain_hisi/arm-hsan-linux-uclibcgnueabi/bin/arm-hsan-linux-uclibcgnueabi-gcc -c -g -O2 -I/home/z00250609/hybrid/5115_GPL/Hybrid_security_baseline/output/host/usr/arm-unknown-linux-uclibcgnueabi/sysroot/usr/include conftest.c >&5
configure:4669: $? = 0
configure:4684: result: yes
configure:4696: checking for int64_t
configure:4730: /opt/toolchain_hisi/arm-hsan-linux-uclibcgnueabi/bin/arm-hsan-linux-uclibcgnueabi-gcc -c -g -O2 -I/home/z00250609/hybrid/5115_GPL/Hybrid_security_baseline/output/host/usr/arm-unknown-linux-uclibcgnueabi/sysroot/usr/include conftest.c >&5
configure:4736: $? = 0
configure:4751: result: yes
configure:4763: checking for u_int64_t
configure:4797: /opt/toolchain_hisi/arm-hsan-linux-uclibcgnueabi/bin/arm-hsan-linux-uclibcgnueabi-gcc -c -g -O2 -I/home/z00250609/hybrid/5115_GPL/Hybrid_security_baseline/output/host/usr/arm-unknown-linux-uclibcgnueabi/sysroot/usr/include conftest.c >&5
configure:4803: $? = 0
configure:4818: result: yes
configure:4841: checking for special C compiler options needed for large files
configure:4934: result: no
configure:4940: checking for _FILE_OFFSET_BITS value needed for large files
configure:4975: /opt/toolchain_hisi/arm-hsan-linux-uclibcgnueabi/bin/arm-hsan-linux-uclibcgnueabi-gcc -c -g -O2 -I/home/z00250609/hybrid/5115_GPL/Hybrid_security_baseline/output/host/usr/arm-unknown-linux-uclibcgnueabi/sysroot/usr/include conftest.c >&5
conftest.c:27: warning: left shift count >= width of type
conftest.c:27: warning: left shift count >= width of type
conftest.c:29: error: size of array 'off_t_is_large' is negative
configure:4981: $? = 1
configure: failed program was:
| /* confdefs.h.  */
| #define PACKAGE_NAME ""
| #define PACKAGE_TARNAME ""
| #define PACKAGE_VERSION ""
| #define PACKAGE_STRING ""
| #define PACKAGE_BUGREPORT ""
| #define inline inline
| #define HAVE___ATTRIBUTE__ 1
| #define STDC_HEADERS 1
| #define HAVE_SYS_TYPES_H 1
| #define HAVE_SYS_STAT_H 1
| #define HAVE_STDLIB_H 1
| #define HAVE_STRING_H 1
| #define HAVE_MEMORY_H 1
| #define HAVE_STRINGS_H 1
| #define HAVE_INTTYPES_H 1
| #define HAVE_STDINT_H 1
| #define HAVE_UNISTD_H 1
| #define HAVE_SYS_BITYPES_H 1
| /* end confdefs.h.  */
| #include <sys/types.h>
|  /* Check that off_t can represent 2**63 - 1 correctly.
|     We can't simply define LARGE_OFF_T to be 9223372036854775807,
|     since some C++ compilers masquerading as C compilers
|     incorrectly reject 9223372036854775807.  */
| #define LARGE_OFF_T (((off_t) 1 << 62) - 1 + ((off_t) 1 << 62))
|   int off_t_is_large[(LARGE_OFF_T % 2147483629 == 721
| 		       && LARGE_OFF_T % 2147483647 == 1)
| 		      ? 1 : -1];
| int
| main ()
| {
| 
|   ;
|   return 0;
| }
configure:5025: /opt/toolchain_hisi/arm-hsan-linux-uclibcgnueabi/bin/arm-hsan-linux-uclibcgnueabi-gcc -c -g -O2 -I/home/z00250609/hybrid/5115_GPL/Hybrid_security_baseline/output/host/usr/arm-unknown-linux-uclibcgnueabi/sysroot/usr/include conftest.c >&5
configure:5031: $? = 0
configure:5049: result: 64
configure:5184: checking for _LARGEFILE_SOURCE value needed for large files
configure:5211: /opt/toolchain_hisi/arm-hsan-linux-uclibcgnueabi/bin/arm-hsan-linux-uclibcgnueabi-gcc -o conftest -g -O2 -I/home/z00250609/hybrid/5115_GPL/Hybrid_security_baseline/output/host/usr/arm-unknown-linux-uclibcgnueabi/sysroot/usr/include -L/home/z00250609/hybrid/5115_GPL/Hybrid_security_baseline/output/staging/lib conftest.c  >&5
configure:5217: $? = 0
configure:5281: result: no
configure:5323: checking sys/ioccom.h usability
configure:5340: /opt/toolchain_hisi/arm-hsan-linux-uclibcgnueabi/bin/arm-hsan-linux-uclibcgnueabi-gcc -c -g -O2 -I/home/z00250609/hybrid/5115_GPL/Hybrid_security_baseline/output/host/usr/arm-unknown-linux-uclibcgnueabi/sysroot/usr/include conftest.c >&5
conftest.c:56:24: error: sys/ioccom.h: No such file or directory
configure:5346: $? = 1
configure: failed program was:
| /* confdefs.h.  */
| #define PACKAGE_NAME ""
| #define PACKAGE_TARNAME ""
| #define PACKAGE_VERSION ""
| #define PACKAGE_STRING ""
| #define PACKAGE_BUGREPORT ""
| #define inline inline
| #define HAVE___ATTRIBUTE__ 1
| #define STDC_HEADERS 1
| #define HAVE_SYS_TYPES_H 1
| #define HAVE_SYS_STAT_H 1
| #define HAVE_STDLIB_H 1
| #define HAVE_STRING_H 1
| #define HAVE_MEMORY_H 1
| #define HAVE_STRINGS_H 1
| #define HAVE_INTTYPES_H 1
| #define HAVE_STDINT_H 1
| #define HAVE_UNISTD_H 1
| #define HAVE_SYS_BITYPES_H 1
| #define _FILE_OFFSET_BITS 64
| #define HAVE_FSEEKO 1
| /* end confdefs.h.  */
| #include <stdio.h>
| #ifdef HAVE_SYS_TYPES_H
| # include <sys/types.h>
| #endif
| #ifdef HAVE_SYS_STAT_H
| # include <sys/stat.h>
| #endif
| #ifdef STDC_HEADERS
| # include <stdlib.h>
| # include <stddef.h>
| #else
| # ifdef HAVE_STDLIB_H
| #  include <stdlib.h>
| # endif
| #endif
| #ifdef HAVE_STRING_H
| # if !defined STDC_HEADERS && defined HAVE_MEMORY_H
| #  include <memory.h>
| # endif
| # include <string.h>
| #endif
| #ifdef HAVE_STRINGS_H
| # include <strings.h>
| #endif
| #ifdef HAVE_INTTYPES_H
| # include <inttypes.h>
| #endif
| #ifdef HAVE_STDINT_H
| # include <stdint.h>
| #endif
| #ifdef HAVE_UNISTD_H
| # include <unistd.h>
| #endif
| #include <sys/ioccom.h>
configure:5360: result: no
configure:5364: checking sys/ioccom.h presence
configure:5379: /opt/toolchain_hisi/arm-hsan-linux-uclibcgnueabi/bin/arm-hsan-linux-uclibcgnueabi-cpp -I/home/z00250609/hybrid/5115_GPL/Hybrid_security_baseline/output/host/usr/arm-unknown-linux-uclibcgnueabi/sysroot/usr/include conftest.c
conftest.c:23:24: error: sys/ioccom.h: No such file or directory
configure:5385: $? = 1
configure: failed program was:
| /* confdefs.h.  */
| #define PACKAGE_NAME ""
| #define PACKAGE_TARNAME ""
| #define PACKAGE_VERSION ""
| #define PACKAGE_STRING ""
| #define PACKAGE_BUGREPORT ""
| #define inline inline
| #define HAVE___ATTRIBUTE__ 1
| #define STDC_HEADERS 1
| #define HAVE_SYS_TYPES_H 1
| #define HAVE_SYS_STAT_H 1
| #define HAVE_STDLIB_H 1
| #define HAVE_STRING_H 1
| #define HAVE_MEMORY_H 1
| #define HAVE_STRINGS_H 1
| #define HAVE_INTTYPES_H 1
| #define HAVE_STDINT_H 1
| #define HAVE_UNISTD_H 1
| #define HAVE_SYS_BITYPES_H 1
| #define _FILE_OFFSET_BITS 64
| #define HAVE_FSEEKO 1
| /* end confdefs.h.  */
| #include <sys/ioccom.h>
configure:5399: result: no
configure:5427: checking for sys/ioccom.h
configure:5435: result: no
configure:5323: checking sys/sockio.h usability
configure:5340: /opt/toolchain_hisi/arm-hsan-linux-uclibcgnueabi/bin/arm-hsan-linux-uclibcgnueabi-gcc -c -g -O2 -I/home/z00250609/hybrid/5115_GPL/Hybrid_security_baseline/output/host/usr/arm-unknown-linux-uclibcgnueabi/sysroot/usr/include conftest.c >&5
conftest.c:56:24: error: sys/sockio.h: No such file or directory
configure:5346: $? = 1
configure: failed program was:
| /* confdefs.h.  */
| #define PACKAGE_NAME ""
| #define PACKAGE_TARNAME ""
| #define PACKAGE_VERSION ""
| #define PACKAGE_STRING ""
| #define PACKAGE_BUGREPORT ""
| #define inline inline
| #define HAVE___ATTRIBUTE__ 1
| #define STDC_HEADERS 1
| #define HAVE_SYS_TYPES_H 1
| #define HAVE_SYS_STAT_H 1
| #define HAVE_STDLIB_H 1
| #define HAVE_STRING_H 1
| #define HAVE_MEMORY_H 1
| #define HAVE_STRINGS_H 1
| #define HAVE_INTTYPES_H 1
| #define HAVE_STDINT_H 1
| #define HAVE_UNISTD_H 1
| #define HAVE_SYS_BITYPES_H 1
| #define _FILE_OFFSET_BITS 64
| #define HAVE_FSEEKO 1
| /* end confdefs.h.  */
| #include <stdio.h>
| #ifdef HAVE_SYS_TYPES_H
| # include <sys/types.h>
| #endif
| #ifdef HAVE_SYS_STAT_H
| # include <sys/stat.h>
| #endif
| #ifdef STDC_HEADERS
| # include <stdlib.h>
| # include <stddef.h>
| #else
| # ifdef HAVE_STDLIB_H
| #  include <stdlib.h>
| # endif
| #endif
| #ifdef HAVE_STRING_H
| # if !defined STDC_HEADERS && defined HAVE_MEMORY_H
| #  include <memory.h>
| # endif
| # include <string.h>
| #endif
| #ifdef HAVE_STRINGS_H
| # include <strings.h>
| #endif
| #ifdef HAVE_INTTYPES_H
| # include <inttypes.h>
| #endif
| #ifdef HAVE_STDINT_H
| # include <stdint.h>
| #endif
| #ifdef HAVE_UNISTD_H
| # include <unistd.h>
| #endif
| #include <sys/sockio.h>
configure:5360: result: no
configure:5364: checking sys/sockio.h presence
configure:5379: /opt/toolchain_hisi/arm-hsan-linux-uclibcgnueabi/bin/arm-hsan-linux-uclibcgnueabi-cpp -I/home/z00250609/hybrid/5115_GPL/Hybrid_security_baseline/output/host/usr/arm-unknown-linux-uclibcgnueabi/sysroot/usr/include conftest.c
conftest.c:23:24: error: sys/sockio.h: No such file or directory
configure:5385: $? = 1
configure: failed program was:
| /* confdefs.h.  */
| #define PACKAGE_NAME ""
| #define PACKAGE_TARNAME ""
| #define PACKAGE_VERSION ""
| #define PACKAGE_STRING ""
| #define PACKAGE_BUGREPORT ""
| #define inline inline
| #define HAVE___ATTRIBUTE__ 1
| #define STDC_HEADERS 1
| #define HAVE_SYS_TYPES_H 1
| #define HAVE_SYS_STAT_H 1
| #define HAVE_STDLIB_H 1
| #define HAVE_STRING_H 1
| #define HAVE_MEMORY_H 1
| #define HAVE_STRINGS_H 1
| #define HAVE_INTTYPES_H 1
| #define HAVE_STDINT_H 1
| #define HAVE_UNISTD_H 1
| #define HAVE_SYS_BITYPES_H 1
| #define _FILE_OFFSET_BITS 64
| #define HAVE_FSEEKO 1
| /* end confdefs.h.  */
| #include <sys/sockio.h>
configure:5399: result: no
configure:5427: checking for sys/sockio.h
configure:5435: result: no
configure:5323: checking limits.h usability
configure:5340: /opt/toolchain_hisi/arm-hsan-linux-uclibcgnueabi/bin/arm-hsan-linux-uclibcgnueabi-gcc -c -g -O2 -I/home/z00250609/hybrid/5115_GPL/Hybrid_security_baseline/output/host/usr/arm-unknown-linux-uclibcgnueabi/sysroot/usr/include conftest.c >&5
configure:5346: $? = 0
configure:5360: result: yes
configure:5364: checking limits.h presence
configure:5379: /opt/toolchain_hisi/arm-hsan-linux-uclibcgnueabi/bin/arm-hsan-linux-uclibcgnueabi-cpp -I/home/z00250609/hybrid/5115_GPL/Hybrid_security_baseline/output/host/usr/arm-unknown-linux-uclibcgnueabi/sysroot/usr/include conftest.c
configure:5385: $? = 0
configure:5399: result: yes
configure:5427: checking for limits.h
configure:5435: result: yes
configure:5323: checking paths.h usability
configure:5340: /opt/toolchain_hisi/arm-hsan-linux-uclibcgnueabi/bin/arm-hsan-linux-uclibcgnueabi-gcc -c -g -O2 -I/home/z00250609/hybrid/5115_GPL/Hybrid_security_baseline/output/host/usr/arm-unknown-linux-uclibcgnueabi/sysroot/usr/include conftest.c >&5
configure:5346: $? = 0
configure:5360: result: yes
configure:5364: checking paths.h presence
configure:5379: /opt/toolchain_hisi/arm-hsan-linux-uclibcgnueabi/bin/arm-hsan-linux-uclibcgnueabi-cpp -I/home/z00250609/hybrid/5115_GPL/Hybrid_security_baseline/output/host/usr/arm-unknown-linux-uclibcgnueabi/sysroot/usr/include conftest.c
configure:5385: $? = 0
configure:5399: result: yes
configure:5427: checking for paths.h
configure:5435: result: yes
configure:5463: checking linux/types.h usability
configure:5480: /opt/toolchain_hisi/arm-hsan-linux-uclibcgnueabi/bin/arm-hsan-linux-uclibcgnueabi-gcc -c -g -O2 -I/home/z00250609/hybrid/5115_GPL/Hybrid_security_baseline/output/host/usr/arm-unknown-linux-uclibcgnueabi/sysroot/usr/include conftest.c >&5
configure:5486: $? = 0
configure:5500: result: yes
configure:5504: checking linux/types.h presence
configure:5519: /opt/toolchain_hisi/arm-hsan-linux-uclibcgnueabi/bin/arm-hsan-linux-uclibcgnueabi-cpp -I/home/z00250609/hybrid/5115_GPL/Hybrid_security_baseline/output/host/usr/arm-unknown-linux-uclibcgnueabi/sysroot/usr/include conftest.c
configure:5525: $? = 0
configure:5539: result: yes
configure:5567: checking for linux/types.h
configure:5575: result: yes
configure:5605: checking linux/if_packet.h usability
configure:5622: /opt/toolchain_hisi/arm-hsan-linux-uclibcgnueabi/bin/arm-hsan-linux-uclibcgnueabi-gcc -c -g -O2 -I/home/z00250609/hybrid/5115_GPL/Hybrid_security_baseline/output/host/usr/arm-unknown-linux-uclibcgnueabi/sysroot/usr/include conftest.c >&5
configure:5628: $? = 0
configure:5642: result: yes
configure:5646: checking linux/if_packet.h presence
configure:5661: /opt/toolchain_hisi/arm-hsan-linux-uclibcgnueabi/bin/arm-hsan-linux-uclibcgnueabi-cpp -I/home/z00250609/hybrid/5115_GPL/Hybrid_security_baseline/output/host/usr/arm-unknown-linux-uclibcgnueabi/sysroot/usr/include conftest.c
configure:5667: $? = 0
configure:5681: result: yes
configure:5709: checking for linux/if_packet.h
configure:5717: result: yes
configure:5605: checking netpacket/packet.h usability
configure:5622: /opt/toolchain_hisi/arm-hsan-linux-uclibcgnueabi/bin/arm-hsan-linux-uclibcgnueabi-gcc -c -g -O2 -I/home/z00250609/hybrid/5115_GPL/Hybrid_security_baseline/output/host/usr/arm-unknown-linux-uclibcgnueabi/sysroot/usr/include conftest.c >&5
configure:5628: $? = 0
configure:5642: result: yes
configure:5646: checking netpacket/packet.h presence
configure:5661: /opt/toolchain_hisi/arm-hsan-linux-uclibcgnueabi/bin/arm-hsan-linux-uclibcgnueabi-cpp -I/home/z00250609/hybrid/5115_GPL/Hybrid_security_baseline/output/host/usr/arm-unknown-linux-uclibcgnueabi/sysroot/usr/include conftest.c
configure:5667: $? = 0
configure:5681: result: yes
configure:5709: checking for netpacket/packet.h
configure:5717: result: yes
configure:5605: checking netpacket/if_packet.h usability
configure:5622: /opt/toolchain_hisi/arm-hsan-linux-uclibcgnueabi/bin/arm-hsan-linux-uclibcgnueabi-gcc -c -g -O2 -I/home/z00250609/hybrid/5115_GPL/Hybrid_security_baseline/output/host/usr/arm-unknown-linux-uclibcgnueabi/sysroot/usr/include conftest.c >&5
conftest.c:61:33: error: netpacket/if_packet.h: No such file or directory
configure:5628: $? = 1
configure: failed program was:
| /* confdefs.h.  */
| #define PACKAGE_NAME ""
| #define PACKAGE_TARNAME ""
| #define PACKAGE_VERSION ""
| #define PACKAGE_STRING ""
| #define PACKAGE_BUGREPORT ""
| #define inline inline
| #define HAVE___ATTRIBUTE__ 1
| #define STDC_HEADERS 1
| #define HAVE_SYS_TYPES_H 1
| #define HAVE_SYS_STAT_H 1
| #define HAVE_STDLIB_H 1
| #define HAVE_STRING_H 1
| #define HAVE_MEMORY_H 1
| #define HAVE_STRINGS_H 1
| #define HAVE_INTTYPES_H 1
| #define HAVE_STDINT_H 1
| #define HAVE_UNISTD_H 1
| #define HAVE_SYS_BITYPES_H 1
| #define _FILE_OFFSET_BITS 64
| #define HAVE_FSEEKO 1
| #define HAVE_LIMITS_H 1
| #define HAVE_PATHS_H 1
| #define HAVE_LINUX_TYPES_H 1
| #define HAVE_LINUX_IF_PACKET_H 1
| #define HAVE_NETPACKET_PACKET_H 1
| /* end confdefs.h.  */
| #include <stdio.h>
| #ifdef HAVE_SYS_TYPES_H
| # include <sys/types.h>
| #endif
| #ifdef HAVE_SYS_STAT_H
| # include <sys/stat.h>
| #endif
| #ifdef STDC_HEADERS
| # include <stdlib.h>
| # include <stddef.h>
| #else
| # ifdef HAVE_STDLIB_H
| #  include <stdlib.h>
| # endif
| #endif
| #ifdef HAVE_STRING_H
| # if !defined STDC_HEADERS && defined HAVE_MEMORY_H
| #  include <memory.h>
| # endif
| # include <string.h>
| #endif
| #ifdef HAVE_STRINGS_H
| # include <strings.h>
| #endif
| #ifdef HAVE_INTTYPES_H
| # include <inttypes.h>
| #endif
| #ifdef HAVE_STDINT_H
| # include <stdint.h>
| #endif
| #ifdef HAVE_UNISTD_H
| # include <unistd.h>
| #endif
| #include <netpacket/if_packet.h>
configure:5642: result: no
configure:5646: checking netpacket/if_packet.h presence
configure:5661: /opt/toolchain_hisi/arm-hsan-linux-uclibcgnueabi/bin/arm-hsan-linux-uclibcgnueabi-cpp -I/home/z00250609/hybrid/5115_GPL/Hybrid_security_baseline/output/host/usr/arm-unknown-linux-uclibcgnueabi/sysroot/usr/include conftest.c
conftest.c:28:33: error: netpacket/if_packet.h: No such file or directory
configure:5667: $? = 1
configure: failed program was:
| /* confdefs.h.  */
| #define PACKAGE_NAME ""
| #define PACKAGE_TARNAME ""
| #define PACKAGE_VERSION ""
| #define PACKAGE_STRING ""
| #define PACKAGE_BUGREPORT ""
| #define inline inline
| #define HAVE___ATTRIBUTE__ 1
| #define STDC_HEADERS 1
| #define HAVE_SYS_TYPES_H 1
| #define HAVE_SYS_STAT_H 1
| #define HAVE_STDLIB_H 1
| #define HAVE_STRING_H 1
| #define HAVE_MEMORY_H 1
| #define HAVE_STRINGS_H 1
| #define HAVE_INTTYPES_H 1
| #define HAVE_STDINT_H 1
| #define HAVE_UNISTD_H 1
| #define HAVE_SYS_BITYPES_H 1
| #define _FILE_OFFSET_BITS 64
| #define HAVE_FSEEKO 1
| #define HAVE_LIMITS_H 1
| #define HAVE_PATHS_H 1
| #define HAVE_LINUX_TYPES_H 1
| #define HAVE_LINUX_IF_PACKET_H 1
| #define HAVE_NETPACKET_PACKET_H 1
| /* end confdefs.h.  */
| #include <netpacket/if_packet.h>
configure:5681: result: no
configure:5709: checking for netpacket/if_packet.h
configure:5717: result: no
configure:5734: checking for net/pfvar.h
configure:5757: /opt/toolchain_hisi/arm-hsan-linux-uclibcgnueabi/bin/arm-hsan-linux-uclibcgnueabi-gcc -c -g -O2 -I/home/z00250609/hybrid/5115_GPL/Hybrid_security_baseline/output/host/usr/arm-unknown-linux-uclibcgnueabi/sysroot/usr/include conftest.c >&5
conftest.c:32:23: error: net/pfvar.h: No such file or directory
configure:5763: $? = 1
configure: failed program was:
| /* confdefs.h.  */
| #define PACKAGE_NAME ""
| #define PACKAGE_TARNAME ""
| #define PACKAGE_VERSION ""
| #define PACKAGE_STRING ""
| #define PACKAGE_BUGREPORT ""
| #define inline inline
| #define HAVE___ATTRIBUTE__ 1
| #define STDC_HEADERS 1
| #define HAVE_SYS_TYPES_H 1
| #define HAVE_SYS_STAT_H 1
| #define HAVE_STDLIB_H 1
| #define HAVE_STRING_H 1
| #define HAVE_MEMORY_H 1
| #define HAVE_STRINGS_H 1
| #define HAVE_INTTYPES_H 1
| #define HAVE_STDINT_H 1
| #define HAVE_UNISTD_H 1
| #define HAVE_SYS_BITYPES_H 1
| #define _FILE_OFFSET_BITS 64
| #define HAVE_FSEEKO 1
| #define HAVE_LIMITS_H 1
| #define HAVE_PATHS_H 1
| #define HAVE_LINUX_TYPES_H 1
| #define HAVE_LINUX_IF_PACKET_H 1
| #define HAVE_NETPACKET_PACKET_H 1
| /* end confdefs.h.  */
| #include <sys/types.h>
| #include <sys/socket.h>
| #include <net/if.h>
| 
| #include <net/pfvar.h>
configure:5779: result: no
configure:5854: checking for netinet/if_ether.h
configure:5876: /opt/toolchain_hisi/arm-hsan-linux-uclibcgnueabi/bin/arm-hsan-linux-uclibcgnueabi-gcc -c -g -O2 -I/home/z00250609/hybrid/5115_GPL/Hybrid_security_baseline/output/host/usr/arm-unknown-linux-uclibcgnueabi/sysroot/usr/include conftest.c >&5
configure:5882: $? = 0
configure:5898: result: yes
configure:5986: checking for ANSI ioctl definitions
configure:6024: /opt/toolchain_hisi/arm-hsan-linux-uclibcgnueabi/bin/arm-hsan-linux-uclibcgnueabi-gcc -c -g -O2 -I/home/z00250609/hybrid/5115_GPL/Hybrid_security_baseline/output/host/usr/arm-unknown-linux-uclibcgnueabi/sysroot/usr/include conftest.c >&5
configure:6030: $? = 0
configure:6046: result: yes
configure:6062: checking for strerror
configure:6118: /opt/toolchain_hisi/arm-hsan-linux-uclibcgnueabi/bin/arm-hsan-linux-uclibcgnueabi-gcc -o conftest -g -O2 -I/home/z00250609/hybrid/5115_GPL/Hybrid_security_baseline/output/host/usr/arm-unknown-linux-uclibcgnueabi/sysroot/usr/include -L/home/z00250609/hybrid/5115_GPL/Hybrid_security_baseline/output/staging/lib conftest.c  >&5
configure:6124: $? = 0
configure:6142: result: yes
configure:6062: checking for strlcpy
configure:6118: /opt/toolchain_hisi/arm-hsan-linux-uclibcgnueabi/bin/arm-hsan-linux-uclibcgnueabi-gcc -o conftest -g -O2 -I/home/z00250609/hybrid/5115_GPL/Hybrid_security_baseline/output/host/usr/arm-unknown-linux-uclibcgnueabi/sysroot/usr/include -L/home/z00250609/hybrid/5115_GPL/Hybrid_security_baseline/output/staging/lib conftest.c  >&5
configure:6124: $? = 0
configure:6142: result: yes
configure:6159: checking for vsnprintf
configure:6215: /opt/toolchain_hisi/arm-hsan-linux-uclibcgnueabi/bin/arm-hsan-linux-uclibcgnueabi-gcc -o conftest -g -O2 -I/home/z00250609/hybrid/5115_GPL/Hybrid_security_baseline/output/host/usr/arm-unknown-linux-uclibcgnueabi/sysroot/usr/include -L/home/z00250609/hybrid/5115_GPL/Hybrid_security_baseline/output/staging/lib conftest.c  >&5
conftest.c:54: warning: conflicting types for built-in function 'vsnprintf'
configure:6221: $? = 0
configure:6239: result: yes
configure:6159: checking for snprintf
configure:6215: /opt/toolchain_hisi/arm-hsan-linux-uclibcgnueabi/bin/arm-hsan-linux-uclibcgnueabi-gcc -o conftest -g -O2 -I/home/z00250609/hybrid/5115_GPL/Hybrid_security_baseline/output/host/usr/arm-unknown-linux-uclibcgnueabi/sysroot/usr/include -L/home/z00250609/hybrid/5115_GPL/Hybrid_security_baseline/output/staging/lib conftest.c  >&5
conftest.c:55: warning: conflicting types for built-in function 'snprintf'
configure:6221: $? = 0
configure:6239: result: yes
configure:6269: checking for library containing gethostbyname
configure:6310: /opt/toolchain_hisi/arm-hsan-linux-uclibcgnueabi/bin/arm-hsan-linux-uclibcgnueabi-gcc -o conftest -g -O2 -I/home/z00250609/hybrid/5115_GPL/Hybrid_security_baseline/output/host/usr/arm-unknown-linux-uclibcgnueabi/sysroot/usr/include -L/home/z00250609/hybrid/5115_GPL/Hybrid_security_baseline/output/staging/lib conftest.c  >&5
/tmp/cc2XRqPe.o: In function `main':
/home/z00250609/hybrid/5115_GPL/Hybrid_security_baseline/package/atp/libraries/opensrc/libpcap/src/conftest.c:44: warning: gethostbyname is obsolescent, use getnameinfo() instead.
configure:6316: $? = 0
configure:6344: result: none required
configure:6422: checking for library containing socket
configure:6463: /opt/toolchain_hisi/arm-hsan-linux-uclibcgnueabi/bin/arm-hsan-linux-uclibcgnueabi-gcc -o conftest -g -O2 -I/home/z00250609/hybrid/5115_GPL/Hybrid_security_baseline/output/host/usr/arm-unknown-linux-uclibcgnueabi/sysroot/usr/include -L/home/z00250609/hybrid/5115_GPL/Hybrid_security_baseline/output/staging/lib conftest.c  >&5
configure:6469: $? = 0
configure:6497: result: none required
configure:6572: checking for library containing putmsg
configure:6613: /opt/toolchain_hisi/arm-hsan-linux-uclibcgnueabi/bin/arm-hsan-linux-uclibcgnueabi-gcc -o conftest -g -O2 -I/home/z00250609/hybrid/5115_GPL/Hybrid_security_baseline/output/host/usr/arm-unknown-linux-uclibcgnueabi/sysroot/usr/include -L/home/z00250609/hybrid/5115_GPL/Hybrid_security_baseline/output/staging/lib conftest.c  >&5
/tmp/ccPz8sMk.o: In function `main':
/home/z00250609/hybrid/5115_GPL/Hybrid_security_baseline/package/atp/libraries/opensrc/libpcap/src/conftest.c:44: undefined reference to `putmsg'
collect2: ld returned 1 exit status
configure:6619: $? = 1
configure: failed program was:
| /* confdefs.h.  */
| #define PACKAGE_NAME ""
| #define PACKAGE_TARNAME ""
| #define PACKAGE_VERSION ""
| #define PACKAGE_STRING ""
| #define PACKAGE_BUGREPORT ""
| #define inline inline
| #define HAVE___ATTRIBUTE__ 1
| #define STDC_HEADERS 1
| #define HAVE_SYS_TYPES_H 1
| #define HAVE_SYS_STAT_H 1
| #define HAVE_STDLIB_H 1
| #define HAVE_STRING_H 1
| #define HAVE_MEMORY_H 1
| #define HAVE_STRINGS_H 1
| #define HAVE_INTTYPES_H 1
| #define HAVE_STDINT_H 1
| #define HAVE_UNISTD_H 1
| #define HAVE_SYS_BITYPES_H 1
| #define _FILE_OFFSET_BITS 64
| #define HAVE_FSEEKO 1
| #define HAVE_LIMITS_H 1
| #define HAVE_PATHS_H 1
| #define HAVE_LINUX_TYPES_H 1
| #define HAVE_LINUX_IF_PACKET_H 1
| #define HAVE_NETPACKET_PACKET_H 1
| #define HAVE_NETINET_IF_ETHER_H 1
| #define HAVE_STRERROR 1
| #define HAVE_STRLCPY 1
| #define HAVE_VSNPRINTF 1
| #define HAVE_SNPRINTF 1
| /* end confdefs.h.  */
| 
| /* Override any GCC internal prototype to avoid an error.
|    Use char because int might match the return type of a GCC
|    builtin and then its argument prototype would still apply.  */
| #ifdef __cplusplus
| extern "C"
| #endif
| char putmsg ();
| int
| main ()
| {
| return putmsg ();
|   ;
|   return 0;
| }
configure:6613: /opt/toolchain_hisi/arm-hsan-linux-uclibcgnueabi/bin/arm-hsan-linux-uclibcgnueabi-gcc -o conftest -g -O2 -I/home/z00250609/hybrid/5115_GPL/Hybrid_security_baseline/output/host/usr/arm-unknown-linux-uclibcgnueabi/sysroot/usr/include -L/home/z00250609/hybrid/5115_GPL/Hybrid_security_baseline/output/staging/lib conftest.c -lstr   >&5
/opt/toolchain_hisi/arm-hsan-linux-uclibcgnueabi/bin/../lib/gcc/arm-hsan-linux-uclibcgnueabi/4.4.6/../../../../arm-hsan-linux-uclibcgnueabi/bin/ld: cannot find -lstr
collect2: ld returned 1 exit status
configure:6619: $? = 1
configure: failed program was:
| /* confdefs.h.  */
| #define PACKAGE_NAME ""
| #define PACKAGE_TARNAME ""
| #define PACKAGE_VERSION ""
| #define PACKAGE_STRING ""
| #define PACKAGE_BUGREPORT ""
| #define inline inline
| #define HAVE___ATTRIBUTE__ 1
| #define STDC_HEADERS 1
| #define HAVE_SYS_TYPES_H 1
| #define HAVE_SYS_STAT_H 1
| #define HAVE_STDLIB_H 1
| #define HAVE_STRING_H 1
| #define HAVE_MEMORY_H 1
| #define HAVE_STRINGS_H 1
| #define HAVE_INTTYPES_H 1
| #define HAVE_STDINT_H 1
| #define HAVE_UNISTD_H 1
| #define HAVE_SYS_BITYPES_H 1
| #define _FILE_OFFSET_BITS 64
| #define HAVE_FSEEKO 1
| #define HAVE_LIMITS_H 1
| #define HAVE_PATHS_H 1
| #define HAVE_LINUX_TYPES_H 1
| #define HAVE_LINUX_IF_PACKET_H 1
| #define HAVE_NETPACKET_PACKET_H 1
| #define HAVE_NETINET_IF_ETHER_H 1
| #define HAVE_STRERROR 1
| #define HAVE_STRLCPY 1
| #define HAVE_VSNPRINTF 1
| #define HAVE_SNPRINTF 1
| /* end confdefs.h.  */
| 
| /* Override any GCC internal prototype to avoid an error.
|    Use char because int might match the return type of a GCC
|    builtin and then its argument prototype would still apply.  */
| #ifdef __cplusplus
| extern "C"
| #endif
| char putmsg ();
| int
| main ()
| {
| return putmsg ();
|   ;
|   return 0;
| }
configure:6647: result: no
configure:6672: checking for ether_hostton
configure:6728: /opt/toolchain_hisi/arm-hsan-linux-uclibcgnueabi/bin/arm-hsan-linux-uclibcgnueabi-gcc -o conftest -g -O2 -I/home/z00250609/hybrid/5115_GPL/Hybrid_security_baseline/output/host/usr/arm-unknown-linux-uclibcgnueabi/sysroot/usr/include -L/home/z00250609/hybrid/5115_GPL/Hybrid_security_baseline/output/staging/lib conftest.c  >&5
configure:6734: $? = 0
configure:6752: result: yes
configure:6770: checking whether ether_hostton is declared
configure:6809: /opt/toolchain_hisi/arm-hsan-linux-uclibcgnueabi/bin/arm-hsan-linux-uclibcgnueabi-gcc -c -g -O2 -I/home/z00250609/hybrid/5115_GPL/Hybrid_security_baseline/output/host/usr/arm-unknown-linux-uclibcgnueabi/sysroot/usr/include conftest.c >&5
conftest.c: In function 'main':
conftest.c:49: error: 'ether_hostton' undeclared (first use in this function)
conftest.c:49: error: (Each undeclared identifier is reported only once
conftest.c:49: error: for each function it appears in.)
configure:6815: $? = 1
configure: failed program was:
| /* confdefs.h.  */
| #define PACKAGE_NAME ""
| #define PACKAGE_TARNAME ""
| #define PACKAGE_VERSION ""
| #define PACKAGE_STRING ""
| #define PACKAGE_BUGREPORT ""
| #define inline inline
| #define HAVE___ATTRIBUTE__ 1
| #define STDC_HEADERS 1
| #define HAVE_SYS_TYPES_H 1
| #define HAVE_SYS_STAT_H 1
| #define HAVE_STDLIB_H 1
| #define HAVE_STRING_H 1
| #define HAVE_MEMORY_H 1
| #define HAVE_STRINGS_H 1
| #define HAVE_INTTYPES_H 1
| #define HAVE_STDINT_H 1
| #define HAVE_UNISTD_H 1
| #define HAVE_SYS_BITYPES_H 1
| #define _FILE_OFFSET_BITS 64
| #define HAVE_FSEEKO 1
| #define HAVE_LIMITS_H 1
| #define HAVE_PATHS_H 1
| #define HAVE_LINUX_TYPES_H 1
| #define HAVE_LINUX_IF_PACKET_H 1
| #define HAVE_NETPACKET_PACKET_H 1
| #define HAVE_NETINET_IF_ETHER_H 1
| #define HAVE_STRERROR 1
| #define HAVE_STRLCPY 1
| #define HAVE_VSNPRINTF 1
| #define HAVE_SNPRINTF 1
| #define HAVE_ETHER_HOSTTON 1
| /* end confdefs.h.  */
| 
| #include <sys/types.h>
| #include <sys/socket.h>
| #include <netinet/in.h>
| #include <arpa/inet.h>
| struct mbuf;
| struct rtentry;
| #include <net/if.h>
| #include <netinet/if_ether.h>
| 
| 
| int
| main ()
| {
| #ifndef ether_hostton
|   (void) ether_hostton;
| #endif
| 
|   ;
|   return 0;
| }
configure:6830: result: no
configure:6865: checking netinet/ether.h usability
configure:6882: /opt/toolchain_hisi/arm-hsan-linux-uclibcgnueabi/bin/arm-hsan-linux-uclibcgnueabi-gcc -c -g -O2 -I/home/z00250609/hybrid/5115_GPL/Hybrid_security_baseline/output/host/usr/arm-unknown-linux-uclibcgnueabi/sysroot/usr/include conftest.c >&5
configure:6888: $? = 0
configure:6902: result: yes
configure:6906: checking netinet/ether.h presence
configure:6921: /opt/toolchain_hisi/arm-hsan-linux-uclibcgnueabi/bin/arm-hsan-linux-uclibcgnueabi-cpp -I/home/z00250609/hybrid/5115_GPL/Hybrid_security_baseline/output/host/usr/arm-unknown-linux-uclibcgnueabi/sysroot/usr/include conftest.c
configure:6927: $? = 0
configure:6941: result: yes
configure:6969: checking for netinet/ether.h
configure:6977: result: yes
configure:6998: checking whether ether_hostton is declared
configure:7030: /opt/toolchain_hisi/arm-hsan-linux-uclibcgnueabi/bin/arm-hsan-linux-uclibcgnueabi-gcc -c -g -O2 -I/home/z00250609/hybrid/5115_GPL/Hybrid_security_baseline/output/host/usr/arm-unknown-linux-uclibcgnueabi/sysroot/usr/include conftest.c >&5
configure:7036: $? = 0
configure:7051: result: yes
configure:7159: checking if --disable-protochain option is specified
configure:7179: result: enabled
configure:7215: checking packet capture type
configure:7261: result: linux
configure:7527: checking for linux/wireless.h
configure:7552: /opt/toolchain_hisi/arm-hsan-linux-uclibcgnueabi/bin/arm-hsan-linux-uclibcgnueabi-gcc -c -g -O2 -I/home/z00250609/hybrid/5115_GPL/Hybrid_security_baseline/output/host/usr/arm-unknown-linux-uclibcgnueabi/sysroot/usr/include conftest.c >&5
configure:7558: $? = 0
configure:7574: result: yes
configure:7600: checking for nl_socket_alloc in -lnl
configure:7635: /opt/toolchain_hisi/arm-hsan-linux-uclibcgnueabi/bin/arm-hsan-linux-uclibcgnueabi-gcc -o conftest -g -O2 -I/home/z00250609/hybrid/5115_GPL/Hybrid_security_baseline/output/host/usr/arm-unknown-linux-uclibcgnueabi/sysroot/usr/include -L/home/z00250609/hybrid/5115_GPL/Hybrid_security_baseline/output/staging/lib conftest.c -lnl   >&5
/opt/toolchain_hisi/arm-hsan-linux-uclibcgnueabi/bin/../lib/gcc/arm-hsan-linux-uclibcgnueabi/4.4.6/../../../../arm-hsan-linux-uclibcgnueabi/bin/ld: cannot find -lnl
collect2: ld returned 1 exit status
configure:7641: $? = 1
configure: failed program was:
| /* confdefs.h.  */
| #define PACKAGE_NAME ""
| #define PACKAGE_TARNAME ""
| #define PACKAGE_VERSION ""
| #define PACKAGE_STRING ""
| #define PACKAGE_BUGREPORT ""
| #define inline inline
| #define HAVE___ATTRIBUTE__ 1
| #define STDC_HEADERS 1
| #define HAVE_SYS_TYPES_H 1
| #define HAVE_SYS_STAT_H 1
| #define HAVE_STDLIB_H 1
| #define HAVE_STRING_H 1
| #define HAVE_MEMORY_H 1
| #define HAVE_STRINGS_H 1
| #define HAVE_INTTYPES_H 1
| #define HAVE_STDINT_H 1
| #define HAVE_UNISTD_H 1
| #define HAVE_SYS_BITYPES_H 1
| #define _FILE_OFFSET_BITS 64
| #define HAVE_FSEEKO 1
| #define HAVE_LIMITS_H 1
| #define HAVE_PATHS_H 1
| #define HAVE_LINUX_TYPES_H 1
| #define HAVE_LINUX_IF_PACKET_H 1
| #define HAVE_NETPACKET_PACKET_H 1
| #define HAVE_NETINET_IF_ETHER_H 1
| #define HAVE_STRERROR 1
| #define HAVE_STRLCPY 1
| #define HAVE_VSNPRINTF 1
| #define HAVE_SNPRINTF 1
| #define HAVE_ETHER_HOSTTON 1
| #define HAVE_NETINET_ETHER_H 1
| #define NETINET_ETHER_H_DECLARES_ETHER_HOSTTON
| #define HAVE_DECL_ETHER_HOSTTON 1
| #define HAVE_LINUX_WIRELESS_H 1
| /* end confdefs.h.  */
| 
| /* Override any GCC internal prototype to avoid an error.
|    Use char because int might match the return type of a GCC
|    builtin and then its argument prototype would still apply.  */
| #ifdef __cplusplus
| extern "C"
| #endif
| char nl_socket_alloc ();
| int
| main ()
| {
| return nl_socket_alloc ();
|   ;
|   return 0;
| }
configure:7659: result: no
configure:7683: checking for nl_handle_alloc in -lnl
configure:7718: /opt/toolchain_hisi/arm-hsan-linux-uclibcgnueabi/bin/arm-hsan-linux-uclibcgnueabi-gcc -o conftest -g -O2 -I/home/z00250609/hybrid/5115_GPL/Hybrid_security_baseline/output/host/usr/arm-unknown-linux-uclibcgnueabi/sysroot/usr/include -L/home/z00250609/hybrid/5115_GPL/Hybrid_security_baseline/output/staging/lib conftest.c -lnl   >&5
/opt/toolchain_hisi/arm-hsan-linux-uclibcgnueabi/bin/../lib/gcc/arm-hsan-linux-uclibcgnueabi/4.4.6/../../../../arm-hsan-linux-uclibcgnueabi/bin/ld: cannot find -lnl
collect2: ld returned 1 exit status
configure:7724: $? = 1
configure: failed program was:
| /* confdefs.h.  */
| #define PACKAGE_NAME ""
| #define PACKAGE_TARNAME ""
| #define PACKAGE_VERSION ""
| #define PACKAGE_STRING ""
| #define PACKAGE_BUGREPORT ""
| #define inline inline
| #define HAVE___ATTRIBUTE__ 1
| #define STDC_HEADERS 1
| #define HAVE_SYS_TYPES_H 1
| #define HAVE_SYS_STAT_H 1
| #define HAVE_STDLIB_H 1
| #define HAVE_STRING_H 1
| #define HAVE_MEMORY_H 1
| #define HAVE_STRINGS_H 1
| #define HAVE_INTTYPES_H 1
| #define HAVE_STDINT_H 1
| #define HAVE_UNISTD_H 1
| #define HAVE_SYS_BITYPES_H 1
| #define _FILE_OFFSET_BITS 64
| #define HAVE_FSEEKO 1
| #define HAVE_LIMITS_H 1
| #define HAVE_PATHS_H 1
| #define HAVE_LINUX_TYPES_H 1
| #define HAVE_LINUX_IF_PACKET_H 1
| #define HAVE_NETPACKET_PACKET_H 1
| #define HAVE_NETINET_IF_ETHER_H 1
| #define HAVE_STRERROR 1
| #define HAVE_STRLCPY 1
| #define HAVE_VSNPRINTF 1
| #define HAVE_SNPRINTF 1
| #define HAVE_ETHER_HOSTTON 1
| #define HAVE_NETINET_ETHER_H 1
| #define NETINET_ETHER_H_DECLARES_ETHER_HOSTTON
| #define HAVE_DECL_ETHER_HOSTTON 1
| #define HAVE_LINUX_WIRELESS_H 1
| /* end confdefs.h.  */
| 
| /* Override any GCC internal prototype to avoid an error.
|    Use char because int might match the return type of a GCC
|    builtin and then its argument prototype would still apply.  */
| #ifdef __cplusplus
| extern "C"
| #endif
| char nl_handle_alloc ();
| int
| main ()
| {
| return nl_handle_alloc ();
|   ;
|   return 0;
| }
configure:7742: result: no
configure:7778: checking for linux/ethtool.h
configure:7802: /opt/toolchain_hisi/arm-hsan-linux-uclibcgnueabi/bin/arm-hsan-linux-uclibcgnueabi-gcc -c -g -O2 -I/home/z00250609/hybrid/5115_GPL/Hybrid_security_baseline/output/host/usr/arm-unknown-linux-uclibcgnueabi/sysroot/usr/include conftest.c >&5
configure:7808: $? = 0
configure:7824: result: yes
configure:7835: checking if if_packet.h has tpacket_stats defined
configure:7862: /opt/toolchain_hisi/arm-hsan-linux-uclibcgnueabi/bin/arm-hsan-linux-uclibcgnueabi-gcc -c -g -O2 -I/home/z00250609/hybrid/5115_GPL/Hybrid_security_baseline/output/host/usr/arm-unknown-linux-uclibcgnueabi/sysroot/usr/include conftest.c >&5
configure:7868: $? = 0
configure:7884: result: yes
configure:7893: checking if tpacket_auxdata struct has tp_vlan_tci member
configure:7921: /opt/toolchain_hisi/arm-hsan-linux-uclibcgnueabi/bin/arm-hsan-linux-uclibcgnueabi-gcc -c -g -O2 -I/home/z00250609/hybrid/5115_GPL/Hybrid_security_baseline/output/host/usr/arm-unknown-linux-uclibcgnueabi/sysroot/usr/include conftest.c >&5
configure:7927: $? = 0
configure:7943: result: yes
configure:8260: checking for getifaddrs
configure:8316: /opt/toolchain_hisi/arm-hsan-linux-uclibcgnueabi/bin/arm-hsan-linux-uclibcgnueabi-gcc -o conftest -g -O2 -I/home/z00250609/hybrid/5115_GPL/Hybrid_security_baseline/output/host/usr/arm-unknown-linux-uclibcgnueabi/sysroot/usr/include -L/home/z00250609/hybrid/5115_GPL/Hybrid_security_baseline/output/staging/lib conftest.c  >&5
configure:8322: $? = 0
configure:8339: result: yes
configure:8357: checking ifaddrs.h usability
configure:8374: /opt/toolchain_hisi/arm-hsan-linux-uclibcgnueabi/bin/arm-hsan-linux-uclibcgnueabi-gcc -c -g -O2 -I/home/z00250609/hybrid/5115_GPL/Hybrid_security_baseline/output/host/usr/arm-unknown-linux-uclibcgnueabi/sysroot/usr/include conftest.c >&5
configure:8380: $? = 0
configure:8394: result: yes
configure:8398: checking ifaddrs.h presence
configure:8413: /opt/toolchain_hisi/arm-hsan-linux-uclibcgnueabi/bin/arm-hsan-linux-uclibcgnueabi-cpp -I/home/z00250609/hybrid/5115_GPL/Hybrid_security_baseline/output/host/usr/arm-unknown-linux-uclibcgnueabi/sysroot/usr/include conftest.c
configure:8419: $? = 0
configure:8433: result: yes
configure:8461: checking for ifaddrs.h
configure:8468: result: yes
configure:8740: checking for socklen_t
configure:8766: /opt/toolchain_hisi/arm-hsan-linux-uclibcgnueabi/bin/arm-hsan-linux-uclibcgnueabi-gcc -c -g -O2 -I/home/z00250609/hybrid/5115_GPL/Hybrid_security_baseline/output/host/usr/arm-unknown-linux-uclibcgnueabi/sysroot/usr/include conftest.c >&5
configure:8772: $? = 0
configure:8793: result: yes
configure:8804: checking for getaddrinfo
configure:8860: /opt/toolchain_hisi/arm-hsan-linux-uclibcgnueabi/bin/arm-hsan-linux-uclibcgnueabi-gcc -o conftest -g -O2 -I/home/z00250609/hybrid/5115_GPL/Hybrid_security_baseline/output/host/usr/arm-unknown-linux-uclibcgnueabi/sysroot/usr/include -L/home/z00250609/hybrid/5115_GPL/Hybrid_security_baseline/output/staging/lib conftest.c  >&5
configure:8866: $? = 0
configure:8883: result: yes
configure:8907: checking whether to build optimizer debugging code
configure:8921: result: no
configure:8924: checking whether to build parser debugging code
configure:8938: result: no
configure:9019: checking whether we have DAG API headers
configure:9042: result: no (/usr/local/include)
configure:9361: checking whether we have the DAG API
configure:9365: result: no
configure:9438: checking whether we have Septel API
configure:9460: result: no
configure:9561: checking whether we have Myricom Sniffer API
configure:9579: result: no (/opt/snf)
configure:9707: checking for flex
configure:9723: found /usr/local/bin/flex
configure:9734: result: flex
configure:9749: checking for flex 2.4 or higher
configure:9761: result: yes
configure:9777: checking for bison
configure:9793: found /usr/local/bin/bison
configure:9804: result: bison
configure:10130: checking for arm-linux-ranlib
configure:10157: result: /opt/toolchain_hisi/arm-hsan-linux-uclibcgnueabi/bin/arm-hsan-linux-uclibcgnueabi-ranlib
configure:10226: checking for arm-linux-ar
configure:10253: result: /opt/toolchain_hisi/arm-hsan-linux-uclibcgnueabi/bin/arm-hsan-linux-uclibcgnueabi-ar
configure:10361: checking if sockaddr struct has the sa_len member
configure:10389: /opt/toolchain_hisi/arm-hsan-linux-uclibcgnueabi/bin/arm-hsan-linux-uclibcgnueabi-gcc -c -g -O2 -I/home/z00250609/hybrid/5115_GPL/Hybrid_security_baseline/output/host/usr/arm-unknown-linux-uclibcgnueabi/sysroot/usr/include conftest.c >&5
conftest.c: In function 'main':
conftest.c:49: error: 'struct sockaddr' has no member named 'sa_len'
configure:10395: $? = 1
configure: failed program was:
| /* confdefs.h.  */
| #define PACKAGE_NAME ""
| #define PACKAGE_TARNAME ""
| #define PACKAGE_VERSION ""
| #define PACKAGE_STRING ""
| #define PACKAGE_BUGREPORT ""
| #define inline inline
| #define HAVE___ATTRIBUTE__ 1
| #define STDC_HEADERS 1
| #define HAVE_SYS_TYPES_H 1
| #define HAVE_SYS_STAT_H 1
| #define HAVE_STDLIB_H 1
| #define HAVE_STRING_H 1
| #define HAVE_MEMORY_H 1
| #define HAVE_STRINGS_H 1
| #define HAVE_INTTYPES_H 1
| #define HAVE_STDINT_H 1
| #define HAVE_UNISTD_H 1
| #define HAVE_SYS_BITYPES_H 1
| #define _FILE_OFFSET_BITS 64
| #define HAVE_FSEEKO 1
| #define HAVE_LIMITS_H 1
| #define HAVE_PATHS_H 1
| #define HAVE_LINUX_TYPES_H 1
| #define HAVE_LINUX_IF_PACKET_H 1
| #define HAVE_NETPACKET_PACKET_H 1
| #define HAVE_NETINET_IF_ETHER_H 1
| #define HAVE_STRERROR 1
| #define HAVE_STRLCPY 1
| #define HAVE_VSNPRINTF 1
| #define HAVE_SNPRINTF 1
| #define HAVE_ETHER_HOSTTON 1
| #define HAVE_NETINET_ETHER_H 1
| #define NETINET_ETHER_H_DECLARES_ETHER_HOSTTON
| #define HAVE_DECL_ETHER_HOSTTON 1
| #define HAVE_LINUX_WIRELESS_H 1
| #define HAVE_LINUX_ETHTOOL_H 1
| #define HAVE_TPACKET_STATS 1
| #define HAVE_LINUX_TPACKET_AUXDATA_TP_VLAN_TCI 1
| #define HAVE_SOCKLEN_T 1
| #define INET6 1
| /* end confdefs.h.  */
| 
| #	include <sys/types.h>
| #	include <sys/socket.h>
| int
| main ()
| {
| u_int i = sizeof(((struct sockaddr *)0)->sa_len)
|   ;
|   return 0;
| }
configure:10411: result: no
configure:10421: checking if sockaddr_storage struct exists
configure:10449: /opt/toolchain_hisi/arm-hsan-linux-uclibcgnueabi/bin/arm-hsan-linux-uclibcgnueabi-gcc -c -g -O2 -I/home/z00250609/hybrid/5115_GPL/Hybrid_security_baseline/output/host/usr/arm-unknown-linux-uclibcgnueabi/sysroot/usr/include conftest.c >&5
configure:10455: $? = 0
configure:10471: result: yes
configure:10481: checking if dl_hp_ppa_info_t struct has dl_module_id_1 member
configure:10510: /opt/toolchain_hisi/arm-hsan-linux-uclibcgnueabi/bin/arm-hsan-linux-uclibcgnueabi-gcc -c -g -O2 -I/home/z00250609/hybrid/5115_GPL/Hybrid_security_baseline/output/host/usr/arm-unknown-linux-uclibcgnueabi/sysroot/usr/include conftest.c >&5
conftest.c:46:23: error: sys/dlpi.h: No such file or directory
conftest.c:47:27: error: sys/dlpi_ext.h: No such file or directory
conftest.c: In function 'main':
conftest.c:51: error: 'dl_hp_ppa_info_t' undeclared (first use in this function)
conftest.c:51: error: (Each undeclared identifier is reported only once
conftest.c:51: error: for each function it appears in.)
conftest.c:51: error: expected expression before ')' token
configure:10516: $? = 1
configure: failed program was:
| /* confdefs.h.  */
| #define PACKAGE_NAME ""
| #define PACKAGE_TARNAME ""
| #define PACKAGE_VERSION ""
| #define PACKAGE_STRING ""
| #define PACKAGE_BUGREPORT ""
| #define inline inline
| #define HAVE___ATTRIBUTE__ 1
| #define STDC_HEADERS 1
| #define HAVE_SYS_TYPES_H 1
| #define HAVE_SYS_STAT_H 1
| #define HAVE_STDLIB_H 1
| #define HAVE_STRING_H 1
| #define HAVE_MEMORY_H 1
| #define HAVE_STRINGS_H 1
| #define HAVE_INTTYPES_H 1
| #define HAVE_STDINT_H 1
| #define HAVE_UNISTD_H 1
| #define HAVE_SYS_BITYPES_H 1
| #define _FILE_OFFSET_BITS 64
| #define HAVE_FSEEKO 1
| #define HAVE_LIMITS_H 1
| #define HAVE_PATHS_H 1
| #define HAVE_LINUX_TYPES_H 1
| #define HAVE_LINUX_IF_PACKET_H 1
| #define HAVE_NETPACKET_PACKET_H 1
| #define HAVE_NETINET_IF_ETHER_H 1
| #define HAVE_STRERROR 1
| #define HAVE_STRLCPY 1
| #define HAVE_VSNPRINTF 1
| #define HAVE_SNPRINTF 1
| #define HAVE_ETHER_HOSTTON 1
| #define HAVE_NETINET_ETHER_H 1
| #define NETINET_ETHER_H_DECLARES_ETHER_HOSTTON
| #define HAVE_DECL_ETHER_HOSTTON 1
| #define HAVE_LINUX_WIRELESS_H 1
| #define HAVE_LINUX_ETHTOOL_H 1
| #define HAVE_TPACKET_STATS 1
| #define HAVE_LINUX_TPACKET_AUXDATA_TP_VLAN_TCI 1
| #define HAVE_SOCKLEN_T 1
| #define INET6 1
| #define HAVE_SOCKADDR_STORAGE 1
| /* end confdefs.h.  */
| 
| #	include <sys/types.h>
| #	include <sys/dlpi.h>
| #	include <sys/dlpi_ext.h>
| int
| main ()
| {
| u_int i = sizeof(((dl_hp_ppa_info_t *)0)->dl_module_id_1)
|   ;
|   return 0;
| }
configure:10532: result: no
configure:10542: checking if unaligned accesses fail
configure:10629: result: yes
configure:10670: checking for USB sniffing support
configure:10680: result: yes
configure:10691: Device for USB sniffing is /dev/usbmon
configure:10712: checking linux/compiler.h usability
configure:10729: /opt/toolchain_hisi/arm-hsan-linux-uclibcgnueabi/bin/arm-hsan-linux-uclibcgnueabi-gcc -c -g -O2 -I/home/z00250609/hybrid/5115_GPL/Hybrid_security_baseline/output/host/usr/arm-unknown-linux-uclibcgnueabi/sysroot/usr/include conftest.c >&5
conftest.c:81:28: error: linux/compiler.h: No such file or directory
configure:10735: $? = 1
configure: failed program was:
| /* confdefs.h.  */
| #define PACKAGE_NAME ""
| #define PACKAGE_TARNAME ""
| #define PACKAGE_VERSION ""
| #define PACKAGE_STRING ""
| #define PACKAGE_BUGREPORT ""
| #define inline inline
| #define HAVE___ATTRIBUTE__ 1
| #define STDC_HEADERS 1
| #define HAVE_SYS_TYPES_H 1
| #define HAVE_SYS_STAT_H 1
| #define HAVE_STDLIB_H 1
| #define HAVE_STRING_H 1
| #define HAVE_MEMORY_H 1
| #define HAVE_STRINGS_H 1
| #define HAVE_INTTYPES_H 1
| #define HAVE_STDINT_H 1
| #define HAVE_UNISTD_H 1
| #define HAVE_SYS_BITYPES_H 1
| #define _FILE_OFFSET_BITS 64
| #define HAVE_FSEEKO 1
| #define HAVE_LIMITS_H 1
| #define HAVE_PATHS_H 1
| #define HAVE_LINUX_TYPES_H 1
| #define HAVE_LINUX_IF_PACKET_H 1
| #define HAVE_NETPACKET_PACKET_H 1
| #define HAVE_NETINET_IF_ETHER_H 1
| #define HAVE_STRERROR 1
| #define HAVE_STRLCPY 1
| #define HAVE_VSNPRINTF 1
| #define HAVE_SNPRINTF 1
| #define HAVE_ETHER_HOSTTON 1
| #define HAVE_NETINET_ETHER_H 1
| #define NETINET_ETHER_H_DECLARES_ETHER_HOSTTON
| #define HAVE_DECL_ETHER_HOSTTON 1
| #define HAVE_LINUX_WIRELESS_H 1
| #define HAVE_LINUX_ETHTOOL_H 1
| #define HAVE_TPACKET_STATS 1
| #define HAVE_LINUX_TPACKET_AUXDATA_TP_VLAN_TCI 1
| #define HAVE_SOCKLEN_T 1
| #define INET6 1
| #define HAVE_SOCKADDR_STORAGE 1
| #define LBL_ALIGN 1
| #define HAVE_VERSION_H 1
| #define PCAP_SUPPORT_USB 1
| #define LINUX_USB_MON_DEV "/dev/usbmon"
| /* end confdefs.h.  */
| #include <stdio.h>
| #ifdef HAVE_SYS_TYPES_H
| # include <sys/types.h>
| #endif
| #ifdef HAVE_SYS_STAT_H
| # include <sys/stat.h>
| #endif
| #ifdef STDC_HEADERS
| # include <stdlib.h>
| # include <stddef.h>
| #else
| # ifdef HAVE_STDLIB_H
| #  include <stdlib.h>
| # endif
| #endif
| #ifdef HAVE_STRING_H
| # if !defined STDC_HEADERS && defined HAVE_MEMORY_H
| #  include <memory.h>
| # endif
| # include <string.h>
| #endif
| #ifdef HAVE_STRINGS_H
| # include <strings.h>
| #endif
| #ifdef HAVE_INTTYPES_H
| # include <inttypes.h>
| #endif
| #ifdef HAVE_STDINT_H
| # include <stdint.h>
| #endif
| #ifdef HAVE_UNISTD_H
| # include <unistd.h>
| #endif
| #include <linux/compiler.h>
configure:10749: result: no
configure:10753: checking linux/compiler.h presence
configure:10768: /opt/toolchain_hisi/arm-hsan-linux-uclibcgnueabi/bin/arm-hsan-linux-uclibcgnueabi-cpp -I/home/z00250609/hybrid/5115_GPL/Hybrid_security_baseline/output/host/usr/arm-unknown-linux-uclibcgnueabi/sysroot/usr/include conftest.c
conftest.c:48:28: error: linux/compiler.h: No such file or directory
configure:10774: $? = 1
configure: failed program was:
| /* confdefs.h.  */
| #define PACKAGE_NAME ""
| #define PACKAGE_TARNAME ""
| #define PACKAGE_VERSION ""
| #define PACKAGE_STRING ""
| #define PACKAGE_BUGREPORT ""
| #define inline inline
| #define HAVE___ATTRIBUTE__ 1
| #define STDC_HEADERS 1
| #define HAVE_SYS_TYPES_H 1
| #define HAVE_SYS_STAT_H 1
| #define HAVE_STDLIB_H 1
| #define HAVE_STRING_H 1
| #define HAVE_MEMORY_H 1
| #define HAVE_STRINGS_H 1
| #define HAVE_INTTYPES_H 1
| #define HAVE_STDINT_H 1
| #define HAVE_UNISTD_H 1
| #define HAVE_SYS_BITYPES_H 1
| #define _FILE_OFFSET_BITS 64
| #define HAVE_FSEEKO 1
| #define HAVE_LIMITS_H 1
| #define HAVE_PATHS_H 1
| #define HAVE_LINUX_TYPES_H 1
| #define HAVE_LINUX_IF_PACKET_H 1
| #define HAVE_NETPACKET_PACKET_H 1
| #define HAVE_NETINET_IF_ETHER_H 1
| #define HAVE_STRERROR 1
| #define HAVE_STRLCPY 1
| #define HAVE_VSNPRINTF 1
| #define HAVE_SNPRINTF 1
| #define HAVE_ETHER_HOSTTON 1
| #define HAVE_NETINET_ETHER_H 1
| #define NETINET_ETHER_H_DECLARES_ETHER_HOSTTON
| #define HAVE_DECL_ETHER_HOSTTON 1
| #define HAVE_LINUX_WIRELESS_H 1
| #define HAVE_LINUX_ETHTOOL_H 1
| #define HAVE_TPACKET_STATS 1
| #define HAVE_LINUX_TPACKET_AUXDATA_TP_VLAN_TCI 1
| #define HAVE_SOCKLEN_T 1
| #define INET6 1
| #define HAVE_SOCKADDR_STORAGE 1
| #define LBL_ALIGN 1
| #define HAVE_VERSION_H 1
| #define PCAP_SUPPORT_USB 1
| #define LINUX_USB_MON_DEV "/dev/usbmon"
| /* end confdefs.h.  */
| #include <linux/compiler.h>
configure:10788: result: no
configure:10816: checking for linux/compiler.h
configure:10824: result: no
configure:10915: checking linux/usbdevice_fs.h usability
configure:10932: /opt/toolchain_hisi/arm-hsan-linux-uclibcgnueabi/bin/arm-hsan-linux-uclibcgnueabi-gcc -c -g -O2 -I/home/z00250609/hybrid/5115_GPL/Hybrid_security_baseline/output/host/usr/arm-unknown-linux-uclibcgnueabi/sysroot/usr/include conftest.c >&5
configure:10938: $? = 0
configure:10952: result: yes
configure:10956: checking linux/usbdevice_fs.h presence
configure:10971: /opt/toolchain_hisi/arm-hsan-linux-uclibcgnueabi/bin/arm-hsan-linux-uclibcgnueabi-cpp -I/home/z00250609/hybrid/5115_GPL/Hybrid_security_baseline/output/host/usr/arm-unknown-linux-uclibcgnueabi/sysroot/usr/include conftest.c
configure:10977: $? = 0
configure:10991: result: yes
configure:11019: checking for linux/usbdevice_fs.h
configure:11027: result: yes
configure:11048: checking if usbdevfs_ctrltransfer struct has bRequestType member
configure:11082: /opt/toolchain_hisi/arm-hsan-linux-uclibcgnueabi/bin/arm-hsan-linux-uclibcgnueabi-gcc -c -g -O2 -I/home/z00250609/hybrid/5115_GPL/Hybrid_security_baseline/output/host/usr/arm-unknown-linux-uclibcgnueabi/sysroot/usr/include conftest.c >&5
configure:11088: $? = 0
configure:11104: result: yes
configure:11123: checking whether the platform could support netfilter sniffing
configure:11127: result: yes
configure:11137: checking whether we can compile the netfilter support
configure:11170: /opt/toolchain_hisi/arm-hsan-linux-uclibcgnueabi/bin/arm-hsan-linux-uclibcgnueabi-gcc -c -g -O2 -I/home/z00250609/hybrid/5115_GPL/Hybrid_security_baseline/output/host/usr/arm-unknown-linux-uclibcgnueabi/sysroot/usr/include conftest.c >&5
In file included from conftest.c:89:
/home/z00250609/hybrid/5115_GPL/Hybrid_security_baseline/output/host/usr/arm-unknown-linux-uclibcgnueabi/sysroot/usr/include/linux/netfilter/nfnetlink_log.h:31: error: expected specifier-qualifier-list before 'aligned_be64'
configure:11176: $? = 1
configure: failed program was:
| /* confdefs.h.  */
| #define PACKAGE_NAME ""
| #define PACKAGE_TARNAME ""
| #define PACKAGE_VERSION ""
| #define PACKAGE_STRING ""
| #define PACKAGE_BUGREPORT ""
| #define inline inline
| #define HAVE___ATTRIBUTE__ 1
| #define STDC_HEADERS 1
| #define HAVE_SYS_TYPES_H 1
| #define HAVE_SYS_STAT_H 1
| #define HAVE_STDLIB_H 1
| #define HAVE_STRING_H 1
| #define HAVE_MEMORY_H 1
| #define HAVE_STRINGS_H 1
| #define HAVE_INTTYPES_H 1
| #define HAVE_STDINT_H 1
| #define HAVE_UNISTD_H 1
| #define HAVE_SYS_BITYPES_H 1
| #define _FILE_OFFSET_BITS 64
| #define HAVE_FSEEKO 1
| #define HAVE_LIMITS_H 1
| #define HAVE_PATHS_H 1
| #define HAVE_LINUX_TYPES_H 1
| #define HAVE_LINUX_IF_PACKET_H 1
| #define HAVE_NETPACKET_PACKET_H 1
| #define HAVE_NETINET_IF_ETHER_H 1
| #define HAVE_STRERROR 1
| #define HAVE_STRLCPY 1
| #define HAVE_VSNPRINTF 1
| #define HAVE_SNPRINTF 1
| #define HAVE_ETHER_HOSTTON 1
| #define HAVE_NETINET_ETHER_H 1
| #define NETINET_ETHER_H_DECLARES_ETHER_HOSTTON
| #define HAVE_DECL_ETHER_HOSTTON 1
| #define HAVE_LINUX_WIRELESS_H 1
| #define HAVE_LINUX_ETHTOOL_H 1
| #define HAVE_TPACKET_STATS 1
| #define HAVE_LINUX_TPACKET_AUXDATA_TP_VLAN_TCI 1
| #define HAVE_SOCKLEN_T 1
| #define INET6 1
| #define HAVE_SOCKADDR_STORAGE 1
| #define LBL_ALIGN 1
| #define HAVE_VERSION_H 1
| #define PCAP_SUPPORT_USB 1
| #define LINUX_USB_MON_DEV "/dev/usbmon"
| #define HAVE_LINUX_USBDEVICE_FS_H 1
| #define HAVE_USBDEVFS_CTRLTRANSFER_BREQUESTTYPE 1
| /* end confdefs.h.  */
| 
| #include <stdio.h>
| #ifdef HAVE_SYS_TYPES_H
| # include <sys/types.h>
| #endif
| #ifdef HAVE_SYS_STAT_H
| # include <sys/stat.h>
| #endif
| #ifdef STDC_HEADERS
| # include <stdlib.h>
| # include <stddef.h>
| #else
| # ifdef HAVE_STDLIB_H
| #  include <stdlib.h>
| # endif
| #endif
| #ifdef HAVE_STRING_H
| # if !defined STDC_HEADERS && defined HAVE_MEMORY_H
| #  include <memory.h>
| # endif
| # include <string.h>
| #endif
| #ifdef HAVE_STRINGS_H
| # include <strings.h>
| #endif
| #ifdef HAVE_INTTYPES_H
| # include <inttypes.h>
| #endif
| #ifdef HAVE_STDINT_H
| # include <stdint.h>
| #endif
| #ifdef HAVE_UNISTD_H
| # include <unistd.h>
| #endif
| #include <sys/socket.h>
| #include <linux/types.h>
| 
| #include <linux/netlink.h>
| #include <linux/netfilter/nfnetlink.h>
| #include <linux/netfilter/nfnetlink_log.h>
| int
| main ()
| {
| 
|   ;
|   return 0;
| }
configure:11192: result: no
configure:11232: checking bluetooth/bluetooth.h usability
configure:11249: /opt/toolchain_hisi/arm-hsan-linux-uclibcgnueabi/bin/arm-hsan-linux-uclibcgnueabi-gcc -c -g -O2 -I/home/z00250609/hybrid/5115_GPL/Hybrid_security_baseline/output/host/usr/arm-unknown-linux-uclibcgnueabi/sysroot/usr/include conftest.c >&5
conftest.c:83:33: error: bluetooth/bluetooth.h: No such file or directory
configure:11255: $? = 1
configure: failed program was:
| /* confdefs.h.  */
| #define PACKAGE_NAME ""
| #define PACKAGE_TARNAME ""
| #define PACKAGE_VERSION ""
| #define PACKAGE_STRING ""
| #define PACKAGE_BUGREPORT ""
| #define inline inline
| #define HAVE___ATTRIBUTE__ 1
| #define STDC_HEADERS 1
| #define HAVE_SYS_TYPES_H 1
| #define HAVE_SYS_STAT_H 1
| #define HAVE_STDLIB_H 1
| #define HAVE_STRING_H 1
| #define HAVE_MEMORY_H 1
| #define HAVE_STRINGS_H 1
| #define HAVE_INTTYPES_H 1
| #define HAVE_STDINT_H 1
| #define HAVE_UNISTD_H 1
| #define HAVE_SYS_BITYPES_H 1
| #define _FILE_OFFSET_BITS 64
| #define HAVE_FSEEKO 1
| #define HAVE_LIMITS_H 1
| #define HAVE_PATHS_H 1
| #define HAVE_LINUX_TYPES_H 1
| #define HAVE_LINUX_IF_PACKET_H 1
| #define HAVE_NETPACKET_PACKET_H 1
| #define HAVE_NETINET_IF_ETHER_H 1
| #define HAVE_STRERROR 1
| #define HAVE_STRLCPY 1
| #define HAVE_VSNPRINTF 1
| #define HAVE_SNPRINTF 1
| #define HAVE_ETHER_HOSTTON 1
| #define HAVE_NETINET_ETHER_H 1
| #define NETINET_ETHER_H_DECLARES_ETHER_HOSTTON
| #define HAVE_DECL_ETHER_HOSTTON 1
| #define HAVE_LINUX_WIRELESS_H 1
| #define HAVE_LINUX_ETHTOOL_H 1
| #define HAVE_TPACKET_STATS 1
| #define HAVE_LINUX_TPACKET_AUXDATA_TP_VLAN_TCI 1
| #define HAVE_SOCKLEN_T 1
| #define INET6 1
| #define HAVE_SOCKADDR_STORAGE 1
| #define LBL_ALIGN 1
| #define HAVE_VERSION_H 1
| #define PCAP_SUPPORT_USB 1
| #define LINUX_USB_MON_DEV "/dev/usbmon"
| #define HAVE_LINUX_USBDEVICE_FS_H 1
| #define HAVE_USBDEVFS_CTRLTRANSFER_BREQUESTTYPE 1
| /* end confdefs.h.  */
| #include <stdio.h>
| #ifdef HAVE_SYS_TYPES_H
| # include <sys/types.h>
| #endif
| #ifdef HAVE_SYS_STAT_H
| # include <sys/stat.h>
| #endif
| #ifdef STDC_HEADERS
| # include <stdlib.h>
| # include <stddef.h>
| #else
| # ifdef HAVE_STDLIB_H
| #  include <stdlib.h>
| # endif
| #endif
| #ifdef HAVE_STRING_H
| # if !defined STDC_HEADERS && defined HAVE_MEMORY_H
| #  include <memory.h>
| # endif
| # include <string.h>
| #endif
| #ifdef HAVE_STRINGS_H
| # include <strings.h>
| #endif
| #ifdef HAVE_INTTYPES_H
| # include <inttypes.h>
| #endif
| #ifdef HAVE_STDINT_H
| # include <stdint.h>
| #endif
| #ifdef HAVE_UNISTD_H
| # include <unistd.h>
| #endif
| #include <bluetooth/bluetooth.h>
configure:11269: result: no
configure:11273: checking bluetooth/bluetooth.h presence
configure:11288: /opt/toolchain_hisi/arm-hsan-linux-uclibcgnueabi/bin/arm-hsan-linux-uclibcgnueabi-cpp -I/home/z00250609/hybrid/5115_GPL/Hybrid_security_baseline/output/host/usr/arm-unknown-linux-uclibcgnueabi/sysroot/usr/include conftest.c
conftest.c:50:33: error: bluetooth/bluetooth.h: No such file or directory
configure:11294: $? = 1
configure: failed program was:
| /* confdefs.h.  */
| #define PACKAGE_NAME ""
| #define PACKAGE_TARNAME ""
| #define PACKAGE_VERSION ""
| #define PACKAGE_STRING ""
| #define PACKAGE_BUGREPORT ""
| #define inline inline
| #define HAVE___ATTRIBUTE__ 1
| #define STDC_HEADERS 1
| #define HAVE_SYS_TYPES_H 1
| #define HAVE_SYS_STAT_H 1
| #define HAVE_STDLIB_H 1
| #define HAVE_STRING_H 1
| #define HAVE_MEMORY_H 1
| #define HAVE_STRINGS_H 1
| #define HAVE_INTTYPES_H 1
| #define HAVE_STDINT_H 1
| #define HAVE_UNISTD_H 1
| #define HAVE_SYS_BITYPES_H 1
| #define _FILE_OFFSET_BITS 64
| #define HAVE_FSEEKO 1
| #define HAVE_LIMITS_H 1
| #define HAVE_PATHS_H 1
| #define HAVE_LINUX_TYPES_H 1
| #define HAVE_LINUX_IF_PACKET_H 1
| #define HAVE_NETPACKET_PACKET_H 1
| #define HAVE_NETINET_IF_ETHER_H 1
| #define HAVE_STRERROR 1
| #define HAVE_STRLCPY 1
| #define HAVE_VSNPRINTF 1
| #define HAVE_SNPRINTF 1
| #define HAVE_ETHER_HOSTTON 1
| #define HAVE_NETINET_ETHER_H 1
| #define NETINET_ETHER_H_DECLARES_ETHER_HOSTTON
| #define HAVE_DECL_ETHER_HOSTTON 1
| #define HAVE_LINUX_WIRELESS_H 1
| #define HAVE_LINUX_ETHTOOL_H 1
| #define HAVE_TPACKET_STATS 1
| #define HAVE_LINUX_TPACKET_AUXDATA_TP_VLAN_TCI 1
| #define HAVE_SOCKLEN_T 1
| #define INET6 1
| #define HAVE_SOCKADDR_STORAGE 1
| #define LBL_ALIGN 1
| #define HAVE_VERSION_H 1
| #define PCAP_SUPPORT_USB 1
| #define LINUX_USB_MON_DEV "/dev/usbmon"
| #define HAVE_LINUX_USBDEVICE_FS_H 1
| #define HAVE_USBDEVFS_CTRLTRANSFER_BREQUESTTYPE 1
| /* end confdefs.h.  */
| #include <bluetooth/bluetooth.h>
configure:11308: result: no
configure:11336: checking for bluetooth/bluetooth.h
configure:11343: result: no
configure:11359: Bluetooth sniffing is not supported; install bluez-lib devel to enable it
configure:11386: checking for linux/can.h
configure:11408: /opt/toolchain_hisi/arm-hsan-linux-uclibcgnueabi/bin/arm-hsan-linux-uclibcgnueabi-gcc -c -g -O2 -I/home/z00250609/hybrid/5115_GPL/Hybrid_security_baseline/output/host/usr/arm-unknown-linux-uclibcgnueabi/sysroot/usr/include conftest.c >&5
configure:11414: $? = 0
configure:11429: result: yes
configure:11438: CAN sniffing is supported
configure:11473: checking linux/net_tstamp.h usability
configure:11490: /opt/toolchain_hisi/arm-hsan-linux-uclibcgnueabi/bin/arm-hsan-linux-uclibcgnueabi-gcc -c -g -O2 -I/home/z00250609/hybrid/5115_GPL/Hybrid_security_baseline/output/host/usr/arm-unknown-linux-uclibcgnueabi/sysroot/usr/include conftest.c >&5
configure:11496: $? = 0
configure:11510: result: yes
configure:11514: checking linux/net_tstamp.h presence
configure:11529: /opt/toolchain_hisi/arm-hsan-linux-uclibcgnueabi/bin/arm-hsan-linux-uclibcgnueabi-cpp -I/home/z00250609/hybrid/5115_GPL/Hybrid_security_baseline/output/host/usr/arm-unknown-linux-uclibcgnueabi/sysroot/usr/include conftest.c
configure:11535: $? = 0
configure:11549: result: yes
configure:11577: checking for linux/net_tstamp.h
configure:11585: result: yes
configure:11618: checking for a BSD-compatible install
configure:11674: result: /usr/bin/install -c
configure:11791: creating ./config.status

## ---------------------- ##
## Running config.status. ##
## ---------------------- ##

This file was extended by config.status, which was
generated by GNU Autoconf 2.61.  Invocation command line was

  CONFIG_FILES    = 
  CONFIG_HEADERS  = 
  CONFIG_LINKS    = 
  CONFIG_COMMANDS = 
  $ ./config.status 

on localhost

config.status:649: creating Makefile
config.status:649: creating pcap-filter.manmisc
config.status:649: creating pcap-linktype.manmisc
config.status:649: creating pcap-tstamp.manmisc
config.status:649: creating pcap-savefile.manfile
config.status:649: creating pcap.3pcap
config.status:649: creating pcap_compile.3pcap
config.status:649: creating pcap_datalink.3pcap
config.status:649: creating pcap_dump_open.3pcap
config.status:649: creating pcap_list_datalinks.3pcap
config.status:649: creating pcap_list_tstamp_types.3pcap
config.status:649: creating pcap_open_dead.3pcap
config.status:649: creating pcap_open_offline.3pcap
config.status:649: creating pcap_set_tstamp_type.3pcap
config.status:649: creating config.h
config.status:909: config.h is unchanged

## ---------------- ##
## Cache variables. ##
## ---------------- ##

ac_cv___attribute__=yes
ac_cv_build=i686-pc-linux-gnu
ac_cv_c_compiler_gnu=yes
ac_cv_env_CC_set=set
ac_cv_env_CC_value=/opt/toolchain_hisi/arm-hsan-linux-uclibcgnueabi/bin/arm-hsan-linux-uclibcgnueabi-gcc
ac_cv_env_CFLAGS_set=
ac_cv_env_CFLAGS_value=
ac_cv_env_CPPFLAGS_set=set
ac_cv_env_CPPFLAGS_value=-I/home/z00250609/hybrid/5115_GPL/Hybrid_security_baseline/output/host/usr/arm-unknown-linux-uclibcgnueabi/sysroot/usr/include
ac_cv_env_CPP_set=set
ac_cv_env_CPP_value=/opt/toolchain_hisi/arm-hsan-linux-uclibcgnueabi/bin/arm-hsan-linux-uclibcgnueabi-cpp
ac_cv_env_LDFLAGS_set=set
ac_cv_env_LDFLAGS_value=-L/home/z00250609/hybrid/5115_GPL/Hybrid_security_baseline/output/staging/lib
ac_cv_env_LIBS_set=
ac_cv_env_LIBS_value=
ac_cv_env_build_alias_set=
ac_cv_env_build_alias_value=
ac_cv_env_host_alias_set=set
ac_cv_env_host_alias_value=arm-linux
ac_cv_env_target_alias_set=
ac_cv_env_target_alias_value=
ac_cv_func_ether_hostton=yes
ac_cv_func_getaddrinfo=yes
ac_cv_func_getifaddrs=yes
ac_cv_func_setpgrp_void=yes
ac_cv_func_snprintf=yes
ac_cv_func_strerror=yes
ac_cv_func_strlcpy=yes
ac_cv_func_vsnprintf=yes
ac_cv_have_decl_ether_hostton=yes
ac_cv_header_bluetooth_bluetooth_h=no
ac_cv_header_ifaddrs_h=yes
ac_cv_header_inttypes_h=yes
ac_cv_header_limits_h=yes
ac_cv_header_linux_can_h=yes
ac_cv_header_linux_compiler_h=no
ac_cv_header_linux_ethtool_h=yes
ac_cv_header_linux_if_packet_h=yes
ac_cv_header_linux_net_tstamp_h=yes
ac_cv_header_linux_types_h=yes
ac_cv_header_linux_usbdevice_fs_h=yes
ac_cv_header_linux_wireless_h=yes
ac_cv_header_memory_h=yes
ac_cv_header_net_pfvar_h=no
ac_cv_header_netinet_ether_h=yes
ac_cv_header_netinet_if_ether_h=yes
ac_cv_header_netpacket_if_packet_h=no
ac_cv_header_netpacket_packet_h=yes
ac_cv_header_paths_h=yes
ac_cv_header_stdc=yes
ac_cv_header_stdint_h=yes
ac_cv_header_stdlib_h=yes
ac_cv_header_string_h=yes
ac_cv_header_strings_h=yes
ac_cv_header_sys_bitypes_h=yes
ac_cv_header_sys_ioccom_h=no
ac_cv_header_sys_sockio_h=no
ac_cv_header_sys_stat_h=yes
ac_cv_header_sys_types_h=yes
ac_cv_header_unistd_h=yes
ac_cv_host=arm-unknown-linux-gnu
ac_cv_lbl_dag_api=no
ac_cv_lbl_dl_hp_ppa_info_t_has_dl_module_id_1=no
ac_cv_lbl_flex_v24=yes
ac_cv_lbl_gcc_fixincludes=yes
ac_cv_lbl_gcc_vers=4
ac_cv_lbl_has_sockaddr_storage=yes
ac_cv_lbl_inline=inline
ac_cv_lbl_linux_tpacket_auxdata_tp_vlan_tci=yes
ac_cv_lbl_septel_api=no
ac_cv_lbl_snf_api=no
ac_cv_lbl_sockaddr_has_sa_len=no
ac_cv_lbl_tpacket_stats=yes
ac_cv_lbl_unaligned_fail=yes
ac_cv_lib_nl_nl_handle_alloc=no
ac_cv_lib_nl_nl_socket_alloc=no
ac_cv_netfilter_can_compile=no
ac_cv_objext=o
ac_cv_path_EGREP='/usr/bin/grep -E'
ac_cv_path_GREP=/usr/bin/grep
ac_cv_path_install='/usr/bin/install -c'
ac_cv_prog_AR=/opt/toolchain_hisi/arm-hsan-linux-uclibcgnueabi/bin/arm-hsan-linux-uclibcgnueabi-ar
ac_cv_prog_CC=/opt/toolchain_hisi/arm-hsan-linux-uclibcgnueabi/bin/arm-hsan-linux-uclibcgnueabi-gcc
ac_cv_prog_CPP=/opt/toolchain_hisi/arm-hsan-linux-uclibcgnueabi/bin/arm-hsan-linux-uclibcgnueabi-cpp
ac_cv_prog_RANLIB=/opt/toolchain_hisi/arm-hsan-linux-uclibcgnueabi/bin/arm-hsan-linux-uclibcgnueabi-ranlib
ac_cv_prog_V_LEX=flex
ac_cv_prog_V_YACC=bison
ac_cv_prog_cc_c89=
ac_cv_prog_cc_g=yes
ac_cv_search_gethostbyname='none required'
ac_cv_search_putmsg=no
ac_cv_search_socket='none required'
ac_cv_sys_file_offset_bits=64
ac_cv_sys_largefile_CC=no
ac_cv_sys_largefile_source=no
ac_cv_target=arm-unknown-linux-gnu
ac_cv_type_int16_t=yes
ac_cv_type_int32_t=yes
ac_cv_type_int64_t=yes
ac_cv_type_int8_t=yes
ac_cv_type_u_int16_t=yes
ac_cv_type_u_int32_t=yes
ac_cv_type_u_int64_t=yes
ac_cv_type_u_int8_t=yes
ac_cv_usbdevfs_ctrltransfer_has_bRequestType=yes

## ----------------- ##
## Output variables. ##
## ----------------- ##

ADDLARCHIVEOBJS=''
ADDLOBJS=''
AR='/opt/toolchain_hisi/arm-hsan-linux-uclibcgnueabi/bin/arm-hsan-linux-uclibcgnueabi-ar'
BT_SRC=''
CAN_SRC='pcap-can-linux.c'
CC='/opt/toolchain_hisi/arm-hsan-linux-uclibcgnueabi/bin/arm-hsan-linux-uclibcgnueabi-gcc'
CFLAGS='-g -O2'
CPP='/opt/toolchain_hisi/arm-hsan-linux-uclibcgnueabi/bin/arm-hsan-linux-uclibcgnueabi-cpp'
CPPFLAGS='-I/home/z00250609/hybrid/5115_GPL/Hybrid_security_baseline/output/host/usr/arm-unknown-linux-uclibcgnueabi/sysroot/usr/include'
DEFS='-DHAVE_CONFIG_H'
DYEXT='so'
ECHO_C=''
ECHO_N='-n'
ECHO_T=''
EGREP='/usr/bin/grep -E'
EXEEXT=''
GREP='/usr/bin/grep'
HAVE_LINUX_TPACKET_AUXDATA='tp_vlan_tci'
INSTALL_DATA='${INSTALL} -m 644'
INSTALL_PROGRAM='${INSTALL}'
INSTALL_SCRIPT='${INSTALL}'
LDFLAGS='-L/home/z00250609/hybrid/5115_GPL/Hybrid_security_baseline/output/staging/lib'
LIBOBJS=''
LIBS=''
LTLIBOBJS=''
MAN_FILE_FORMATS='5'
MAN_MISC_INFO='7'
NETFILTER_SRC=''
OBJEXT='o'
PACKAGE_BUGREPORT=''
PACKAGE_NAME=''
PACKAGE_STRING=''
PACKAGE_TARNAME=''
PACKAGE_VERSION=''
PATH_SEPARATOR=':'
PCAP_SUPPORT_BT=''
PCAP_SUPPORT_CAN=''
PCAP_SUPPORT_NETFILTER=''
PCAP_SUPPORT_USB=''
RANLIB='/opt/toolchain_hisi/arm-hsan-linux-uclibcgnueabi/bin/arm-hsan-linux-uclibcgnueabi-ranlib'
SHELL='/bin/sh'
SHLICC2=''
SSRC=''
USB_SRC='pcap-usb-linux.c'
V_CCOPT='-O2 -fpic'
V_DEFS=' -D_U_="__attribute__((unused))"'
V_FINDALLDEVS='getad'
V_INCLS=''
V_LEX='flex -Ppcap_'
V_PCAP='linux'
V_RPATH_OPT='-Wl,-rpath,'
V_SHLIB_CMD='$(CC)'
V_SHLIB_OPT='-shared'
V_SONAME_OPT='-Wl,-soname,'
V_YACC='bison -y -p pcap_'
ac_ct_CC=''
bindir='${exec_prefix}/bin'
build='i686-pc-linux-gnu'
build_alias=''
build_cpu='i686'
build_os='linux-gnu'
build_vendor='pc'
datadir='${datarootdir}'
datarootdir='${prefix}/share'
docdir='${datarootdir}/doc/${PACKAGE}'
dvidir='${docdir}'
exec_prefix='${prefix}'
host='arm-unknown-linux-gnu'
host_alias='arm-linux'
host_cpu='arm'
host_os='linux-gnu'
host_vendor='unknown'
htmldir='${docdir}'
includedir='${prefix}/include'
infodir='${datarootdir}/info'
libdir='${exec_prefix}/lib'
libexecdir='${exec_prefix}/libexec'
localedir='${datarootdir}/locale'
localstatedir='${prefix}/var'
mandir='${datarootdir}/man'
oldincludedir='/usr/include'
pdfdir='${docdir}'
prefix='/usr/local'
program_transform_name='s,x,x,'
psdir='${docdir}'
sbindir='${exec_prefix}/sbin'
sharedstatedir='${prefix}/com'
sysconfdir='${prefix}/etc'
target='arm-unknown-linux-gnu'
target_alias=''
target_cpu='arm'
target_os='linux-gnu'
target_vendor='unknown'

## ----------- ##
## confdefs.h. ##
## ----------- ##

#define PACKAGE_NAME ""
#define PACKAGE_TARNAME ""
#define PACKAGE_VERSION ""
#define PACKAGE_STRING ""
#define PACKAGE_BUGREPORT ""
#define inline inline
#define HAVE___ATTRIBUTE__ 1
#define STDC_HEADERS 1
#define HAVE_SYS_TYPES_H 1
#define HAVE_SYS_STAT_H 1
#define HAVE_STDLIB_H 1
#define HAVE_STRING_H 1
#define HAVE_MEMORY_H 1
#define HAVE_STRINGS_H 1
#define HAVE_INTTYPES_H 1
#define HAVE_STDINT_H 1
#define HAVE_UNISTD_H 1
#define HAVE_SYS_BITYPES_H 1
#define _FILE_OFFSET_BITS 64
#define HAVE_FSEEKO 1
#define HAVE_LIMITS_H 1
#define HAVE_PATHS_H 1
#define HAVE_LINUX_TYPES_H 1
#define HAVE_LINUX_IF_PACKET_H 1
#define HAVE_NETPACKET_PACKET_H 1
#define HAVE_NETINET_IF_ETHER_H 1
#define HAVE_STRERROR 1
#define HAVE_STRLCPY 1
#define HAVE_VSNPRINTF 1
#define HAVE_SNPRINTF 1
#define HAVE_ETHER_HOSTTON 1
#define HAVE_NETINET_ETHER_H 1
#define NETINET_ETHER_H_DECLARES_ETHER_HOSTTON
#define HAVE_DECL_ETHER_HOSTTON 1
#define HAVE_LINUX_WIRELESS_H 1
#define HAVE_LINUX_ETHTOOL_H 1
#define HAVE_TPACKET_STATS 1
#define HAVE_LINUX_TPACKET_AUXDATA_TP_VLAN_TCI 1
#define HAVE_SOCKLEN_T 1
#define INET6 1
#define HAVE_SOCKADDR_STORAGE 1
#define LBL_ALIGN 1
#define HAVE_VERSION_H 1
#define PCAP_SUPPORT_USB 1
#define LINUX_USB_MON_DEV "/dev/usbmon"
#define HAVE_LINUX_USBDEVICE_FS_H 1
#define HAVE_USBDEVFS_CTRLTRANSFER_BREQUESTTYPE 1
#define PCAP_SUPPORT_CAN 1
#define HAVE_LINUX_NET_TSTAMP_H 1

configure: exit 0

## ---------------------- ##
## Running config.status. ##
## ---------------------- ##

This file was extended by config.status, which was
generated by GNU Autoconf 2.61.  Invocation command line was

  CONFIG_FILES    = 
  CONFIG_HEADERS  = 
  CONFIG_LINKS    = 
  CONFIG_COMMANDS = 
  $ ./config.status --file=pcap-config.tmp:./pcap-config.in

on localhost

config.status:649: creating pcap-config.tmp
