This file contains any messages produced by compilers while
running configure, to aid debugging if configure makes a mistake.

It was created by configure, which was
generated by GNU Autoconf 2.65.  Invocation command line was

  $ ./configure --enable-more-warnings=yes --enable-ntlm --enable-etrn --enable-pthreads=no --host=mips-linux --enable-shared --enable-debug --with-openssl=/usr1/xuhui/DT-W724V-20140311/output/host/usr/mips-unknown-linux-uclibc/sysroot --with-auth-plugin-dir=/var/local/esmtp-plugins CC=/opt/toolchains/crosstools-mips-gcc-4.6-linux-3.4-uclibc-0.9.32-binutils-2.21/usr/bin/mips-unknown-linux-uclibc-gcc

## --------- ##
## Platform. ##
## --------- ##

hostname = WUH1000021922
uname -m = i686
uname -r = 3.0.13-0.27-pae
uname -s = Linux
uname -v = #1 SMP Wed Feb 15 13:33:49 UTC 2012 (d73692b)

/usr/bin/uname -p = unknown
/bin/uname -X     = unknown

/bin/arch              = i686
/usr/bin/arch -k       = unknown
/usr/convex/getsysinfo = unknown
/usr/bin/hostinfo      = unknown
/bin/machine           = unknown
/usr/bin/oslevel       = unknown
/bin/universe          = unknown

PATH: /usr/local/bin
PATH: /usr/bin
PATH: /bin
PATH: /usr/bin/X11
PATH: /usr/X11R6/bin
PATH: /usr/games
PATH: /usr/lib/mit/bin
PATH: /usr/lib/mit/sbin
PATH: /usr1/xuhui/DT-W724V-20140311/output/host/usr/bin


## ----------- ##
## Core tests. ##
## ----------- ##

configure:2657: checking for a BSD-compatible install
configure:2725: result: /usr/bin/install -c
configure:2736: checking whether build environment is sane
configure:2786: result: yes
configure:2835: checking for mips-linux-strip
configure:2862: result: /opt/toolchains/crosstools-mips-gcc-4.6-linux-3.4-uclibc-0.9.32-binutils-2.21/usr/bin/mips-unknown-linux-uclibc-strip
configure:2927: checking for a thread-safe mkdir -p
configure:2966: result: /bin/mkdir -p
configure:2979: checking for gawk
configure:2995: found /usr/bin/gawk
configure:3006: result: gawk
configure:3017: checking whether make sets $(MAKE)
configure:3039: result: yes
configure:3123: checking build system type
configure:3137: result: i686-pc-linux-gnu
configure:3157: checking host system type
configure:3170: result: mips-unknown-linux-gnu
configure:3212: checking for mips-linux-gcc
configure:3239: result: /opt/toolchains/crosstools-mips-gcc-4.6-linux-3.4-uclibc-0.9.32-binutils-2.21/usr/bin/mips-unknown-linux-uclibc-gcc
configure:3508: checking for C compiler version
configure:3517: /opt/toolchains/crosstools-mips-gcc-4.6-linux-3.4-uclibc-0.9.32-binutils-2.21/usr/bin/mips-unknown-linux-uclibc-gcc --version >&5
mips-unknown-linux-uclibc-gcc (Buildroot 2011.11) 4.6.2
Copyright (C) 2011 Free Software Foundation, Inc.
This is free software; see the source for copying conditions.  There is NO
warranty; not even for MERCHANTABILITY or FITNESS FOR A PARTICULAR PURPOSE.

configure:3528: $? = 0
configure:3517: /opt/toolchains/crosstools-mips-gcc-4.6-linux-3.4-uclibc-0.9.32-binutils-2.21/usr/bin/mips-unknown-linux-uclibc-gcc -v >&5
Using built-in specs.
COLLECT_GCC=/opt/toolchains/crosstools-mips-gcc-4.6-linux-3.4-uclibc-0.9.32-binutils-2.21/usr/bin/mips-unknown-linux-uclibc-gcc
COLLECT_LTO_WRAPPER=/opt/toolchains/crosstools-mips-gcc-4.6-linux-3.4-uclibc-0.9.32-binutils-2.21/usr/libexec/gcc/mips-unknown-linux-uclibc/4.6.2/lto-wrapper
Target: mips-unknown-linux-uclibc
Configured with: /home/dslsqa/rel1.0/src/buildroot-2011.11/output/toolchain/gcc-4.6.2/configure --prefix=/opt/toolchains/crosstools-mips-gcc-4.6-linux-3.4-uclibc-0.9.32-binutils-2.21/usr --build=i686-pc-linux-gnu --host=i686-pc-linux-gnu --target=mips-unknown-linux-uclibc --enable-languages=c,c++ --with-sysroot=/opt/toolchains/crosstools-mips-gcc-4.6-linux-3.4-uclibc-0.9.32-binutils-2.21/usr/mips-unknown-linux-uclibc/sysroot --with-build-time-tools=/opt/toolchains/crosstools-mips-gcc-4.6-linux-3.4-uclibc-0.9.32-binutils-2.21/usr/mips-unknown-linux-uclibc/bin --disable-__cxa_atexit --enable-target-optspace --disable-libgomp --with-gnu-ld --disable-libssp --disable-multilib --disable-tls --enable-shared --with-gmp=/opt/toolchains/crosstools-mips-gcc-4.6-linux-3.4-uclibc-0.9.32-binutils-2.21/usr --with-mpfr=/opt/toolchains/crosstools-mips-gcc-4.6-linux-3.4-uclibc-0.9.32-binutils-2.21/usr --with-mpc=/opt/toolchains/crosstools-mips-gcc-4.6-linux-3.4-uclibc-0.9.32-binutils-2.21/usr --enable-threads --disable-decimal-float --with-float=soft --with-abi=32 --with-tune=mips32 --with-arch=mips32 --with-pkgversion='Buildroot 2011.11' --with-bugurl=http://bugs.buildroot.net/
Thread model: posix
gcc version 4.6.2 (Buildroot 2011.11) 
configure:3528: $? = 0
configure:3517: /opt/toolchains/crosstools-mips-gcc-4.6-linux-3.4-uclibc-0.9.32-binutils-2.21/usr/bin/mips-unknown-linux-uclibc-gcc -V >&5
mips-unknown-linux-uclibc-gcc: error: unrecognized option '-V'
mips-unknown-linux-uclibc-gcc: fatal error: no input files
compilation terminated.
configure:3528: $? = 1
configure:3517: /opt/toolchains/crosstools-mips-gcc-4.6-linux-3.4-uclibc-0.9.32-binutils-2.21/usr/bin/mips-unknown-linux-uclibc-gcc -qversion >&5
mips-unknown-linux-uclibc-gcc: error: unrecognized option '-qversion'
mips-unknown-linux-uclibc-gcc: fatal error: no input files
compilation terminated.
configure:3528: $? = 1
configure:3548: checking whether the C compiler works
configure:3570: /opt/toolchains/crosstools-mips-gcc-4.6-linux-3.4-uclibc-0.9.32-binutils-2.21/usr/bin/mips-unknown-linux-uclibc-gcc    conftest.c  >&5
configure:3574: $? = 0
configure:3623: result: yes
configure:3626: checking for C compiler default output file name
configure:3628: result: a.out
configure:3634: checking for suffix of executables
configure:3641: /opt/toolchains/crosstools-mips-gcc-4.6-linux-3.4-uclibc-0.9.32-binutils-2.21/usr/bin/mips-unknown-linux-uclibc-gcc -o conftest    conftest.c  >&5
configure:3645: $? = 0
configure:3667: result: 
configure:3689: checking whether we are cross compiling
configure:3697: /opt/toolchains/crosstools-mips-gcc-4.6-linux-3.4-uclibc-0.9.32-binutils-2.21/usr/bin/mips-unknown-linux-uclibc-gcc -o conftest    conftest.c  >&5
configure:3701: $? = 0
configure:3708: ./conftest
./configure: line 3710: ./conftest: cannot execute binary file
configure:3712: $? = 126
configure:3727: result: yes
configure:3732: checking for suffix of object files
configure:3754: /opt/toolchains/crosstools-mips-gcc-4.6-linux-3.4-uclibc-0.9.32-binutils-2.21/usr/bin/mips-unknown-linux-uclibc-gcc -c   conftest.c >&5
configure:3758: $? = 0
configure:3779: result: o
configure:3783: checking whether we are using the GNU C compiler
configure:3802: /opt/toolchains/crosstools-mips-gcc-4.6-linux-3.4-uclibc-0.9.32-binutils-2.21/usr/bin/mips-unknown-linux-uclibc-gcc -c   conftest.c >&5
configure:3802: $? = 0
configure:3811: result: yes
configure:3820: checking whether /opt/toolchains/crosstools-mips-gcc-4.6-linux-3.4-uclibc-0.9.32-binutils-2.21/usr/bin/mips-unknown-linux-uclibc-gcc accepts -g
configure:3840: /opt/toolchains/crosstools-mips-gcc-4.6-linux-3.4-uclibc-0.9.32-binutils-2.21/usr/bin/mips-unknown-linux-uclibc-gcc -c -g  conftest.c >&5
configure:3840: $? = 0
configure:3881: result: yes
configure:3898: checking for /opt/toolchains/crosstools-mips-gcc-4.6-linux-3.4-uclibc-0.9.32-binutils-2.21/usr/bin/mips-unknown-linux-uclibc-gcc option to accept ISO C89
configure:3962: /opt/toolchains/crosstools-mips-gcc-4.6-linux-3.4-uclibc-0.9.32-binutils-2.21/usr/bin/mips-unknown-linux-uclibc-gcc  -c -g -O2  conftest.c >&5
configure:3962: $? = 0
configure:3975: result: none needed
configure:4006: checking for style of include used by make
configure:4034: result: GNU
configure:4059: checking dependency style of /opt/toolchains/crosstools-mips-gcc-4.6-linux-3.4-uclibc-0.9.32-binutils-2.21/usr/bin/mips-unknown-linux-uclibc-gcc
configure:4169: result: gcc3
configure:4185: checking whether make sets $(MAKE)
configure:4207: result: yes
configure:4241: checking for a sed that does not truncate output
configure:4305: result: /usr/bin/sed
configure:4323: checking for grep that handles long lines and -e
configure:4381: result: /usr/bin/grep
configure:4386: checking for egrep
configure:4448: result: /usr/bin/grep -E
configure:4453: checking for fgrep
configure:4515: result: /usr/bin/grep -F
configure:4550: checking for ld used by /opt/toolchains/crosstools-mips-gcc-4.6-linux-3.4-uclibc-0.9.32-binutils-2.21/usr/bin/mips-unknown-linux-uclibc-gcc
configure:4617: result: /opt/toolchains/crosstools-mips-gcc-4.6-linux-3.4-uclibc-0.9.32-binutils-2.21/usr/bin/mips-unknown-linux-uclibc-ld
configure:4624: checking if the linker (/opt/toolchains/crosstools-mips-gcc-4.6-linux-3.4-uclibc-0.9.32-binutils-2.21/usr/bin/mips-unknown-linux-uclibc-ld) is GNU ld
configure:4639: result: yes
configure:4651: checking for BSD- or MS-compatible name lister (nm)
configure:4700: result: /opt/toolchains/crosstools-mips-gcc-4.6-linux-3.4-uclibc-0.9.32-binutils-2.21/usr/bin/mips-unknown-linux-uclibc-nm
configure:4818: checking the name lister (/opt/toolchains/crosstools-mips-gcc-4.6-linux-3.4-uclibc-0.9.32-binutils-2.21/usr/bin/mips-unknown-linux-uclibc-nm) interface
configure:4825: /opt/toolchains/crosstools-mips-gcc-4.6-linux-3.4-uclibc-0.9.32-binutils-2.21/usr/bin/mips-unknown-linux-uclibc-gcc -c -g -O2  conftest.c >&5
configure:4828: /opt/toolchains/crosstools-mips-gcc-4.6-linux-3.4-uclibc-0.9.32-binutils-2.21/usr/bin/mips-unknown-linux-uclibc-nm "conftest.o"
configure:4831: output
00000000 B some_variable
configure:4838: result: BSD nm
configure:4841: checking whether ln -s works
configure:4845: result: yes
configure:4853: checking the maximum length of command line arguments
configure:4973: result: 805306365
configure:4990: checking whether the shell understands some XSI constructs
configure:5000: result: yes
configure:5004: checking whether the shell understands "+="
configure:5010: result: yes
configure:5045: checking for /opt/toolchains/crosstools-mips-gcc-4.6-linux-3.4-uclibc-0.9.32-binutils-2.21/usr/bin/mips-unknown-linux-uclibc-ld option to reload object files
configure:5052: result: -r
configure:5081: checking for mips-linux-objdump
configure:5108: result: /opt/toolchains/crosstools-mips-gcc-4.6-linux-3.4-uclibc-0.9.32-binutils-2.21/usr/bin/mips-unknown-linux-uclibc-objdump
configure:5180: checking how to recognize dependent libraries
configure:5376: result: pass_all
configure:5396: checking for mips-linux-ar
configure:5423: result: /opt/toolchains/crosstools-mips-gcc-4.6-linux-3.4-uclibc-0.9.32-binutils-2.21/usr/bin/mips-unknown-linux-uclibc-ar
configure:5501: checking for mips-linux-strip
configure:5528: result: /opt/toolchains/crosstools-mips-gcc-4.6-linux-3.4-uclibc-0.9.32-binutils-2.21/usr/bin/mips-unknown-linux-uclibc-strip
configure:5600: checking for mips-linux-ranlib
configure:5627: result: /opt/toolchains/crosstools-mips-gcc-4.6-linux-3.4-uclibc-0.9.32-binutils-2.21/usr/bin/mips-unknown-linux-uclibc-ranlib
configure:5757: checking command to parse /opt/toolchains/crosstools-mips-gcc-4.6-linux-3.4-uclibc-0.9.32-binutils-2.21/usr/bin/mips-unknown-linux-uclibc-nm output from /opt/toolchains/crosstools-mips-gcc-4.6-linux-3.4-uclibc-0.9.32-binutils-2.21/usr/bin/mips-unknown-linux-uclibc-gcc object
configure:5875: /opt/toolchains/crosstools-mips-gcc-4.6-linux-3.4-uclibc-0.9.32-binutils-2.21/usr/bin/mips-unknown-linux-uclibc-gcc -c -g -O2  conftest.c >&5
configure:5878: $? = 0
configure:5882: /opt/toolchains/crosstools-mips-gcc-4.6-linux-3.4-uclibc-0.9.32-binutils-2.21/usr/bin/mips-unknown-linux-uclibc-nm conftest.o \| sed -n -e 's/^.*[	 ]\([ABCDGIRSTW][ABCDGIRSTW]*\)[	 ][	 ]*\([_A-Za-z][_A-Za-z0-9]*\)$/\1 \2 \2/p' \> conftest.nm
configure:5885: $? = 0
configure:5939: /opt/toolchains/crosstools-mips-gcc-4.6-linux-3.4-uclibc-0.9.32-binutils-2.21/usr/bin/mips-unknown-linux-uclibc-gcc -o conftest -g -O2   conftest.c conftstm.o >&5
configure:5942: $? = 0
configure:5980: result: ok
configure:6789: checking how to run the C preprocessor
configure:6859: result: /opt/toolchains/crosstools-mips-gcc-4.6-linux-3.4-uclibc-0.9.32-binutils-2.21/usr/bin/mips-unknown-linux-uclibc-cpp
configure:6879: /opt/toolchains/crosstools-mips-gcc-4.6-linux-3.4-uclibc-0.9.32-binutils-2.21/usr/bin/mips-unknown-linux-uclibc-cpp  conftest.c
configure:6879: $? = 0
configure:6893: /opt/toolchains/crosstools-mips-gcc-4.6-linux-3.4-uclibc-0.9.32-binutils-2.21/usr/bin/mips-unknown-linux-uclibc-cpp  conftest.c
conftest.c:11:28: fatal error: ac_nonexistent.h: No such file or directory
compilation terminated.
configure:6893: $? = 1
configure: failed program was:
| /* confdefs.h */
| #define PACKAGE_NAME ""
| #define PACKAGE_TARNAME ""
| #define PACKAGE_VERSION ""
| #define PACKAGE_STRING ""
| #define PACKAGE_BUGREPORT ""
| #define PACKAGE_URL ""
| #define PACKAGE "libesmtp"
| #define VERSION "1.0.6"
| /* end confdefs.h.  */
| #include <ac_nonexistent.h>
configure:6922: checking for ANSI C header files
configure:6942: /opt/toolchains/crosstools-mips-gcc-4.6-linux-3.4-uclibc-0.9.32-binutils-2.21/usr/bin/mips-unknown-linux-uclibc-gcc -c -g -O2  conftest.c >&5
configure:6942: $? = 0
configure:7026: result: yes
configure:7039: checking for sys/types.h
configure:7039: /opt/toolchains/crosstools-mips-gcc-4.6-linux-3.4-uclibc-0.9.32-binutils-2.21/usr/bin/mips-unknown-linux-uclibc-gcc -c -g -O2  conftest.c >&5
configure:7039: $? = 0
configure:7039: result: yes
configure:7039: checking for sys/stat.h
configure:7039: /opt/toolchains/crosstools-mips-gcc-4.6-linux-3.4-uclibc-0.9.32-binutils-2.21/usr/bin/mips-unknown-linux-uclibc-gcc -c -g -O2  conftest.c >&5
configure:7039: $? = 0
configure:7039: result: yes
configure:7039: checking for stdlib.h
configure:7039: /opt/toolchains/crosstools-mips-gcc-4.6-linux-3.4-uclibc-0.9.32-binutils-2.21/usr/bin/mips-unknown-linux-uclibc-gcc -c -g -O2  conftest.c >&5
configure:7039: $? = 0
configure:7039: result: yes
configure:7039: checking for string.h
configure:7039: /opt/toolchains/crosstools-mips-gcc-4.6-linux-3.4-uclibc-0.9.32-binutils-2.21/usr/bin/mips-unknown-linux-uclibc-gcc -c -g -O2  conftest.c >&5
configure:7039: $? = 0
configure:7039: result: yes
configure:7039: checking for memory.h
configure:7039: /opt/toolchains/crosstools-mips-gcc-4.6-linux-3.4-uclibc-0.9.32-binutils-2.21/usr/bin/mips-unknown-linux-uclibc-gcc -c -g -O2  conftest.c >&5
configure:7039: $? = 0
configure:7039: result: yes
configure:7039: checking for strings.h
configure:7039: /opt/toolchains/crosstools-mips-gcc-4.6-linux-3.4-uclibc-0.9.32-binutils-2.21/usr/bin/mips-unknown-linux-uclibc-gcc -c -g -O2  conftest.c >&5
configure:7039: $? = 0
configure:7039: result: yes
configure:7039: checking for inttypes.h
configure:7039: /opt/toolchains/crosstools-mips-gcc-4.6-linux-3.4-uclibc-0.9.32-binutils-2.21/usr/bin/mips-unknown-linux-uclibc-gcc -c -g -O2  conftest.c >&5
configure:7039: $? = 0
configure:7039: result: yes
configure:7039: checking for stdint.h
configure:7039: /opt/toolchains/crosstools-mips-gcc-4.6-linux-3.4-uclibc-0.9.32-binutils-2.21/usr/bin/mips-unknown-linux-uclibc-gcc -c -g -O2  conftest.c >&5
configure:7039: $? = 0
configure:7039: result: yes
configure:7039: checking for unistd.h
configure:7039: /opt/toolchains/crosstools-mips-gcc-4.6-linux-3.4-uclibc-0.9.32-binutils-2.21/usr/bin/mips-unknown-linux-uclibc-gcc -c -g -O2  conftest.c >&5
configure:7039: $? = 0
configure:7039: result: yes
configure:7054: checking for dlfcn.h
configure:7054: /opt/toolchains/crosstools-mips-gcc-4.6-linux-3.4-uclibc-0.9.32-binutils-2.21/usr/bin/mips-unknown-linux-uclibc-gcc -c -g -O2  conftest.c >&5
configure:7054: $? = 0
configure:7054: result: yes
configure:7238: checking for objdir
configure:7253: result: .libs
configure:7545: checking if /opt/toolchains/crosstools-mips-gcc-4.6-linux-3.4-uclibc-0.9.32-binutils-2.21/usr/bin/mips-unknown-linux-uclibc-gcc supports -fno-rtti -fno-exceptions
configure:7563: /opt/toolchains/crosstools-mips-gcc-4.6-linux-3.4-uclibc-0.9.32-binutils-2.21/usr/bin/mips-unknown-linux-uclibc-gcc -c -g -O2  -fno-rtti -fno-exceptions conftest.c >&5
cc1: warning: command line option '-fno-rtti' is valid for C++/ObjC++ but not for C [enabled by default]
configure:7567: $? = 0
configure:7580: result: no
configure:7600: checking for /opt/toolchains/crosstools-mips-gcc-4.6-linux-3.4-uclibc-0.9.32-binutils-2.21/usr/bin/mips-unknown-linux-uclibc-gcc option to produce PIC
configure:7872: result: -fPIC -DPIC
configure:7884: checking if /opt/toolchains/crosstools-mips-gcc-4.6-linux-3.4-uclibc-0.9.32-binutils-2.21/usr/bin/mips-unknown-linux-uclibc-gcc PIC flag -fPIC -DPIC works
configure:7902: /opt/toolchains/crosstools-mips-gcc-4.6-linux-3.4-uclibc-0.9.32-binutils-2.21/usr/bin/mips-unknown-linux-uclibc-gcc -c -g -O2  -fPIC -DPIC -DPIC conftest.c >&5
configure:7906: $? = 0
configure:7919: result: yes
configure:7943: checking if /opt/toolchains/crosstools-mips-gcc-4.6-linux-3.4-uclibc-0.9.32-binutils-2.21/usr/bin/mips-unknown-linux-uclibc-gcc static flag -static works
configure:7971: result: yes
configure:7986: checking if /opt/toolchains/crosstools-mips-gcc-4.6-linux-3.4-uclibc-0.9.32-binutils-2.21/usr/bin/mips-unknown-linux-uclibc-gcc supports -c -o file.o
configure:8007: /opt/toolchains/crosstools-mips-gcc-4.6-linux-3.4-uclibc-0.9.32-binutils-2.21/usr/bin/mips-unknown-linux-uclibc-gcc -c -g -O2  -o out/conftest2.o conftest.c >&5
configure:8011: $? = 0
configure:8033: result: yes
configure:8041: checking if /opt/toolchains/crosstools-mips-gcc-4.6-linux-3.4-uclibc-0.9.32-binutils-2.21/usr/bin/mips-unknown-linux-uclibc-gcc supports -c -o file.o
configure:8088: result: yes
configure:8121: checking whether the /opt/toolchains/crosstools-mips-gcc-4.6-linux-3.4-uclibc-0.9.32-binutils-2.21/usr/bin/mips-unknown-linux-uclibc-gcc linker (/opt/toolchains/crosstools-mips-gcc-4.6-linux-3.4-uclibc-0.9.32-binutils-2.21/usr/bin/mips-unknown-linux-uclibc-ld) supports shared libraries
configure:9112: result: yes
configure:9149: checking whether -lc should be explicitly linked in
configure:9154: /opt/toolchains/crosstools-mips-gcc-4.6-linux-3.4-uclibc-0.9.32-binutils-2.21/usr/bin/mips-unknown-linux-uclibc-gcc -c -g -O2  conftest.c >&5
configure:9157: $? = 0
configure:9172: /opt/toolchains/crosstools-mips-gcc-4.6-linux-3.4-uclibc-0.9.32-binutils-2.21/usr/bin/mips-unknown-linux-uclibc-gcc -shared conftest.o  -v -Wl,-soname -Wl,conftest -o conftest 2\>\&1 \| /usr/bin/grep  -lc  \>/dev/null 2\>\&1
configure:9175: $? = 0
configure:9187: result: no
configure:9351: checking dynamic linker characteristics
configure:9784: /opt/toolchains/crosstools-mips-gcc-4.6-linux-3.4-uclibc-0.9.32-binutils-2.21/usr/bin/mips-unknown-linux-uclibc-gcc -o conftest -g -O2   -Wl,-rpath -Wl,/foo conftest.c  >&5
configure:9784: $? = 0
configure:10014: result: GNU/Linux ld.so
configure:10116: checking how to hardcode library paths into programs
configure:10141: result: immediate
configure:10661: checking whether stripping libraries is possible
configure:10666: result: yes
configure:10701: checking if libtool supports shared libraries
configure:10703: result: yes
configure:10706: checking whether to build shared libraries
configure:10727: result: yes
configure:10730: checking whether to build static libraries
configure:10734: result: yes
configure:10846: checking for library containing dlsym
configure:10877: /opt/toolchains/crosstools-mips-gcc-4.6-linux-3.4-uclibc-0.9.32-binutils-2.21/usr/bin/mips-unknown-linux-uclibc-gcc -o conftest -std=c99 -pedantic -g -O2   conftest.c  >&5
/tmp/ccesBlvI.o: In function `main':
/usr1/xuhui/DT-W724V-20140311/package/atp/libraries/opensrc/esmtp/libesmtp/src/conftest.c:39: undefined reference to `dlsym'
/usr1/xuhui/DT-W724V-20140311/package/atp/libraries/opensrc/esmtp/libesmtp/src/conftest.c:39: undefined reference to `dlsym'
collect2: ld returned 1 exit status
configure:10877: $? = 1
configure: failed program was:
| /* confdefs.h */
| #define PACKAGE_NAME ""
| #define PACKAGE_TARNAME ""
| #define PACKAGE_VERSION ""
| #define PACKAGE_STRING ""
| #define PACKAGE_BUGREPORT ""
| #define PACKAGE_URL ""
| #define PACKAGE "libesmtp"
| #define VERSION "1.0.6"
| #define STDC_HEADERS 1
| #define HAVE_SYS_TYPES_H 1
| #define HAVE_SYS_STAT_H 1
| #define HAVE_STDLIB_H 1
| #define HAVE_STRING_H 1
| #define HAVE_MEMORY_H 1
| #define HAVE_STRINGS_H 1
| #define HAVE_INTTYPES_H 1
| #define HAVE_STDINT_H 1
| #define HAVE_UNISTD_H 1
| #define HAVE_DLFCN_H 1
| #define LT_OBJDIR ".libs/"
| #define _GNU_SOURCE 1
| #define _ISOC9X_SOURCE 1
| #define _ISOC99_SOURCE 1
| #define _POSIX_C_SOURCE 199506L
| #define _XOPEN_SOURCE 500
| /* end confdefs.h.  */
| 
| /* Override any GCC internal prototype to avoid an error.
|    Use char because int might match the return type of a GCC
|    builtin and then its argument prototype would still apply.  */
| #ifdef __cplusplus
| extern "C"
| #endif
| char dlsym ();
| int
| main ()
| {
| return dlsym ();
|   ;
|   return 0;
| }
configure:10877: /opt/toolchains/crosstools-mips-gcc-4.6-linux-3.4-uclibc-0.9.32-binutils-2.21/usr/bin/mips-unknown-linux-uclibc-gcc -o conftest -std=c99 -pedantic -g -O2   conftest.c -ldl   >&5
configure:10877: $? = 0
configure:10894: result: -ldl
configure:11305: checking whether to use Posix Threads
configure:11318: result: no
configure:11414: checking for library containing getaddrinfo
configure:11445: /opt/toolchains/crosstools-mips-gcc-4.6-linux-3.4-uclibc-0.9.32-binutils-2.21/usr/bin/mips-unknown-linux-uclibc-gcc -o conftest -std=c99 -pedantic -g -O2   conftest.c -ldl  >&5
configure:11445: $? = 0
configure:11462: result: none required
configure:11884: checking openssl/ssl.h usability
configure:11884: /opt/toolchains/crosstools-mips-gcc-4.6-linux-3.4-uclibc-0.9.32-binutils-2.21/usr/bin/mips-unknown-linux-uclibc-gcc -c -std=c99 -pedantic -g -O2 -I/usr1/xuhui/DT-W724V-20140311/output/host/usr/mips-unknown-linux-uclibc/sysroot/usr/include  conftest.c >&5
configure:11884: $? = 0
configure:11884: result: yes
configure:11884: checking openssl/ssl.h presence
configure:11884: /opt/toolchains/crosstools-mips-gcc-4.6-linux-3.4-uclibc-0.9.32-binutils-2.21/usr/bin/mips-unknown-linux-uclibc-cpp -I/usr1/xuhui/DT-W724V-20140311/output/host/usr/mips-unknown-linux-uclibc/sysroot/usr/include  conftest.c
configure:11884: $? = 0
configure:11884: result: yes
configure:11884: checking for openssl/ssl.h
configure:11884: result: yes
configure:11899: checking for SSL_library_init in -lssl_openssl
configure:11925: /opt/toolchains/crosstools-mips-gcc-4.6-linux-3.4-uclibc-0.9.32-binutils-2.21/usr/bin/mips-unknown-linux-uclibc-gcc -o conftest -std=c99 -pedantic -g -O2 -I/usr1/xuhui/DT-W724V-20140311/output/host/usr/mips-unknown-linux-uclibc/sysroot/usr/include  -L/usr1/xuhui/DT-W724V-20140311/output/host/usr/mips-unknown-linux-uclibc/sysroot/lib  conftest.c -lssl_openssl -lcrypto_openssl
	 -ldl  >&5
/usr1/xuhui/DT-W724V-20140311/output/host/usr/mips-unknown-linux-uclibc/sysroot/lib/libcrypto_openssl.so: warning: gethostbyname is obsolescent, use getnameinfo() instead.
configure:11925: $? = 0
configure:11934: result: yes
configure:12005: checking openssl/md5.h usability
configure:12005: /opt/toolchains/crosstools-mips-gcc-4.6-linux-3.4-uclibc-0.9.32-binutils-2.21/usr/bin/mips-unknown-linux-uclibc-gcc -c -std=c99 -pedantic -g -O2 -I/usr1/xuhui/DT-W724V-20140311/output/host/usr/mips-unknown-linux-uclibc/sysroot/usr/include  conftest.c >&5
configure:12005: $? = 0
configure:12005: result: yes
configure:12005: checking openssl/md5.h presence
configure:12005: /opt/toolchains/crosstools-mips-gcc-4.6-linux-3.4-uclibc-0.9.32-binutils-2.21/usr/bin/mips-unknown-linux-uclibc-cpp -I/usr1/xuhui/DT-W724V-20140311/output/host/usr/mips-unknown-linux-uclibc/sysroot/usr/include  conftest.c
configure:12005: $? = 0
configure:12005: result: yes
configure:12005: checking for openssl/md5.h
configure:12005: result: yes
configure:12008: checking for MD5_Init in -lcrypto_openssl
configure:12033: /opt/toolchains/crosstools-mips-gcc-4.6-linux-3.4-uclibc-0.9.32-binutils-2.21/usr/bin/mips-unknown-linux-uclibc-gcc -o conftest -std=c99 -pedantic -g -O2 -I/usr1/xuhui/DT-W724V-20140311/output/host/usr/mips-unknown-linux-uclibc/sysroot/usr/include  -L/usr1/xuhui/DT-W724V-20140311/output/host/usr/mips-unknown-linux-uclibc/sysroot/lib  conftest.c -lcrypto_openssl  -lssl_openssl -lcrypto_openssl -ldl  >&5
/usr1/xuhui/DT-W724V-20140311/output/host/usr/mips-unknown-linux-uclibc/sysroot/lib/libcrypto_openssl.so: warning: gethostbyname is obsolescent, use getnameinfo() instead.
configure:12033: $? = 0
configure:12042: result: yes
configure:12074: checking whether to enable NTLM authentication
configure:12077: result: yes
configure:12079: checking openssl/md4.h usability
configure:12079: /opt/toolchains/crosstools-mips-gcc-4.6-linux-3.4-uclibc-0.9.32-binutils-2.21/usr/bin/mips-unknown-linux-uclibc-gcc -c -std=c99 -pedantic -g -O2 -I/usr1/xuhui/DT-W724V-20140311/output/host/usr/mips-unknown-linux-uclibc/sysroot/usr/include  conftest.c >&5
configure:12079: $? = 0
configure:12079: result: yes
configure:12079: checking openssl/md4.h presence
configure:12079: /opt/toolchains/crosstools-mips-gcc-4.6-linux-3.4-uclibc-0.9.32-binutils-2.21/usr/bin/mips-unknown-linux-uclibc-cpp -I/usr1/xuhui/DT-W724V-20140311/output/host/usr/mips-unknown-linux-uclibc/sysroot/usr/include  conftest.c
configure:12079: $? = 0
configure:12079: result: yes
configure:12079: checking for openssl/md4.h
configure:12079: result: yes
configure:12082: checking for MD4_Init in -lcrypto_openssl
configure:12107: /opt/toolchains/crosstools-mips-gcc-4.6-linux-3.4-uclibc-0.9.32-binutils-2.21/usr/bin/mips-unknown-linux-uclibc-gcc -o conftest -std=c99 -pedantic -g -O2 -I/usr1/xuhui/DT-W724V-20140311/output/host/usr/mips-unknown-linux-uclibc/sysroot/usr/include  -L/usr1/xuhui/DT-W724V-20140311/output/host/usr/mips-unknown-linux-uclibc/sysroot/lib  conftest.c -lcrypto_openssl  -lssl_openssl -lcrypto_openssl -ldl  >&5
/usr1/xuhui/DT-W724V-20140311/output/host/usr/mips-unknown-linux-uclibc/sysroot/lib/libcrypto_openssl.so: warning: gethostbyname is obsolescent, use getnameinfo() instead.
configure:12107: $? = 0
configure:12116: result: yes
configure:12143: checking whether to enable STARTTLS
configure:12146: result: yes
configure:12165: checking whether to enable CHUNKING
configure:12168: result: yes
configure:12187: checking whether to enable ETRN
configure:12190: result: yes
configure:12209: checking whether to enable sendmail XUSR
configure:12212: result: yes
configure:12231: checking whether to enable non-standard EHLO AUTH= response
configure:12234: result: yes
configure:12264: checking for ANSI C header files
configure:12368: result: yes
configure:12379: checking sys/ioctl.h usability
configure:12379: /opt/toolchains/crosstools-mips-gcc-4.6-linux-3.4-uclibc-0.9.32-binutils-2.21/usr/bin/mips-unknown-linux-uclibc-gcc -c -std=c99 -pedantic -g -O2 -I/usr1/xuhui/DT-W724V-20140311/output/host/usr/mips-unknown-linux-uclibc/sysroot/usr/include  conftest.c >&5
configure:12379: $? = 0
configure:12379: result: yes
configure:12379: checking sys/ioctl.h presence
configure:12379: /opt/toolchains/crosstools-mips-gcc-4.6-linux-3.4-uclibc-0.9.32-binutils-2.21/usr/bin/mips-unknown-linux-uclibc-cpp -I/usr1/xuhui/DT-W724V-20140311/output/host/usr/mips-unknown-linux-uclibc/sysroot/usr/include  conftest.c
configure:12379: $? = 0
configure:12379: result: yes
configure:12379: checking for sys/ioctl.h
configure:12379: result: yes
configure:12379: checking for unistd.h
configure:12379: result: yes
configure:12392: checking for an ANSI C-conforming const
configure:12457: /opt/toolchains/crosstools-mips-gcc-4.6-linux-3.4-uclibc-0.9.32-binutils-2.21/usr/bin/mips-unknown-linux-uclibc-gcc -c -std=c99 -pedantic -g -O2 -I/usr1/xuhui/DT-W724V-20140311/output/host/usr/mips-unknown-linux-uclibc/sysroot/usr/include  conftest.c >&5
configure:12457: $? = 0
configure:12464: result: yes
configure:12472: checking for inline
configure:12488: /opt/toolchains/crosstools-mips-gcc-4.6-linux-3.4-uclibc-0.9.32-binutils-2.21/usr/bin/mips-unknown-linux-uclibc-gcc -c -std=c99 -pedantic -g -O2 -I/usr1/xuhui/DT-W724V-20140311/output/host/usr/mips-unknown-linux-uclibc/sysroot/usr/include  conftest.c >&5
configure:12488: $? = 0
configure:12496: result: inline
configure:12514: checking whether byte ordering is bigendian
configure:12529: /opt/toolchains/crosstools-mips-gcc-4.6-linux-3.4-uclibc-0.9.32-binutils-2.21/usr/bin/mips-unknown-linux-uclibc-gcc -c -std=c99 -pedantic -g -O2 -I/usr1/xuhui/DT-W724V-20140311/output/host/usr/mips-unknown-linux-uclibc/sysroot/usr/include  conftest.c >&5
conftest.c:43:9: error: unknown type name 'not'
conftest.c:43:15: error: expected '=', ',', ';', 'asm' or '__attribute__' before 'universal'
conftest.c:43:15: error: unknown type name 'universal'
configure:12529: $? = 1
configure: failed program was:
| /* confdefs.h */
| #define PACKAGE_NAME ""
| #define PACKAGE_TARNAME ""
| #define PACKAGE_VERSION ""
| #define PACKAGE_STRING ""
| #define PACKAGE_BUGREPORT ""
| #define PACKAGE_URL ""
| #define PACKAGE "libesmtp"
| #define VERSION "1.0.6"
| #define STDC_HEADERS 1
| #define HAVE_SYS_TYPES_H 1
| #define HAVE_SYS_STAT_H 1
| #define HAVE_STDLIB_H 1
| #define HAVE_STRING_H 1
| #define HAVE_MEMORY_H 1
| #define HAVE_STRINGS_H 1
| #define HAVE_INTTYPES_H 1
| #define HAVE_STDINT_H 1
| #define HAVE_UNISTD_H 1
| #define HAVE_DLFCN_H 1
| #define LT_OBJDIR ".libs/"
| #define _GNU_SOURCE 1
| #define _ISOC9X_SOURCE 1
| #define _ISOC99_SOURCE 1
| #define _POSIX_C_SOURCE 199506L
| #define _XOPEN_SOURCE 500
| #define HAVE_DLSYM 1
| #define HAVE_GETADDRINFO 1
| #define USE_SASL 1
| #define AUTHPLUGINDIR "/var/local/esmtp-plugins"
| #define HAVE_LIBCRYPTO 1
| #define USE_TLS 1
| #define USE_CHUNKING 1
| #define USE_ETRN 1
| #define USE_XUSR 1
| #define AUTH_ID_HACK 1
| #define DEBUG 1
| #define STDC_HEADERS 1
| #define HAVE_SYS_IOCTL_H 1
| #define HAVE_UNISTD_H 1
| /* end confdefs.h.  */
| #ifndef __APPLE_CC__
| 	       not a universal capable compiler
| 	     #endif
| 	     typedef int dummy;
| 
configure:12574: /opt/toolchains/crosstools-mips-gcc-4.6-linux-3.4-uclibc-0.9.32-binutils-2.21/usr/bin/mips-unknown-linux-uclibc-gcc -c -std=c99 -pedantic -g -O2 -I/usr1/xuhui/DT-W724V-20140311/output/host/usr/mips-unknown-linux-uclibc/sysroot/usr/include  conftest.c >&5
In file included from /usr1/xuhui/DT-W724V-20140311/output/host/usr/mips-unknown-linux-uclibc/sysroot/usr/include/sys/param.h:26:0,
                 from conftest.c:43:
/usr1/xuhui/DT-W724V-20140311/output/host/usr/mips-unknown-linux-uclibc/sysroot/usr/include/limits.h:125:3: warning: #include_next is a GCC extension [enabled by default]
configure:12574: $? = 0
configure:12592: /opt/toolchains/crosstools-mips-gcc-4.6-linux-3.4-uclibc-0.9.32-binutils-2.21/usr/bin/mips-unknown-linux-uclibc-gcc -c -std=c99 -pedantic -g -O2 -I/usr1/xuhui/DT-W724V-20140311/output/host/usr/mips-unknown-linux-uclibc/sysroot/usr/include  conftest.c >&5
In file included from /usr1/xuhui/DT-W724V-20140311/output/host/usr/mips-unknown-linux-uclibc/sysroot/usr/include/sys/param.h:26:0,
                 from conftest.c:43:
/usr1/xuhui/DT-W724V-20140311/output/host/usr/mips-unknown-linux-uclibc/sysroot/usr/include/limits.h:125:3: warning: #include_next is a GCC extension [enabled by default]
configure:12592: $? = 0
configure:12720: result: yes
configure:12738: checking whether struct tm is in sys/time.h or time.h
configure:12758: /opt/toolchains/crosstools-mips-gcc-4.6-linux-3.4-uclibc-0.9.32-binutils-2.21/usr/bin/mips-unknown-linux-uclibc-gcc -c -std=c99 -pedantic -g -O2 -I/usr1/xuhui/DT-W724V-20140311/output/host/usr/mips-unknown-linux-uclibc/sysroot/usr/include  conftest.c >&5
configure:12758: $? = 0
configure:12765: result: time.h
configure:12773: checking whether time.h and sys/time.h may both be included
configure:12793: /opt/toolchains/crosstools-mips-gcc-4.6-linux-3.4-uclibc-0.9.32-binutils-2.21/usr/bin/mips-unknown-linux-uclibc-gcc -c -std=c99 -pedantic -g -O2 -I/usr1/xuhui/DT-W724V-20140311/output/host/usr/mips-unknown-linux-uclibc/sysroot/usr/include  conftest.c >&5
configure:12793: $? = 0
configure:12800: result: yes
configure:12808: checking for struct tm.tm_zone
configure:12808: /opt/toolchains/crosstools-mips-gcc-4.6-linux-3.4-uclibc-0.9.32-binutils-2.21/usr/bin/mips-unknown-linux-uclibc-gcc -c -std=c99 -pedantic -g -O2 -I/usr1/xuhui/DT-W724V-20140311/output/host/usr/mips-unknown-linux-uclibc/sysroot/usr/include  conftest.c >&5
configure:12808: $? = 0
configure:12808: result: yes
configure:12880: checking size of unsigned short
configure:12885: /opt/toolchains/crosstools-mips-gcc-4.6-linux-3.4-uclibc-0.9.32-binutils-2.21/usr/bin/mips-unknown-linux-uclibc-gcc -c -std=c99 -pedantic -g -O2 -I/usr1/xuhui/DT-W724V-20140311/output/host/usr/mips-unknown-linux-uclibc/sysroot/usr/include  conftest.c >&5
configure:12885: $? = 0
configure:12885: /opt/toolchains/crosstools-mips-gcc-4.6-linux-3.4-uclibc-0.9.32-binutils-2.21/usr/bin/mips-unknown-linux-uclibc-gcc -c -std=c99 -pedantic -g -O2 -I/usr1/xuhui/DT-W724V-20140311/output/host/usr/mips-unknown-linux-uclibc/sysroot/usr/include  conftest.c >&5
conftest.c: In function 'main':
conftest.c:82:12: error: size of array 'test_array' is negative
configure:12885: $? = 1
configure: failed program was:
| /* confdefs.h */
| #define PACKAGE_NAME ""
| #define PACKAGE_TARNAME ""
| #define PACKAGE_VERSION ""
| #define PACKAGE_STRING ""
| #define PACKAGE_BUGREPORT ""
| #define PACKAGE_URL ""
| #define PACKAGE "libesmtp"
| #define VERSION "1.0.6"
| #define STDC_HEADERS 1
| #define HAVE_SYS_TYPES_H 1
| #define HAVE_SYS_STAT_H 1
| #define HAVE_STDLIB_H 1
| #define HAVE_STRING_H 1
| #define HAVE_MEMORY_H 1
| #define HAVE_STRINGS_H 1
| #define HAVE_INTTYPES_H 1
| #define HAVE_STDINT_H 1
| #define HAVE_UNISTD_H 1
| #define HAVE_DLFCN_H 1
| #define LT_OBJDIR ".libs/"
| #define _GNU_SOURCE 1
| #define _ISOC9X_SOURCE 1
| #define _ISOC99_SOURCE 1
| #define _POSIX_C_SOURCE 199506L
| #define _XOPEN_SOURCE 500
| #define HAVE_DLSYM 1
| #define HAVE_GETADDRINFO 1
| #define USE_SASL 1
| #define AUTHPLUGINDIR "/var/local/esmtp-plugins"
| #define HAVE_LIBCRYPTO 1
| #define USE_TLS 1
| #define USE_CHUNKING 1
| #define USE_ETRN 1
| #define USE_XUSR 1
| #define AUTH_ID_HACK 1
| #define DEBUG 1
| #define STDC_HEADERS 1
| #define HAVE_SYS_IOCTL_H 1
| #define HAVE_UNISTD_H 1
| #define WORDS_BIGENDIAN 1
| #define TIME_WITH_SYS_TIME 1
| #define HAVE_STRUCT_TM_TM_ZONE 1
| #define HAVE_TM_ZONE 1
| /* end confdefs.h.  */
| #include <stdio.h>
| #ifdef HAVE_SYS_TYPES_H
| # include <sys/types.h>
| #endif
| #ifdef HAVE_SYS_STAT_H
| # include <sys/stat.h>
| #endif
| #ifdef STDC_HEADERS
| # include <stdlib.h>
| # include <stddef.h>
| #else
| # ifdef HAVE_STDLIB_H
| #  include <stdlib.h>
| # endif
| #endif
| #ifdef HAVE_STRING_H
| # if !defined STDC_HEADERS && defined HAVE_MEMORY_H
| #  include <memory.h>
| # endif
| # include <string.h>
| #endif
| #ifdef HAVE_STRINGS_H
| # include <strings.h>
| #endif
| #ifdef HAVE_INTTYPES_H
| # include <inttypes.h>
| #endif
| #ifdef HAVE_STDINT_H
| # include <stdint.h>
| #endif
| #ifdef HAVE_UNISTD_H
| # include <unistd.h>
| #endif
| int
| main ()
| {
| static int test_array [1 - 2 * !(((long int) (sizeof (unsigned short))) <= 0)];
| test_array [0] = 0
| 
|   ;
|   return 0;
| }
configure:12885: /opt/toolchains/crosstools-mips-gcc-4.6-linux-3.4-uclibc-0.9.32-binutils-2.21/usr/bin/mips-unknown-linux-uclibc-gcc -c -std=c99 -pedantic -g -O2 -I/usr1/xuhui/DT-W724V-20140311/output/host/usr/mips-unknown-linux-uclibc/sysroot/usr/include  conftest.c >&5
conftest.c: In function 'main':
conftest.c:82:12: error: size of array 'test_array' is negative
configure:12885: $? = 1
configure: failed program was:
| /* confdefs.h */
| #define PACKAGE_NAME ""
| #define PACKAGE_TARNAME ""
| #define PACKAGE_VERSION ""
| #define PACKAGE_STRING ""
| #define PACKAGE_BUGREPORT ""
| #define PACKAGE_URL ""
| #define PACKAGE "libesmtp"
| #define VERSION "1.0.6"
| #define STDC_HEADERS 1
| #define HAVE_SYS_TYPES_H 1
| #define HAVE_SYS_STAT_H 1
| #define HAVE_STDLIB_H 1
| #define HAVE_STRING_H 1
| #define HAVE_MEMORY_H 1
| #define HAVE_STRINGS_H 1
| #define HAVE_INTTYPES_H 1
| #define HAVE_STDINT_H 1
| #define HAVE_UNISTD_H 1
| #define HAVE_DLFCN_H 1
| #define LT_OBJDIR ".libs/"
| #define _GNU_SOURCE 1
| #define _ISOC9X_SOURCE 1
| #define _ISOC99_SOURCE 1
| #define _POSIX_C_SOURCE 199506L
| #define _XOPEN_SOURCE 500
| #define HAVE_DLSYM 1
| #define HAVE_GETADDRINFO 1
| #define USE_SASL 1
| #define AUTHPLUGINDIR "/var/local/esmtp-plugins"
| #define HAVE_LIBCRYPTO 1
| #define USE_TLS 1
| #define USE_CHUNKING 1
| #define USE_ETRN 1
| #define USE_XUSR 1
| #define AUTH_ID_HACK 1
| #define DEBUG 1
| #define STDC_HEADERS 1
| #define HAVE_SYS_IOCTL_H 1
| #define HAVE_UNISTD_H 1
| #define WORDS_BIGENDIAN 1
| #define TIME_WITH_SYS_TIME 1
| #define HAVE_STRUCT_TM_TM_ZONE 1
| #define HAVE_TM_ZONE 1
| /* end confdefs.h.  */
| #include <stdio.h>
| #ifdef HAVE_SYS_TYPES_H
| # include <sys/types.h>
| #endif
| #ifdef HAVE_SYS_STAT_H
| # include <sys/stat.h>
| #endif
| #ifdef STDC_HEADERS
| # include <stdlib.h>
| # include <stddef.h>
| #else
| # ifdef HAVE_STDLIB_H
| #  include <stdlib.h>
| # endif
| #endif
| #ifdef HAVE_STRING_H
| # if !defined STDC_HEADERS && defined HAVE_MEMORY_H
| #  include <memory.h>
| # endif
| # include <string.h>
| #endif
| #ifdef HAVE_STRINGS_H
| # include <strings.h>
| #endif
| #ifdef HAVE_INTTYPES_H
| # include <inttypes.h>
| #endif
| #ifdef HAVE_STDINT_H
| # include <stdint.h>
| #endif
| #ifdef HAVE_UNISTD_H
| # include <unistd.h>
| #endif
| int
| main ()
| {
| static int test_array [1 - 2 * !(((long int) (sizeof (unsigned short))) <= 1)];
| test_array [0] = 0
| 
|   ;
|   return 0;
| }
configure:12885: /opt/toolchains/crosstools-mips-gcc-4.6-linux-3.4-uclibc-0.9.32-binutils-2.21/usr/bin/mips-unknown-linux-uclibc-gcc -c -std=c99 -pedantic -g -O2 -I/usr1/xuhui/DT-W724V-20140311/output/host/usr/mips-unknown-linux-uclibc/sysroot/usr/include  conftest.c >&5
configure:12885: $? = 0
configure:12885: /opt/toolchains/crosstools-mips-gcc-4.6-linux-3.4-uclibc-0.9.32-binutils-2.21/usr/bin/mips-unknown-linux-uclibc-gcc -c -std=c99 -pedantic -g -O2 -I/usr1/xuhui/DT-W724V-20140311/output/host/usr/mips-unknown-linux-uclibc/sysroot/usr/include  conftest.c >&5
configure:12885: $? = 0
configure:12900: result: 2
configure:12914: checking size of unsigned int
configure:12919: /opt/toolchains/crosstools-mips-gcc-4.6-linux-3.4-uclibc-0.9.32-binutils-2.21/usr/bin/mips-unknown-linux-uclibc-gcc -c -std=c99 -pedantic -g -O2 -I/usr1/xuhui/DT-W724V-20140311/output/host/usr/mips-unknown-linux-uclibc/sysroot/usr/include  conftest.c >&5
configure:12919: $? = 0
configure:12919: /opt/toolchains/crosstools-mips-gcc-4.6-linux-3.4-uclibc-0.9.32-binutils-2.21/usr/bin/mips-unknown-linux-uclibc-gcc -c -std=c99 -pedantic -g -O2 -I/usr1/xuhui/DT-W724V-20140311/output/host/usr/mips-unknown-linux-uclibc/sysroot/usr/include  conftest.c >&5
conftest.c: In function 'main':
conftest.c:83:12: error: size of array 'test_array' is negative
configure:12919: $? = 1
configure: failed program was:
| /* confdefs.h */
| #define PACKAGE_NAME ""
| #define PACKAGE_TARNAME ""
| #define PACKAGE_VERSION ""
| #define PACKAGE_STRING ""
| #define PACKAGE_BUGREPORT ""
| #define PACKAGE_URL ""
| #define PACKAGE "libesmtp"
| #define VERSION "1.0.6"
| #define STDC_HEADERS 1
| #define HAVE_SYS_TYPES_H 1
| #define HAVE_SYS_STAT_H 1
| #define HAVE_STDLIB_H 1
| #define HAVE_STRING_H 1
| #define HAVE_MEMORY_H 1
| #define HAVE_STRINGS_H 1
| #define HAVE_INTTYPES_H 1
| #define HAVE_STDINT_H 1
| #define HAVE_UNISTD_H 1
| #define HAVE_DLFCN_H 1
| #define LT_OBJDIR ".libs/"
| #define _GNU_SOURCE 1
| #define _ISOC9X_SOURCE 1
| #define _ISOC99_SOURCE 1
| #define _POSIX_C_SOURCE 199506L
| #define _XOPEN_SOURCE 500
| #define HAVE_DLSYM 1
| #define HAVE_GETADDRINFO 1
| #define USE_SASL 1
| #define AUTHPLUGINDIR "/var/local/esmtp-plugins"
| #define HAVE_LIBCRYPTO 1
| #define USE_TLS 1
| #define USE_CHUNKING 1
| #define USE_ETRN 1
| #define USE_XUSR 1
| #define AUTH_ID_HACK 1
| #define DEBUG 1
| #define STDC_HEADERS 1
| #define HAVE_SYS_IOCTL_H 1
| #define HAVE_UNISTD_H 1
| #define WORDS_BIGENDIAN 1
| #define TIME_WITH_SYS_TIME 1
| #define HAVE_STRUCT_TM_TM_ZONE 1
| #define HAVE_TM_ZONE 1
| #define SIZEOF_UNSIGNED_SHORT 2
| /* end confdefs.h.  */
| #include <stdio.h>
| #ifdef HAVE_SYS_TYPES_H
| # include <sys/types.h>
| #endif
| #ifdef HAVE_SYS_STAT_H
| # include <sys/stat.h>
| #endif
| #ifdef STDC_HEADERS
| # include <stdlib.h>
| # include <stddef.h>
| #else
| # ifdef HAVE_STDLIB_H
| #  include <stdlib.h>
| # endif
| #endif
| #ifdef HAVE_STRING_H
| # if !defined STDC_HEADERS && defined HAVE_MEMORY_H
| #  include <memory.h>
| # endif
| # include <string.h>
| #endif
| #ifdef HAVE_STRINGS_H
| # include <strings.h>
| #endif
| #ifdef HAVE_INTTYPES_H
| # include <inttypes.h>
| #endif
| #ifdef HAVE_STDINT_H
| # include <stdint.h>
| #endif
| #ifdef HAVE_UNISTD_H
| # include <unistd.h>
| #endif
| int
| main ()
| {
| static int test_array [1 - 2 * !(((long int) (sizeof (unsigned int))) <= 0)];
| test_array [0] = 0
| 
|   ;
|   return 0;
| }
configure:12919: /opt/toolchains/crosstools-mips-gcc-4.6-linux-3.4-uclibc-0.9.32-binutils-2.21/usr/bin/mips-unknown-linux-uclibc-gcc -c -std=c99 -pedantic -g -O2 -I/usr1/xuhui/DT-W724V-20140311/output/host/usr/mips-unknown-linux-uclibc/sysroot/usr/include  conftest.c >&5
conftest.c: In function 'main':
conftest.c:83:12: error: size of array 'test_array' is negative
configure:12919: $? = 1
configure: failed program was:
| /* confdefs.h */
| #define PACKAGE_NAME ""
| #define PACKAGE_TARNAME ""
| #define PACKAGE_VERSION ""
| #define PACKAGE_STRING ""
| #define PACKAGE_BUGREPORT ""
| #define PACKAGE_URL ""
| #define PACKAGE "libesmtp"
| #define VERSION "1.0.6"
| #define STDC_HEADERS 1
| #define HAVE_SYS_TYPES_H 1
| #define HAVE_SYS_STAT_H 1
| #define HAVE_STDLIB_H 1
| #define HAVE_STRING_H 1
| #define HAVE_MEMORY_H 1
| #define HAVE_STRINGS_H 1
| #define HAVE_INTTYPES_H 1
| #define HAVE_STDINT_H 1
| #define HAVE_UNISTD_H 1
| #define HAVE_DLFCN_H 1
| #define LT_OBJDIR ".libs/"
| #define _GNU_SOURCE 1
| #define _ISOC9X_SOURCE 1
| #define _ISOC99_SOURCE 1
| #define _POSIX_C_SOURCE 199506L
| #define _XOPEN_SOURCE 500
| #define HAVE_DLSYM 1
| #define HAVE_GETADDRINFO 1
| #define USE_SASL 1
| #define AUTHPLUGINDIR "/var/local/esmtp-plugins"
| #define HAVE_LIBCRYPTO 1
| #define USE_TLS 1
| #define USE_CHUNKING 1
| #define USE_ETRN 1
| #define USE_XUSR 1
| #define AUTH_ID_HACK 1
| #define DEBUG 1
| #define STDC_HEADERS 1
| #define HAVE_SYS_IOCTL_H 1
| #define HAVE_UNISTD_H 1
| #define WORDS_BIGENDIAN 1
| #define TIME_WITH_SYS_TIME 1
| #define HAVE_STRUCT_TM_TM_ZONE 1
| #define HAVE_TM_ZONE 1
| #define SIZEOF_UNSIGNED_SHORT 2
| /* end confdefs.h.  */
| #include <stdio.h>
| #ifdef HAVE_SYS_TYPES_H
| # include <sys/types.h>
| #endif
| #ifdef HAVE_SYS_STAT_H
| # include <sys/stat.h>
| #endif
| #ifdef STDC_HEADERS
| # include <stdlib.h>
| # include <stddef.h>
| #else
| # ifdef HAVE_STDLIB_H
| #  include <stdlib.h>
| # endif
| #endif
| #ifdef HAVE_STRING_H
| # if !defined STDC_HEADERS && defined HAVE_MEMORY_H
| #  include <memory.h>
| # endif
| # include <string.h>
| #endif
| #ifdef HAVE_STRINGS_H
| # include <strings.h>
| #endif
| #ifdef HAVE_INTTYPES_H
| # include <inttypes.h>
| #endif
| #ifdef HAVE_STDINT_H
| # include <stdint.h>
| #endif
| #ifdef HAVE_UNISTD_H
| # include <unistd.h>
| #endif
| int
| main ()
| {
| static int test_array [1 - 2 * !(((long int) (sizeof (unsigned int))) <= 1)];
| test_array [0] = 0
| 
|   ;
|   return 0;
| }
configure:12919: /opt/toolchains/crosstools-mips-gcc-4.6-linux-3.4-uclibc-0.9.32-binutils-2.21/usr/bin/mips-unknown-linux-uclibc-gcc -c -std=c99 -pedantic -g -O2 -I/usr1/xuhui/DT-W724V-20140311/output/host/usr/mips-unknown-linux-uclibc/sysroot/usr/include  conftest.c >&5
conftest.c: In function 'main':
conftest.c:83:12: error: size of array 'test_array' is negative
configure:12919: $? = 1
configure: failed program was:
| /* confdefs.h */
| #define PACKAGE_NAME ""
| #define PACKAGE_TARNAME ""
| #define PACKAGE_VERSION ""
| #define PACKAGE_STRING ""
| #define PACKAGE_BUGREPORT ""
| #define PACKAGE_URL ""
| #define PACKAGE "libesmtp"
| #define VERSION "1.0.6"
| #define STDC_HEADERS 1
| #define HAVE_SYS_TYPES_H 1
| #define HAVE_SYS_STAT_H 1
| #define HAVE_STDLIB_H 1
| #define HAVE_STRING_H 1
| #define HAVE_MEMORY_H 1
| #define HAVE_STRINGS_H 1
| #define HAVE_INTTYPES_H 1
| #define HAVE_STDINT_H 1
| #define HAVE_UNISTD_H 1
| #define HAVE_DLFCN_H 1
| #define LT_OBJDIR ".libs/"
| #define _GNU_SOURCE 1
| #define _ISOC9X_SOURCE 1
| #define _ISOC99_SOURCE 1
| #define _POSIX_C_SOURCE 199506L
| #define _XOPEN_SOURCE 500
| #define HAVE_DLSYM 1
| #define HAVE_GETADDRINFO 1
| #define USE_SASL 1
| #define AUTHPLUGINDIR "/var/local/esmtp-plugins"
| #define HAVE_LIBCRYPTO 1
| #define USE_TLS 1
| #define USE_CHUNKING 1
| #define USE_ETRN 1
| #define USE_XUSR 1
| #define AUTH_ID_HACK 1
| #define DEBUG 1
| #define STDC_HEADERS 1
| #define HAVE_SYS_IOCTL_H 1
| #define HAVE_UNISTD_H 1
| #define WORDS_BIGENDIAN 1
| #define TIME_WITH_SYS_TIME 1
| #define HAVE_STRUCT_TM_TM_ZONE 1
| #define HAVE_TM_ZONE 1
| #define SIZEOF_UNSIGNED_SHORT 2
| /* end confdefs.h.  */
| #include <stdio.h>
| #ifdef HAVE_SYS_TYPES_H
| # include <sys/types.h>
| #endif
| #ifdef HAVE_SYS_STAT_H
| # include <sys/stat.h>
| #endif
| #ifdef STDC_HEADERS
| # include <stdlib.h>
| # include <stddef.h>
| #else
| # ifdef HAVE_STDLIB_H
| #  include <stdlib.h>
| # endif
| #endif
| #ifdef HAVE_STRING_H
| # if !defined STDC_HEADERS && defined HAVE_MEMORY_H
| #  include <memory.h>
| # endif
| # include <string.h>
| #endif
| #ifdef HAVE_STRINGS_H
| # include <strings.h>
| #endif
| #ifdef HAVE_INTTYPES_H
| # include <inttypes.h>
| #endif
| #ifdef HAVE_STDINT_H
| # include <stdint.h>
| #endif
| #ifdef HAVE_UNISTD_H
| # include <unistd.h>
| #endif
| int
| main ()
| {
| static int test_array [1 - 2 * !(((long int) (sizeof (unsigned int))) <= 3)];
| test_array [0] = 0
| 
|   ;
|   return 0;
| }
configure:12919: /opt/toolchains/crosstools-mips-gcc-4.6-linux-3.4-uclibc-0.9.32-binutils-2.21/usr/bin/mips-unknown-linux-uclibc-gcc -c -std=c99 -pedantic -g -O2 -I/usr1/xuhui/DT-W724V-20140311/output/host/usr/mips-unknown-linux-uclibc/sysroot/usr/include  conftest.c >&5
configure:12919: $? = 0
configure:12919: /opt/toolchains/crosstools-mips-gcc-4.6-linux-3.4-uclibc-0.9.32-binutils-2.21/usr/bin/mips-unknown-linux-uclibc-gcc -c -std=c99 -pedantic -g -O2 -I/usr1/xuhui/DT-W724V-20140311/output/host/usr/mips-unknown-linux-uclibc/sysroot/usr/include  conftest.c >&5
configure:12919: $? = 0
configure:12919: /opt/toolchains/crosstools-mips-gcc-4.6-linux-3.4-uclibc-0.9.32-binutils-2.21/usr/bin/mips-unknown-linux-uclibc-gcc -c -std=c99 -pedantic -g -O2 -I/usr1/xuhui/DT-W724V-20140311/output/host/usr/mips-unknown-linux-uclibc/sysroot/usr/include  conftest.c >&5
configure:12919: $? = 0
configure:12934: result: 4
configure:12948: checking size of unsigned long
configure:12953: /opt/toolchains/crosstools-mips-gcc-4.6-linux-3.4-uclibc-0.9.32-binutils-2.21/usr/bin/mips-unknown-linux-uclibc-gcc -c -std=c99 -pedantic -g -O2 -I/usr1/xuhui/DT-W724V-20140311/output/host/usr/mips-unknown-linux-uclibc/sysroot/usr/include  conftest.c >&5
configure:12953: $? = 0
configure:12953: /opt/toolchains/crosstools-mips-gcc-4.6-linux-3.4-uclibc-0.9.32-binutils-2.21/usr/bin/mips-unknown-linux-uclibc-gcc -c -std=c99 -pedantic -g -O2 -I/usr1/xuhui/DT-W724V-20140311/output/host/usr/mips-unknown-linux-uclibc/sysroot/usr/include  conftest.c >&5
conftest.c: In function 'main':
conftest.c:84:12: error: size of array 'test_array' is negative
configure:12953: $? = 1
configure: failed program was:
| /* confdefs.h */
| #define PACKAGE_NAME ""
| #define PACKAGE_TARNAME ""
| #define PACKAGE_VERSION ""
| #define PACKAGE_STRING ""
| #define PACKAGE_BUGREPORT ""
| #define PACKAGE_URL ""
| #define PACKAGE "libesmtp"
| #define VERSION "1.0.6"
| #define STDC_HEADERS 1
| #define HAVE_SYS_TYPES_H 1
| #define HAVE_SYS_STAT_H 1
| #define HAVE_STDLIB_H 1
| #define HAVE_STRING_H 1
| #define HAVE_MEMORY_H 1
| #define HAVE_STRINGS_H 1
| #define HAVE_INTTYPES_H 1
| #define HAVE_STDINT_H 1
| #define HAVE_UNISTD_H 1
| #define HAVE_DLFCN_H 1
| #define LT_OBJDIR ".libs/"
| #define _GNU_SOURCE 1
| #define _ISOC9X_SOURCE 1
| #define _ISOC99_SOURCE 1
| #define _POSIX_C_SOURCE 199506L
| #define _XOPEN_SOURCE 500
| #define HAVE_DLSYM 1
| #define HAVE_GETADDRINFO 1
| #define USE_SASL 1
| #define AUTHPLUGINDIR "/var/local/esmtp-plugins"
| #define HAVE_LIBCRYPTO 1
| #define USE_TLS 1
| #define USE_CHUNKING 1
| #define USE_ETRN 1
| #define USE_XUSR 1
| #define AUTH_ID_HACK 1
| #define DEBUG 1
| #define STDC_HEADERS 1
| #define HAVE_SYS_IOCTL_H 1
| #define HAVE_UNISTD_H 1
| #define WORDS_BIGENDIAN 1
| #define TIME_WITH_SYS_TIME 1
| #define HAVE_STRUCT_TM_TM_ZONE 1
| #define HAVE_TM_ZONE 1
| #define SIZEOF_UNSIGNED_SHORT 2
| #define SIZEOF_UNSIGNED_INT 4
| /* end confdefs.h.  */
| #include <stdio.h>
| #ifdef HAVE_SYS_TYPES_H
| # include <sys/types.h>
| #endif
| #ifdef HAVE_SYS_STAT_H
| # include <sys/stat.h>
| #endif
| #ifdef STDC_HEADERS
| # include <stdlib.h>
| # include <stddef.h>
| #else
| # ifdef HAVE_STDLIB_H
| #  include <stdlib.h>
| # endif
| #endif
| #ifdef HAVE_STRING_H
| # if !defined STDC_HEADERS && defined HAVE_MEMORY_H
| #  include <memory.h>
| # endif
| # include <string.h>
| #endif
| #ifdef HAVE_STRINGS_H
| # include <strings.h>
| #endif
| #ifdef HAVE_INTTYPES_H
| # include <inttypes.h>
| #endif
| #ifdef HAVE_STDINT_H
| # include <stdint.h>
| #endif
| #ifdef HAVE_UNISTD_H
| # include <unistd.h>
| #endif
| int
| main ()
| {
| static int test_array [1 - 2 * !(((long int) (sizeof (unsigned long))) <= 0)];
| test_array [0] = 0
| 
|   ;
|   return 0;
| }
configure:12953: /opt/toolchains/crosstools-mips-gcc-4.6-linux-3.4-uclibc-0.9.32-binutils-2.21/usr/bin/mips-unknown-linux-uclibc-gcc -c -std=c99 -pedantic -g -O2 -I/usr1/xuhui/DT-W724V-20140311/output/host/usr/mips-unknown-linux-uclibc/sysroot/usr/include  conftest.c >&5
conftest.c: In function 'main':
conftest.c:84:12: error: size of array 'test_array' is negative
configure:12953: $? = 1
configure: failed program was:
| /* confdefs.h */
| #define PACKAGE_NAME ""
| #define PACKAGE_TARNAME ""
| #define PACKAGE_VERSION ""
| #define PACKAGE_STRING ""
| #define PACKAGE_BUGREPORT ""
| #define PACKAGE_URL ""
| #define PACKAGE "libesmtp"
| #define VERSION "1.0.6"
| #define STDC_HEADERS 1
| #define HAVE_SYS_TYPES_H 1
| #define HAVE_SYS_STAT_H 1
| #define HAVE_STDLIB_H 1
| #define HAVE_STRING_H 1
| #define HAVE_MEMORY_H 1
| #define HAVE_STRINGS_H 1
| #define HAVE_INTTYPES_H 1
| #define HAVE_STDINT_H 1
| #define HAVE_UNISTD_H 1
| #define HAVE_DLFCN_H 1
| #define LT_OBJDIR ".libs/"
| #define _GNU_SOURCE 1
| #define _ISOC9X_SOURCE 1
| #define _ISOC99_SOURCE 1
| #define _POSIX_C_SOURCE 199506L
| #define _XOPEN_SOURCE 500
| #define HAVE_DLSYM 1
| #define HAVE_GETADDRINFO 1
| #define USE_SASL 1
| #define AUTHPLUGINDIR "/var/local/esmtp-plugins"
| #define HAVE_LIBCRYPTO 1
| #define USE_TLS 1
| #define USE_CHUNKING 1
| #define USE_ETRN 1
| #define USE_XUSR 1
| #define AUTH_ID_HACK 1
| #define DEBUG 1
| #define STDC_HEADERS 1
| #define HAVE_SYS_IOCTL_H 1
| #define HAVE_UNISTD_H 1
| #define WORDS_BIGENDIAN 1
| #define TIME_WITH_SYS_TIME 1
| #define HAVE_STRUCT_TM_TM_ZONE 1
| #define HAVE_TM_ZONE 1
| #define SIZEOF_UNSIGNED_SHORT 2
| #define SIZEOF_UNSIGNED_INT 4
| /* end confdefs.h.  */
| #include <stdio.h>
| #ifdef HAVE_SYS_TYPES_H
| # include <sys/types.h>
| #endif
| #ifdef HAVE_SYS_STAT_H
| # include <sys/stat.h>
| #endif
| #ifdef STDC_HEADERS
| # include <stdlib.h>
| # include <stddef.h>
| #else
| # ifdef HAVE_STDLIB_H
| #  include <stdlib.h>
| # endif
| #endif
| #ifdef HAVE_STRING_H
| # if !defined STDC_HEADERS && defined HAVE_MEMORY_H
| #  include <memory.h>
| # endif
| # include <string.h>
| #endif
| #ifdef HAVE_STRINGS_H
| # include <strings.h>
| #endif
| #ifdef HAVE_INTTYPES_H
| # include <inttypes.h>
| #endif
| #ifdef HAVE_STDINT_H
| # include <stdint.h>
| #endif
| #ifdef HAVE_UNISTD_H
| # include <unistd.h>
| #endif
| int
| main ()
| {
| static int test_array [1 - 2 * !(((long int) (sizeof (unsigned long))) <= 1)];
| test_array [0] = 0
| 
|   ;
|   return 0;
| }
configure:12953: /opt/toolchains/crosstools-mips-gcc-4.6-linux-3.4-uclibc-0.9.32-binutils-2.21/usr/bin/mips-unknown-linux-uclibc-gcc -c -std=c99 -pedantic -g -O2 -I/usr1/xuhui/DT-W724V-20140311/output/host/usr/mips-unknown-linux-uclibc/sysroot/usr/include  conftest.c >&5
conftest.c: In function 'main':
conftest.c:84:12: error: size of array 'test_array' is negative
configure:12953: $? = 1
configure: failed program was:
| /* confdefs.h */
| #define PACKAGE_NAME ""
| #define PACKAGE_TARNAME ""
| #define PACKAGE_VERSION ""
| #define PACKAGE_STRING ""
| #define PACKAGE_BUGREPORT ""
| #define PACKAGE_URL ""
| #define PACKAGE "libesmtp"
| #define VERSION "1.0.6"
| #define STDC_HEADERS 1
| #define HAVE_SYS_TYPES_H 1
| #define HAVE_SYS_STAT_H 1
| #define HAVE_STDLIB_H 1
| #define HAVE_STRING_H 1
| #define HAVE_MEMORY_H 1
| #define HAVE_STRINGS_H 1
| #define HAVE_INTTYPES_H 1
| #define HAVE_STDINT_H 1
| #define HAVE_UNISTD_H 1
| #define HAVE_DLFCN_H 1
| #define LT_OBJDIR ".libs/"
| #define _GNU_SOURCE 1
| #define _ISOC9X_SOURCE 1
| #define _ISOC99_SOURCE 1
| #define _POSIX_C_SOURCE 199506L
| #define _XOPEN_SOURCE 500
| #define HAVE_DLSYM 1
| #define HAVE_GETADDRINFO 1
| #define USE_SASL 1
| #define AUTHPLUGINDIR "/var/local/esmtp-plugins"
| #define HAVE_LIBCRYPTO 1
| #define USE_TLS 1
| #define USE_CHUNKING 1
| #define USE_ETRN 1
| #define USE_XUSR 1
| #define AUTH_ID_HACK 1
| #define DEBUG 1
| #define STDC_HEADERS 1
| #define HAVE_SYS_IOCTL_H 1
| #define HAVE_UNISTD_H 1
| #define WORDS_BIGENDIAN 1
| #define TIME_WITH_SYS_TIME 1
| #define HAVE_STRUCT_TM_TM_ZONE 1
| #define HAVE_TM_ZONE 1
| #define SIZEOF_UNSIGNED_SHORT 2
| #define SIZEOF_UNSIGNED_INT 4
| /* end confdefs.h.  */
| #include <stdio.h>
| #ifdef HAVE_SYS_TYPES_H
| # include <sys/types.h>
| #endif
| #ifdef HAVE_SYS_STAT_H
| # include <sys/stat.h>
| #endif
| #ifdef STDC_HEADERS
| # include <stdlib.h>
| # include <stddef.h>
| #else
| # ifdef HAVE_STDLIB_H
| #  include <stdlib.h>
| # endif
| #endif
| #ifdef HAVE_STRING_H
| # if !defined STDC_HEADERS && defined HAVE_MEMORY_H
| #  include <memory.h>
| # endif
| # include <string.h>
| #endif
| #ifdef HAVE_STRINGS_H
| # include <strings.h>
| #endif
| #ifdef HAVE_INTTYPES_H
| # include <inttypes.h>
| #endif
| #ifdef HAVE_STDINT_H
| # include <stdint.h>
| #endif
| #ifdef HAVE_UNISTD_H
| # include <unistd.h>
| #endif
| int
| main ()
| {
| static int test_array [1 - 2 * !(((long int) (sizeof (unsigned long))) <= 3)];
| test_array [0] = 0
| 
|   ;
|   return 0;
| }
configure:12953: /opt/toolchains/crosstools-mips-gcc-4.6-linux-3.4-uclibc-0.9.32-binutils-2.21/usr/bin/mips-unknown-linux-uclibc-gcc -c -std=c99 -pedantic -g -O2 -I/usr1/xuhui/DT-W724V-20140311/output/host/usr/mips-unknown-linux-uclibc/sysroot/usr/include  conftest.c >&5
configure:12953: $? = 0
configure:12953: /opt/toolchains/crosstools-mips-gcc-4.6-linux-3.4-uclibc-0.9.32-binutils-2.21/usr/bin/mips-unknown-linux-uclibc-gcc -c -std=c99 -pedantic -g -O2 -I/usr1/xuhui/DT-W724V-20140311/output/host/usr/mips-unknown-linux-uclibc/sysroot/usr/include  conftest.c >&5
configure:12953: $? = 0
configure:12953: /opt/toolchains/crosstools-mips-gcc-4.6-linux-3.4-uclibc-0.9.32-binutils-2.21/usr/bin/mips-unknown-linux-uclibc-gcc -c -std=c99 -pedantic -g -O2 -I/usr1/xuhui/DT-W724V-20140311/output/host/usr/mips-unknown-linux-uclibc/sysroot/usr/include  conftest.c >&5
configure:12953: $? = 0
configure:12968: result: 4
configure:12983: checking for strdup
configure:12983: /opt/toolchains/crosstools-mips-gcc-4.6-linux-3.4-uclibc-0.9.32-binutils-2.21/usr/bin/mips-unknown-linux-uclibc-gcc -o conftest -std=c99 -pedantic -g -O2 -I/usr1/xuhui/DT-W724V-20140311/output/host/usr/mips-unknown-linux-uclibc/sysroot/usr/include  -L/usr1/xuhui/DT-W724V-20140311/output/host/usr/mips-unknown-linux-uclibc/sysroot/lib  conftest.c -lssl_openssl -lcrypto_openssl -ldl  >&5
In file included from conftest.c:59:0:
/usr1/xuhui/DT-W724V-20140311/output/host/usr/mips-unknown-linux-uclibc/sysroot/usr/include/limits.h:125:3: warning: #include_next is a GCC extension [enabled by default]
/usr1/xuhui/DT-W724V-20140311/output/host/usr/mips-unknown-linux-uclibc/sysroot/lib/libcrypto_openssl.so: warning: gethostbyname is obsolescent, use getnameinfo() instead.
configure:12983: $? = 0
configure:12983: result: yes
configure:12983: checking for strcasecmp
configure:12983: /opt/toolchains/crosstools-mips-gcc-4.6-linux-3.4-uclibc-0.9.32-binutils-2.21/usr/bin/mips-unknown-linux-uclibc-gcc -o conftest -std=c99 -pedantic -g -O2 -I/usr1/xuhui/DT-W724V-20140311/output/host/usr/mips-unknown-linux-uclibc/sysroot/usr/include  -L/usr1/xuhui/DT-W724V-20140311/output/host/usr/mips-unknown-linux-uclibc/sysroot/lib  conftest.c -lssl_openssl -lcrypto_openssl -ldl  >&5
In file included from conftest.c:60:0:
/usr1/xuhui/DT-W724V-20140311/output/host/usr/mips-unknown-linux-uclibc/sysroot/usr/include/limits.h:125:3: warning: #include_next is a GCC extension [enabled by default]
/usr1/xuhui/DT-W724V-20140311/output/host/usr/mips-unknown-linux-uclibc/sysroot/lib/libcrypto_openssl.so: warning: gethostbyname is obsolescent, use getnameinfo() instead.
configure:12983: $? = 0
configure:12983: result: yes
configure:12983: checking for strncasecmp
configure:12983: /opt/toolchains/crosstools-mips-gcc-4.6-linux-3.4-uclibc-0.9.32-binutils-2.21/usr/bin/mips-unknown-linux-uclibc-gcc -o conftest -std=c99 -pedantic -g -O2 -I/usr1/xuhui/DT-W724V-20140311/output/host/usr/mips-unknown-linux-uclibc/sysroot/usr/include  -L/usr1/xuhui/DT-W724V-20140311/output/host/usr/mips-unknown-linux-uclibc/sysroot/lib  conftest.c -lssl_openssl -lcrypto_openssl -ldl  >&5
In file included from conftest.c:61:0:
/usr1/xuhui/DT-W724V-20140311/output/host/usr/mips-unknown-linux-uclibc/sysroot/usr/include/limits.h:125:3: warning: #include_next is a GCC extension [enabled by default]
/usr1/xuhui/DT-W724V-20140311/output/host/usr/mips-unknown-linux-uclibc/sysroot/lib/libcrypto_openssl.so: warning: gethostbyname is obsolescent, use getnameinfo() instead.
configure:12983: $? = 0
configure:12983: result: yes
configure:12983: checking for memrchr
configure:12983: /opt/toolchains/crosstools-mips-gcc-4.6-linux-3.4-uclibc-0.9.32-binutils-2.21/usr/bin/mips-unknown-linux-uclibc-gcc -o conftest -std=c99 -pedantic -g -O2 -I/usr1/xuhui/DT-W724V-20140311/output/host/usr/mips-unknown-linux-uclibc/sysroot/usr/include  -L/usr1/xuhui/DT-W724V-20140311/output/host/usr/mips-unknown-linux-uclibc/sysroot/lib  conftest.c -lssl_openssl -lcrypto_openssl -ldl  >&5
In file included from conftest.c:62:0:
/usr1/xuhui/DT-W724V-20140311/output/host/usr/mips-unknown-linux-uclibc/sysroot/usr/include/limits.h:125:3: warning: #include_next is a GCC extension [enabled by default]
/usr1/xuhui/DT-W724V-20140311/output/host/usr/mips-unknown-linux-uclibc/sysroot/lib/libcrypto_openssl.so: warning: gethostbyname is obsolescent, use getnameinfo() instead.
configure:12983: $? = 0
configure:12983: result: yes
configure:13004: checking for strtol
configure:13004: /opt/toolchains/crosstools-mips-gcc-4.6-linux-3.4-uclibc-0.9.32-binutils-2.21/usr/bin/mips-unknown-linux-uclibc-gcc -o conftest -std=c99 -pedantic -g -O2 -I/usr1/xuhui/DT-W724V-20140311/output/host/usr/mips-unknown-linux-uclibc/sysroot/usr/include  -L/usr1/xuhui/DT-W724V-20140311/output/host/usr/mips-unknown-linux-uclibc/sysroot/lib  conftest.c -lssl_openssl -lcrypto_openssl -ldl  >&5
In file included from conftest.c:63:0:
/usr1/xuhui/DT-W724V-20140311/output/host/usr/mips-unknown-linux-uclibc/sysroot/usr/include/limits.h:125:3: warning: #include_next is a GCC extension [enabled by default]
/usr1/xuhui/DT-W724V-20140311/output/host/usr/mips-unknown-linux-uclibc/sysroot/lib/libcrypto_openssl.so: warning: gethostbyname is obsolescent, use getnameinfo() instead.
configure:13004: $? = 0
configure:13004: result: yes
configure:13004: checking for uname
configure:13004: /opt/toolchains/crosstools-mips-gcc-4.6-linux-3.4-uclibc-0.9.32-binutils-2.21/usr/bin/mips-unknown-linux-uclibc-gcc -o conftest -std=c99 -pedantic -g -O2 -I/usr1/xuhui/DT-W724V-20140311/output/host/usr/mips-unknown-linux-uclibc/sysroot/usr/include  -L/usr1/xuhui/DT-W724V-20140311/output/host/usr/mips-unknown-linux-uclibc/sysroot/lib  conftest.c -lssl_openssl -lcrypto_openssl -ldl  >&5
In file included from conftest.c:64:0:
/usr1/xuhui/DT-W724V-20140311/output/host/usr/mips-unknown-linux-uclibc/sysroot/usr/include/limits.h:125:3: warning: #include_next is a GCC extension [enabled by default]
/usr1/xuhui/DT-W724V-20140311/output/host/usr/mips-unknown-linux-uclibc/sysroot/lib/libcrypto_openssl.so: warning: gethostbyname is obsolescent, use getnameinfo() instead.
configure:13004: $? = 0
configure:13004: result: yes
configure:13004: checking for gethostname
configure:13004: /opt/toolchains/crosstools-mips-gcc-4.6-linux-3.4-uclibc-0.9.32-binutils-2.21/usr/bin/mips-unknown-linux-uclibc-gcc -o conftest -std=c99 -pedantic -g -O2 -I/usr1/xuhui/DT-W724V-20140311/output/host/usr/mips-unknown-linux-uclibc/sysroot/usr/include  -L/usr1/xuhui/DT-W724V-20140311/output/host/usr/mips-unknown-linux-uclibc/sysroot/lib  conftest.c -lssl_openssl -lcrypto_openssl -ldl  >&5
In file included from conftest.c:65:0:
/usr1/xuhui/DT-W724V-20140311/output/host/usr/mips-unknown-linux-uclibc/sysroot/usr/include/limits.h:125:3: warning: #include_next is a GCC extension [enabled by default]
/usr1/xuhui/DT-W724V-20140311/output/host/usr/mips-unknown-linux-uclibc/sysroot/lib/libcrypto_openssl.so: warning: gethostbyname is obsolescent, use getnameinfo() instead.
configure:13004: $? = 0
configure:13004: result: yes
configure:13004: checking for gettimeofday
configure:13004: /opt/toolchains/crosstools-mips-gcc-4.6-linux-3.4-uclibc-0.9.32-binutils-2.21/usr/bin/mips-unknown-linux-uclibc-gcc -o conftest -std=c99 -pedantic -g -O2 -I/usr1/xuhui/DT-W724V-20140311/output/host/usr/mips-unknown-linux-uclibc/sysroot/usr/include  -L/usr1/xuhui/DT-W724V-20140311/output/host/usr/mips-unknown-linux-uclibc/sysroot/lib  conftest.c -lssl_openssl -lcrypto_openssl -ldl  >&5
In file included from conftest.c:66:0:
/usr1/xuhui/DT-W724V-20140311/output/host/usr/mips-unknown-linux-uclibc/sysroot/usr/include/limits.h:125:3: warning: #include_next is a GCC extension [enabled by default]
/usr1/xuhui/DT-W724V-20140311/output/host/usr/mips-unknown-linux-uclibc/sysroot/lib/libcrypto_openssl.so: warning: gethostbyname is obsolescent, use getnameinfo() instead.
configure:13004: $? = 0
configure:13004: result: yes
configure:13014: checking for library containing socket
configure:13045: /opt/toolchains/crosstools-mips-gcc-4.6-linux-3.4-uclibc-0.9.32-binutils-2.21/usr/bin/mips-unknown-linux-uclibc-gcc -o conftest -std=c99 -pedantic -g -O2 -I/usr1/xuhui/DT-W724V-20140311/output/host/usr/mips-unknown-linux-uclibc/sysroot/usr/include  -L/usr1/xuhui/DT-W724V-20140311/output/host/usr/mips-unknown-linux-uclibc/sysroot/lib  conftest.c -lssl_openssl -lcrypto_openssl -ldl  >&5
/usr1/xuhui/DT-W724V-20140311/output/host/usr/mips-unknown-linux-uclibc/sysroot/lib/libcrypto_openssl.so: warning: gethostbyname is obsolescent, use getnameinfo() instead.
configure:13045: $? = 0
configure:13062: result: none required
configure:13188: checking for localtime
configure:13188: /opt/toolchains/crosstools-mips-gcc-4.6-linux-3.4-uclibc-0.9.32-binutils-2.21/usr/bin/mips-unknown-linux-uclibc-gcc -o conftest -std=c99 -pedantic -g -O2 -I/usr1/xuhui/DT-W724V-20140311/output/host/usr/mips-unknown-linux-uclibc/sysroot/usr/include  -L/usr1/xuhui/DT-W724V-20140311/output/host/usr/mips-unknown-linux-uclibc/sysroot/lib  conftest.c -lssl_openssl -lcrypto_openssl -ldl  >&5
In file included from conftest.c:67:0:
/usr1/xuhui/DT-W724V-20140311/output/host/usr/mips-unknown-linux-uclibc/sysroot/usr/include/limits.h:125:3: warning: #include_next is a GCC extension [enabled by default]
/usr1/xuhui/DT-W724V-20140311/output/host/usr/mips-unknown-linux-uclibc/sysroot/lib/libcrypto_openssl.so: warning: gethostbyname is obsolescent, use getnameinfo() instead.
configure:13188: $? = 0
configure:13188: result: yes
configure:13188: checking for strerror
configure:13188: /opt/toolchains/crosstools-mips-gcc-4.6-linux-3.4-uclibc-0.9.32-binutils-2.21/usr/bin/mips-unknown-linux-uclibc-gcc -o conftest -std=c99 -pedantic -g -O2 -I/usr1/xuhui/DT-W724V-20140311/output/host/usr/mips-unknown-linux-uclibc/sysroot/usr/include  -L/usr1/xuhui/DT-W724V-20140311/output/host/usr/mips-unknown-linux-uclibc/sysroot/lib  conftest.c -lssl_openssl -lcrypto_openssl -ldl  >&5
In file included from conftest.c:68:0:
/usr1/xuhui/DT-W724V-20140311/output/host/usr/mips-unknown-linux-uclibc/sysroot/usr/include/limits.h:125:3: warning: #include_next is a GCC extension [enabled by default]
/usr1/xuhui/DT-W724V-20140311/output/host/usr/mips-unknown-linux-uclibc/sysroot/lib/libcrypto_openssl.so: warning: gethostbyname is obsolescent, use getnameinfo() instead.
configure:13188: $? = 0
configure:13188: result: yes
configure:13201: checking for working snprintf
configure:13236: result: yes
configure:13387: creating ./config.status

## ---------------------- ##
## Running config.status. ##
## ---------------------- ##

This file was extended by config.status, which was
generated by GNU Autoconf 2.65.  Invocation command line was

  CONFIG_FILES    = 
  CONFIG_HEADERS  = 
  CONFIG_LINKS    = 
  CONFIG_COMMANDS = 
  $ ./config.status 

on WUH1000021922

config.status:1128: creating libesmtp-config
config.status:1128: creating libesmtp.spec
config.status:1128: creating Makefile
config.status:1128: creating login/Makefile
config.status:1128: creating plain/Makefile
config.status:1128: creating crammd5/Makefile
config.status:1128: creating ntlm/Makefile
config.status:1128: creating config.h
config.status:1300: config.h is unchanged
config.status:1348: executing depfiles commands
config.status:1348: executing libtool commands

## ---------------- ##
## Cache variables. ##
## ---------------- ##

ac_cv_build=i686-pc-linux-gnu
ac_cv_c_bigendian=yes
ac_cv_c_compiler_gnu=yes
ac_cv_c_const=yes
ac_cv_c_inline=inline
ac_cv_env_CC_set=set
ac_cv_env_CC_value=/opt/toolchains/crosstools-mips-gcc-4.6-linux-3.4-uclibc-0.9.32-binutils-2.21/usr/bin/mips-unknown-linux-uclibc-gcc
ac_cv_env_CFLAGS_set=
ac_cv_env_CFLAGS_value=
ac_cv_env_CPPFLAGS_set=
ac_cv_env_CPPFLAGS_value=
ac_cv_env_CPP_set=set
ac_cv_env_CPP_value=/opt/toolchains/crosstools-mips-gcc-4.6-linux-3.4-uclibc-0.9.32-binutils-2.21/usr/bin/mips-unknown-linux-uclibc-cpp
ac_cv_env_LDFLAGS_set=
ac_cv_env_LDFLAGS_value=
ac_cv_env_LIBS_set=
ac_cv_env_LIBS_value=
ac_cv_env_build_alias_set=
ac_cv_env_build_alias_value=
ac_cv_env_host_alias_set=set
ac_cv_env_host_alias_value=mips-linux
ac_cv_env_target_alias_set=
ac_cv_env_target_alias_value=
ac_cv_func_gethostname=yes
ac_cv_func_gettimeofday=yes
ac_cv_func_localtime=yes
ac_cv_func_memrchr=yes
ac_cv_func_strcasecmp=yes
ac_cv_func_strdup=yes
ac_cv_func_strerror=yes
ac_cv_func_strncasecmp=yes
ac_cv_func_strtol=yes
ac_cv_func_uname=yes
ac_cv_header_dlfcn_h=yes
ac_cv_header_inttypes_h=yes
ac_cv_header_memory_h=yes
ac_cv_header_openssl_md4_h=yes
ac_cv_header_openssl_md5_h=yes
ac_cv_header_openssl_ssl_h=yes
ac_cv_header_stdc=yes
ac_cv_header_stdint_h=yes
ac_cv_header_stdlib_h=yes
ac_cv_header_string_h=yes
ac_cv_header_strings_h=yes
ac_cv_header_sys_ioctl_h=yes
ac_cv_header_sys_stat_h=yes
ac_cv_header_sys_types_h=yes
ac_cv_header_time=yes
ac_cv_header_unistd_h=yes
ac_cv_host=mips-unknown-linux-gnu
ac_cv_lib_crypto_MD4_Init=yes
ac_cv_lib_crypto_MD5_Init=yes
ac_cv_lib_ssl_SSL_library_init=yes
ac_cv_member_struct_tm_tm_zone=yes
ac_cv_objext=o
ac_cv_path_EGREP='/usr/bin/grep -E'
ac_cv_path_FGREP='/usr/bin/grep -F'
ac_cv_path_GREP=/usr/bin/grep
ac_cv_path_SED=/usr/bin/sed
ac_cv_path_install='/usr/bin/install -c'
ac_cv_path_mkdir=/bin/mkdir
ac_cv_prog_AR=/opt/toolchains/crosstools-mips-gcc-4.6-linux-3.4-uclibc-0.9.32-binutils-2.21/usr/bin/mips-unknown-linux-uclibc-ar
ac_cv_prog_AWK=gawk
ac_cv_prog_CC=/opt/toolchains/crosstools-mips-gcc-4.6-linux-3.4-uclibc-0.9.32-binutils-2.21/usr/bin/mips-unknown-linux-uclibc-gcc
ac_cv_prog_CPP=/opt/toolchains/crosstools-mips-gcc-4.6-linux-3.4-uclibc-0.9.32-binutils-2.21/usr/bin/mips-unknown-linux-uclibc-cpp
ac_cv_prog_OBJDUMP=/opt/toolchains/crosstools-mips-gcc-4.6-linux-3.4-uclibc-0.9.32-binutils-2.21/usr/bin/mips-unknown-linux-uclibc-objdump
ac_cv_prog_RANLIB=/opt/toolchains/crosstools-mips-gcc-4.6-linux-3.4-uclibc-0.9.32-binutils-2.21/usr/bin/mips-unknown-linux-uclibc-ranlib
ac_cv_prog_STRIP=/opt/toolchains/crosstools-mips-gcc-4.6-linux-3.4-uclibc-0.9.32-binutils-2.21/usr/bin/mips-unknown-linux-uclibc-strip
ac_cv_prog_cc_c89=
ac_cv_prog_cc_g=yes
ac_cv_prog_make_make_set=yes
ac_cv_search_dlsym=-ldl
ac_cv_search_getaddrinfo='none required'
ac_cv_search_socket='none required'
ac_cv_sizeof_unsigned_int=4
ac_cv_sizeof_unsigned_long=4
ac_cv_sizeof_unsigned_short=2
ac_cv_struct_tm=time.h
acx_cv_working_snprintf=yes
am_cv_CC_dependencies_compiler_type=gcc3
lt_cv_deplibs_check_method=pass_all
lt_cv_file_magic_cmd='$MAGIC_CMD'
lt_cv_file_magic_test_file=
lt_cv_ld_reload_flag=-r
lt_cv_nm_interface='BSD nm'
lt_cv_objdir=.libs
lt_cv_path_LD=/opt/toolchains/crosstools-mips-gcc-4.6-linux-3.4-uclibc-0.9.32-binutils-2.21/usr/bin/mips-unknown-linux-uclibc-ld
lt_cv_path_NM=/opt/toolchains/crosstools-mips-gcc-4.6-linux-3.4-uclibc-0.9.32-binutils-2.21/usr/bin/mips-unknown-linux-uclibc-nm
lt_cv_prog_compiler_c_o=yes
lt_cv_prog_compiler_pic_works=yes
lt_cv_prog_compiler_rtti_exceptions=no
lt_cv_prog_compiler_static_works=yes
lt_cv_prog_gnu_ld=yes
lt_cv_sys_global_symbol_pipe='sed -n -e '\''s/^.*[	 ]\([ABCDGIRSTW][ABCDGIRSTW]*\)[	 ][	 ]*\([_A-Za-z][_A-Za-z0-9]*\)$/\1 \2 \2/p'\'''
lt_cv_sys_global_symbol_to_c_name_address='sed -n -e '\''s/^: \([^ ]*\) $/  {\"\1\", (void *) 0},/p'\'' -e '\''s/^[ABCDGIRSTW]* \([^ ]*\) \([^ ]*\)$/  {"\2", (void *) \&\2},/p'\'''
lt_cv_sys_global_symbol_to_c_name_address_lib_prefix='sed -n -e '\''s/^: \([^ ]*\) $/  {\"\1\", (void *) 0},/p'\'' -e '\''s/^[ABCDGIRSTW]* \([^ ]*\) \(lib[^ ]*\)$/  {"\2", (void *) \&\2},/p'\'' -e '\''s/^[ABCDGIRSTW]* \([^ ]*\) \([^ ]*\)$/  {"lib\2", (void *) \&\2},/p'\'''
lt_cv_sys_global_symbol_to_cdecl='sed -n -e '\''s/^T .* \(.*\)$/extern int \1();/p'\'' -e '\''s/^[ABCDGIRSTW]* .* \(.*\)$/extern char \1;/p'\'''
lt_cv_sys_max_cmd_len=805306365

## ----------------- ##
## Output variables. ##
## ----------------- ##

ACLOCAL='${SHELL} /usr1/xuhui/DT-W724V-20140311/package/atp/libraries/opensrc/esmtp/libesmtp/src/missing --run aclocal-1.11'
AMDEPBACKSLASH='\'
AMDEP_FALSE='#'
AMDEP_TRUE=''
AMTAR='${SHELL} /usr1/xuhui/DT-W724V-20140311/package/atp/libraries/opensrc/esmtp/libesmtp/src/missing --run tar'
AR='/opt/toolchains/crosstools-mips-gcc-4.6-linux-3.4-uclibc-0.9.32-binutils-2.21/usr/bin/mips-unknown-linux-uclibc-ar'
AUTOCONF='${SHELL} /usr1/xuhui/DT-W724V-20140311/package/atp/libraries/opensrc/esmtp/libesmtp/src/missing --run autoconf'
AUTOHEADER='${SHELL} /usr1/xuhui/DT-W724V-20140311/package/atp/libraries/opensrc/esmtp/libesmtp/src/missing --run autoheader'
AUTOMAKE='${SHELL} /usr1/xuhui/DT-W724V-20140311/package/atp/libraries/opensrc/esmtp/libesmtp/src/missing --run automake-1.11'
AWK='gawk'
CC='/opt/toolchains/crosstools-mips-gcc-4.6-linux-3.4-uclibc-0.9.32-binutils-2.21/usr/bin/mips-unknown-linux-uclibc-gcc'
CCDEPMODE='depmode=gcc3'
CFLAGS='-std=c99 -pedantic -g -O2'
CPP='/opt/toolchains/crosstools-mips-gcc-4.6-linux-3.4-uclibc-0.9.32-binutils-2.21/usr/bin/mips-unknown-linux-uclibc-cpp'
CPPFLAGS='-I/usr1/xuhui/DT-W724V-20140311/output/host/usr/mips-unknown-linux-uclibc/sysroot/usr/include '
CRAMMD5_LIBS='-lcrypto_openssl'
CRAMMD5_LTLIBOBJS=''
CYGPATH_W='echo'
DEFS='-DHAVE_CONFIG_H'
DEPDIR='.deps'
DIST_PLUGINS='login plain crammd5 ntlm'
DSYMUTIL=''
DUMPBIN=''
ECHO_C=''
ECHO_N='-n'
ECHO_T=''
EGREP='/usr/bin/grep -E'
EXEEXT=''
EXTRA_CFLAGS='         -Wall -Wchar-subscripts -Wmissing-declarations -Wmissing-prototypes         -Wstrict-prototypes -Wnested-externs -Wpointer-arith         -Wbad-function-cast -Wcast-align'
FGREP='/usr/bin/grep -F'
GREP='/usr/bin/grep'
INSTALL_DATA='${INSTALL} -m 644'
INSTALL_PROGRAM='${INSTALL}'
INSTALL_SCRIPT='${INSTALL}'
INSTALL_STRIP_PROGRAM='$(install_sh) -c -s'
LD='/opt/toolchains/crosstools-mips-gcc-4.6-linux-3.4-uclibc-0.9.32-binutils-2.21/usr/bin/mips-unknown-linux-uclibc-ld'
LDFLAGS='-L/usr1/xuhui/DT-W724V-20140311/output/host/usr/mips-unknown-linux-uclibc/sysroot/lib '
LIBESMTP_VERSION='7:6:1'
LIBOBJS=''
LIBS='-lssl_openssl -lcrypto_openssl -ldl '
LIBTOOL='$(SHELL) $(top_builddir)/libtool'
LIBTOOL_DEPS='./ltmain.sh'
LIB_AGE='1'
LIB_CURRENT='7'
LIB_REVISION='6'
LIPO=''
LN_S='ln -s'
LTALLOCA=''
LTLIBOBJS=''
MAKEINFO='${SHELL} /usr1/xuhui/DT-W724V-20140311/package/atp/libraries/opensrc/esmtp/libesmtp/src/missing --run makeinfo'
MKDIR_P='/bin/mkdir -p'
NM='/opt/toolchains/crosstools-mips-gcc-4.6-linux-3.4-uclibc-0.9.32-binutils-2.21/usr/bin/mips-unknown-linux-uclibc-nm'
NMEDIT=''
NTLM_LIBS='-lcrypto_openssl'
OBJDUMP='/opt/toolchains/crosstools-mips-gcc-4.6-linux-3.4-uclibc-0.9.32-binutils-2.21/usr/bin/mips-unknown-linux-uclibc-objdump'
OBJEXT='o'
OTOOL64=''
OTOOL=''
PACKAGE='libesmtp'
PACKAGE_BUGREPORT=''
PACKAGE_NAME=''
PACKAGE_STRING=''
PACKAGE_TARNAME=''
PACKAGE_URL=''
PACKAGE_VERSION=''
PATH_SEPARATOR=':'
PTHREAD_CC=''
PTHREAD_CFLAGS=''
PTHREAD_LDFLAGS=''
PTHREAD_LIBS=''
RANLIB='/opt/toolchains/crosstools-mips-gcc-4.6-linux-3.4-uclibc-0.9.32-binutils-2.21/usr/bin/mips-unknown-linux-uclibc-ranlib'
RPM_BUILDREQUIRES='BuildRequires:'
RPM_OPENSSL='openssl >= %{openssl}'
RPM_OPENSSLDEVEL='openssl-devel >= %{openssl}'
RPM_REQUIRES='Requires:'
SASL_PLUGINS='login plain crammd5 ntlm'
SED='/usr/bin/sed'
SET_MAKE=''
SHELL='/bin/sh'
STRIP='/opt/toolchains/crosstools-mips-gcc-4.6-linux-3.4-uclibc-0.9.32-binutils-2.21/usr/bin/mips-unknown-linux-uclibc-strip'
VERSION='1.0.6'
ac_ct_CC=''
ac_ct_DUMPBIN=''
am__EXEEXT_FALSE=''
am__EXEEXT_TRUE='#'
am__fastdepCC_FALSE='#'
am__fastdepCC_TRUE=''
am__include='include'
am__isrc=''
am__leading_dot='.'
am__quote=''
am__tar='${AMTAR} chof - "$$tardir"'
am__untar='${AMTAR} xf -'
bindir='${exec_prefix}/bin'
build='i686-pc-linux-gnu'
build_alias=''
build_cpu='i686'
build_os='linux-gnu'
build_vendor='pc'
datadir='${datarootdir}'
datarootdir='${prefix}/share'
docdir='${datarootdir}/doc/${PACKAGE}'
dvidir='${docdir}'
exec_prefix='${prefix}'
host='mips-unknown-linux-gnu'
host_alias='mips-linux'
host_cpu='mips'
host_os='linux-gnu'
host_vendor='unknown'
htmldir='${docdir}'
includedir='${prefix}/include'
infodir='${datarootdir}/info'
install_sh='${SHELL} /usr1/xuhui/DT-W724V-20140311/package/atp/libraries/opensrc/esmtp/libesmtp/src/install-sh'
libdir='${exec_prefix}/lib'
libexecdir='${exec_prefix}/libexec'
localedir='${datarootdir}/locale'
localstatedir='${prefix}/var'
lt_ECHO='echo'
mandir='${datarootdir}/man'
mkdir_p='/bin/mkdir -p'
oldincludedir='/usr/include'
pdfdir='${docdir}'
plugindir='/var/local/esmtp-plugins'
prefix='/usr/local'
program_transform_name='s,x,x,'
psdir='${docdir}'
sbindir='${exec_prefix}/sbin'
sharedstatedir='${prefix}/com'
subdirs=''
sysconfdir='${prefix}/etc'
target_alias=''

## ----------- ##
## confdefs.h. ##
## ----------- ##

/* confdefs.h */
#define PACKAGE_NAME ""
#define PACKAGE_TARNAME ""
#define PACKAGE_VERSION ""
#define PACKAGE_STRING ""
#define PACKAGE_BUGREPORT ""
#define PACKAGE_URL ""
#define PACKAGE "libesmtp"
#define VERSION "1.0.6"
#define STDC_HEADERS 1
#define HAVE_SYS_TYPES_H 1
#define HAVE_SYS_STAT_H 1
#define HAVE_STDLIB_H 1
#define HAVE_STRING_H 1
#define HAVE_MEMORY_H 1
#define HAVE_STRINGS_H 1
#define HAVE_INTTYPES_H 1
#define HAVE_STDINT_H 1
#define HAVE_UNISTD_H 1
#define HAVE_DLFCN_H 1
#define LT_OBJDIR ".libs/"
#define _GNU_SOURCE 1
#define _ISOC9X_SOURCE 1
#define _ISOC99_SOURCE 1
#define _POSIX_C_SOURCE 199506L
#define _XOPEN_SOURCE 500
#define HAVE_DLSYM 1
#define HAVE_GETADDRINFO 1
#define USE_SASL 1
#define AUTHPLUGINDIR "/var/local/esmtp-plugins"
#define HAVE_LIBCRYPTO 1
#define USE_TLS 1
#define USE_CHUNKING 1
#define USE_ETRN 1
#define USE_XUSR 1
#define AUTH_ID_HACK 1
#define DEBUG 1
#define STDC_HEADERS 1
#define HAVE_SYS_IOCTL_H 1
#define HAVE_UNISTD_H 1
#define WORDS_BIGENDIAN 1
#define TIME_WITH_SYS_TIME 1
#define HAVE_STRUCT_TM_TM_ZONE 1
#define HAVE_TM_ZONE 1
#define SIZEOF_UNSIGNED_SHORT 2
#define SIZEOF_UNSIGNED_INT 4
#define SIZEOF_UNSIGNED_LONG 4
#define HAVE_STRDUP 1
#define HAVE_STRCASECMP 1
#define HAVE_STRNCASECMP 1
#define HAVE_MEMRCHR 1
#define HAVE_STRTOL 1
#define HAVE_UNAME 1
#define HAVE_GETHOSTNAME 1
#define HAVE_GETTIMEOFDAY 1
#define HAVE_LOCALTIME 1
#define HAVE_STRERROR 1
#define HAVE_WORKING_SNPRINTF 1

configure: exit 0
